2023/12/19 03:36:54 main.go:29: Start api-server..
2023/12/19 03:36:54 server.go:9: Start api-server..
2023/12/19 03:37:01 api.go:38: [GET] Request >> https://api.gcore.com/cdn/resources  
2023/12/19 03:37:03 billing_model.go:204: 341411. abc011.ktcdnteam.link 2023-12-18 14:10:15 suspended 
2023/12/19 03:37:03 billing_model.go:204: 341640. service01.ktcdnteam.link 2023-12-18 15:07:44 suspended 
2023/12/19 03:37:03 billing_model.go:204: 341776. service02.ktcdnteam.link 2023-12-18 15:13:32 suspended 
2023/12/19 03:37:03 billing_model.go:204: 341777. service03.ktcdnteam.link 2023-12-18 15:15:01 suspended 
2023/12/19 03:37:03 billing_model.go:204: 341778. service04.ktcdnteam.link 2023-12-18 15:15:33 suspended 
2023/12/19 03:37:03 billing_model.go:204: 341780. service05.ktcdnteam.link 2023-12-18 15:16:20 suspended 
2023/12/19 03:37:03 billing_model.go:204: 342774. service07.ktcdnteam.link 2023-12-19 02:50:20 active 
2023/12/19 03:38:08 api.go:38: [GET] Request >> https://api.gcore.com/cdn/resources  
2023/12/19 03:38:09 billing_model.go:204: 341411. abc011.ktcdnteam.link 2023-12-18 14:10:15 suspended 
2023/12/19 03:38:09 billing_model.go:204: 341640. service01.ktcdnteam.link 2023-12-18 15:07:44 suspended 
2023/12/19 03:38:09 billing_model.go:204: 341776. service02.ktcdnteam.link 2023-12-18 15:13:32 suspended 
2023/12/19 03:38:09 billing_model.go:204: 341777. service03.ktcdnteam.link 2023-12-18 15:15:01 suspended 
2023/12/19 03:38:09 billing_model.go:204: 341778. service04.ktcdnteam.link 2023-12-18 15:15:33 suspended 
2023/12/19 03:38:09 billing_model.go:204: 341780. service05.ktcdnteam.link 2023-12-18 15:16:20 suspended 
2023/12/19 03:38:09 billing_model.go:204: 342774. service07.ktcdnteam.link 2023-12-19 02:50:20 active 
2023/12/19 03:38:27 main.go:29: Start api-server..
2023/12/19 03:38:27 server.go:9: Start api-server..
2023/12/19 03:38:30 api.go:38: [GET] Request >> https://api.gcore.com/cdn/resources  
2023/12/19 03:38:31 billing_model.go:204: 341411. abc011.ktcdnteam.link 2023-12-18 14:10:15 suspended 
2023/12/19 03:38:31 billing_model.go:204: 341640. service01.ktcdnteam.link 2023-12-18 15:07:44 suspended 
2023/12/19 03:38:31 billing_model.go:204: 341776. service02.ktcdnteam.link 2023-12-18 15:13:32 suspended 
2023/12/19 03:38:31 billing_model.go:204: 341777. service03.ktcdnteam.link 2023-12-18 15:15:01 suspended 
2023/12/19 03:38:31 billing_model.go:204: 341778. service04.ktcdnteam.link 2023-12-18 15:15:33 suspended 
2023/12/19 03:38:31 billing_model.go:204: 341780. service05.ktcdnteam.link 2023-12-18 15:16:20 suspended 
2023/12/19 03:38:31 billing_model.go:204: 342774. service07.ktcdnteam.link 2023-12-19 02:50:20 active 
2023/12/19 03:38:34 api.go:38: [GET] Request >> https://api.gcore.com/cdn/resources/341411  
2023/12/19 03:38:35 api.go:38: [PUT] Request >> https://api.gcore.com/cdn/resources/341411 {"id":341411,"options":{"custom_server_name":null,"slice":null,"gzipOn":null,"brotli_compression":null,"ignoreQueryString":null,"hostHeader":{"enabled":true,"value":"1.1.1.1:80"},"stale":{"enabled":true,"value":["error","updating"]},"sni":{"enabled":true,"sni_type":"dynamic","custom_hostname":""},"edge_cache_settings":{"enabled":true,"default":"4d"},"tls_versions":{"enabled":false,"value":["TLSv1.3","TLSv1","SSLv3","TLSv1.1","TLSv1.2"]}},"deleted":false,"secondaryHostnames":[],"client":250053,"status":"suspended","active":true,"enabled":true,"preset_applied":false,"vp_enabled":false,"originGroup_name":"1.1.1.1:80","shielded":false,"shield_dc":null,"shield_enabled":false,"full_custom_enabled":false,"can_purge_by_urls":false,"created":"2023-12-18T05:10:15.329641Z","created_str":"","updated":"2023-12-19T00:17:53.405266Z","originProtocol":"HTTP","cname":"abc011.ktcdnteam.link","sslEnabled":false,"ssl_automated":false,"proxy_ssl_enabled":false,"suspended":false,"description":"abc011","originGroup":447133} 
2023/12/19 03:38:41 api.go:38: [GET] Request >> https://api.gcore.com/cdn/resources  
2023/12/19 03:38:42 billing_model.go:204: 341411. abc011.ktcdnteam.link 2023-12-18 14:10:15 active 
2023/12/19 03:38:42 billing_model.go:204: 341640. service01.ktcdnteam.link 2023-12-18 15:07:44 suspended 
2023/12/19 03:38:42 billing_model.go:204: 341776. service02.ktcdnteam.link 2023-12-18 15:13:32 suspended 
2023/12/19 03:38:42 billing_model.go:204: 341777. service03.ktcdnteam.link 2023-12-18 15:15:01 suspended 
2023/12/19 03:38:42 billing_model.go:204: 341778. service04.ktcdnteam.link 2023-12-18 15:15:33 suspended 
2023/12/19 03:38:42 billing_model.go:204: 341780. service05.ktcdnteam.link 2023-12-18 15:16:20 suspended 
2023/12/19 03:38:42 billing_model.go:204: 342774. service07.ktcdnteam.link 2023-12-19 02:50:20 active 
2023/12/19 03:38:53 api.go:38: [DELETE] Request >> https://api.gcore.com/cdn/resources/341780  
2023/12/19 03:38:54 api.go:38: [GET] Request >> https://api.gcore.com/cdn/resources  
2023/12/19 03:38:56 billing_model.go:204: 341411. abc011.ktcdnteam.link 2023-12-18 14:10:15 active 
2023/12/19 03:38:56 billing_model.go:204: 341640. service01.ktcdnteam.link 2023-12-18 15:07:44 suspended 
2023/12/19 03:38:56 billing_model.go:204: 341776. service02.ktcdnteam.link 2023-12-18 15:13:32 suspended 
2023/12/19 03:38:56 billing_model.go:204: 341777. service03.ktcdnteam.link 2023-12-18 15:15:01 suspended 
2023/12/19 03:38:56 billing_model.go:204: 341778. service04.ktcdnteam.link 2023-12-18 15:15:33 suspended 
2023/12/19 03:38:56 billing_model.go:204: 342774. service07.ktcdnteam.link 2023-12-19 02:50:20 active 
2023/12/19 03:38:56 api.go:38: [GET] Request >> https://api.gcore.com/cdn/resources/342774  
2023/12/19 03:38:57 api.go:38: [PUT] Request >> https://api.gcore.com/cdn/resources/342774 {"id":342774,"options":{"custom_server_name":null,"slice":null,"gzipOn":null,"brotli_compression":null,"ignoreQueryString":null,"hostHeader":{"enabled":true,"value":"3.3.3.3"},"stale":{"enabled":true,"value":["error","updating"]},"sni":{"enabled":true,"sni_type":"dynamic","custom_hostname":""},"edge_cache_settings":{"enabled":true,"default":"4d"},"tls_versions":{"enabled":false,"value":["SSLv3","TLSv1","TLSv1.1","TLSv1.2","TLSv1.3"]}},"deleted":false,"secondaryHostnames":[],"client":250053,"status":"active","active":false,"enabled":true,"preset_applied":false,"vp_enabled":false,"originGroup_name":"3.3.3.3","shielded":false,"shield_dc":null,"shield_enabled":false,"full_custom_enabled":false,"can_purge_by_urls":false,"created":"2023-12-18T17:50:20.217336Z","created_str":"","updated":"2023-12-18T17:50:20.217352Z","originProtocol":"HTTP","cname":"service07.ktcdnteam.link","sslEnabled":false,"ssl_automated":false,"proxy_ssl_enabled":false,"suspended":false,"description":"service07","originGroup":412358} 
2023/12/19 03:39:00 api.go:38: [DELETE] Request >> https://api.gcore.com/cdn/resources/341778  
2023/12/19 03:39:01 api.go:38: [GET] Request >> https://api.gcore.com/cdn/resources  
2023/12/19 03:39:03 billing_model.go:204: 341411. abc011.ktcdnteam.link 2023-12-18 14:10:15 active 
2023/12/19 03:39:03 billing_model.go:204: 341640. service01.ktcdnteam.link 2023-12-18 15:07:44 suspended 
2023/12/19 03:39:03 billing_model.go:204: 341776. service02.ktcdnteam.link 2023-12-18 15:13:32 suspended 
2023/12/19 03:39:03 billing_model.go:204: 341777. service03.ktcdnteam.link 2023-12-18 15:15:01 suspended 
2023/12/19 03:39:03 billing_model.go:204: 342774. service07.ktcdnteam.link 2023-12-19 02:50:20 suspended 
2023/12/19 03:39:03 api.go:38: [GET] Request >> https://api.gcore.com/cdn/resources  
2023/12/19 03:39:05 billing_model.go:204: 341411. abc011.ktcdnteam.link 2023-12-18 14:10:15 active 
2023/12/19 03:39:05 billing_model.go:204: 341640. service01.ktcdnteam.link 2023-12-18 15:07:44 suspended 
2023/12/19 03:39:05 billing_model.go:204: 341776. service02.ktcdnteam.link 2023-12-18 15:13:32 suspended 
2023/12/19 03:39:05 billing_model.go:204: 341777. service03.ktcdnteam.link 2023-12-18 15:15:01 suspended 
2023/12/19 03:39:05 billing_model.go:204: 342774. service07.ktcdnteam.link 2023-12-19 02:50:20 suspended 
2023/12/19 03:43:59 main.go:29: Start api-server..
2023/12/19 03:43:59 server.go:9: Start api-server..
2023/12/19 03:44:21 api.go:38: [GET] Request >> https://api.gcore.com/cdn/resources/341411  
2023/12/19 03:44:22 api.go:38: [PUT] Request >> https://api.gcore.com/cdn/resources/341411 {"id":341411,"options":{"custom_server_name":null,"slice":null,"gzipOn":null,"brotli_compression":null,"ignoreQueryString":null,"hostHeader":{"enabled":true,"value":"1.1.1.1:80"},"stale":{"enabled":true,"value":["error","updating"]},"sni":{"enabled":true,"sni_type":"dynamic","custom_hostname":""},"edge_cache_settings":{"enabled":true,"default":"4d"},"tls_versions":{"enabled":false,"value":["TLSv1.1","SSLv3","TLSv1.3","TLSv1","TLSv1.2"]}},"deleted":false,"secondaryHostnames":[],"client":250053,"status":"active","active":false,"enabled":true,"preset_applied":false,"vp_enabled":false,"originGroup_name":"1.1.1.1:80","shielded":false,"shield_dc":null,"shield_enabled":false,"full_custom_enabled":false,"can_purge_by_urls":false,"created":"2023-12-18T05:10:15.329641Z","created_str":"","updated":"2023-12-19T00:38:36.343395Z","originProtocol":"HTTP","cname":"abc011.ktcdnteam.link","sslEnabled":false,"ssl_automated":false,"proxy_ssl_enabled":false,"suspended":false,"description":"abc011","originGroup":447133} 
2023/12/19 03:44:29 api.go:38: [GET] Request >> https://api.gcore.com/cdn/resources  
2023/12/19 03:44:30 billing_model.go:204: 341411. abc011.ktcdnteam.link 2023-12-18 14:10:15 suspended 
2023/12/19 03:44:30 billing_model.go:204: 341640. service01.ktcdnteam.link 2023-12-18 15:07:44 suspended 
2023/12/19 03:44:30 billing_model.go:204: 341776. service02.ktcdnteam.link 2023-12-18 15:13:32 suspended 
2023/12/19 03:44:30 billing_model.go:204: 341777. service03.ktcdnteam.link 2023-12-18 15:15:01 suspended 
2023/12/19 03:44:30 billing_model.go:204: 342774. service07.ktcdnteam.link 2023-12-19 02:50:20 suspended 
2023/12/19 03:44:42 api.go:38: [GET] Request >> https://api.gcore.com/cdn/resources/341411  
2023/12/19 03:44:43 api.go:38: [PUT] Request >> https://api.gcore.com/cdn/resources/341411 {"id":341411,"options":{"custom_server_name":null,"slice":null,"gzipOn":null,"brotli_compression":null,"ignoreQueryString":null,"hostHeader":{"enabled":true,"value":"1.1.1.1:80"},"stale":{"enabled":true,"value":["error","updating"]},"sni":{"enabled":true,"sni_type":"dynamic","custom_hostname":""},"edge_cache_settings":{"enabled":true,"default":"4d"},"tls_versions":{"enabled":false,"value":["TLSv1.1","TLSv1","TLSv1.3","SSLv3","TLSv1.2"]}},"deleted":false,"secondaryHostnames":[],"client":250053,"status":"suspended","active":true,"enabled":true,"preset_applied":false,"vp_enabled":false,"originGroup_name":"1.1.1.1:80","shielded":false,"shield_dc":null,"shield_enabled":false,"full_custom_enabled":false,"can_purge_by_urls":false,"created":"2023-12-18T05:10:15.329641Z","created_str":"","updated":"2023-12-19T00:44:23.577146Z","originProtocol":"HTTP","cname":"abc011.ktcdnteam.link","sslEnabled":false,"ssl_automated":false,"proxy_ssl_enabled":false,"suspended":false,"description":"abc011","originGroup":447133} 
2023/12/19 03:44:46 api.go:38: [GET] Request >> https://api.gcore.com/cdn/resources/341640  
2023/12/19 03:44:47 api.go:38: [PUT] Request >> https://api.gcore.com/cdn/resources/341640 {"id":341640,"options":{"custom_server_name":null,"slice":null,"gzipOn":null,"brotli_compression":null,"ignoreQueryString":null,"hostHeader":{"enabled":true,"value":"1.1.1.1:84"},"stale":{"enabled":true,"value":["error","updating"]},"sni":{"enabled":true,"sni_type":"dynamic","custom_hostname":""},"edge_cache_settings":{"enabled":true,"default":"4d"},"tls_versions":{"enabled":false,"value":["TLSv1.1","SSLv3","TLSv1.3","TLSv1","TLSv1.2"]}},"deleted":false,"secondaryHostnames":[],"client":250053,"status":"suspended","active":true,"enabled":true,"preset_applied":false,"vp_enabled":false,"originGroup_name":"1.1.1.1:84","shielded":false,"shield_dc":null,"shield_enabled":false,"full_custom_enabled":false,"can_purge_by_urls":false,"created":"2023-12-18T06:07:44.751794Z","created_str":"","updated":"2023-12-19T00:25:06.366648Z","originProtocol":"HTTP","cname":"service01.ktcdnteam.link","sslEnabled":false,"ssl_automated":false,"proxy_ssl_enabled":false,"suspended":false,"description":"service01","originGroup":447363} 
2023/12/19 03:44:49 api.go:38: [GET] Request >> https://api.gcore.com/cdn/resources  
2023/12/19 03:44:51 billing_model.go:204: 341411. abc011.ktcdnteam.link 2023-12-18 14:10:15 active 
2023/12/19 03:44:51 billing_model.go:204: 341640. service01.ktcdnteam.link 2023-12-18 15:07:44 active 
2023/12/19 03:44:51 billing_model.go:204: 341776. service02.ktcdnteam.link 2023-12-18 15:13:32 suspended 
2023/12/19 03:44:51 billing_model.go:204: 341777. service03.ktcdnteam.link 2023-12-18 15:15:01 suspended 
2023/12/19 03:44:51 billing_model.go:204: 342774. service07.ktcdnteam.link 2023-12-19 02:50:20 suspended 
2023/12/19 03:44:53 api.go:38: [GET] Request >> https://api.gcore.com/cdn/resources  
2023/12/19 03:44:53 api.go:38: [GET] Request >> https://api.gcore.com/cdn/resources/341776  
2023/12/19 03:44:54 billing_model.go:204: 341411. abc011.ktcdnteam.link 2023-12-18 14:10:15 active 
2023/12/19 03:44:54 billing_model.go:204: 341640. service01.ktcdnteam.link 2023-12-18 15:07:44 active 
2023/12/19 03:44:54 billing_model.go:204: 341776. service02.ktcdnteam.link 2023-12-18 15:13:32 suspended 
2023/12/19 03:44:54 billing_model.go:204: 341777. service03.ktcdnteam.link 2023-12-18 15:15:01 suspended 
2023/12/19 03:44:54 billing_model.go:204: 342774. service07.ktcdnteam.link 2023-12-19 02:50:20 suspended 
2023/12/19 03:44:55 api.go:38: [PUT] Request >> https://api.gcore.com/cdn/resources/341776 {"id":341776,"options":{"custom_server_name":null,"slice":null,"gzipOn":null,"brotli_compression":null,"ignoreQueryString":null,"hostHeader":{"enabled":true,"value":"1.1.1.1:84"},"stale":{"enabled":true,"value":["error","updating"]},"sni":{"enabled":true,"sni_type":"dynamic","custom_hostname":""},"edge_cache_settings":{"enabled":true,"default":"4d"},"tls_versions":{"enabled":false,"value":["TLSv1.1","SSLv3","TLSv1.3","TLSv1","TLSv1.2"]}},"deleted":false,"secondaryHostnames":[],"client":250053,"status":"suspended","active":true,"enabled":true,"preset_applied":false,"vp_enabled":false,"originGroup_name":"1.1.1.1:84","shielded":false,"shield_dc":null,"shield_enabled":false,"full_custom_enabled":false,"can_purge_by_urls":false,"created":"2023-12-18T06:13:32.708442Z","created_str":"","updated":"2023-12-19T00:25:08.893117Z","originProtocol":"HTTP","cname":"service02.ktcdnteam.link","sslEnabled":false,"ssl_automated":false,"proxy_ssl_enabled":false,"suspended":false,"description":"service02","originGroup":447363} 
2023/12/19 03:45:01 api.go:38: [GET] Request >> https://api.gcore.com/cdn/resources  
2023/12/19 03:45:02 billing_model.go:204: 341411. abc011.ktcdnteam.link 2023-12-18 14:10:15 active 
2023/12/19 03:45:02 billing_model.go:204: 341640. service01.ktcdnteam.link 2023-12-18 15:07:44 active 
2023/12/19 03:45:02 billing_model.go:204: 341776. service02.ktcdnteam.link 2023-12-18 15:13:32 active 
2023/12/19 03:45:02 billing_model.go:204: 341777. service03.ktcdnteam.link 2023-12-18 15:15:01 suspended 
2023/12/19 03:45:02 billing_model.go:204: 342774. service07.ktcdnteam.link 2023-12-19 02:50:20 suspended 
2023/12/19 03:45:25 api.go:38: [GET] Request >> https://api.gcore.com/cdn/resources/341411  
2023/12/19 03:45:26 api.go:38: [PUT] Request >> https://api.gcore.com/cdn/resources/341411 {"id":341411,"options":{"custom_server_name":null,"slice":null,"gzipOn":null,"brotli_compression":null,"ignoreQueryString":null,"hostHeader":{"enabled":true,"value":"1.1.1.1:80"},"stale":{"enabled":true,"value":["error","updating"]},"sni":{"enabled":true,"sni_type":"dynamic","custom_hostname":""},"edge_cache_settings":{"enabled":true,"default":"4d"},"tls_versions":{"enabled":false,"value":["TLSv1.1","TLSv1","TLSv1.3","SSLv3","TLSv1.2"]}},"deleted":false,"secondaryHostnames":[],"client":250053,"status":"active","active":false,"enabled":true,"preset_applied":false,"vp_enabled":false,"originGroup_name":"1.1.1.1:80","shielded":false,"shield_dc":null,"shield_enabled":false,"full_custom_enabled":false,"can_purge_by_urls":false,"created":"2023-12-18T05:10:15.329641Z","created_str":"","updated":"2023-12-19T00:44:44.63563Z","originProtocol":"HTTP","cname":"abc011.ktcdnteam.link","sslEnabled":false,"ssl_automated":false,"proxy_ssl_enabled":false,"suspended":false,"description":"abc011","originGroup":447133} 
2023/12/19 03:45:32 api.go:38: [GET] Request >> https://api.gcore.com/cdn/resources  
2023/12/19 03:45:33 billing_model.go:204: 341411. abc011.ktcdnteam.link 2023-12-18 14:10:15 suspended 
2023/12/19 03:45:33 billing_model.go:204: 341640. service01.ktcdnteam.link 2023-12-18 15:07:44 active 
2023/12/19 03:45:33 billing_model.go:204: 341776. service02.ktcdnteam.link 2023-12-18 15:13:32 active 
2023/12/19 03:45:33 billing_model.go:204: 341777. service03.ktcdnteam.link 2023-12-18 15:15:01 suspended 
2023/12/19 03:45:33 billing_model.go:204: 342774. service07.ktcdnteam.link 2023-12-19 02:50:20 suspended 
2023/12/19 03:46:33 api.go:38: [GET] Request >> https://api.gcore.com/cdn/resources  
2023/12/19 03:46:34 billing_model.go:204: 341411. abc011.ktcdnteam.link 2023-12-18 14:10:15 suspended 
2023/12/19 03:46:34 billing_model.go:204: 341640. service01.ktcdnteam.link 2023-12-18 15:07:44 active 
2023/12/19 03:46:34 billing_model.go:204: 341776. service02.ktcdnteam.link 2023-12-18 15:13:32 active 
2023/12/19 03:46:34 billing_model.go:204: 341777. service03.ktcdnteam.link 2023-12-18 15:15:01 suspended 
2023/12/19 03:46:34 billing_model.go:204: 342774. service07.ktcdnteam.link 2023-12-19 02:50:20 suspended 
2023/12/19 03:46:55 main.go:29: Start api-server..
2023/12/19 03:46:55 server.go:9: Start api-server..
2023/12/19 03:46:58 api.go:38: [GET] Request >> https://api.gcore.com/cdn/resources  
2023/12/19 03:46:59 billing_model.go:204: 341411. abc011.ktcdnteam.link 2023-12-18 14:10:15 suspended 
2023/12/19 03:46:59 billing_model.go:204: 341640. service01.ktcdnteam.link 2023-12-18 15:07:44 active 
2023/12/19 03:46:59 billing_model.go:204: 341776. service02.ktcdnteam.link 2023-12-18 15:13:32 active 
2023/12/19 03:46:59 billing_model.go:204: 341777. service03.ktcdnteam.link 2023-12-18 15:15:01 suspended 
2023/12/19 03:46:59 billing_model.go:204: 342774. service07.ktcdnteam.link 2023-12-19 02:50:20 suspended 
2023/12/19 03:47:05 api.go:38: [GET] Request >> https://api.gcore.com/cdn/resources  
2023/12/19 03:47:06 billing_model.go:204: 341411. abc011.ktcdnteam.link 2023-12-18 14:10:15 suspended 
2023/12/19 03:47:06 billing_model.go:204: 341640. service01.ktcdnteam.link 2023-12-18 15:07:44 active 
2023/12/19 03:47:06 billing_model.go:204: 341776. service02.ktcdnteam.link 2023-12-18 15:13:32 active 
2023/12/19 03:47:06 billing_model.go:204: 341777. service03.ktcdnteam.link 2023-12-18 15:15:01 suspended 
2023/12/19 03:47:06 billing_model.go:204: 342774. service07.ktcdnteam.link 2023-12-19 02:50:20 suspended 
2023/12/19 03:48:13 main.go:29: Start api-server..
2023/12/19 03:48:13 server.go:9: Start api-server..
2023/12/19 03:48:15 api.go:38: [GET] Request >> https://api.gcore.com/cdn/resources  
2023/12/19 03:48:17 billing_model.go:204: 341411. abc011.ktcdnteam.link 2023-12-18 14:10:15 suspended 
2023/12/19 03:48:17 billing_model.go:204: 341640. service01.ktcdnteam.link 2023-12-18 15:07:44 active 
2023/12/19 03:48:17 billing_model.go:204: 341776. service02.ktcdnteam.link 2023-12-18 15:13:32 active 
2023/12/19 03:48:17 billing_model.go:204: 341777. service03.ktcdnteam.link 2023-12-18 15:15:01 suspended 
2023/12/19 03:48:17 billing_model.go:204: 342774. service07.ktcdnteam.link 2023-12-19 02:50:20 suspended 
2023/12/19 04:03:02 route.go:57: name
2023/12/19 04:03:02 api.go:38: [GET] Request >> https://api.gcore.com/cdn/origin_groups  
2023/12/19 04:03:09 route.go:57: name
2023/12/19 04:03:09 api.go:38: [GET] Request >> https://api.gcore.com/cdn/origin_groups  
2023/12/19 04:03:32 billing_model.go:258: 3.3.3.3
2023/12/19 04:03:32 billing_model.go:258: 1.1.1.1
2023/12/19 04:03:32 api.go:38: [POST] Request >> https://api.gcore.com/cdn/origin_groups {"id":0,"auth_type":"none","useNext":false,"sources":[{"source":"3.3.3.3","backup":false,"enabled":true},{"source":"1.1.1.1","backup":false,"enabled":true}],"name":"3.3.3.3"} 
2023/12/19 04:03:33 api.go:68: POST https://api.gcore.com/cdn/origin_groups >>> [ERROR : 400]%!s(<nil>) - {"errors":{"name":["Origin Group name should be unique."]}} 
2023/12/19 04:03:33 api.go:81: [ERROR : name] [Origin Group name should be unique.] 
2023/12/19 04:03:33 billing_model.go:279: Origin Group name should be unique.
2023/12/19 04:03:33 route.go:118: Origin Group name should be unique.
2023/12/19 04:04:06 api.go:38: [GET] Request >> https://api.gcore.com/cdn/resources  
2023/12/19 04:04:07 billing_model.go:204: 341411. abc011.ktcdnteam.link 2023-12-18 14:10:15 suspended 
2023/12/19 04:04:07 billing_model.go:204: 341640. service01.ktcdnteam.link 2023-12-18 15:07:44 active 
2023/12/19 04:04:07 billing_model.go:204: 341776. service02.ktcdnteam.link 2023-12-18 15:13:32 active 
2023/12/19 04:04:07 billing_model.go:204: 341777. service03.ktcdnteam.link 2023-12-18 15:15:01 suspended 
2023/12/19 04:04:07 billing_model.go:204: 342774. service07.ktcdnteam.link 2023-12-19 02:50:20 suspended 
2023/12/19 04:04:09 route.go:57: name
2023/12/19 04:04:09 api.go:38: [GET] Request >> https://api.gcore.com/cdn/origin_groups  
2023/12/19 04:04:25 billing_model.go:258: 3.3.3.3
2023/12/19 04:04:25 api.go:38: [POST] Request >> https://api.gcore.com/cdn/origin_groups {"id":0,"auth_type":"none","useNext":false,"sources":[{"source":"3.3.3.3","backup":false,"enabled":true}],"name":"3.3.3.3"} 
2023/12/19 04:04:26 api.go:68: POST https://api.gcore.com/cdn/origin_groups >>> [ERROR : 400]%!s(<nil>) - {"errors":{"name":["Origin Group name should be unique."]}} 
2023/12/19 04:04:26 api.go:81: [ERROR : name] [Origin Group name should be unique.] 
2023/12/19 04:04:26 billing_model.go:279: Origin Group name should be unique.
2023/12/19 04:04:26 route.go:118: Origin Group name should be unique.
2023/12/19 04:05:13 api.go:38: [GET] Request >> https://api.gcore.com/cdn/resources  
2023/12/19 04:05:14 billing_model.go:204: 341411. abc011.ktcdnteam.link 2023-12-18 14:10:15 suspended 
2023/12/19 04:05:14 billing_model.go:204: 341640. service01.ktcdnteam.link 2023-12-18 15:07:44 active 
2023/12/19 04:05:14 billing_model.go:204: 341776. service02.ktcdnteam.link 2023-12-18 15:13:32 active 
2023/12/19 04:05:14 billing_model.go:204: 341777. service03.ktcdnteam.link 2023-12-18 15:15:01 suspended 
2023/12/19 04:05:14 billing_model.go:204: 342774. service07.ktcdnteam.link 2023-12-19 02:50:20 suspended 
2023/12/19 04:05:15 route.go:57: name
2023/12/19 04:05:15 api.go:38: [GET] Request >> https://api.gcore.com/cdn/origin_groups  
2023/12/19 04:05:26 billing_model.go:258: 3.3.3.3
2023/12/19 04:05:26 api.go:38: [POST] Request >> https://api.gcore.com/cdn/origin_groups {"id":0,"auth_type":"none","useNext":false,"sources":[{"source":"3.3.3.3","backup":false,"enabled":true}],"name":"3.3.3.3"} 
2023/12/19 04:05:27 api.go:68: POST https://api.gcore.com/cdn/origin_groups >>> [ERROR : 400]%!s(<nil>) - {"errors":{"name":["Origin Group name should be unique."]}} 
2023/12/19 04:05:27 api.go:81: [ERROR : name] [Origin Group name should be unique.] 
2023/12/19 04:05:27 billing_model.go:279: Origin Group name should be unique.
2023/12/19 04:05:27 route.go:118: Origin Group name should be unique.
2023/12/19 04:05:45 billing_model.go:258: 210.10.10.10
2023/12/19 04:05:45 billing_model.go:258: 1.1.1.1
2023/12/19 04:05:45 api.go:38: [POST] Request >> https://api.gcore.com/cdn/origin_groups {"id":0,"auth_type":"none","useNext":false,"sources":[{"source":"210.10.10.10","backup":false,"enabled":true},{"source":"1.1.1.1","backup":false,"enabled":true}],"name":"210.10.10.10"} 
2023/12/19 04:05:46 route.go:71: &{service06 service06.ktcdnteam.link 449662 210.10.10.10}
2023/12/19 04:05:46 api.go:38: [POST] Request >> https://api.gcore.com/cdn/resources {"sslEnabled":false,"sslData":null,"active":true,"originGroup":449662,"originProtocol":"HTTP","cname":"service06.ktcdnteam.link","description":"service06","origin":"","secondaryHostnames":[],"options":{"edge_cache_settings":{"enabled":true,"default":"4d"},"cache_expire":null,"stale":{"enabled":true,"value":["error","updating"]},"allowedHttpMethods":null,"cache_http_headers":null,"hostHeader":{"enabled":true,"value":"210.10.10.10"},"forward_host_header":null,"limit_bandwidth":null,"bot_protection":null}} 
2023/12/19 04:05:48 billing_model.go:334: {"id":343782,"options":{"custom_server_name":null,"slice":null,"gzipOn":null,"brotli_compression":null,"ignoreQueryString":null,"hostHeader":{"enabled":true,"value":"210.10.10.10"},"staticHeaders":null,"static_response_headers":null,"staticRequestHeaders":null,"allowedHttpMethods":null,"stale":{"enabled":true,"value":["error","updating"]},"cors":null,"proxy_cache_methods_set":null,"rewrite":null,"force_return":null,"secure_key":null,"cache_expire":null,"disable_cache":null,"ignore_cookie":null,"cache_http_headers":null,"response_headers_hiding_policy":null,"override_browser_ttl":null,"fetch_compressed":null,"disable_proxy_force_ranges":null,"redirect_http_to_https":null,"redirect_https_to_http":null,"sni":{"enabled":true,"sni_type":"dynamic","custom_hostname":""},"limit_bandwidth":null,"request_limiter":null,"bot_protection":null,"waf":null,"country_acl":null,"referrer_acl":null,"user_agent_acl":null,"ip_address_acl":null,"query_params_blacklist":null,"query_params_whitelist":null,"browser_cache_settings":null,"edge_cache_settings":{"enabled":true,"default":"4d"},"forward_host_header":null,"websockets":null,"use_default_le_chain":null,"use_rsa_le_cert":null,"use_dns01_le_challenge":null,"tls_versions":{"enabled":false,"value":["SSLv3","TLSv1","TLSv1.1","TLSv1.2","TLSv1.3"]},"follow_origin_redirect":null,"http3_enabled":null,"image_stack":null},"deleted":false,"secondaryHostnames":[],"rules":[],"client":250053,"status":"processed","active":true,"enabled":true,"preset_applied":false,"vp_enabled":false,"originGroup_name":"210.10.10.10","shielded":false,"shield_dc":null,"shield_enabled":false,"full_custom_enabled":false,"can_purge_by_urls":false,"name":null,"created":"2023-12-19T01:05:47.831167Z","updated":"2023-12-19T01:05:47.831183Z","originProtocol":"HTTP","cname":"service06.ktcdnteam.link","sslEnabled":false,"ssl_automated":false,"proxy_ssl_enabled":false,"suspend_date":null,"suspended":false,"is_primary":null,"description":"service06","originGroup":449662,"sslData":null,"proxy_ssl_ca":null,"proxy_ssl_data":null,"shield_routing_map":null,"primary_resource":null}
2023/12/19 04:05:53 api.go:38: [GET] Request >> https://api.gcore.com/cdn/resources  
2023/12/19 04:05:54 billing_model.go:204: 341411. abc011.ktcdnteam.link 2023-12-18 14:10:15 suspended 
2023/12/19 04:05:54 billing_model.go:204: 341640. service01.ktcdnteam.link 2023-12-18 15:07:44 active 
2023/12/19 04:05:54 billing_model.go:204: 341776. service02.ktcdnteam.link 2023-12-18 15:13:32 active 
2023/12/19 04:05:54 billing_model.go:204: 341777. service03.ktcdnteam.link 2023-12-18 15:15:01 suspended 
2023/12/19 04:05:54 billing_model.go:204: 342774. service07.ktcdnteam.link 2023-12-19 02:50:20 suspended 
2023/12/19 04:05:54 billing_model.go:204: 343782. service06.ktcdnteam.link 2023-12-19 10:05:47 processed 
2023/12/19 04:06:11 api.go:38: [GET] Request >> https://api.gcore.com/cdn/resources  
2023/12/19 04:06:12 billing_model.go:204: 341411. abc011.ktcdnteam.link 2023-12-18 14:10:15 suspended 
2023/12/19 04:06:12 billing_model.go:204: 341640. service01.ktcdnteam.link 2023-12-18 15:07:44 active 
2023/12/19 04:06:12 billing_model.go:204: 341776. service02.ktcdnteam.link 2023-12-18 15:13:32 active 
2023/12/19 04:06:12 billing_model.go:204: 341777. service03.ktcdnteam.link 2023-12-18 15:15:01 suspended 
2023/12/19 04:06:12 billing_model.go:204: 342774. service07.ktcdnteam.link 2023-12-19 02:50:20 suspended 
2023/12/19 04:06:12 billing_model.go:204: 343782. service06.ktcdnteam.link 2023-12-19 10:05:47 processed 
2023/12/19 04:06:12 api.go:38: [GET] Request >> https://api.gcore.com/cdn/resources  
2023/12/19 04:06:13 billing_model.go:204: 341411. abc011.ktcdnteam.link 2023-12-18 14:10:15 suspended 
2023/12/19 04:06:13 billing_model.go:204: 341640. service01.ktcdnteam.link 2023-12-18 15:07:44 active 
2023/12/19 04:06:13 billing_model.go:204: 341776. service02.ktcdnteam.link 2023-12-18 15:13:32 active 
2023/12/19 04:06:13 billing_model.go:204: 341777. service03.ktcdnteam.link 2023-12-18 15:15:01 suspended 
2023/12/19 04:06:13 billing_model.go:204: 342774. service07.ktcdnteam.link 2023-12-19 02:50:20 suspended 
2023/12/19 04:06:13 billing_model.go:204: 343782. service06.ktcdnteam.link 2023-12-19 10:05:47 processed 
2023/12/19 04:06:18 api.go:38: [GET] Request >> https://api.gcore.com/cdn/resources  
2023/12/19 04:06:19 billing_model.go:204: 341411. abc011.ktcdnteam.link 2023-12-18 14:10:15 suspended 
2023/12/19 04:06:19 billing_model.go:204: 341640. service01.ktcdnteam.link 2023-12-18 15:07:44 active 
2023/12/19 04:06:19 billing_model.go:204: 341776. service02.ktcdnteam.link 2023-12-18 15:13:32 active 
2023/12/19 04:06:19 billing_model.go:204: 341777. service03.ktcdnteam.link 2023-12-18 15:15:01 suspended 
2023/12/19 04:06:19 billing_model.go:204: 342774. service07.ktcdnteam.link 2023-12-19 02:50:20 suspended 
2023/12/19 04:06:19 billing_model.go:204: 343782. service06.ktcdnteam.link 2023-12-19 10:05:47 processed 
2023/12/19 04:07:56 api.go:38: [GET] Request >> https://api.gcore.com/cdn/resources  
2023/12/19 04:07:57 billing_model.go:204: 341411. abc011.ktcdnteam.link 2023-12-18 14:10:15 suspended 
2023/12/19 04:07:57 billing_model.go:204: 341640. service01.ktcdnteam.link 2023-12-18 15:07:44 active 
2023/12/19 04:07:57 billing_model.go:204: 341776. service02.ktcdnteam.link 2023-12-18 15:13:32 active 
2023/12/19 04:07:57 billing_model.go:204: 341777. service03.ktcdnteam.link 2023-12-18 15:15:01 suspended 
2023/12/19 04:07:57 billing_model.go:204: 342774. service07.ktcdnteam.link 2023-12-19 02:50:20 suspended 
2023/12/19 04:07:57 billing_model.go:204: 343782. service06.ktcdnteam.link 2023-12-19 10:05:47 processed 
2023/12/19 04:08:44 route.go:57: all
2023/12/19 04:08:44 api.go:38: [GET] Request >> https://api.gcore.com/cdn/origin_groups  
2023/12/19 04:08:45 api.go:38: [GET] Request >> https://api.gcore.com/cdn/resources?fields=status,description&originGroup=412358  
2023/12/19 04:08:46 api.go:38: [GET] Request >> https://api.gcore.com/cdn/resources?fields=status,description&originGroup=447133  
2023/12/19 04:08:47 api.go:38: [GET] Request >> https://api.gcore.com/cdn/resources?fields=status,description&originGroup=447363  
2023/12/19 04:08:48 api.go:38: [GET] Request >> https://api.gcore.com/cdn/resources?fields=status,description&originGroup=449662  
2023/12/19 04:10:58 api.go:38: [GET] Request >> https://api.gcore.com/cdn/resources  
2023/12/19 04:10:59 billing_model.go:204: 341411. abc011.ktcdnteam.link 2023-12-18 14:10:15 suspended 
2023/12/19 04:10:59 billing_model.go:204: 341640. service01.ktcdnteam.link 2023-12-18 15:07:44 active 
2023/12/19 04:10:59 billing_model.go:204: 341776. service02.ktcdnteam.link 2023-12-18 15:13:32 active 
2023/12/19 04:10:59 billing_model.go:204: 341777. service03.ktcdnteam.link 2023-12-18 15:15:01 suspended 
2023/12/19 04:10:59 billing_model.go:204: 342774. service07.ktcdnteam.link 2023-12-19 02:50:20 suspended 
2023/12/19 04:10:59 billing_model.go:204: 343782. service06.ktcdnteam.link 2023-12-19 10:05:47 processed 
2023/12/19 04:11:33 main.go:29: Start api-server..
2023/12/19 04:11:33 server.go:9: Start api-server..
2023/12/19 04:12:03 api.go:38: [GET] Request >> https://api.gcore.com/cdn/resources  
2023/12/19 04:12:08 billing_model.go:204: 341411. abc011.ktcdnteam.link 2023-12-18 14:10:15 suspended 
2023/12/19 04:12:08 billing_model.go:204: 341640. service01.ktcdnteam.link 2023-12-18 15:07:44 active 
2023/12/19 04:12:08 billing_model.go:204: 341776. service02.ktcdnteam.link 2023-12-18 15:13:32 active 
2023/12/19 04:12:08 billing_model.go:204: 341777. service03.ktcdnteam.link 2023-12-18 15:15:01 suspended 
2023/12/19 04:12:08 billing_model.go:204: 342774. service07.ktcdnteam.link 2023-12-19 02:50:20 suspended 
2023/12/19 04:12:08 billing_model.go:204: 343782. service06.ktcdnteam.link 2023-12-19 10:05:47 processed 
2023/12/19 04:12:52 route.go:57: name
2023/12/19 04:12:52 api.go:38: [GET] Request >> https://api.gcore.com/cdn/origin_groups  
2023/12/19 04:16:24 api.go:38: [GET] Request >> https://api.gcore.com/cdn/resources  
2023/12/19 04:16:25 billing_model.go:204: 341411. abc011.ktcdnteam.link 2023-12-18 14:10:15 suspended 
2023/12/19 04:16:25 billing_model.go:204: 341640. service01.ktcdnteam.link 2023-12-18 15:07:44 active 
2023/12/19 04:16:25 billing_model.go:204: 341776. service02.ktcdnteam.link 2023-12-18 15:13:32 active 
2023/12/19 04:16:25 billing_model.go:204: 341777. service03.ktcdnteam.link 2023-12-18 15:15:01 suspended 
2023/12/19 04:16:25 billing_model.go:204: 342774. service07.ktcdnteam.link 2023-12-19 02:50:20 suspended 
2023/12/19 04:16:25 billing_model.go:204: 343782. service06.ktcdnteam.link 2023-12-19 10:05:47 active 
2023/12/19 04:17:11 api.go:38: [GET] Request >> https://api.gcore.com/cdn/resources  
2023/12/19 04:17:12 billing_model.go:204: 341411. abc011.ktcdnteam.link 2023-12-18 14:10:15 suspended 
2023/12/19 04:17:12 billing_model.go:204: 341640. service01.ktcdnteam.link 2023-12-18 15:07:44 active 
2023/12/19 04:17:12 billing_model.go:204: 341776. service02.ktcdnteam.link 2023-12-18 15:13:32 active 
2023/12/19 04:17:12 billing_model.go:204: 341777. service03.ktcdnteam.link 2023-12-18 15:15:01 suspended 
2023/12/19 04:17:12 billing_model.go:204: 342774. service07.ktcdnteam.link 2023-12-19 02:50:20 suspended 
2023/12/19 04:17:12 billing_model.go:204: 343782. service06.ktcdnteam.link 2023-12-19 10:05:47 active 
2023/12/19 04:17:15 api.go:38: [GET] Request >> https://api.gcore.com/cdn/resources  
2023/12/19 04:17:17 billing_model.go:204: 341411. abc011.ktcdnteam.link 2023-12-18 14:10:15 suspended 
2023/12/19 04:17:17 billing_model.go:204: 341640. service01.ktcdnteam.link 2023-12-18 15:07:44 active 
2023/12/19 04:17:17 billing_model.go:204: 341776. service02.ktcdnteam.link 2023-12-18 15:13:32 active 
2023/12/19 04:17:17 billing_model.go:204: 341777. service03.ktcdnteam.link 2023-12-18 15:15:01 suspended 
2023/12/19 04:17:17 billing_model.go:204: 342774. service07.ktcdnteam.link 2023-12-19 02:50:20 suspended 
2023/12/19 04:17:17 billing_model.go:204: 343782. service06.ktcdnteam.link 2023-12-19 10:05:47 active 
2023/12/19 04:19:47 api.go:38: [GET] Request >> https://api.gcore.com/cdn/resources  
2023/12/19 04:19:48 billing_model.go:204: 341411. abc011.ktcdnteam.link 2023-12-18 14:10:15 suspended 
2023/12/19 04:19:48 billing_model.go:204: 341640. service01.ktcdnteam.link 2023-12-18 15:07:44 active 
2023/12/19 04:19:48 billing_model.go:204: 341776. service02.ktcdnteam.link 2023-12-18 15:13:32 active 
2023/12/19 04:19:48 billing_model.go:204: 341777. service03.ktcdnteam.link 2023-12-18 15:15:01 suspended 
2023/12/19 04:19:48 billing_model.go:204: 342774. service07.ktcdnteam.link 2023-12-19 02:50:20 suspended 
2023/12/19 04:19:48 billing_model.go:204: 343782. service06.ktcdnteam.link 2023-12-19 10:05:47 active 
2023/12/19 04:19:55 api.go:38: [GET] Request >> https://api.gcore.com/cdn/resources  
2023/12/19 04:19:56 billing_model.go:204: 341411. abc011.ktcdnteam.link 2023-12-18 14:10:15 suspended 
2023/12/19 04:19:56 billing_model.go:204: 341640. service01.ktcdnteam.link 2023-12-18 15:07:44 active 
2023/12/19 04:19:56 billing_model.go:204: 341776. service02.ktcdnteam.link 2023-12-18 15:13:32 active 
2023/12/19 04:19:56 billing_model.go:204: 341777. service03.ktcdnteam.link 2023-12-18 15:15:01 suspended 
2023/12/19 04:19:56 billing_model.go:204: 342774. service07.ktcdnteam.link 2023-12-19 02:50:20 suspended 
2023/12/19 04:19:56 billing_model.go:204: 343782. service06.ktcdnteam.link 2023-12-19 10:05:47 active 
2023/12/19 04:20:47 api.go:38: [GET] Request >> https://api.gcore.com/cdn/resources  
2023/12/19 04:20:48 billing_model.go:204: 341411. abc011.ktcdnteam.link 2023-12-18 14:10:15 suspended 
2023/12/19 04:20:48 billing_model.go:204: 341640. service01.ktcdnteam.link 2023-12-18 15:07:44 active 
2023/12/19 04:20:48 billing_model.go:204: 341776. service02.ktcdnteam.link 2023-12-18 15:13:32 active 
2023/12/19 04:20:48 billing_model.go:204: 341777. service03.ktcdnteam.link 2023-12-18 15:15:01 suspended 
2023/12/19 04:20:48 billing_model.go:204: 342774. service07.ktcdnteam.link 2023-12-19 02:50:20 suspended 
2023/12/19 04:20:48 billing_model.go:204: 343782. service06.ktcdnteam.link 2023-12-19 10:05:47 active 
2023/12/19 04:22:24 api.go:38: [GET] Request >> https://api.gcore.com/cdn/resources  
2023/12/19 04:22:25 billing_model.go:204: 341411. abc011.ktcdnteam.link 2023-12-18 14:10:15 suspended 
2023/12/19 04:22:25 billing_model.go:204: 341640. service01.ktcdnteam.link 2023-12-18 15:07:44 active 
2023/12/19 04:22:25 billing_model.go:204: 341776. service02.ktcdnteam.link 2023-12-18 15:13:32 active 
2023/12/19 04:22:25 billing_model.go:204: 341777. service03.ktcdnteam.link 2023-12-18 15:15:01 suspended 
2023/12/19 04:22:25 billing_model.go:204: 342774. service07.ktcdnteam.link 2023-12-19 02:50:20 suspended 
2023/12/19 04:22:25 billing_model.go:204: 343782. service06.ktcdnteam.link 2023-12-19 10:05:47 active 
2023/12/19 04:23:38 api.go:38: [GET] Request >> https://api.gcore.com/cdn/resources  
2023/12/19 04:23:39 billing_model.go:204: 341411. abc011.ktcdnteam.link 2023-12-18 14:10:15 suspended 
2023/12/19 04:23:39 billing_model.go:204: 341640. service01.ktcdnteam.link 2023-12-18 15:07:44 active 
2023/12/19 04:23:39 billing_model.go:204: 341776. service02.ktcdnteam.link 2023-12-18 15:13:32 active 
2023/12/19 04:23:39 billing_model.go:204: 341777. service03.ktcdnteam.link 2023-12-18 15:15:01 suspended 
2023/12/19 04:23:39 billing_model.go:204: 342774. service07.ktcdnteam.link 2023-12-19 02:50:20 suspended 
2023/12/19 04:23:39 billing_model.go:204: 343782. service06.ktcdnteam.link 2023-12-19 10:05:47 active 
2023/12/19 04:24:22 api.go:38: [GET] Request >> https://api.gcore.com/cdn/resources  
2023/12/19 04:24:23 billing_model.go:204: 341411. abc011.ktcdnteam.link 2023-12-18 14:10:15 suspended 
2023/12/19 04:24:23 billing_model.go:204: 341640. service01.ktcdnteam.link 2023-12-18 15:07:44 active 
2023/12/19 04:24:23 billing_model.go:204: 341776. service02.ktcdnteam.link 2023-12-18 15:13:32 active 
2023/12/19 04:24:23 billing_model.go:204: 341777. service03.ktcdnteam.link 2023-12-18 15:15:01 suspended 
2023/12/19 04:24:23 billing_model.go:204: 342774. service07.ktcdnteam.link 2023-12-19 02:50:20 suspended 
2023/12/19 04:24:23 billing_model.go:204: 343782. service06.ktcdnteam.link 2023-12-19 10:05:47 active 
2023/12/19 04:24:43 api.go:38: [GET] Request >> https://api.gcore.com/cdn/resources  
2023/12/19 04:24:44 billing_model.go:204: 341411. abc011.ktcdnteam.link 2023-12-18 14:10:15 suspended 
2023/12/19 04:24:44 billing_model.go:204: 341640. service01.ktcdnteam.link 2023-12-18 15:07:44 active 
2023/12/19 04:24:44 billing_model.go:204: 341776. service02.ktcdnteam.link 2023-12-18 15:13:32 active 
2023/12/19 04:24:44 billing_model.go:204: 341777. service03.ktcdnteam.link 2023-12-18 15:15:01 suspended 
2023/12/19 04:24:44 billing_model.go:204: 342774. service07.ktcdnteam.link 2023-12-19 02:50:20 suspended 
2023/12/19 04:24:44 billing_model.go:204: 343782. service06.ktcdnteam.link 2023-12-19 10:05:47 active 
2023/12/19 04:24:48 route.go:57: all
2023/12/19 04:24:48 api.go:38: [GET] Request >> https://api.gcore.com/cdn/origin_groups  
2023/12/19 04:24:50 api.go:38: [GET] Request >> https://api.gcore.com/cdn/resources?fields=status,description&originGroup=412358  
2023/12/19 04:24:51 api.go:38: [GET] Request >> https://api.gcore.com/cdn/resources?fields=status,description&originGroup=447133  
2023/12/19 04:24:52 api.go:38: [GET] Request >> https://api.gcore.com/cdn/resources?fields=status,description&originGroup=447363  
2023/12/19 04:24:53 api.go:38: [GET] Request >> https://api.gcore.com/cdn/resources?fields=status,description&originGroup=449662  
2023/12/19 04:24:56 api.go:38: [GET] Request >> https://api.gcore.com/cdn/resources  
2023/12/19 04:24:57 billing_model.go:204: 341411. abc011.ktcdnteam.link 2023-12-18 14:10:15 suspended 
2023/12/19 04:24:57 billing_model.go:204: 341640. service01.ktcdnteam.link 2023-12-18 15:07:44 active 
2023/12/19 04:24:57 billing_model.go:204: 341776. service02.ktcdnteam.link 2023-12-18 15:13:32 active 
2023/12/19 04:24:57 billing_model.go:204: 341777. service03.ktcdnteam.link 2023-12-18 15:15:01 suspended 
2023/12/19 04:24:57 billing_model.go:204: 342774. service07.ktcdnteam.link 2023-12-19 02:50:20 suspended 
2023/12/19 04:24:57 billing_model.go:204: 343782. service06.ktcdnteam.link 2023-12-19 10:05:47 active 
2023/12/19 04:24:59 api.go:38: [GET] Request >> https://api.gcore.com/cdn/resources  
2023/12/19 04:25:00 billing_model.go:204: 341411. abc011.ktcdnteam.link 2023-12-18 14:10:15 suspended 
2023/12/19 04:25:00 billing_model.go:204: 341640. service01.ktcdnteam.link 2023-12-18 15:07:44 active 
2023/12/19 04:25:00 billing_model.go:204: 341776. service02.ktcdnteam.link 2023-12-18 15:13:32 active 
2023/12/19 04:25:00 billing_model.go:204: 341777. service03.ktcdnteam.link 2023-12-18 15:15:01 suspended 
2023/12/19 04:25:00 billing_model.go:204: 342774. service07.ktcdnteam.link 2023-12-19 02:50:20 suspended 
2023/12/19 04:25:00 billing_model.go:204: 343782. service06.ktcdnteam.link 2023-12-19 10:05:47 active 
2023/12/19 04:25:03 route.go:57: all
2023/12/19 04:25:03 api.go:38: [GET] Request >> https://api.gcore.com/cdn/origin_groups  
2023/12/19 04:25:04 api.go:38: [GET] Request >> https://api.gcore.com/cdn/resources?fields=status,description&originGroup=412358  
2023/12/19 04:25:05 api.go:38: [GET] Request >> https://api.gcore.com/cdn/resources?fields=status,description&originGroup=447133  
2023/12/19 04:25:06 api.go:38: [GET] Request >> https://api.gcore.com/cdn/resources?fields=status,description&originGroup=447363  
2023/12/19 04:25:07 api.go:38: [GET] Request >> https://api.gcore.com/cdn/resources?fields=status,description&originGroup=449662  
2023/12/19 04:25:17 route.go:57: name
2023/12/19 04:25:17 api.go:38: [GET] Request >> https://api.gcore.com/cdn/origin_groups  
2023/12/19 04:31:19 main.go:29: Start api-server..
2023/12/19 04:31:19 server.go:9: Start api-server..
2023/12/19 04:31:24 api.go:38: [GET] Request >> https://api.gcore.com/cdn/resources  
2023/12/19 04:31:25 billing_model.go:204: 341411. abc011.ktcdnteam.link 2023-12-18 14:10:15 suspended 
2023/12/19 04:31:25 billing_model.go:204: 341640. service01.ktcdnteam.link 2023-12-18 15:07:44 active 
2023/12/19 04:31:25 billing_model.go:204: 341776. service02.ktcdnteam.link 2023-12-18 15:13:32 active 
2023/12/19 04:31:25 billing_model.go:204: 341777. service03.ktcdnteam.link 2023-12-18 15:15:01 suspended 
2023/12/19 04:31:25 billing_model.go:204: 342774. service07.ktcdnteam.link 2023-12-19 02:50:20 suspended 
2023/12/19 04:31:25 billing_model.go:204: 343782. service06.ktcdnteam.link 2023-12-19 10:05:47 active 
2023/12/19 04:31:26 route.go:57: name
2023/12/19 04:31:26 api.go:38: [GET] Request >> https://api.gcore.com/cdn/origin_groups  
2023/12/19 04:35:27 main.go:29: Start api-server..
2023/12/19 04:35:27 server.go:9: Start api-server..
2023/12/19 04:36:01 api.go:38: [GET] Request >> https://api.gcore.com/cdn/resources  
2023/12/19 04:36:02 billing_model.go:204: 341411. abc011.ktcdnteam.link 2023-12-18 14:10:15 suspended 
2023/12/19 04:36:02 billing_model.go:204: 341640. service01.ktcdnteam.link 2023-12-18 15:07:44 active 
2023/12/19 04:36:02 billing_model.go:204: 341776. service02.ktcdnteam.link 2023-12-18 15:13:32 active 
2023/12/19 04:36:02 billing_model.go:204: 341777. service03.ktcdnteam.link 2023-12-18 15:15:01 suspended 
2023/12/19 04:36:02 billing_model.go:204: 342774. service07.ktcdnteam.link 2023-12-19 02:50:20 suspended 
2023/12/19 04:36:02 billing_model.go:204: 343782. service06.ktcdnteam.link 2023-12-19 10:05:47 active 
2023/12/19 04:36:07 route.go:57: name
2023/12/19 04:36:07 api.go:38: [GET] Request >> https://api.gcore.com/cdn/origin_groups  
2023/12/19 04:40:31 route.go:57: all
2023/12/19 04:40:31 api.go:38: [GET] Request >> https://api.gcore.com/cdn/origin_groups  
2023/12/19 04:40:32 api.go:38: [GET] Request >> https://api.gcore.com/cdn/resources?fields=status,description&originGroup=412358  
2023/12/19 04:40:33 api.go:38: [GET] Request >> https://api.gcore.com/cdn/resources?fields=status,description&originGroup=447133  
2023/12/19 04:40:34 api.go:38: [GET] Request >> https://api.gcore.com/cdn/resources?fields=status,description&originGroup=447363  
2023/12/19 04:40:35 api.go:38: [GET] Request >> https://api.gcore.com/cdn/resources?fields=status,description&originGroup=449662  
2023/12/19 05:03:33 main.go:29: Start api-server..
2023/12/19 05:03:33 server.go:9: Start api-server..
2023/12/19 05:03:37 route.go:57: all
2023/12/19 05:03:37 api.go:38: [GET] Request >> https://api.gcore.com/cdn/origin_groups  
2023/12/19 05:03:39 api.go:38: [GET] Request >> https://api.gcore.com/cdn/resources?fields=status,description&originGroup=412358  
2023/12/19 05:03:40 api.go:38: [GET] Request >> https://api.gcore.com/cdn/resources?fields=status,description&originGroup=447133  
2023/12/19 05:03:41 api.go:38: [GET] Request >> https://api.gcore.com/cdn/resources?fields=status,description&originGroup=447363  
2023/12/19 05:03:42 api.go:38: [GET] Request >> https://api.gcore.com/cdn/resources?fields=status,description&originGroup=449662  
2023/12/19 05:04:40 route.go:57: all
2023/12/19 05:04:40 api.go:38: [GET] Request >> https://api.gcore.com/cdn/origin_groups  
2023/12/19 05:04:42 api.go:38: [GET] Request >> https://api.gcore.com/cdn/resources?fields=status,description&originGroup=412358  
2023/12/19 05:04:43 api.go:38: [GET] Request >> https://api.gcore.com/cdn/resources?fields=status,description&originGroup=447133  
2023/12/19 05:04:44 api.go:38: [GET] Request >> https://api.gcore.com/cdn/resources?fields=status,description&originGroup=447363  
2023/12/19 05:04:45 api.go:38: [GET] Request >> https://api.gcore.com/cdn/resources?fields=status,description&originGroup=449662  
2023/12/19 05:08:13 main.go:29: Start api-server..
2023/12/19 05:08:13 server.go:9: Start api-server..
2023/12/19 05:08:15 route.go:57: all
2023/12/19 05:08:15 api.go:38: [GET] Request >> https://api.gcore.com/cdn/origin_groups  
2023/12/19 05:08:16 api.go:38: [GET] Request >> https://api.gcore.com/cdn/resources?fields=status,description&originGroup=412358  
2023/12/19 05:08:17 api.go:38: [GET] Request >> https://api.gcore.com/cdn/resources?fields=status,description&originGroup=447133  
2023/12/19 05:08:18 api.go:38: [GET] Request >> https://api.gcore.com/cdn/resources?fields=status,description&originGroup=447363  
2023/12/19 05:08:20 api.go:38: [GET] Request >> https://api.gcore.com/cdn/resources?fields=status,description&originGroup=449662  
2023/12/19 05:09:09 main.go:29: Start api-server..
2023/12/19 05:09:09 server.go:9: Start api-server..
2023/12/19 05:09:12 route.go:57: all
2023/12/19 05:09:12 api.go:38: [GET] Request >> https://api.gcore.com/cdn/origin_groups  
2023/12/19 05:09:13 api.go:38: [GET] Request >> https://api.gcore.com/cdn/resources?fields=status,description&originGroup=412358  
2023/12/19 05:09:14 api.go:38: [GET] Request >> https://api.gcore.com/cdn/resources?fields=status,description&originGroup=447133  
2023/12/19 05:09:15 api.go:38: [GET] Request >> https://api.gcore.com/cdn/resources?fields=status,description&originGroup=447363  
2023/12/19 05:09:16 api.go:38: [GET] Request >> https://api.gcore.com/cdn/resources?fields=status,description&originGroup=449662  
2023/12/19 05:10:00 route.go:57: all
2023/12/19 05:10:00 api.go:38: [GET] Request >> https://api.gcore.com/cdn/origin_groups  
2023/12/19 05:10:02 api.go:38: [GET] Request >> https://api.gcore.com/cdn/resources?fields=status,description&originGroup=412358  
2023/12/19 05:10:03 api.go:38: [GET] Request >> https://api.gcore.com/cdn/resources?fields=status,description&originGroup=447133  
2023/12/19 05:10:04 api.go:38: [GET] Request >> https://api.gcore.com/cdn/resources?fields=status,description&originGroup=447363  
2023/12/19 05:10:05 api.go:38: [GET] Request >> https://api.gcore.com/cdn/resources?fields=status,description&originGroup=449662  
2023/12/19 05:11:55 route.go:57: all
2023/12/19 05:11:55 api.go:38: [GET] Request >> https://api.gcore.com/cdn/origin_groups  
2023/12/19 05:11:57 api.go:38: [GET] Request >> https://api.gcore.com/cdn/resources?fields=status,description&originGroup=412358  
2023/12/19 05:11:58 api.go:38: [GET] Request >> https://api.gcore.com/cdn/resources?fields=status,description&originGroup=447133  
2023/12/19 05:11:59 api.go:38: [GET] Request >> https://api.gcore.com/cdn/resources?fields=status,description&originGroup=447363  
2023/12/19 05:12:00 api.go:38: [GET] Request >> https://api.gcore.com/cdn/resources?fields=status,description&originGroup=449662  
2023/12/19 05:13:07 route.go:57: all
2023/12/19 05:13:07 api.go:38: [GET] Request >> https://api.gcore.com/cdn/origin_groups  
2023/12/19 05:13:09 api.go:38: [GET] Request >> https://api.gcore.com/cdn/resources?fields=status,description&originGroup=412358  
2023/12/19 05:13:10 api.go:38: [GET] Request >> https://api.gcore.com/cdn/resources?fields=status,description&originGroup=447133  
2023/12/19 05:13:11 api.go:38: [GET] Request >> https://api.gcore.com/cdn/resources?fields=status,description&originGroup=447363  
2023/12/19 05:13:12 api.go:38: [GET] Request >> https://api.gcore.com/cdn/resources?fields=status,description&originGroup=449662  
2023/12/19 05:14:00 main.go:29: Start api-server..
2023/12/19 05:14:00 server.go:9: Start api-server..
2023/12/19 05:15:24 main.go:29: Start api-server..
2023/12/19 05:15:24 server.go:9: Start api-server..
2023/12/19 05:15:27 route.go:57: all
2023/12/19 05:15:27 api.go:38: [GET] Request >> https://api.gcore.com/cdn/origin_groups  
2023/12/19 05:15:28 api.go:38: [GET] Request >> https://api.gcore.com/cdn/resources?fields=status,description&originGroup=412358  
2023/12/19 05:15:29 api.go:38: [GET] Request >> https://api.gcore.com/cdn/resources?fields=status,description&originGroup=447133  
2023/12/19 05:15:30 api.go:38: [GET] Request >> https://api.gcore.com/cdn/resources?fields=status,description&originGroup=447363  
2023/12/19 05:15:31 api.go:38: [GET] Request >> https://api.gcore.com/cdn/resources?fields=status,description&originGroup=449662  
2023/12/19 07:17:43 api.go:38: [GET] Request >> https://api.gcore.com/cdn/resources  
2023/12/19 07:17:44 api.go:57: [Token ERROR] >> GET Token Start
2023/12/19 07:17:44 loadconf.go:68: [POST] NEW TOKEN >> {"username":"dlek55@naver.com","password":"number1Cloud!2#","one_time_password":""} 
2023/12/19 07:17:45 api.go:38: [GET] Request >> https://api.gcore.com/cdn/resources  
2023/12/19 07:17:47 billing_model.go:204: 341411. abc011.ktcdnteam.link 2023-12-18 14:10:15 suspended 
2023/12/19 07:17:47 billing_model.go:204: 341640. service01.ktcdnteam.link 2023-12-18 15:07:44 active 
2023/12/19 07:17:47 billing_model.go:204: 341776. service02.ktcdnteam.link 2023-12-18 15:13:32 active 
2023/12/19 07:17:47 billing_model.go:204: 341777. service03.ktcdnteam.link 2023-12-18 15:15:01 suspended 
2023/12/19 07:17:47 billing_model.go:204: 342774. service07.ktcdnteam.link 2023-12-19 02:50:20 suspended 
2023/12/19 07:17:47 billing_model.go:204: 343782. service06.ktcdnteam.link 2023-12-19 10:05:47 active 
2023/12/19 07:17:57 main.go:29: Start api-server..
2023/12/19 07:17:57 server.go:9: Start api-server..
2023/12/19 07:18:01 api.go:38: [GET] Request >> https://api.gcore.com/cdn/resources  
2023/12/19 07:18:02 billing_model.go:204: 341411. abc011.ktcdnteam.link 2023-12-18 14:10:15 suspended 
2023/12/19 07:18:02 billing_model.go:204: 341640. service01.ktcdnteam.link 2023-12-18 15:07:44 active 
2023/12/19 07:18:02 billing_model.go:204: 341776. service02.ktcdnteam.link 2023-12-18 15:13:32 active 
2023/12/19 07:18:02 billing_model.go:204: 341777. service03.ktcdnteam.link 2023-12-18 15:15:01 suspended 
2023/12/19 07:18:02 billing_model.go:204: 342774. service07.ktcdnteam.link 2023-12-19 02:50:20 suspended 
2023/12/19 07:18:02 billing_model.go:204: 343782. service06.ktcdnteam.link 2023-12-19 10:05:47 active 
2023/12/19 07:18:15 route.go:57: all
2023/12/19 07:18:15 api.go:38: [GET] Request >> https://api.gcore.com/cdn/origin_groups  
2023/12/19 07:18:16 api.go:38: [GET] Request >> https://api.gcore.com/cdn/resources?fields=status,description&originGroup=412358  
2023/12/19 07:18:17 api.go:38: [GET] Request >> https://api.gcore.com/cdn/resources?fields=status,description&originGroup=447133  
2023/12/19 07:18:18 api.go:38: [GET] Request >> https://api.gcore.com/cdn/resources?fields=status,description&originGroup=447363  
2023/12/19 07:18:19 api.go:38: [GET] Request >> https://api.gcore.com/cdn/resources?fields=status,description&originGroup=449662  
2023/12/19 07:19:53 route.go:57: all
2023/12/19 07:19:53 api.go:38: [GET] Request >> https://api.gcore.com/cdn/origin_groups  
2023/12/19 07:19:55 api.go:38: [GET] Request >> https://api.gcore.com/cdn/resources?fields=status,description&originGroup=412358  
2023/12/19 07:19:57 main.go:29: Start api-server..
2023/12/19 07:19:57 server.go:9: Start api-server..
2023/12/19 07:22:11 main.go:29: Start api-server..
2023/12/19 07:22:11 server.go:9: Start api-server..
2023/12/19 07:53:31 route.go:57: all
2023/12/19 07:53:31 api.go:38: [GET] Request >> https://api.gcore.com/cdn/origin_groups  
2023/12/19 07:53:33 api.go:38: [GET] Request >> https://api.gcore.com/cdn/resources?fields=status,description&originGroup=412358  
2023/12/19 07:53:34 api.go:38: [GET] Request >> https://api.gcore.com/cdn/resources?fields=status,description&originGroup=447133  
2023/12/19 07:53:35 api.go:38: [GET] Request >> https://api.gcore.com/cdn/resources?fields=status,description&originGroup=447363  
2023/12/19 07:53:36 api.go:38: [GET] Request >> https://api.gcore.com/cdn/resources?fields=status,description&originGroup=449662  
2023/12/19 07:53:43 api.go:38: [GET] Request >> https://api.gcore.com/cdn/resources  
2023/12/19 07:53:45 billing_model.go:204: 341411. abc011.ktcdnteam.link 2023-12-18 14:10:15 suspended 
2023/12/19 07:53:45 billing_model.go:204: 341640. service01.ktcdnteam.link 2023-12-18 15:07:44 active 
2023/12/19 07:53:45 billing_model.go:204: 341776. service02.ktcdnteam.link 2023-12-18 15:13:32 active 
2023/12/19 07:53:45 billing_model.go:204: 341777. service03.ktcdnteam.link 2023-12-18 15:15:01 suspended 
2023/12/19 07:53:45 billing_model.go:204: 342774. service07.ktcdnteam.link 2023-12-19 02:50:20 suspended 
2023/12/19 07:53:45 billing_model.go:204: 343782. service06.ktcdnteam.link 2023-12-19 10:05:47 active 
2023/12/19 07:54:14 api.go:38: [GET] Request >> https://api.gcore.com/cdn/resources/341640  
2023/12/19 07:54:16 api.go:38: [PUT] Request >> https://api.gcore.com/cdn/resources/341640 {"id":341640,"options":{"custom_server_name":null,"slice":null,"gzipOn":null,"brotli_compression":null,"ignoreQueryString":null,"hostHeader":{"enabled":true,"value":"1.1.1.1:84"},"stale":{"enabled":true,"value":["error","updating"]},"sni":{"enabled":true,"sni_type":"dynamic","custom_hostname":""},"edge_cache_settings":{"enabled":true,"default":"4d"},"tls_versions":{"enabled":false,"value":["TLSv1.1","TLSv1","TLSv1.3","SSLv3","TLSv1.2"]}},"deleted":false,"secondaryHostnames":[],"client":250053,"status":"active","active":false,"enabled":true,"preset_applied":false,"vp_enabled":false,"originGroup_name":"1.1.1.1:84","shielded":false,"shield_dc":null,"shield_enabled":false,"full_custom_enabled":false,"can_purge_by_urls":false,"created":"2023-12-18T06:07:44.751794Z","created_str":"","updated":"2023-12-19T00:44:48.514431Z","originProtocol":"HTTP","cname":"service01.ktcdnteam.link","sslEnabled":false,"ssl_automated":false,"proxy_ssl_enabled":false,"suspended":false,"description":"service01","originGroup":447363} 
2023/12/19 07:54:22 api.go:38: [GET] Request >> https://api.gcore.com/cdn/resources  
2023/12/19 07:54:23 billing_model.go:204: 341411. abc011.ktcdnteam.link 2023-12-18 14:10:15 suspended 
2023/12/19 07:54:23 billing_model.go:204: 341640. service01.ktcdnteam.link 2023-12-18 15:07:44 suspended 
2023/12/19 07:54:23 billing_model.go:204: 341776. service02.ktcdnteam.link 2023-12-18 15:13:32 active 
2023/12/19 07:54:23 billing_model.go:204: 341777. service03.ktcdnteam.link 2023-12-18 15:15:01 suspended 
2023/12/19 07:54:23 billing_model.go:204: 342774. service07.ktcdnteam.link 2023-12-19 02:50:20 suspended 
2023/12/19 07:54:23 billing_model.go:204: 343782. service06.ktcdnteam.link 2023-12-19 10:05:47 active 
2023/12/19 07:54:33 api.go:38: [GET] Request >> https://api.gcore.com/cdn/resources/341640  
2023/12/19 07:54:34 api.go:38: [PUT] Request >> https://api.gcore.com/cdn/resources/341640 {"id":341640,"options":{"custom_server_name":null,"slice":null,"gzipOn":null,"brotli_compression":null,"ignoreQueryString":null,"hostHeader":{"enabled":true,"value":"1.1.1.1:84"},"stale":{"enabled":true,"value":["error","updating"]},"sni":{"enabled":true,"sni_type":"dynamic","custom_hostname":""},"edge_cache_settings":{"enabled":true,"default":"4d"},"tls_versions":{"enabled":false,"value":["TLSv1.3","TLSv1","SSLv3","TLSv1.1","TLSv1.2"]}},"deleted":false,"secondaryHostnames":[],"client":250053,"status":"suspended","active":true,"enabled":true,"preset_applied":false,"vp_enabled":false,"originGroup_name":"1.1.1.1:84","shielded":false,"shield_dc":null,"shield_enabled":false,"full_custom_enabled":false,"can_purge_by_urls":false,"created":"2023-12-18T06:07:44.751794Z","created_str":"","updated":"2023-12-19T04:54:17.342907Z","originProtocol":"HTTP","cname":"service01.ktcdnteam.link","sslEnabled":false,"ssl_automated":false,"proxy_ssl_enabled":false,"suspended":false,"description":"service01","originGroup":447363} 
2023/12/19 07:54:41 api.go:38: [GET] Request >> https://api.gcore.com/cdn/resources  
2023/12/19 07:54:42 billing_model.go:204: 341411. abc011.ktcdnteam.link 2023-12-18 14:10:15 suspended 
2023/12/19 07:54:42 billing_model.go:204: 341640. service01.ktcdnteam.link 2023-12-18 15:07:44 active 
2023/12/19 07:54:42 billing_model.go:204: 341776. service02.ktcdnteam.link 2023-12-18 15:13:32 active 
2023/12/19 07:54:42 billing_model.go:204: 341777. service03.ktcdnteam.link 2023-12-18 15:15:01 suspended 
2023/12/19 07:54:42 billing_model.go:204: 342774. service07.ktcdnteam.link 2023-12-19 02:50:20 suspended 
2023/12/19 07:54:42 billing_model.go:204: 343782. service06.ktcdnteam.link 2023-12-19 10:05:47 active 
2023/12/19 08:06:22 route.go:57: all
2023/12/19 08:06:22 api.go:38: [GET] Request >> https://api.gcore.com/cdn/origin_groups  
2023/12/19 08:06:24 api.go:38: [GET] Request >> https://api.gcore.com/cdn/resources?fields=status,description&originGroup=412358  
2023/12/19 08:06:25 api.go:38: [GET] Request >> https://api.gcore.com/cdn/resources?fields=status,description&originGroup=447133  
2023/12/19 08:06:26 api.go:38: [GET] Request >> https://api.gcore.com/cdn/resources?fields=status,description&originGroup=447363  
2023/12/19 08:06:27 api.go:38: [GET] Request >> https://api.gcore.com/cdn/resources?fields=status,description&originGroup=449662  
2023/12/19 08:06:30 api.go:38: [GET] Request >> https://api.gcore.com/cdn/resources  
2023/12/19 08:06:31 billing_model.go:204: 341411. abc011.ktcdnteam.link 2023-12-18 14:10:15 suspended 
2023/12/19 08:06:31 billing_model.go:204: 341640. service01.ktcdnteam.link 2023-12-18 15:07:44 active 
2023/12/19 08:06:31 billing_model.go:204: 341776. service02.ktcdnteam.link 2023-12-18 15:13:32 active 
2023/12/19 08:06:31 billing_model.go:204: 341777. service03.ktcdnteam.link 2023-12-18 15:15:01 suspended 
2023/12/19 08:06:31 billing_model.go:204: 342774. service07.ktcdnteam.link 2023-12-19 02:50:20 suspended 
2023/12/19 08:06:31 billing_model.go:204: 343782. service06.ktcdnteam.link 2023-12-19 10:05:47 active 
2023/12/19 08:16:01 route.go:57: name
2023/12/19 08:16:01 api.go:38: [GET] Request >> https://api.gcore.com/cdn/origin_groups  
2023/12/19 08:32:13 api.go:38: [GET] Request >> https://api.gcore.com/cdn/resources  
2023/12/19 08:32:13 route.go:57: name
2023/12/19 08:32:13 api.go:38: [GET] Request >> https://api.gcore.com/cdn/origin_groups  
2023/12/19 08:32:14 api.go:57: [Token ERROR] >> GET Token Start
2023/12/19 08:32:14 loadconf.go:68: [POST] NEW TOKEN >> {"username":"dlek55@naver.com","password":"number1Cloud!2#","one_time_password":""} 
2023/12/19 08:32:14 api.go:57: [Token ERROR] >> GET Token Start
2023/12/19 08:32:14 loadconf.go:68: [POST] NEW TOKEN >> {"username":"dlek55@naver.com","password":"number1Cloud!2#","one_time_password":""} 
2023/12/19 08:32:15 api.go:38: [GET] Request >> https://api.gcore.com/cdn/resources  
2023/12/19 08:32:16 api.go:38: [GET] Request >> https://api.gcore.com/cdn/origin_groups  
2023/12/19 08:32:17 billing_model.go:204: 341411. abc011.ktcdnteam.link 2023-12-18 14:10:15 suspended 
2023/12/19 08:32:17 billing_model.go:204: 341640. service01.ktcdnteam.link 2023-12-18 15:07:44 active 
2023/12/19 08:32:17 billing_model.go:204: 341776. service02.ktcdnteam.link 2023-12-18 15:13:32 active 
2023/12/19 08:32:17 billing_model.go:204: 341777. service03.ktcdnteam.link 2023-12-18 15:15:01 suspended 
2023/12/19 08:32:17 billing_model.go:204: 342774. service07.ktcdnteam.link 2023-12-19 02:50:20 suspended 
2023/12/19 08:32:17 billing_model.go:204: 343782. service06.ktcdnteam.link 2023-12-19 10:05:47 active 
2023/12/19 08:45:57 route.go:57: all
2023/12/19 08:45:57 api.go:38: [GET] Request >> https://api.gcore.com/cdn/origin_groups  
2023/12/19 08:45:59 api.go:38: [GET] Request >> https://api.gcore.com/cdn/resources?fields=status,description&originGroup=412358  
2023/12/19 08:46:00 api.go:38: [GET] Request >> https://api.gcore.com/cdn/resources?fields=status,description&originGroup=447133  
2023/12/19 08:46:01 api.go:38: [GET] Request >> https://api.gcore.com/cdn/resources?fields=status,description&originGroup=447363  
2023/12/19 08:46:02 api.go:38: [GET] Request >> https://api.gcore.com/cdn/resources?fields=status,description&originGroup=449662  
2023/12/19 09:14:17 api.go:38: [GET] Request >> https://api.gcore.com/cdn/resources  
2023/12/19 09:14:19 billing_model.go:204: 341411. abc011.ktcdnteam.link 2023-12-18 14:10:15 suspended 
2023/12/19 09:14:19 billing_model.go:204: 341640. service01.ktcdnteam.link 2023-12-18 15:07:44 active 
2023/12/19 09:14:19 billing_model.go:204: 341776. service02.ktcdnteam.link 2023-12-18 15:13:32 active 
2023/12/19 09:14:19 billing_model.go:204: 341777. service03.ktcdnteam.link 2023-12-18 15:15:01 suspended 
2023/12/19 09:14:19 billing_model.go:204: 342774. service07.ktcdnteam.link 2023-12-19 02:50:20 suspended 
2023/12/19 09:14:19 billing_model.go:204: 343782. service06.ktcdnteam.link 2023-12-19 10:05:47 active 
2023/12/19 09:47:58 api.go:38: [GET] Request >> https://api.gcore.com/cdn/resources  
2023/12/19 09:47:59 api.go:57: [Token ERROR] >> GET Token Start
2023/12/19 09:47:59 loadconf.go:68: [POST] NEW TOKEN >> {"username":"dlek55@naver.com","password":"number1Cloud!2#","one_time_password":""} 
2023/12/19 09:48:01 api.go:38: [GET] Request >> https://api.gcore.com/cdn/resources  
2023/12/19 09:48:02 billing_model.go:204: 341411. abc011.ktcdnteam.link 2023-12-18 14:10:15 suspended 
2023/12/19 09:48:02 billing_model.go:204: 341640. service01.ktcdnteam.link 2023-12-18 15:07:44 active 
2023/12/19 09:48:02 billing_model.go:204: 341776. service02.ktcdnteam.link 2023-12-18 15:13:32 active 
2023/12/19 09:48:02 billing_model.go:204: 341777. service03.ktcdnteam.link 2023-12-18 15:15:01 suspended 
2023/12/19 09:48:02 billing_model.go:204: 342774. service07.ktcdnteam.link 2023-12-19 02:50:20 suspended 
2023/12/19 09:48:02 billing_model.go:204: 343782. service06.ktcdnteam.link 2023-12-19 10:05:47 active 
2023/12/19 09:48:23 api.go:38: [GET] Request >> https://api.gcore.com/cdn/resources  
2023/12/19 09:48:24 billing_model.go:204: 341411. abc011.ktcdnteam.link 2023-12-18 14:10:15 suspended 
2023/12/19 09:48:24 billing_model.go:204: 341640. service01.ktcdnteam.link 2023-12-18 15:07:44 active 
2023/12/19 09:48:24 billing_model.go:204: 341776. service02.ktcdnteam.link 2023-12-18 15:13:32 active 
2023/12/19 09:48:24 billing_model.go:204: 341777. service03.ktcdnteam.link 2023-12-18 15:15:01 suspended 
2023/12/19 09:48:24 billing_model.go:204: 342774. service07.ktcdnteam.link 2023-12-19 02:50:20 suspended 
2023/12/19 09:48:24 billing_model.go:204: 343782. service06.ktcdnteam.link 2023-12-19 10:05:47 active 
2023/12/19 09:51:18 api.go:38: [GET] Request >> https://api.gcore.com/cdn/resources  
2023/12/19 09:51:19 billing_model.go:204: 341411. abc011.ktcdnteam.link 2023-12-18 14:10:15 suspended 
2023/12/19 09:51:19 billing_model.go:204: 341640. service01.ktcdnteam.link 2023-12-18 15:07:44 active 
2023/12/19 09:51:19 billing_model.go:204: 341776. service02.ktcdnteam.link 2023-12-18 15:13:32 active 
2023/12/19 09:51:19 billing_model.go:204: 341777. service03.ktcdnteam.link 2023-12-18 15:15:01 suspended 
2023/12/19 09:51:19 billing_model.go:204: 342774. service07.ktcdnteam.link 2023-12-19 02:50:20 suspended 
2023/12/19 09:51:19 billing_model.go:204: 343782. service06.ktcdnteam.link 2023-12-19 10:05:47 active 
2023/12/19 09:51:56 api.go:38: [GET] Request >> https://api.gcore.com/cdn/resources  
2023/12/19 09:51:57 billing_model.go:204: 341411. abc011.ktcdnteam.link 2023-12-18 14:10:15 suspended 
2023/12/19 09:51:57 billing_model.go:204: 341640. service01.ktcdnteam.link 2023-12-18 15:07:44 active 
2023/12/19 09:51:57 billing_model.go:204: 341776. service02.ktcdnteam.link 2023-12-18 15:13:32 active 
2023/12/19 09:51:57 billing_model.go:204: 341777. service03.ktcdnteam.link 2023-12-18 15:15:01 suspended 
2023/12/19 09:51:57 billing_model.go:204: 342774. service07.ktcdnteam.link 2023-12-19 02:50:20 suspended 
2023/12/19 09:51:57 billing_model.go:204: 343782. service06.ktcdnteam.link 2023-12-19 10:05:47 active 
2023/12/19 09:58:33 api.go:38: [GET] Request >> https://api.gcore.com/cdn/resources  
2023/12/19 09:58:34 billing_model.go:204: 341411. abc011.ktcdnteam.link 2023-12-18 14:10:15 suspended 
2023/12/19 09:58:34 billing_model.go:204: 341640. service01.ktcdnteam.link 2023-12-18 15:07:44 active 
2023/12/19 09:58:34 billing_model.go:204: 341776. service02.ktcdnteam.link 2023-12-18 15:13:32 active 
2023/12/19 09:58:34 billing_model.go:204: 341777. service03.ktcdnteam.link 2023-12-18 15:15:01 suspended 
2023/12/19 09:58:34 billing_model.go:204: 342774. service07.ktcdnteam.link 2023-12-19 02:50:20 suspended 
2023/12/19 09:58:34 billing_model.go:204: 343782. service06.ktcdnteam.link 2023-12-19 10:05:47 active 
2023/12/19 09:58:39 api.go:38: [GET] Request >> https://api.gcore.com/cdn/resources  
2023/12/19 09:58:40 billing_model.go:204: 341411. abc011.ktcdnteam.link 2023-12-18 14:10:15 suspended 
2023/12/19 09:58:40 billing_model.go:204: 341640. service01.ktcdnteam.link 2023-12-18 15:07:44 active 
2023/12/19 09:58:40 billing_model.go:204: 341776. service02.ktcdnteam.link 2023-12-18 15:13:32 active 
2023/12/19 09:58:40 billing_model.go:204: 341777. service03.ktcdnteam.link 2023-12-18 15:15:01 suspended 
2023/12/19 09:58:40 billing_model.go:204: 342774. service07.ktcdnteam.link 2023-12-19 02:50:20 suspended 
2023/12/19 09:58:40 billing_model.go:204: 343782. service06.ktcdnteam.link 2023-12-19 10:05:47 active 
2023/12/19 09:59:17 api.go:38: [GET] Request >> https://api.gcore.com/cdn/resources  
2023/12/19 09:59:18 billing_model.go:204: 341411. abc011.ktcdnteam.link 2023-12-18 14:10:15 suspended 
2023/12/19 09:59:18 billing_model.go:204: 341640. service01.ktcdnteam.link 2023-12-18 15:07:44 active 
2023/12/19 09:59:18 billing_model.go:204: 341776. service02.ktcdnteam.link 2023-12-18 15:13:32 active 
2023/12/19 09:59:18 billing_model.go:204: 341777. service03.ktcdnteam.link 2023-12-18 15:15:01 suspended 
2023/12/19 09:59:18 billing_model.go:204: 342774. service07.ktcdnteam.link 2023-12-19 02:50:20 suspended 
2023/12/19 09:59:18 billing_model.go:204: 343782. service06.ktcdnteam.link 2023-12-19 10:05:47 active 
2023/12/19 10:04:23 api.go:38: [GET] Request >> https://api.gcore.com/cdn/resources  
2023/12/19 10:04:24 billing_model.go:204: 341411. abc011.ktcdnteam.link 2023-12-18 14:10:15 suspended 
2023/12/19 10:04:24 billing_model.go:204: 341640. service01.ktcdnteam.link 2023-12-18 15:07:44 active 
2023/12/19 10:04:24 billing_model.go:204: 341776. service02.ktcdnteam.link 2023-12-18 15:13:32 active 
2023/12/19 10:04:24 billing_model.go:204: 341777. service03.ktcdnteam.link 2023-12-18 15:15:01 suspended 
2023/12/19 10:04:24 billing_model.go:204: 342774. service07.ktcdnteam.link 2023-12-19 02:50:20 suspended 
2023/12/19 10:04:24 billing_model.go:204: 343782. service06.ktcdnteam.link 2023-12-19 10:05:47 active 
2023/12/19 10:05:05 api.go:38: [GET] Request >> https://api.gcore.com/cdn/resources  
2023/12/19 10:05:07 billing_model.go:204: 341411. abc011.ktcdnteam.link 2023-12-18 14:10:15 suspended 
2023/12/19 10:05:07 billing_model.go:204: 341640. service01.ktcdnteam.link 2023-12-18 15:07:44 active 
2023/12/19 10:05:07 billing_model.go:204: 341776. service02.ktcdnteam.link 2023-12-18 15:13:32 active 
2023/12/19 10:05:07 billing_model.go:204: 341777. service03.ktcdnteam.link 2023-12-18 15:15:01 suspended 
2023/12/19 10:05:07 billing_model.go:204: 342774. service07.ktcdnteam.link 2023-12-19 02:50:20 suspended 
2023/12/19 10:05:07 billing_model.go:204: 343782. service06.ktcdnteam.link 2023-12-19 10:05:47 active 
2023/12/19 10:06:02 api.go:38: [GET] Request >> https://api.gcore.com/cdn/resources  
2023/12/19 10:06:03 billing_model.go:204: 341411. abc011.ktcdnteam.link 2023-12-18 14:10:15 suspended 
2023/12/19 10:06:03 billing_model.go:204: 341640. service01.ktcdnteam.link 2023-12-18 15:07:44 active 
2023/12/19 10:06:03 billing_model.go:204: 341776. service02.ktcdnteam.link 2023-12-18 15:13:32 active 
2023/12/19 10:06:03 billing_model.go:204: 341777. service03.ktcdnteam.link 2023-12-18 15:15:01 suspended 
2023/12/19 10:06:03 billing_model.go:204: 342774. service07.ktcdnteam.link 2023-12-19 02:50:20 suspended 
2023/12/19 10:06:03 billing_model.go:204: 343782. service06.ktcdnteam.link 2023-12-19 10:05:47 active 
2023/12/19 10:13:53 api.go:38: [GET] Request >> https://api.gcore.com/cdn/resources  
2023/12/19 10:13:54 billing_model.go:204: 341411. abc011.ktcdnteam.link 2023-12-18 14:10:15 suspended 
2023/12/19 10:13:54 billing_model.go:204: 341640. service01.ktcdnteam.link 2023-12-18 15:07:44 active 
2023/12/19 10:13:54 billing_model.go:204: 341776. service02.ktcdnteam.link 2023-12-18 15:13:32 active 
2023/12/19 10:13:54 billing_model.go:204: 341777. service03.ktcdnteam.link 2023-12-18 15:15:01 suspended 
2023/12/19 10:13:54 billing_model.go:204: 342774. service07.ktcdnteam.link 2023-12-19 02:50:20 suspended 
2023/12/19 10:13:54 billing_model.go:204: 343782. service06.ktcdnteam.link 2023-12-19 10:05:47 active 
2023/12/19 10:49:55 api.go:38: [GET] Request >> https://api.gcore.com/cdn/resources/341411  
2023/12/19 10:49:57 api.go:57: [Token ERROR] >> GET Token Start
2023/12/19 10:49:57 loadconf.go:68: [POST] NEW TOKEN >> {"username":"dlek55@naver.com","password":"number1Cloud!2#","one_time_password":""} 
2023/12/19 10:49:58 api.go:38: [GET] Request >> https://api.gcore.com/cdn/resources/341640  
2023/12/19 10:49:59 api.go:38: [GET] Request >> https://api.gcore.com/cdn/resources/341411  
2023/12/19 10:50:00 api.go:57: [Token ERROR] >> GET Token Start
2023/12/19 10:50:00 loadconf.go:68: [POST] NEW TOKEN >> {"username":"dlek55@naver.com","password":"number1Cloud!2#","one_time_password":""} 
2023/12/19 10:50:00 api.go:38: [PUT] Request >> https://api.gcore.com/cdn/resources/341411 {"id":341411,"options":{"custom_server_name":null,"slice":null,"gzipOn":null,"brotli_compression":null,"ignoreQueryString":null,"hostHeader":{"enabled":true,"value":"1.1.1.1:80"},"stale":{"enabled":true,"value":["error","updating"]},"sni":{"enabled":true,"sni_type":"dynamic","custom_hostname":""},"edge_cache_settings":{"enabled":true,"default":"4d"},"tls_versions":{"enabled":false,"value":["TLSv1.1","SSLv3","TLSv1.3","TLSv1","TLSv1.2"]}},"deleted":false,"secondaryHostnames":[],"client":250053,"status":"suspended","active":true,"enabled":true,"preset_applied":false,"vp_enabled":false,"originGroup_name":"1.1.1.1:80","shielded":false,"shield_dc":null,"shield_enabled":false,"full_custom_enabled":false,"can_purge_by_urls":false,"created":"2023-12-18T05:10:15.329641Z","created_str":"","updated":"2023-12-19T00:45:27.573071Z","originProtocol":"HTTP","cname":"abc011.ktcdnteam.link","sslEnabled":false,"ssl_automated":false,"proxy_ssl_enabled":false,"suspended":false,"description":"abc011","originGroup":447133} 
2023/12/19 10:50:02 api.go:38: [GET] Request >> https://api.gcore.com/cdn/resources/341640  
2023/12/19 10:50:03 api.go:38: [PUT] Request >> https://api.gcore.com/cdn/resources/341640 {"id":341640,"options":{"custom_server_name":null,"slice":null,"gzipOn":null,"brotli_compression":null,"ignoreQueryString":null,"hostHeader":{"enabled":true,"value":"1.1.1.1:84"},"stale":{"enabled":true,"value":["error","updating"]},"sni":{"enabled":true,"sni_type":"dynamic","custom_hostname":""},"edge_cache_settings":{"enabled":true,"default":"4d"},"tls_versions":{"enabled":false,"value":["TLSv1.3","TLSv1.2","TLSv1.1","SSLv3","TLSv1"]}},"deleted":false,"secondaryHostnames":[],"client":250053,"status":"active","active":false,"enabled":true,"preset_applied":false,"vp_enabled":false,"originGroup_name":"1.1.1.1:84","shielded":false,"shield_dc":null,"shield_enabled":false,"full_custom_enabled":false,"can_purge_by_urls":false,"created":"2023-12-18T06:07:44.751794Z","created_str":"","updated":"2023-12-19T04:54:35.480124Z","originProtocol":"HTTP","cname":"service01.ktcdnteam.link","sslEnabled":false,"ssl_automated":false,"proxy_ssl_enabled":false,"suspended":false,"description":"service01","originGroup":447363} 
2023/12/19 10:50:07 api.go:38: [GET] Request >> https://api.gcore.com/cdn/resources  
2023/12/19 10:50:08 billing_model.go:204: 341411. abc011.ktcdnteam.link 2023-12-18 14:10:15 active 
2023/12/19 10:50:08 billing_model.go:204: 341640. service01.ktcdnteam.link 2023-12-18 15:07:44 suspended 
2023/12/19 10:50:08 billing_model.go:204: 341776. service02.ktcdnteam.link 2023-12-18 15:13:32 active 
2023/12/19 10:50:08 billing_model.go:204: 341777. service03.ktcdnteam.link 2023-12-18 15:15:01 suspended 
2023/12/19 10:50:08 billing_model.go:204: 342774. service07.ktcdnteam.link 2023-12-19 02:50:20 suspended 
2023/12/19 10:50:08 billing_model.go:204: 343782. service06.ktcdnteam.link 2023-12-19 10:05:47 active 
2023/12/19 10:50:09 api.go:38: [GET] Request >> https://api.gcore.com/cdn/resources  
2023/12/19 10:50:10 billing_model.go:204: 341411. abc011.ktcdnteam.link 2023-12-18 14:10:15 active 
2023/12/19 10:50:10 billing_model.go:204: 341640. service01.ktcdnteam.link 2023-12-18 15:07:44 suspended 
2023/12/19 10:50:10 billing_model.go:204: 341776. service02.ktcdnteam.link 2023-12-18 15:13:32 active 
2023/12/19 10:50:10 billing_model.go:204: 341777. service03.ktcdnteam.link 2023-12-18 15:15:01 suspended 
2023/12/19 10:50:10 billing_model.go:204: 342774. service07.ktcdnteam.link 2023-12-19 02:50:20 suspended 
2023/12/19 10:50:10 billing_model.go:204: 343782. service06.ktcdnteam.link 2023-12-19 10:05:47 active 
2023/12/19 10:50:18 api.go:38: [DELETE] Request >> https://api.gcore.com/cdn/resources/341640  
2023/12/19 10:50:19 api.go:38: [GET] Request >> https://api.gcore.com/cdn/resources  
2023/12/19 10:50:21 billing_model.go:204: 341411. abc011.ktcdnteam.link 2023-12-18 14:10:15 active 
2023/12/19 10:50:21 billing_model.go:204: 341776. service02.ktcdnteam.link 2023-12-18 15:13:32 active 
2023/12/19 10:50:21 billing_model.go:204: 341777. service03.ktcdnteam.link 2023-12-18 15:15:01 suspended 
2023/12/19 10:50:21 billing_model.go:204: 342774. service07.ktcdnteam.link 2023-12-19 02:50:20 suspended 
2023/12/19 10:50:21 billing_model.go:204: 343782. service06.ktcdnteam.link 2023-12-19 10:05:47 active 
2023/12/19 10:50:35 route.go:57: name
2023/12/19 10:50:35 api.go:38: [GET] Request >> https://api.gcore.com/cdn/origin_groups  
2023/12/19 10:51:50 route.go:57: all
2023/12/19 10:51:50 api.go:38: [GET] Request >> https://api.gcore.com/cdn/origin_groups  
2023/12/19 10:51:51 api.go:38: [GET] Request >> https://api.gcore.com/cdn/resources?fields=status,description&originGroup=412358  
2023/12/19 10:51:52 api.go:38: [GET] Request >> https://api.gcore.com/cdn/resources?fields=status,description&originGroup=447133  
2023/12/19 10:51:52 api.go:38: [GET] Request >> https://api.gcore.com/cdn/resources?fields=status,description&originGroup=447363  
2023/12/19 10:51:53 api.go:38: [GET] Request >> https://api.gcore.com/cdn/resources?fields=status,description&originGroup=449662  
2023/12/19 10:53:02 billing_model.go:258: 3.3.3.3
2023/12/19 10:53:02 billing_model.go:258: 4.4.4.4
2023/12/19 10:53:02 api.go:38: [POST] Request >> https://api.gcore.com/cdn/origin_groups {"id":0,"auth_type":"none","useNext":false,"sources":[{"source":"3.3.3.3","backup":false,"enabled":true},{"source":"4.4.4.4","backup":false,"enabled":true}],"name":"3.3.3.3"} 
2023/12/19 10:53:03 api.go:68: POST https://api.gcore.com/cdn/origin_groups >>> [ERROR : 400]%!s(<nil>) - {"errors":{"name":["Origin Group name should be unique."]}} 
2023/12/19 10:53:03 api.go:81: [ERROR : name] [Origin Group name should be unique.] 
2023/12/19 10:53:03 billing_model.go:279: Origin Group name should be unique.
2023/12/19 10:53:03 route.go:118: Origin Group name should be unique.
2023/12/19 10:53:15 billing_model.go:258: 4.4.4.4
2023/12/19 10:53:15 billing_model.go:258: 3.3.3.3
2023/12/19 10:53:15 api.go:38: [POST] Request >> https://api.gcore.com/cdn/origin_groups {"id":0,"auth_type":"none","useNext":false,"sources":[{"source":"4.4.4.4","backup":false,"enabled":true},{"source":"3.3.3.3","backup":false,"enabled":true}],"name":"4.4.4.4"} 
2023/12/19 10:53:17 route.go:71: &{cdn01 cdn01.ktcdnteam.link:443 450315 4.4.4.4}
2023/12/19 10:53:17 api.go:38: [POST] Request >> https://api.gcore.com/cdn/resources {"sslEnabled":false,"sslData":null,"active":true,"originGroup":450315,"originProtocol":"HTTP","cname":"cdn01.ktcdnteam.link:443","description":"cdn01","origin":"","secondaryHostnames":[],"options":{"edge_cache_settings":{"enabled":true,"default":"4d"},"cache_expire":null,"stale":{"enabled":true,"value":["error","updating"]},"allowedHttpMethods":null,"cache_http_headers":null,"hostHeader":{"enabled":true,"value":"4.4.4.4"},"forward_host_header":null,"limit_bandwidth":null,"bot_protection":null}} 
2023/12/19 10:53:18 api.go:68: POST https://api.gcore.com/cdn/resources >>> [ERROR : 400]%!s(<nil>) - {"errors":{"cname":["cname cdn01.ktcdnteam.link:443 is not a domain name"]}} 
2023/12/19 10:53:18 api.go:81: [ERROR : cname] [cname cdn01.ktcdnteam.link:443 is not a domain name] 
2023/12/19 10:53:18 billing_model.go:331: cname cdn01.ktcdnteam.link:443 is not a domain name
2023/12/19 10:53:18 route.go:75: cname cdn01.ktcdnteam.link:443 is not a domain name
2023/12/19 10:53:28 route.go:57: name
2023/12/19 10:53:28 api.go:38: [GET] Request >> https://api.gcore.com/cdn/origin_groups  
2023/12/19 10:53:47 billing_model.go:258: 2.2.2.2
2023/12/19 10:53:47 billing_model.go:258: 1.1.1.1
2023/12/19 10:53:47 api.go:38: [POST] Request >> https://api.gcore.com/cdn/origin_groups {"id":0,"auth_type":"none","useNext":false,"sources":[{"source":"2.2.2.2","backup":false,"enabled":true},{"source":"1.1.1.1","backup":false,"enabled":true}],"name":"2.2.2.2"} 
2023/12/19 10:53:48 route.go:71: &{cdn01 cdn01.ktcdnteam.link:443 450316 2.2.2.2}
2023/12/19 10:53:48 api.go:38: [POST] Request >> https://api.gcore.com/cdn/resources {"sslEnabled":false,"sslData":null,"active":true,"originGroup":450316,"originProtocol":"HTTP","cname":"cdn01.ktcdnteam.link:443","description":"cdn01","origin":"","secondaryHostnames":[],"options":{"edge_cache_settings":{"enabled":true,"default":"4d"},"cache_expire":null,"stale":{"enabled":true,"value":["error","updating"]},"allowedHttpMethods":null,"cache_http_headers":null,"hostHeader":{"enabled":true,"value":"2.2.2.2"},"forward_host_header":null,"limit_bandwidth":null,"bot_protection":null}} 
2023/12/19 10:53:49 api.go:68: POST https://api.gcore.com/cdn/resources >>> [ERROR : 400]%!s(<nil>) - {"errors":{"cname":["cname cdn01.ktcdnteam.link:443 is not a domain name"]}} 
2023/12/19 10:53:49 api.go:81: [ERROR : cname] [cname cdn01.ktcdnteam.link:443 is not a domain name] 
2023/12/19 10:53:49 billing_model.go:331: cname cdn01.ktcdnteam.link:443 is not a domain name
2023/12/19 10:53:49 route.go:75: cname cdn01.ktcdnteam.link:443 is not a domain name
2023/12/19 10:53:54 route.go:57: name
2023/12/19 10:53:54 api.go:38: [GET] Request >> https://api.gcore.com/cdn/origin_groups  
2023/12/19 10:54:00 route.go:71: &{cdn01 cdn01.ktcdnteam.link:443 339274 123.123.123.111}
2023/12/19 10:54:00 api.go:38: [POST] Request >> https://api.gcore.com/cdn/resources {"sslEnabled":false,"sslData":null,"active":true,"originGroup":339274,"originProtocol":"HTTP","cname":"cdn01.ktcdnteam.link:443","description":"cdn01","origin":"","secondaryHostnames":[],"options":{"edge_cache_settings":{"enabled":true,"default":"4d"},"cache_expire":null,"stale":{"enabled":true,"value":["error","updating"]},"allowedHttpMethods":null,"cache_http_headers":null,"hostHeader":{"enabled":true,"value":"123.123.123.111"},"forward_host_header":null,"limit_bandwidth":null,"bot_protection":null}} 
2023/12/19 10:54:01 api.go:68: POST https://api.gcore.com/cdn/resources >>> [ERROR : 400]%!s(<nil>) - {"errors":{"cname":["cname cdn01.ktcdnteam.link:443 is not a domain name"]}} 
2023/12/19 10:54:01 api.go:81: [ERROR : cname] [cname cdn01.ktcdnteam.link:443 is not a domain name] 
2023/12/19 10:54:01 billing_model.go:331: cname cdn01.ktcdnteam.link:443 is not a domain name
2023/12/19 10:54:01 route.go:75: cname cdn01.ktcdnteam.link:443 is not a domain name
2023/12/20 03:08:04 api.go:38: [GET] Request >> https://api.gcore.com/cdn/resources  
2023/12/20 03:08:06 api.go:57: [Token ERROR] >> GET Token Start
2023/12/20 03:08:06 loadconf.go:68: [POST] NEW TOKEN >> {"username":"dlek55@naver.com","password":"number1Cloud!2#","one_time_password":""} 
2023/12/20 03:08:08 api.go:38: [GET] Request >> https://api.gcore.com/cdn/resources  
2023/12/20 03:08:09 billing_model.go:204: 341411. abc011.ktcdnteam.link 2023-12-18 14:10:15 active 
2023/12/20 03:08:09 billing_model.go:204: 341776. service02.ktcdnteam.link 2023-12-18 15:13:32 active 
2023/12/20 03:08:09 billing_model.go:204: 341777. service03.ktcdnteam.link 2023-12-18 15:15:01 suspended 
2023/12/20 03:08:09 billing_model.go:204: 342774. service07.ktcdnteam.link 2023-12-19 02:50:20 suspended 
2023/12/20 03:08:09 billing_model.go:204: 343782. service06.ktcdnteam.link 2023-12-19 10:05:47 active 
2023/12/20 07:25:08 api.go:38: [GET] Request >> https://api.gcore.com/cdn/resources  
2023/12/20 07:25:09 api.go:57: [Token ERROR] >> GET Token Start
2023/12/20 07:25:09 loadconf.go:68: [POST] NEW TOKEN >> {"username":"dlek55@naver.com","password":"number1Cloud!2#","one_time_password":""} 
2023/12/20 07:25:11 api.go:38: [GET] Request >> https://api.gcore.com/cdn/resources  
2023/12/20 07:25:12 billing_model.go:204: 341411. abc011.ktcdnteam.link 2023-12-18 14:10:15 active 
2023/12/20 07:25:12 billing_model.go:204: 341776. service02.ktcdnteam.link 2023-12-18 15:13:32 active 
2023/12/20 07:25:12 billing_model.go:204: 341777. service03.ktcdnteam.link 2023-12-18 15:15:01 suspended 
2023/12/20 07:25:12 billing_model.go:204: 342774. service07.ktcdnteam.link 2023-12-19 02:50:20 suspended 
2023/12/20 07:25:12 billing_model.go:204: 343782. service06.ktcdnteam.link 2023-12-19 10:05:47 active 
2023/12/20 07:25:17 route.go:57: name
2023/12/20 07:25:17 api.go:38: [GET] Request >> https://api.gcore.com/cdn/origin_groups  
2023/12/20 07:31:34 route.go:57: name
2023/12/20 07:31:34 api.go:38: [GET] Request >> https://api.gcore.com/cdn/origin_groups  
2023/12/20 07:32:50 route.go:57: all
2023/12/20 07:32:50 api.go:38: [GET] Request >> https://api.gcore.com/cdn/origin_groups  
2023/12/20 07:32:52 api.go:38: [GET] Request >> https://api.gcore.com/cdn/resources?fields=status,description&originGroup=412358  
2023/12/20 07:32:53 api.go:38: [GET] Request >> https://api.gcore.com/cdn/resources?fields=status,description&originGroup=447133  
2023/12/20 07:32:54 api.go:38: [GET] Request >> https://api.gcore.com/cdn/resources?fields=status,description&originGroup=447363  
2023/12/20 07:32:55 api.go:38: [GET] Request >> https://api.gcore.com/cdn/resources?fields=status,description&originGroup=449662  
2023/12/20 07:33:32 route.go:57: all
2023/12/20 07:33:32 api.go:38: [GET] Request >> https://api.gcore.com/cdn/origin_groups  
2023/12/20 07:33:33 api.go:38: [GET] Request >> https://api.gcore.com/cdn/resources?fields=status,description&originGroup=412358  
2023/12/20 07:33:34 api.go:38: [GET] Request >> https://api.gcore.com/cdn/resources?fields=status,description&originGroup=447133  
2023/12/20 07:33:35 api.go:38: [GET] Request >> https://api.gcore.com/cdn/resources?fields=status,description&originGroup=447363  
2023/12/20 07:33:37 api.go:38: [GET] Request >> https://api.gcore.com/cdn/resources?fields=status,description&originGroup=449662  
2023/12/20 07:33:46 route.go:57: all
2023/12/20 07:33:46 api.go:38: [GET] Request >> https://api.gcore.com/cdn/origin_groups  
2023/12/20 07:33:48 api.go:38: [GET] Request >> https://api.gcore.com/cdn/resources?fields=status,description&originGroup=412358  
2023/12/20 07:33:49 api.go:38: [GET] Request >> https://api.gcore.com/cdn/resources?fields=status,description&originGroup=447133  
2023/12/20 07:33:49 api.go:38: [GET] Request >> https://api.gcore.com/cdn/resources?fields=status,description&originGroup=447363  
2023/12/20 07:33:50 api.go:38: [GET] Request >> https://api.gcore.com/cdn/resources?fields=status,description&originGroup=449662  
2023/12/20 07:34:05 api.go:38: [GET] Request >> https://api.gcore.com/cdn/resources  
2023/12/20 07:34:06 billing_model.go:204: 341411. abc011.ktcdnteam.link 2023-12-18 14:10:15 active 
2023/12/20 07:34:06 billing_model.go:204: 341776. service02.ktcdnteam.link 2023-12-18 15:13:32 active 
2023/12/20 07:34:06 billing_model.go:204: 341777. service03.ktcdnteam.link 2023-12-18 15:15:01 suspended 
2023/12/20 07:34:06 billing_model.go:204: 342774. service07.ktcdnteam.link 2023-12-19 02:50:20 suspended 
2023/12/20 07:34:06 billing_model.go:204: 343782. service06.ktcdnteam.link 2023-12-19 10:05:47 active 
2023/12/20 07:41:03 route.go:57: all
2023/12/20 07:41:03 api.go:38: [GET] Request >> https://api.gcore.com/cdn/origin_groups  
2023/12/20 07:41:05 api.go:38: [GET] Request >> https://api.gcore.com/cdn/resources?fields=status,description&originGroup=412358  
2023/12/20 07:41:06 api.go:38: [GET] Request >> https://api.gcore.com/cdn/resources?fields=status,description&originGroup=447133  
2023/12/20 07:41:07 api.go:38: [GET] Request >> https://api.gcore.com/cdn/resources?fields=status,description&originGroup=447363  
2023/12/20 07:41:08 api.go:38: [GET] Request >> https://api.gcore.com/cdn/resources?fields=status,description&originGroup=449662  
