2023/12/29 03:12:17 main.go:30: Start api-server..
2023/12/29 03:12:45 main.go:29: Start api-server..
2023/12/29 03:12:45 server.go:9: Start api-server..
2023/12/29 03:12:56 route.go:60: all
2023/12/29 03:12:56 route.go:60: all
2023/12/29 03:12:56 route.go:60: all
2023/12/29 03:12:56 route.go:60: all
2023/12/29 03:12:56 route.go:60: all
2023/12/29 03:13:25 route.go:60: all
2023/12/29 03:13:25 route.go:60: all
2023/12/29 03:13:25 route.go:60: all
2023/12/29 03:13:25 route.go:60: all
2023/12/29 03:13:25 route.go:60: all
2023/12/29 03:13:25 route.go:60: all
2023/12/29 03:13:25 route.go:60: all
2023/12/29 03:13:25 route.go:60: all
2023/12/29 03:13:25 route.go:60: all
2023/12/29 03:13:25 route.go:60: all
2023/12/29 03:13:25 route.go:60: all
2023/12/29 03:13:25 route.go:60: all
2023/12/29 03:13:25 route.go:60: all
2023/12/29 03:13:25 route.go:60: all
2023/12/29 03:13:25 route.go:60: all
2023/12/29 03:13:25 route.go:60: all
2023/12/29 03:13:25 route.go:60: all
2023/12/29 03:13:25 route.go:60: all
2023/12/29 03:13:25 route.go:60: all
2023/12/29 03:14:05 main.go:29: Start api-server..
2023/12/29 03:14:05 server.go:9: Start api-server..
2023/12/29 03:14:10 api.go:38: [GET] Request >> https://api.gcore.com/cdn/origin_groups  
2023/12/29 03:24:55 main.go:29: Start api-server..
2023/12/29 03:24:55 server.go:9: Start api-server..
2023/12/29 03:24:58 api.go:38: [GET] Request >> https://api.gcore.com/cdn/origin_groups  
2023/12/29 03:25:13 api.go:38: [GET] Request >> https://api.gcore.com/cdn/resources  
2023/12/29 03:25:18 api.go:68: GET https://api.gcore.com/cdn/resources >>> [ERROR : 504]%!s(<nil>) - <html>
<head><title>504 Gateway Time-out</title></head>
<body>
<center><h1>504 Gateway Time-out</h1></center>
<hr><center>nginx</center>
</body>
</html>
 
2023/12/29 03:25:18 billing_model.go:191: invalid character '<' looking for beginning of value
2023/12/29 03:25:18 route.go:53: invalid character '<' looking for beginning of value
2023/12/29 03:26:22 api.go:38: [GET] Request >> https://api.gcore.com/cdn/resources  
2023/12/29 03:26:23 billing_model.go:204: 341411. abc011.ktcdnteam.link 2023-12-18 14:10:15 active 
2023/12/29 03:26:23 billing_model.go:204: 341777. service03.ktcdnteam.link 2023-12-18 15:15:01 suspended 
2023/12/29 03:26:23 billing_model.go:204: 342774. service07.ktcdnteam.link 2023-12-19 02:50:20 suspended 
2023/12/29 03:26:23 billing_model.go:204: 343782. service06.ktcdnteam.link 2023-12-19 10:05:47 active 
2023/12/29 03:26:23 billing_model.go:204: 346828. cloud.kt.com 2023-12-20 16:46:50 active 
2023/12/29 03:26:23 billing_model.go:204: 361343. service01.ktcdnteam.link 2023-12-26 14:05:05 active 
2023/12/29 03:26:23 billing_model.go:204: 361345. server02.ktcdnteam.link 2023-12-26 14:11:40 active 
2023/12/29 03:29:19 api.go:38: [GET] Request >> https://api.gcore.com/cdn/origin_groups  
2023/12/29 03:36:08 main.go:29: Start api-server..
2023/12/29 03:36:08 server.go:9: Start api-server..
2023/12/29 03:36:10 api.go:38: [GET] Request >> https://api.gcore.com/cdn/origin_groups  
2023/12/29 03:36:26 api.go:38: [GET] Request >> https://api.gcore.com/cdn/origin_groups  
2023/12/29 03:44:42 main.go:29: Start api-server..
2023/12/29 03:44:42 server.go:9: Start api-server..
2023/12/29 03:44:45 api.go:38: [GET] Request >> https://api.gcore.com/cdn/origin_groups  
2023/12/29 03:45:38 api.go:38: [GET] Request >> https://api.gcore.com/cdn/origin_groups  
2023/12/29 03:54:56 main.go:29: Start api-server..
2023/12/29 03:54:56 server.go:9: Start api-server..
2023/12/29 03:55:05 api.go:38: [GET] Request >> https://api.gcore.com/cdn/origin_groups  
2023/12/29 04:21:34 main.go:29: Start api-server..
2023/12/29 04:21:34 server.go:9: Start api-server..
2023/12/29 04:21:37 api.go:38: [GET] Request >> https://api.gcore.com/cdn/origin_groups  
2023/12/29 04:22:07 api.go:38: [GET] Request >> https://api.gcore.com/cdn/origin_groups  
2023/12/29 04:22:52 api.go:38: [GET] Request >> https://api.gcore.com/cdn/origin_groups  
2023/12/29 04:23:58 main.go:29: Start api-server..
2023/12/29 04:23:58 server.go:9: Start api-server..
2023/12/29 04:24:18 api.go:38: [GET] Request >> https://api.gcore.com/cdn/origin_groups  
2023/12/29 04:25:23 api.go:38: [GET] Request >> https://api.gcore.com/cdn/origin_groups  
2023/12/29 04:26:51 main.go:29: Start api-server..
2023/12/29 04:26:51 server.go:9: Start api-server..
2023/12/29 04:26:53 api.go:38: [GET] Request >> https://api.gcore.com/cdn/origin_groups  
2023/12/29 04:28:27 main.go:29: Start api-server..
2023/12/29 04:28:27 server.go:9: Start api-server..
2023/12/29 04:28:29 api.go:38: [GET] Request >> https://api.gcore.com/cdn/origin_groups  
2023/12/29 04:28:48 api.go:38: [GET] Request >> https://api.gcore.com/cdn/origin_groups  
2023/12/29 04:28:54 api.go:38: [DELETE] Request >> https://api.gcore.com/cdn/origin_groups/450315  
2023/12/29 04:28:56 api.go:38: [GET] Request >> https://api.gcore.com/cdn/resources  
2023/12/29 04:28:57 billing_model.go:204: 341411. abc011.ktcdnteam.link 2023-12-18 14:10:15 active 
2023/12/29 04:28:57 billing_model.go:204: 341777. service03.ktcdnteam.link 2023-12-18 15:15:01 suspended 
2023/12/29 04:28:57 billing_model.go:204: 342774. service07.ktcdnteam.link 2023-12-19 02:50:20 suspended 
2023/12/29 04:28:57 billing_model.go:204: 343782. service06.ktcdnteam.link 2023-12-19 10:05:47 active 
2023/12/29 04:28:57 billing_model.go:204: 346828. cloud.kt.com 2023-12-20 16:46:50 active 
2023/12/29 04:28:57 billing_model.go:204: 361343. service01.ktcdnteam.link 2023-12-26 14:05:05 active 
2023/12/29 04:28:57 billing_model.go:204: 361345. server02.ktcdnteam.link 2023-12-26 14:11:40 active 
2023/12/29 04:29:48 api.go:38: [GET] Request >> https://api.gcore.com/cdn/origin_groups  
2023/12/29 04:29:54 api.go:38: [GET] Request >> https://api.gcore.com/cdn/origin_groups  
2023/12/29 04:30:03 api.go:38: [DELETE] Request >> https://api.gcore.com/cdn/origin_groups/339273  
2023/12/29 04:30:04 api.go:38: [GET] Request >> https://api.gcore.com/cdn/origin_groups  
2023/12/29 04:30:12 api.go:38: [DELETE] Request >> https://api.gcore.com/cdn/origin_groups/339274  
2023/12/29 04:30:13 api.go:38: [GET] Request >> https://api.gcore.com/cdn/origin_groups  
2023/12/29 04:30:26 api.go:38: [DELETE] Request >> https://api.gcore.com/cdn/origin_groups/450316  
2023/12/29 04:30:27 api.go:38: [GET] Request >> https://api.gcore.com/cdn/origin_groups  
2023/12/29 04:30:37 api.go:38: [GET] Request >> https://api.gcore.com/cdn/origin_groups  
2023/12/29 04:30:51 api.go:38: [DELETE] Request >> https://api.gcore.com/cdn/origin_groups/412358  
2023/12/29 04:30:53 api.go:68: DELETE https://api.gcore.com/cdn/origin_groups/412358 >>> [ERROR : 400]%!s(<nil>) - {"errors":{"name":"There are resources using such group"}} 
2023/12/29 04:30:53 billing_model.go:320: json: cannot unmarshal string into Go struct field ErrorResponse.errors of type []string
2023/12/29 04:30:53 route.go:70: json: cannot unmarshal string into Go struct field ErrorResponse.errors of type []string
2023/12/29 04:40:39 main.go:29: Start api-server..
2023/12/29 04:40:39 server.go:9: Start api-server..
2023/12/29 04:40:45 api.go:41: [DELETE] Request >> https://api.gcore.com/cdn/origin_groups/412358  
2023/12/29 04:40:46 api.go:71: DELETE https://api.gcore.com/cdn/origin_groups/412358 >>> [ERROR : 400] {"errors":{"name":"There are resources using such group"}} 
2023/12/29 04:40:46 api.go:94: map[name:There are resources using such group]
2023/12/29 04:40:46 billing_model.go:320: Unknown error
2023/12/29 04:40:46 route.go:70: Unknown error
2023/12/29 04:42:12 main.go:29: Start api-server..
2023/12/29 04:42:12 server.go:9: Start api-server..
2023/12/29 04:42:13 api.go:41: [DELETE] Request >> https://api.gcore.com/cdn/origin_groups/412358  
2023/12/29 04:42:15 api.go:71: DELETE https://api.gcore.com/cdn/origin_groups/412358 >>> [ERROR : 400] {"errors":{"name":"There are resources using such group"}} 
2023/12/29 04:42:15 api.go:78: Parsing fail
2023/12/29 04:42:15 api.go:81: map[name:[]]
2023/12/29 04:42:15 billing_model.go:320: Parsing fail
2023/12/29 04:42:15 route.go:70: Parsing fail
2023/12/29 04:44:29 main.go:29: Start api-server..
2023/12/29 04:44:29 server.go:9: Start api-server..
2023/12/29 04:44:35 api.go:41: [GET] Request >> https://api.gcore.com/cdn/origin_groups  
2023/12/29 04:44:39 api.go:41: [DELETE] Request >> https://api.gcore.com/cdn/origin_groups/412358  
2023/12/29 04:44:40 api.go:71: DELETE https://api.gcore.com/cdn/origin_groups/412358 >>> [ERROR : 400] {"errors":{"name":"There are resources using such group"}} 
2023/12/29 04:44:40 api.go:78: Parsing fail
2023/12/29 04:44:40 api.go:81: map[name:[]]
2023/12/29 04:44:40 billing_model.go:320: Parsing fail
2023/12/29 04:44:40 route.go:70: Parsing fail
2023/12/29 04:45:22 main.go:29: Start api-server..
2023/12/29 04:45:22 server.go:9: Start api-server..
2023/12/29 04:45:24 api.go:41: [DELETE] Request >> https://api.gcore.com/cdn/origin_groups/412358  
2023/12/29 04:45:25 api.go:71: DELETE https://api.gcore.com/cdn/origin_groups/412358 >>> [ERROR : 400] {"errors":{"name":"There are resources using such group"}} 
2023/12/29 04:45:25 api.go:78: Parsing fail
2023/12/29 04:45:25 api.go:81: map[name:[]]
2023/12/29 04:45:25 billing_model.go:320: Parsing fail
2023/12/29 04:45:25 route.go:70: Parsing fail
2023/12/29 04:46:16 main.go:29: Start api-server..
2023/12/29 04:46:16 server.go:9: Start api-server..
2023/12/29 04:46:20 api.go:41: [DELETE] Request >> https://api.gcore.com/cdn/origin_groups/412358  
2023/12/29 04:46:21 api.go:71: DELETE https://api.gcore.com/cdn/origin_groups/412358 >>> [ERROR : 400] {"errors":{"name":"There are resources using such group"}} 
2023/12/29 04:46:21 api.go:81: map[name:There are resources using such group]
2023/12/29 04:46:21 billing_model.go:320: Unknown error
2023/12/29 04:46:21 route.go:70: Unknown error
2023/12/29 04:48:18 main.go:29: Start api-server..
2023/12/29 04:48:18 server.go:9: Start api-server..
2023/12/29 04:48:23 api.go:41: [DELETE] Request >> https://api.gcore.com/cdn/origin_groups/412358  
2023/12/29 04:48:24 api.go:71: DELETE https://api.gcore.com/cdn/origin_groups/412358 >>> [ERROR : 400] {"errors":{"name":"There are resources using such group"}} 
2023/12/29 04:48:24 api.go:81: map[name:There are resources using such group]
2023/12/29 04:48:24 api.go:87: [ERROR : name] There are resources using such group 
2023/12/29 04:48:24 billing_model.go:320: There are resources using such group
2023/12/29 04:48:24 route.go:70: There are resources using such group
2023/12/29 04:50:02 main.go:29: Start api-server..
2023/12/29 04:50:02 server.go:9: Start api-server..
2023/12/29 04:50:05 api.go:41: [GET] Request >> https://api.gcore.com/cdn/origin_groups  
2023/12/29 04:50:08 api.go:41: [DELETE] Request >> https://api.gcore.com/cdn/origin_groups/412338  
2023/12/29 04:50:10 api.go:41: [GET] Request >> https://api.gcore.com/cdn/origin_groups  
2023/12/29 04:50:26 api.go:41: [DELETE] Request >> https://api.gcore.com/cdn/origin_groups/414651  
2023/12/29 04:50:26 api.go:41: [GET] Request >> https://api.gcore.com/cdn/origin_groups  
2023/12/29 04:50:35 api.go:41: [DELETE] Request >> https://api.gcore.com/cdn/origin_groups/452768  
2023/12/29 04:50:36 api.go:71: DELETE https://api.gcore.com/cdn/origin_groups/452768 >>> [ERROR : 400] {"errors":{"name":"There are resources using such group"}} 
2023/12/29 04:50:36 api.go:81: map[name:There are resources using such group]
2023/12/29 04:50:36 api.go:87: [ERROR : name] There are resources using such group 
2023/12/29 04:50:36 billing_model.go:320: There are resources using such group
2023/12/29 04:50:36 route.go:70: There are resources using such group
2023/12/29 04:51:08 main.go:29: Start api-server..
2023/12/29 04:51:08 server.go:9: Start api-server..
2023/12/29 04:51:12 api.go:41: [GET] Request >> https://api.gcore.com/cdn/origin_groups  
2023/12/29 04:51:19 api.go:41: [DELETE] Request >> https://api.gcore.com/cdn/origin_groups/452768  
2023/12/29 04:51:20 api.go:71: DELETE https://api.gcore.com/cdn/origin_groups/452768 >>> [ERROR : 400] {"errors":{"name":"There are resources using such group"}} 
2023/12/29 04:51:20 api.go:81: map[name:There are resources using such group]
2023/12/29 04:51:20 api.go:87: [ERROR : name] There are resources using such group 
2023/12/29 04:51:20 billing_model.go:320: There are resources using such group
2023/12/29 04:51:20 route.go:70: There are resources using such group
2023/12/29 04:52:31 api.go:41: [GET] Request >> https://api.gcore.com/cdn/origin_groups  
2023/12/29 04:52:35 api.go:41: [DELETE] Request >> https://api.gcore.com/cdn/origin_groups/452768  
2023/12/29 04:52:36 api.go:71: DELETE https://api.gcore.com/cdn/origin_groups/452768 >>> [ERROR : 400] {"errors":{"name":"There are resources using such group"}} 
2023/12/29 04:52:36 api.go:81: map[name:There are resources using such group]
2023/12/29 04:52:36 api.go:87: [ERROR : name] There are resources using such group 
2023/12/29 04:52:36 billing_model.go:320: There are resources using such group
2023/12/29 04:52:36 route.go:70: There are resources using such group
2023/12/29 04:52:43 api.go:41: [DELETE] Request >> https://api.gcore.com/cdn/origin_groups/411993  
2023/12/29 04:52:44 api.go:41: [GET] Request >> https://api.gcore.com/cdn/origin_groups  
2023/12/29 04:52:49 api.go:41: [DELETE] Request >> https://api.gcore.com/cdn/origin_groups/411992  
2023/12/29 04:52:50 api.go:41: [GET] Request >> https://api.gcore.com/cdn/origin_groups  
2023/12/29 04:52:53 api.go:41: [DELETE] Request >> https://api.gcore.com/cdn/origin_groups/447122  
2023/12/29 04:52:54 api.go:41: [GET] Request >> https://api.gcore.com/cdn/origin_groups  
2023/12/29 04:53:00 api.go:41: [DELETE] Request >> https://api.gcore.com/cdn/origin_groups/449662  
2023/12/29 04:53:01 api.go:71: DELETE https://api.gcore.com/cdn/origin_groups/449662 >>> [ERROR : 400] {"errors":{"name":"There are resources using such group"}} 
2023/12/29 04:53:01 api.go:81: map[name:There are resources using such group]
2023/12/29 04:53:01 api.go:87: [ERROR : name] There are resources using such group 
2023/12/29 04:53:01 billing_model.go:320: There are resources using such group
2023/12/29 04:53:01 route.go:70: There are resources using such group
2023/12/29 04:53:05 api.go:41: [DELETE] Request >> https://api.gcore.com/cdn/origin_groups/447363  
2023/12/29 04:53:06 api.go:71: DELETE https://api.gcore.com/cdn/origin_groups/447363 >>> [ERROR : 400] {"errors":{"name":"There are resources using such group"}} 
2023/12/29 04:53:06 api.go:81: map[name:There are resources using such group]
2023/12/29 04:53:06 api.go:87: [ERROR : name] There are resources using such group 
2023/12/29 04:53:06 billing_model.go:320: There are resources using such group
2023/12/29 04:53:06 route.go:70: There are resources using such group
2023/12/29 04:53:31 api.go:41: [GET] Request >> https://api.gcore.com/cdn/resources  
2023/12/29 04:53:32 billing_model.go:204: 341411. abc011.ktcdnteam.link 2023-12-18 14:10:15 active 
2023/12/29 04:53:32 billing_model.go:204: 341777. service03.ktcdnteam.link 2023-12-18 15:15:01 suspended 
2023/12/29 04:53:32 billing_model.go:204: 342774. service07.ktcdnteam.link 2023-12-19 02:50:20 suspended 
2023/12/29 04:53:32 billing_model.go:204: 343782. service06.ktcdnteam.link 2023-12-19 10:05:47 active 
2023/12/29 04:53:32 billing_model.go:204: 346828. cloud.kt.com 2023-12-20 16:46:50 active 
2023/12/29 04:53:32 billing_model.go:204: 361343. service01.ktcdnteam.link 2023-12-26 14:05:05 active 
2023/12/29 04:53:32 billing_model.go:204: 361345. server02.ktcdnteam.link 2023-12-26 14:11:40 active 
2023/12/29 04:53:59 main.go:29: Start api-server..
2023/12/29 04:53:59 server.go:9: Start api-server..
2023/12/29 04:54:19 main.go:29: Start api-server..
2023/12/29 04:54:19 server.go:9: Start api-server..
2023/12/29 04:54:28 api.go:41: [GET] Request >> https://api.gcore.com/cdn/origin_groups  
2023/12/29 04:54:56 api.go:41: [GET] Request >> https://api.gcore.com/cdn/origin_groups  
2023/12/29 04:56:29 main.go:29: Start api-server..
2023/12/29 04:56:29 server.go:9: Start api-server..
2023/12/29 04:56:30 api.go:41: [GET] Request >> https://api.gcore.com/cdn/origin_groups  
2023/12/29 04:56:31 billing_model.go:224: &{412358 3.3.3.3 [{3.3.3.3 false true default} {1.1.1.1 true true default} {2.2.2.2 false true default}] true true none  []}
2023/12/29 04:56:31 billing_model.go:224: &{452768 1.1.1.1 [{1.1.1.1 false true default}] true true none  []}
2023/12/29 04:56:31 billing_model.go:224: &{447126 Origins for abc04.ktcdnteam.link [{1.1.1.1:443 false false default} {2.2.2.2:444 true true default} {3.3.3.3:80 false true default}] false true none  []}
2023/12/29 04:56:31 billing_model.go:224: &{447133 1.1.1.1:80 [{1.1.1.1:80 false true default} {210.15.20.14:443 false true default}] true true none  []}
2023/12/29 04:56:31 billing_model.go:224: &{467684 210.104.79.216:80 [{210.104.79.216:80 false true default}] true true none  []}
2023/12/29 04:56:31 billing_model.go:224: &{467686 Origins for server02.ktcdnteam.link [{210.104.79.216:80 false true default}] true true none  []}
2023/12/29 04:56:31 billing_model.go:224: &{447363 1.1.1.1:84 [{1.1.1.1:84 false true default} {2.2.2.2:443 false true default}] true true none  []}
2023/12/29 04:56:31 billing_model.go:224: &{449662 210.10.10.10 [{210.10.10.10 false true default} {1.1.1.1 false true default}] true true none  []}
2023/12/29 04:56:49 main.go:29: Start api-server..
2023/12/29 04:56:49 server.go:9: Start api-server..
2023/12/29 04:56:53 api.go:41: [GET] Request >> https://api.gcore.com/cdn/origin_groups  
2023/12/29 04:56:55 billing_model.go:243: &{412358 3.3.3.3 [{3.3.3.3 false true default} {1.1.1.1 true true default} {2.2.2.2 false true default}] true true none  []}
2023/12/29 04:56:55 billing_model.go:243: &{452768 1.1.1.1 [{1.1.1.1 false true default}] true true none  []}
2023/12/29 04:56:55 billing_model.go:243: &{447126 Origins for abc04.ktcdnteam.link [{1.1.1.1:443 false false default} {2.2.2.2:444 true true default} {3.3.3.3:80 false true default}] false true none  []}
2023/12/29 04:56:55 billing_model.go:243: &{447133 1.1.1.1:80 [{1.1.1.1:80 false true default} {210.15.20.14:443 false true default}] true true none  []}
2023/12/29 04:56:55 billing_model.go:243: &{467684 210.104.79.216:80 [{210.104.79.216:80 false true default}] true true none  []}
2023/12/29 04:56:55 billing_model.go:243: &{467686 Origins for server02.ktcdnteam.link [{210.104.79.216:80 false true default}] true true none  []}
2023/12/29 04:56:55 billing_model.go:243: &{447363 1.1.1.1:84 [{1.1.1.1:84 false true default} {2.2.2.2:443 false true default}] true true none  []}
2023/12/29 04:56:55 billing_model.go:243: &{449662 210.10.10.10 [{210.10.10.10 false true default} {1.1.1.1 false true default}] true true none  []}
2023/12/29 04:57:24 main.go:29: Start api-server..
2023/12/29 04:57:24 server.go:9: Start api-server..
2023/12/29 05:05:53 main.go:29: Start api-server..
2023/12/29 05:05:53 server.go:9: Start api-server..
2023/12/29 05:05:58 api.go:41: [GET] Request >> https://api.gcore.com/cdn/origin_groups  
2023/12/29 05:06:00 billing_model.go:243: []
2023/12/29 05:06:00 billing_model.go:243: []
2023/12/29 05:06:00 billing_model.go:243: []
2023/12/29 05:06:00 billing_model.go:243: []
2023/12/29 05:06:00 billing_model.go:243: []
2023/12/29 05:06:00 billing_model.go:243: []
2023/12/29 05:06:00 billing_model.go:243: []
2023/12/29 05:06:00 billing_model.go:243: []
2023/12/29 05:08:13 api.go:41: [DELETE] Request >> https://api.gcore.com/cdn/origin_groups/452768  
2023/12/29 05:08:14 api.go:71: DELETE https://api.gcore.com/cdn/origin_groups/452768 >>> [ERROR : 400] {"errors":{"name":"There are resources using such group"}} 
2023/12/29 05:08:14 api.go:81: map[name:There are resources using such group]
2023/12/29 05:08:14 api.go:87: [ERROR : name] There are resources using such group 
2023/12/29 05:08:14 billing_model.go:323: There are resources using such group
2023/12/29 05:08:14 route.go:70: There are resources using such group
2023/12/29 05:14:06 api.go:41: [DELETE] Request >> https://api.gcore.com/cdn/origin_groups/452768  
2023/12/29 05:14:08 api.go:71: DELETE https://api.gcore.com/cdn/origin_groups/452768 >>> [ERROR : 400] {"errors":{"name":"There are resources using such group"}} 
2023/12/29 05:14:08 api.go:81: map[name:There are resources using such group]
2023/12/29 05:14:08 api.go:87: [ERROR : name] There are resources using such group 
2023/12/29 05:14:08 billing_model.go:323: There are resources using such group
2023/12/29 05:14:08 route.go:70: There are resources using such group
2023/12/29 05:14:48 api.go:41: [DELETE] Request >> https://api.gcore.com/cdn/origin_groups/447126  
2023/12/29 05:14:49 api.go:41: [GET] Request >> https://api.gcore.com/cdn/origin_groups  
2023/12/29 05:14:51 billing_model.go:243: []
2023/12/29 05:14:51 billing_model.go:243: []
2023/12/29 05:14:51 billing_model.go:243: []
2023/12/29 05:14:51 billing_model.go:243: []
2023/12/29 05:14:51 billing_model.go:243: []
2023/12/29 05:14:51 billing_model.go:243: []
2023/12/29 05:14:51 billing_model.go:243: []
2023/12/29 05:15:11 api.go:41: [DELETE] Request >> https://api.gcore.com/cdn/origin_groups/447133  
2023/12/29 05:15:12 api.go:71: DELETE https://api.gcore.com/cdn/origin_groups/447133 >>> [ERROR : 400] {"errors":{"name":"There are resources using such group"}} 
2023/12/29 05:15:12 api.go:81: map[name:There are resources using such group]
2023/12/29 05:15:12 api.go:87: [ERROR : name] There are resources using such group 
2023/12/29 05:15:12 billing_model.go:323: There are resources using such group
2023/12/29 05:15:12 route.go:70: There are resources using such group
2023/12/29 05:15:20 api.go:41: [GET] Request >> https://api.gcore.com/cdn/origin_groups  
2023/12/29 05:15:21 billing_model.go:243: []
2023/12/29 05:15:21 billing_model.go:243: []
2023/12/29 05:15:21 billing_model.go:243: []
2023/12/29 05:15:21 billing_model.go:243: []
2023/12/29 05:15:21 billing_model.go:243: []
2023/12/29 05:15:21 billing_model.go:243: []
2023/12/29 05:15:21 billing_model.go:243: []
2023/12/29 05:15:25 api.go:41: [DELETE] Request >> https://api.gcore.com/cdn/origin_groups/452768  
2023/12/29 05:15:26 api.go:71: DELETE https://api.gcore.com/cdn/origin_groups/452768 >>> [ERROR : 400] {"errors":{"name":"There are resources using such group"}} 
2023/12/29 05:15:26 api.go:81: map[name:There are resources using such group]
2023/12/29 05:15:26 api.go:87: [ERROR : name] There are resources using such group 
2023/12/29 05:15:26 billing_model.go:323: There are resources using such group
2023/12/29 05:15:26 route.go:70: There are resources using such group
2023/12/29 05:15:27 api.go:41: [GET] Request >> https://api.gcore.com/cdn/origin_groups  
2023/12/29 05:15:28 billing_model.go:243: []
2023/12/29 05:15:28 billing_model.go:243: []
2023/12/29 05:15:28 billing_model.go:243: []
2023/12/29 05:15:28 billing_model.go:243: []
2023/12/29 05:15:28 billing_model.go:243: []
2023/12/29 05:15:28 billing_model.go:243: []
2023/12/29 05:15:28 billing_model.go:243: []
2023/12/29 05:15:30 api.go:41: [DELETE] Request >> https://api.gcore.com/cdn/origin_groups/447133  
2023/12/29 05:15:31 api.go:71: DELETE https://api.gcore.com/cdn/origin_groups/447133 >>> [ERROR : 400] {"errors":{"name":"There are resources using such group"}} 
2023/12/29 05:15:31 api.go:81: map[name:There are resources using such group]
2023/12/29 05:15:31 api.go:87: [ERROR : name] There are resources using such group 
2023/12/29 05:15:31 billing_model.go:323: There are resources using such group
2023/12/29 05:15:31 route.go:70: There are resources using such group
2023/12/29 05:15:31 api.go:41: [GET] Request >> https://api.gcore.com/cdn/origin_groups  
2023/12/29 05:15:32 billing_model.go:243: []
2023/12/29 05:15:32 billing_model.go:243: []
2023/12/29 05:15:32 billing_model.go:243: []
2023/12/29 05:15:32 billing_model.go:243: []
2023/12/29 05:15:32 billing_model.go:243: []
2023/12/29 05:15:32 billing_model.go:243: []
2023/12/29 05:15:32 billing_model.go:243: []
2023/12/29 05:15:35 api.go:41: [DELETE] Request >> https://api.gcore.com/cdn/origin_groups/467684  
2023/12/29 05:15:36 api.go:71: DELETE https://api.gcore.com/cdn/origin_groups/467684 >>> [ERROR : 400] {"errors":{"name":"There are resources using such group"}} 
2023/12/29 05:15:36 api.go:81: map[name:There are resources using such group]
2023/12/29 05:15:36 api.go:87: [ERROR : name] There are resources using such group 
2023/12/29 05:15:36 billing_model.go:323: There are resources using such group
2023/12/29 05:15:36 route.go:70: There are resources using such group
2023/12/29 05:15:36 api.go:41: [GET] Request >> https://api.gcore.com/cdn/origin_groups  
2023/12/29 05:15:37 billing_model.go:243: []
2023/12/29 05:15:37 billing_model.go:243: []
2023/12/29 05:15:37 billing_model.go:243: []
2023/12/29 05:15:37 billing_model.go:243: []
2023/12/29 05:15:37 billing_model.go:243: []
2023/12/29 05:15:37 billing_model.go:243: []
2023/12/29 05:15:37 billing_model.go:243: []
2023/12/29 05:16:10 api.go:41: [GET] Request >> https://api.gcore.com/cdn/origin_groups  
2023/12/29 05:16:11 billing_model.go:243: []
2023/12/29 05:16:11 billing_model.go:243: []
2023/12/29 05:16:11 billing_model.go:243: []
2023/12/29 05:16:11 billing_model.go:243: []
2023/12/29 05:16:11 billing_model.go:243: []
2023/12/29 05:16:11 billing_model.go:243: []
2023/12/29 05:16:11 billing_model.go:243: []
2023/12/29 05:23:03 api.go:41: [GET] Request >> https://api.gcore.com/cdn/origin_groups  
2023/12/29 05:23:05 billing_model.go:243: []
2023/12/29 05:23:05 billing_model.go:243: []
2023/12/29 05:23:05 billing_model.go:243: []
2023/12/29 05:23:05 billing_model.go:243: []
2023/12/29 05:23:05 billing_model.go:243: []
2023/12/29 05:23:05 billing_model.go:243: []
2023/12/29 05:23:05 billing_model.go:243: []
2023/12/29 05:23:33 api.go:41: [GET] Request >> https://api.gcore.com/cdn/origin_groups  
2023/12/29 05:23:35 billing_model.go:243: []
2023/12/29 05:23:35 billing_model.go:243: []
2023/12/29 05:23:35 billing_model.go:243: []
2023/12/29 05:23:35 billing_model.go:243: []
2023/12/29 05:23:35 billing_model.go:243: []
2023/12/29 05:23:35 billing_model.go:243: []
2023/12/29 05:23:35 billing_model.go:243: []
2023/12/29 05:24:48 main.go:29: Start api-server..
2023/12/29 05:24:48 server.go:9: Start api-server..
2023/12/29 05:25:23 main.go:29: Start api-server..
2023/12/29 05:25:23 server.go:9: Start api-server..
2023/12/29 05:25:24 api.go:41: [GET] Request >> https://api.gcore.com/cdn/origin_groups  
2023/12/29 05:25:25 billing_model.go:226: []
2023/12/29 05:25:25 api.go:41: [GET] Request >> https://api.gcore.com/cdn/resources?fields=status,description&originGroup=412358  
2023/12/29 05:25:26 billing_model.go:226: []
2023/12/29 05:25:26 api.go:41: [GET] Request >> https://api.gcore.com/cdn/resources?fields=status,description&originGroup=452768  
2023/12/29 05:25:27 billing_model.go:226: []
2023/12/29 05:25:27 api.go:41: [GET] Request >> https://api.gcore.com/cdn/resources?fields=status,description&originGroup=447133  
2023/12/29 05:25:28 billing_model.go:226: []
2023/12/29 05:25:28 api.go:41: [GET] Request >> https://api.gcore.com/cdn/resources?fields=status,description&originGroup=467684  
2023/12/29 05:25:29 billing_model.go:226: []
2023/12/29 05:25:29 api.go:41: [GET] Request >> https://api.gcore.com/cdn/resources?fields=status,description&originGroup=467686  
2023/12/29 05:25:30 billing_model.go:226: []
2023/12/29 05:25:30 api.go:41: [GET] Request >> https://api.gcore.com/cdn/resources?fields=status,description&originGroup=447363  
2023/12/29 05:25:31 billing_model.go:226: []
2023/12/29 05:25:31 api.go:41: [GET] Request >> https://api.gcore.com/cdn/resources?fields=status,description&originGroup=449662  
2023/12/31 19:01:23 api.go:41: [GET] Request >> https://api.gcore.com/cdn/resources  
2023/12/31 19:01:25 api.go:60: [Token ERROR] >> GET Token Start
2023/12/31 19:01:25 loadconf.go:68: [POST] NEW TOKEN >> {"username":"dlek55@naver.com","password":"number1Cloud!2#","one_time_password":""} 
2023/12/31 19:01:27 api.go:41: [GET] Request >> https://api.gcore.com/cdn/resources  
2023/12/31 19:01:28 billing_model.go:204: 341411. abc011.ktcdnteam.link 2023-12-18 14:10:15 active 
2023/12/31 19:01:28 billing_model.go:204: 341777. service03.ktcdnteam.link 2023-12-18 15:15:01 suspended 
2023/12/31 19:01:28 billing_model.go:204: 342774. service07.ktcdnteam.link 2023-12-19 02:50:20 suspended 
2023/12/31 19:01:28 billing_model.go:204: 343782. service06.ktcdnteam.link 2023-12-19 10:05:47 active 
2023/12/31 19:01:28 billing_model.go:204: 346828. cloud.kt.com 2023-12-20 16:46:50 active 
2023/12/31 19:01:28 billing_model.go:204: 361343. service01.ktcdnteam.link 2023-12-26 14:05:05 active 
2023/12/31 19:01:28 billing_model.go:204: 361345. server02.ktcdnteam.link 2023-12-26 14:11:40 active 
2024/01/02 03:46:23 api.go:41: [GET] Request >> https://api.gcore.com/cdn/origin_groups  
2024/01/02 03:46:24 api.go:60: [Token ERROR] >> GET Token Start
2024/01/02 03:46:24 loadconf.go:68: [POST] NEW TOKEN >> {"username":"dlek55@naver.com","password":"number1Cloud!2#","one_time_password":""} 
2024/01/02 03:46:26 api.go:41: [GET] Request >> https://api.gcore.com/cdn/origin_groups  
2024/01/02 03:46:28 billing_model.go:226: []
2024/01/02 03:46:28 api.go:41: [GET] Request >> https://api.gcore.com/cdn/resources?fields=status,description&originGroup=412358  
2024/01/02 03:46:29 billing_model.go:226: []
2024/01/02 03:46:29 api.go:41: [GET] Request >> https://api.gcore.com/cdn/resources?fields=status,description&originGroup=452768  
2024/01/02 03:46:30 billing_model.go:226: []
2024/01/02 03:46:30 api.go:41: [GET] Request >> https://api.gcore.com/cdn/resources?fields=status,description&originGroup=447133  
2024/01/02 03:46:31 billing_model.go:226: []
2024/01/02 03:46:31 api.go:41: [GET] Request >> https://api.gcore.com/cdn/resources?fields=status,description&originGroup=467684  
2024/01/02 03:46:32 billing_model.go:226: []
2024/01/02 03:46:32 api.go:41: [GET] Request >> https://api.gcore.com/cdn/resources?fields=status,description&originGroup=467686  
2024/01/02 03:46:33 billing_model.go:226: []
2024/01/02 03:46:33 api.go:41: [GET] Request >> https://api.gcore.com/cdn/resources?fields=status,description&originGroup=447363  
2024/01/02 03:46:34 billing_model.go:226: []
2024/01/02 03:46:34 api.go:41: [GET] Request >> https://api.gcore.com/cdn/resources?fields=status,description&originGroup=449662  
2024/01/02 03:46:54 api.go:41: [DELETE] Request >> https://api.gcore.com/cdn/origin_groups/412358  
2024/01/02 03:46:55 api.go:71: DELETE https://api.gcore.com/cdn/origin_groups/412358 >>> [ERROR : 400] {"errors":{"name":"There are resources using such group"}} 
2024/01/02 03:46:55 api.go:81: map[name:There are resources using such group]
2024/01/02 03:46:55 api.go:87: [ERROR : name] There are resources using such group 
2024/01/02 03:46:55 billing_model.go:322: There are resources using such group
2024/01/02 03:46:55 route.go:70: There are resources using such group
2024/01/02 03:46:59 api.go:41: [DELETE] Request >> https://api.gcore.com/cdn/origin_groups/452768  
2024/01/02 03:47:00 api.go:71: DELETE https://api.gcore.com/cdn/origin_groups/452768 >>> [ERROR : 400] {"errors":{"name":"There are resources using such group"}} 
2024/01/02 03:47:00 api.go:81: map[name:There are resources using such group]
2024/01/02 03:47:00 api.go:87: [ERROR : name] There are resources using such group 
2024/01/02 03:47:00 billing_model.go:322: There are resources using such group
2024/01/02 03:47:00 route.go:70: There are resources using such group
2024/01/02 03:47:05 api.go:41: [DELETE] Request >> https://api.gcore.com/cdn/origin_groups/447133  
2024/01/02 03:47:07 api.go:71: DELETE https://api.gcore.com/cdn/origin_groups/447133 >>> [ERROR : 400] {"errors":{"name":"There are resources using such group"}} 
2024/01/02 03:47:07 api.go:81: map[name:There are resources using such group]
2024/01/02 03:47:07 api.go:87: [ERROR : name] There are resources using such group 
2024/01/02 03:47:07 billing_model.go:322: There are resources using such group
2024/01/02 03:47:07 route.go:70: There are resources using such group
