2023/12/26 04:39:04 main.go:29: Start api-server..
2023/12/26 04:39:04 server.go:9: Start api-server..
2023/12/26 05:03:20 main.go:29: Start api-server..
2023/12/26 05:03:20 server.go:9: Start api-server..
2023/12/26 05:21:46 main.go:29: Start api-server..
2023/12/26 05:21:46 server.go:9: Start api-server..
2023/12/26 07:06:33 main.go:29: Start api-server..
2023/12/26 07:06:33 server.go:9: Start api-server..
2023/12/26 07:06:36 api.go:38: [GET] Request >> https://api.gcore.com/cdn/resources  
2023/12/26 07:06:37 billing_model.go:204: 341411. abc011.ktcdnteam.link 2023-12-18 14:10:15 active 
2023/12/26 07:06:37 billing_model.go:204: 341776. service02.ktcdnteam.link 2023-12-18 15:13:32 active 
2023/12/26 07:06:37 billing_model.go:204: 341777. service03.ktcdnteam.link 2023-12-18 15:15:01 suspended 
2023/12/26 07:06:37 billing_model.go:204: 342774. service07.ktcdnteam.link 2023-12-19 02:50:20 suspended 
2023/12/26 07:06:37 billing_model.go:204: 343782. service06.ktcdnteam.link 2023-12-19 10:05:47 active 
2023/12/26 07:06:37 billing_model.go:204: 346828. cloud.kt.com 2023-12-20 16:46:50 active 
2023/12/26 07:06:44 route.go:60: name
2023/12/26 07:06:44 api.go:38: [GET] Request >> https://api.gcore.com/cdn/origin_groups  
2023/12/26 08:02:45 api.go:38: [GET] Request >> https://api.gcore.com/cdn/resources  
2023/12/26 08:02:47 billing_model.go:204: 341411. abc011.ktcdnteam.link 2023-12-18 14:10:15 active 
2023/12/26 08:02:47 billing_model.go:204: 341776. service02.ktcdnteam.link 2023-12-18 15:13:32 active 
2023/12/26 08:02:47 billing_model.go:204: 341777. service03.ktcdnteam.link 2023-12-18 15:15:01 suspended 
2023/12/26 08:02:47 billing_model.go:204: 342774. service07.ktcdnteam.link 2023-12-19 02:50:20 suspended 
2023/12/26 08:02:47 billing_model.go:204: 343782. service06.ktcdnteam.link 2023-12-19 10:05:47 active 
2023/12/26 08:02:47 billing_model.go:204: 346828. cloud.kt.com 2023-12-20 16:46:50 active 
2023/12/26 08:04:12 route.go:60: name
2023/12/26 08:04:12 api.go:38: [GET] Request >> https://api.gcore.com/cdn/origin_groups  
2023/12/26 08:04:20 route.go:60: name
2023/12/26 08:04:20 api.go:38: [GET] Request >> https://api.gcore.com/cdn/origin_groups  
2023/12/26 08:04:25 route.go:60: name
2023/12/26 08:04:25 api.go:38: [GET] Request >> https://api.gcore.com/cdn/origin_groups  
2023/12/26 08:05:03 billing_model.go:258: 210.104.79.216:80
2023/12/26 08:05:03 api.go:38: [POST] Request >> https://api.gcore.com/cdn/origin_groups {"id":0,"auth_type":"none","useNext":false,"sources":[{"source":"210.104.79.216:80","backup":false,"enabled":true}],"name":"210.104.79.216:80"} 
2023/12/26 08:05:04 route.go:74: &{service01 service01.ktcdnteam.link 467684 210.104.79.216:80}
2023/12/26 08:05:04 api.go:38: [POST] Request >> https://api.gcore.com/cdn/resources {"sslEnabled":false,"sslData":null,"active":true,"originGroup":467684,"originProtocol":"HTTP","cname":"service01.ktcdnteam.link","description":"service01","origin":"","secondaryHostnames":[],"options":{"edge_cache_settings":{"enabled":true,"default":"4d"},"cache_expire":null,"stale":{"enabled":true,"value":["error","updating"]},"allowedHttpMethods":null,"cache_http_headers":null,"hostHeader":{"enabled":true,"value":"210.104.79.216:80"},"forward_host_header":null,"limit_bandwidth":null,"bot_protection":null}} 
2023/12/26 08:05:05 billing_model.go:334: {"id":361343,"options":{"custom_server_name":null,"slice":null,"gzipOn":null,"brotli_compression":null,"ignoreQueryString":null,"hostHeader":{"enabled":true,"value":"210.104.79.216:80"},"staticHeaders":null,"static_response_headers":null,"staticRequestHeaders":null,"allowedHttpMethods":null,"stale":{"enabled":true,"value":["error","updating"]},"cors":null,"proxy_cache_methods_set":null,"rewrite":null,"force_return":null,"secure_key":null,"cache_expire":null,"disable_cache":null,"ignore_cookie":null,"cache_http_headers":null,"response_headers_hiding_policy":null,"override_browser_ttl":null,"fetch_compressed":null,"disable_proxy_force_ranges":null,"redirect_http_to_https":null,"redirect_https_to_http":null,"sni":{"enabled":true,"sni_type":"dynamic","custom_hostname":""},"limit_bandwidth":null,"request_limiter":null,"bot_protection":null,"waf":null,"country_acl":null,"referrer_acl":null,"user_agent_acl":null,"ip_address_acl":null,"query_params_blacklist":null,"query_params_whitelist":null,"browser_cache_settings":null,"edge_cache_settings":{"enabled":true,"default":"4d"},"forward_host_header":null,"websockets":null,"use_default_le_chain":null,"use_rsa_le_cert":null,"use_dns01_le_challenge":null,"tls_versions":{"enabled":false,"value":["SSLv3","TLSv1","TLSv1.1","TLSv1.2","TLSv1.3"]},"follow_origin_redirect":null,"http3_enabled":null,"image_stack":null},"deleted":false,"secondaryHostnames":[],"rules":[],"client":250053,"status":"processed","active":true,"enabled":true,"preset_applied":false,"vp_enabled":false,"originGroup_name":"210.104.79.216:80","shielded":false,"shield_dc":null,"shield_enabled":false,"full_custom_enabled":false,"can_purge_by_urls":false,"name":null,"created":"2023-12-26T05:05:05.505401Z","updated":"2023-12-26T05:05:05.505416Z","originProtocol":"HTTP","cname":"service01.ktcdnteam.link","sslEnabled":false,"ssl_automated":false,"proxy_ssl_enabled":false,"suspend_date":null,"suspended":false,"is_primary":null,"description":"service01","originGroup":467684,"sslData":null,"proxy_ssl_ca":null,"proxy_ssl_data":null,"shield_routing_map":null,"primary_resource":null}
2023/12/26 08:05:10 api.go:38: [GET] Request >> https://api.gcore.com/cdn/resources  
2023/12/26 08:05:12 billing_model.go:204: 341411. abc011.ktcdnteam.link 2023-12-18 14:10:15 active 
2023/12/26 08:05:12 billing_model.go:204: 341776. service02.ktcdnteam.link 2023-12-18 15:13:32 active 
2023/12/26 08:05:12 billing_model.go:204: 341777. service03.ktcdnteam.link 2023-12-18 15:15:01 suspended 
2023/12/26 08:05:12 billing_model.go:204: 342774. service07.ktcdnteam.link 2023-12-19 02:50:20 suspended 
2023/12/26 08:05:12 billing_model.go:204: 343782. service06.ktcdnteam.link 2023-12-19 10:05:47 active 
2023/12/26 08:05:12 billing_model.go:204: 346828. cloud.kt.com 2023-12-20 16:46:50 active 
2023/12/26 08:05:12 billing_model.go:204: 361343. service01.ktcdnteam.link 2023-12-26 14:05:05 processed 
2023/12/26 08:10:23 api.go:38: [GET] Request >> https://api.gcore.com/cdn/resources/341776  
2023/12/26 08:10:24 api.go:57: [Token ERROR] >> GET Token Start
2023/12/26 08:10:24 loadconf.go:68: [POST] NEW TOKEN >> {"username":"dlek55@naver.com","password":"number1Cloud!2#","one_time_password":""} 
2023/12/26 08:10:26 api.go:38: [GET] Request >> https://api.gcore.com/cdn/resources/341776  
2023/12/26 08:10:27 api.go:38: [PUT] Request >> https://api.gcore.com/cdn/resources/341776 {"id":341776,"options":{"custom_server_name":null,"slice":null,"gzipOn":null,"brotli_compression":null,"ignoreQueryString":null,"hostHeader":{"enabled":true,"value":"1.1.1.1:84"},"stale":{"enabled":true,"value":["error","updating"]},"sni":{"enabled":true,"sni_type":"dynamic","custom_hostname":""},"edge_cache_settings":{"enabled":true,"default":"4d"},"tls_versions":{"enabled":false,"value":["TLSv1.3","TLSv1.2","TLSv1.1","SSLv3","TLSv1"]}},"deleted":false,"secondaryHostnames":[],"client":250053,"status":"active","active":false,"enabled":true,"preset_applied":false,"vp_enabled":false,"originGroup_name":"1.1.1.1:84","shielded":false,"shield_dc":null,"shield_enabled":false,"full_custom_enabled":false,"can_purge_by_urls":false,"created":"2023-12-18T06:13:32.708442Z","created_str":"","updated":"2023-12-19T00:44:55.960429Z","originProtocol":"HTTP","cname":"service02.ktcdnteam.link","sslEnabled":false,"ssl_automated":false,"proxy_ssl_enabled":false,"suspended":false,"description":"service02","originGroup":447363} 
2023/12/26 08:10:33 api.go:38: [GET] Request >> https://api.gcore.com/cdn/resources  
2023/12/26 08:10:35 billing_model.go:204: 341411. abc011.ktcdnteam.link 2023-12-18 14:10:15 active 
2023/12/26 08:10:35 billing_model.go:204: 341776. service02.ktcdnteam.link 2023-12-18 15:13:32 suspended 
2023/12/26 08:10:35 billing_model.go:204: 341777. service03.ktcdnteam.link 2023-12-18 15:15:01 suspended 
2023/12/26 08:10:35 billing_model.go:204: 342774. service07.ktcdnteam.link 2023-12-19 02:50:20 suspended 
2023/12/26 08:10:35 billing_model.go:204: 343782. service06.ktcdnteam.link 2023-12-19 10:05:47 active 
2023/12/26 08:10:35 billing_model.go:204: 346828. cloud.kt.com 2023-12-20 16:46:50 active 
2023/12/26 08:10:35 billing_model.go:204: 361343. service01.ktcdnteam.link 2023-12-26 14:05:05 processed 
2023/12/26 08:10:37 api.go:38: [DELETE] Request >> https://api.gcore.com/cdn/resources/341776  
2023/12/26 08:10:39 api.go:38: [GET] Request >> https://api.gcore.com/cdn/resources  
2023/12/26 08:10:39 billing_model.go:204: 341411. abc011.ktcdnteam.link 2023-12-18 14:10:15 active 
2023/12/26 08:10:39 billing_model.go:204: 341777. service03.ktcdnteam.link 2023-12-18 15:15:01 suspended 
2023/12/26 08:10:39 billing_model.go:204: 342774. service07.ktcdnteam.link 2023-12-19 02:50:20 suspended 
2023/12/26 08:10:39 billing_model.go:204: 343782. service06.ktcdnteam.link 2023-12-19 10:05:47 active 
2023/12/26 08:10:39 billing_model.go:204: 346828. cloud.kt.com 2023-12-20 16:46:50 active 
2023/12/26 08:10:39 billing_model.go:204: 361343. service01.ktcdnteam.link 2023-12-26 14:05:05 processed 
2023/12/26 08:11:02 api.go:38: [GET] Request >> https://api.gcore.com/cdn/resources  
2023/12/26 08:11:03 billing_model.go:204: 341411. abc011.ktcdnteam.link 2023-12-18 14:10:15 active 
2023/12/26 08:11:03 billing_model.go:204: 341777. service03.ktcdnteam.link 2023-12-18 15:15:01 suspended 
2023/12/26 08:11:03 billing_model.go:204: 342774. service07.ktcdnteam.link 2023-12-19 02:50:20 suspended 
2023/12/26 08:11:03 billing_model.go:204: 343782. service06.ktcdnteam.link 2023-12-19 10:05:47 active 
2023/12/26 08:11:03 billing_model.go:204: 346828. cloud.kt.com 2023-12-20 16:46:50 active 
2023/12/26 08:11:03 billing_model.go:204: 361343. service01.ktcdnteam.link 2023-12-26 14:05:05 processed 
2023/12/26 08:33:42 api.go:38: [GET] Request >> https://api.gcore.com/cdn/resources  
2023/12/26 08:33:43 billing_model.go:204: 341411. abc011.ktcdnteam.link 2023-12-18 14:10:15 active 
2023/12/26 08:33:43 billing_model.go:204: 341777. service03.ktcdnteam.link 2023-12-18 15:15:01 suspended 
2023/12/26 08:33:43 billing_model.go:204: 342774. service07.ktcdnteam.link 2023-12-19 02:50:20 suspended 
2023/12/26 08:33:43 billing_model.go:204: 343782. service06.ktcdnteam.link 2023-12-19 10:05:47 active 
2023/12/26 08:33:43 billing_model.go:204: 346828. cloud.kt.com 2023-12-20 16:46:50 active 
2023/12/26 08:33:43 billing_model.go:204: 361343. service01.ktcdnteam.link 2023-12-26 14:05:05 active 
2023/12/26 08:33:43 billing_model.go:204: 361345. server02.ktcdnteam.link 2023-12-26 14:11:40 active 
2023/12/26 08:39:16 api.go:38: [GET] Request >> https://api.gcore.com/cdn/resources  
2023/12/26 08:39:18 billing_model.go:204: 341411. abc011.ktcdnteam.link 2023-12-18 14:10:15 active 
2023/12/26 08:39:18 billing_model.go:204: 341777. service03.ktcdnteam.link 2023-12-18 15:15:01 suspended 
2023/12/26 08:39:18 billing_model.go:204: 342774. service07.ktcdnteam.link 2023-12-19 02:50:20 suspended 
2023/12/26 08:39:18 billing_model.go:204: 343782. service06.ktcdnteam.link 2023-12-19 10:05:47 active 
2023/12/26 08:39:18 billing_model.go:204: 346828. cloud.kt.com 2023-12-20 16:46:50 active 
2023/12/26 08:39:18 billing_model.go:204: 361343. service01.ktcdnteam.link 2023-12-26 14:05:05 active 
2023/12/26 08:39:18 billing_model.go:204: 361345. server02.ktcdnteam.link 2023-12-26 14:11:40 active 
2023/12/26 08:39:25 api.go:38: [GET] Request >> https://api.gcore.com/cdn/resources  
2023/12/26 08:39:27 billing_model.go:204: 341411. abc011.ktcdnteam.link 2023-12-18 14:10:15 active 
2023/12/26 08:39:27 billing_model.go:204: 341777. service03.ktcdnteam.link 2023-12-18 15:15:01 suspended 
2023/12/26 08:39:27 billing_model.go:204: 342774. service07.ktcdnteam.link 2023-12-19 02:50:20 suspended 
2023/12/26 08:39:27 billing_model.go:204: 343782. service06.ktcdnteam.link 2023-12-19 10:05:47 active 
2023/12/26 08:39:27 billing_model.go:204: 346828. cloud.kt.com 2023-12-20 16:46:50 active 
2023/12/26 08:39:27 billing_model.go:204: 361343. service01.ktcdnteam.link 2023-12-26 14:05:05 active 
2023/12/26 08:39:27 billing_model.go:204: 361345. server02.ktcdnteam.link 2023-12-26 14:11:40 active 
2023/12/26 08:43:47 api.go:38: [GET] Request >> https://api.gcore.com/cdn/resources  
2023/12/26 08:43:49 billing_model.go:204: 341411. abc011.ktcdnteam.link 2023-12-18 14:10:15 active 
2023/12/26 08:43:49 billing_model.go:204: 341777. service03.ktcdnteam.link 2023-12-18 15:15:01 suspended 
2023/12/26 08:43:49 billing_model.go:204: 342774. service07.ktcdnteam.link 2023-12-19 02:50:20 suspended 
2023/12/26 08:43:49 billing_model.go:204: 343782. service06.ktcdnteam.link 2023-12-19 10:05:47 active 
2023/12/26 08:43:49 billing_model.go:204: 346828. cloud.kt.com 2023-12-20 16:46:50 active 
2023/12/26 08:43:49 billing_model.go:204: 361343. service01.ktcdnteam.link 2023-12-26 14:05:05 active 
2023/12/26 08:43:49 billing_model.go:204: 361345. server02.ktcdnteam.link 2023-12-26 14:11:40 active 
2023/12/26 08:44:25 api.go:38: [GET] Request >> https://api.gcore.com/cdn/resources  
2023/12/26 08:44:29 billing_model.go:204: 341411. abc011.ktcdnteam.link 2023-12-18 14:10:15 active 
2023/12/26 08:44:29 billing_model.go:204: 341777. service03.ktcdnteam.link 2023-12-18 15:15:01 suspended 
2023/12/26 08:44:29 billing_model.go:204: 342774. service07.ktcdnteam.link 2023-12-19 02:50:20 suspended 
2023/12/26 08:44:29 billing_model.go:204: 343782. service06.ktcdnteam.link 2023-12-19 10:05:47 active 
2023/12/26 08:44:29 billing_model.go:204: 346828. cloud.kt.com 2023-12-20 16:46:50 active 
2023/12/26 08:44:29 billing_model.go:204: 361343. service01.ktcdnteam.link 2023-12-26 14:05:05 active 
2023/12/26 08:44:29 billing_model.go:204: 361345. server02.ktcdnteam.link 2023-12-26 14:11:40 active 
2023/12/26 08:56:14 api.go:38: [GET] Request >> https://api.gcore.com/cdn/resources  
2023/12/26 08:56:15 billing_model.go:204: 341411. abc011.ktcdnteam.link 2023-12-18 14:10:15 active 
2023/12/26 08:56:15 billing_model.go:204: 341777. service03.ktcdnteam.link 2023-12-18 15:15:01 suspended 
2023/12/26 08:56:15 billing_model.go:204: 342774. service07.ktcdnteam.link 2023-12-19 02:50:20 suspended 
2023/12/26 08:56:15 billing_model.go:204: 343782. service06.ktcdnteam.link 2023-12-19 10:05:47 active 
2023/12/26 08:56:15 billing_model.go:204: 346828. cloud.kt.com 2023-12-20 16:46:50 active 
2023/12/26 08:56:15 billing_model.go:204: 361343. service01.ktcdnteam.link 2023-12-26 14:05:05 active 
2023/12/26 08:56:15 billing_model.go:204: 361345. server02.ktcdnteam.link 2023-12-26 14:11:40 active 
2023/12/26 08:57:37 main.go:29: Start api-server..
2023/12/26 08:57:37 server.go:9: Start api-server..
2023/12/26 08:57:58 api.go:38: [GET] Request >> https://api.gcore.com/cdn/resources  
2023/12/26 08:57:59 billing_model.go:204: 341411. abc011.ktcdnteam.link 2023-12-18 14:10:15 active 
2023/12/26 08:57:59 billing_model.go:204: 341777. service03.ktcdnteam.link 2023-12-18 15:15:01 suspended 
2023/12/26 08:57:59 billing_model.go:204: 342774. service07.ktcdnteam.link 2023-12-19 02:50:20 suspended 
2023/12/26 08:57:59 billing_model.go:204: 343782. service06.ktcdnteam.link 2023-12-19 10:05:47 active 
2023/12/26 08:57:59 billing_model.go:204: 346828. cloud.kt.com 2023-12-20 16:46:50 active 
2023/12/26 08:57:59 billing_model.go:204: 361343. service01.ktcdnteam.link 2023-12-26 14:05:05 active 
2023/12/26 08:57:59 billing_model.go:204: 361345. server02.ktcdnteam.link 2023-12-26 14:11:40 active 
2023/12/26 08:59:56 main.go:29: Start api-server..
2023/12/26 08:59:56 server.go:9: Start api-server..
2023/12/26 09:00:00 route.go:60: all
2023/12/26 09:00:00 api.go:38: [GET] Request >> https://api.gcore.com/cdn/origin_groups  
2023/12/26 09:00:02 api.go:38: [GET] Request >> https://api.gcore.com/cdn/resources?fields=status,description&originGroup=412358  
2023/12/26 09:00:03 api.go:38: [GET] Request >> https://api.gcore.com/cdn/resources?fields=status,description&originGroup=452768  
2023/12/26 09:00:04 api.go:38: [GET] Request >> https://api.gcore.com/cdn/resources?fields=status,description&originGroup=447133  
2023/12/26 09:00:05 api.go:38: [GET] Request >> https://api.gcore.com/cdn/resources?fields=status,description&originGroup=467684  
2023/12/26 09:00:06 api.go:38: [GET] Request >> https://api.gcore.com/cdn/resources?fields=status,description&originGroup=467686  
2023/12/26 09:00:07 api.go:38: [GET] Request >> https://api.gcore.com/cdn/resources?fields=status,description&originGroup=447363  
2023/12/26 09:00:09 api.go:38: [GET] Request >> https://api.gcore.com/cdn/resources?fields=status,description&originGroup=449662  
2023/12/26 09:00:41 main.go:29: Start api-server..
2023/12/26 09:00:41 server.go:9: Start api-server..
2023/12/26 09:11:27 main.go:29: Start api-server..
2023/12/26 09:11:27 server.go:9: Start api-server..
2023/12/26 09:11:39 main.go:29: Start api-server..
2023/12/26 09:11:39 server.go:9: Start api-server..
2023/12/26 09:12:06 main.go:29: Start api-server..
2023/12/26 09:12:06 server.go:9: Start api-server..
2023/12/26 09:21:56 api.go:38: [GET] Request >> https://api.gcore.com/cdn/resources  
2023/12/26 09:21:58 billing_model.go:204: 341411. abc011.ktcdnteam.link 2023-12-18 14:10:15 active 
2023/12/26 09:21:58 billing_model.go:204: 341777. service03.ktcdnteam.link 2023-12-18 15:15:01 suspended 
2023/12/26 09:21:58 billing_model.go:204: 342774. service07.ktcdnteam.link 2023-12-19 02:50:20 suspended 
2023/12/26 09:21:58 billing_model.go:204: 343782. service06.ktcdnteam.link 2023-12-19 10:05:47 active 
2023/12/26 09:21:58 billing_model.go:204: 346828. cloud.kt.com 2023-12-20 16:46:50 active 
2023/12/26 09:21:58 billing_model.go:204: 361343. service01.ktcdnteam.link 2023-12-26 14:05:05 active 
2023/12/26 09:21:58 billing_model.go:204: 361345. server02.ktcdnteam.link 2023-12-26 14:11:40 active 
2023/12/26 09:28:22 main.go:29: Start api-server..
2023/12/26 09:28:22 server.go:9: Start api-server..
2023/12/26 09:40:07 api.go:38: [GET] Request >> https://api.gcore.com/cdn/resources  
2023/12/26 09:40:08 billing_model.go:204: 341411. abc011.ktcdnteam.link 2023-12-18 14:10:15 active 
2023/12/26 09:40:08 billing_model.go:204: 341777. service03.ktcdnteam.link 2023-12-18 15:15:01 suspended 
2023/12/26 09:40:08 billing_model.go:204: 342774. service07.ktcdnteam.link 2023-12-19 02:50:20 suspended 
2023/12/26 09:40:08 billing_model.go:204: 343782. service06.ktcdnteam.link 2023-12-19 10:05:47 active 
2023/12/26 09:40:08 billing_model.go:204: 346828. cloud.kt.com 2023-12-20 16:46:50 active 
2023/12/26 09:40:08 billing_model.go:204: 361343. service01.ktcdnteam.link 2023-12-26 14:05:05 active 
2023/12/26 09:40:08 billing_model.go:204: 361345. server02.ktcdnteam.link 2023-12-26 14:11:40 active 
2023/12/26 09:41:47 main.go:29: Start api-server..
2023/12/26 09:41:47 server.go:9: Start api-server..
2023/12/26 09:41:49 api.go:38: [GET] Request >> https://api.gcore.com/cdn/resources  
2023/12/26 09:41:50 billing_model.go:204: 341411. abc011.ktcdnteam.link 2023-12-18 14:10:15 active 
2023/12/26 09:41:50 billing_model.go:204: 341777. service03.ktcdnteam.link 2023-12-18 15:15:01 suspended 
2023/12/26 09:41:50 billing_model.go:204: 342774. service07.ktcdnteam.link 2023-12-19 02:50:20 suspended 
2023/12/26 09:41:50 billing_model.go:204: 343782. service06.ktcdnteam.link 2023-12-19 10:05:47 active 
2023/12/26 09:41:50 billing_model.go:204: 346828. cloud.kt.com 2023-12-20 16:46:50 active 
2023/12/26 09:41:50 billing_model.go:204: 361343. service01.ktcdnteam.link 2023-12-26 14:05:05 active 
2023/12/26 09:41:50 billing_model.go:204: 361345. server02.ktcdnteam.link 2023-12-26 14:11:40 active 
2023/12/26 09:45:23 main.go:29: Start api-server..
2023/12/26 09:45:23 server.go:9: Start api-server..
2023/12/26 09:45:27 api.go:38: [GET] Request >> https://api.gcore.com/cdn/resources  
2023/12/26 09:45:28 billing_model.go:204: 341411. abc011.ktcdnteam.link 2023-12-18 14:10:15 active 
2023/12/26 09:45:28 billing_model.go:204: 341777. service03.ktcdnteam.link 2023-12-18 15:15:01 suspended 
2023/12/26 09:45:28 billing_model.go:204: 342774. service07.ktcdnteam.link 2023-12-19 02:50:20 suspended 
2023/12/26 09:45:28 billing_model.go:204: 343782. service06.ktcdnteam.link 2023-12-19 10:05:47 active 
2023/12/26 09:45:28 billing_model.go:204: 346828. cloud.kt.com 2023-12-20 16:46:50 active 
2023/12/26 09:45:28 billing_model.go:204: 361343. service01.ktcdnteam.link 2023-12-26 14:05:05 active 
2023/12/26 09:45:28 billing_model.go:204: 361345. server02.ktcdnteam.link 2023-12-26 14:11:40 active 
2023/12/26 09:53:50 api.go:38: [GET] Request >> https://api.gcore.com/cdn/resources  
2023/12/26 09:53:52 billing_model.go:204: 341411. abc011.ktcdnteam.link 2023-12-18 14:10:15 active 
2023/12/26 09:53:52 billing_model.go:204: 341777. service03.ktcdnteam.link 2023-12-18 15:15:01 suspended 
2023/12/26 09:53:52 billing_model.go:204: 342774. service07.ktcdnteam.link 2023-12-19 02:50:20 suspended 
2023/12/26 09:53:52 billing_model.go:204: 343782. service06.ktcdnteam.link 2023-12-19 10:05:47 active 
2023/12/26 09:53:52 billing_model.go:204: 346828. cloud.kt.com 2023-12-20 16:46:50 active 
2023/12/26 09:53:52 billing_model.go:204: 361343. service01.ktcdnteam.link 2023-12-26 14:05:05 active 
2023/12/26 09:53:52 billing_model.go:204: 361345. server02.ktcdnteam.link 2023-12-26 14:11:40 active 
2023/12/26 09:53:52 route.go:60: name
2023/12/26 09:53:52 api.go:38: [GET] Request >> https://api.gcore.com/cdn/origin_groups  
2023/12/26 09:54:57 api.go:38: [GET] Request >> https://api.gcore.com/cdn/resources  
2023/12/26 09:54:58 billing_model.go:204: 341411. abc011.ktcdnteam.link 2023-12-18 14:10:15 active 
2023/12/26 09:54:58 billing_model.go:204: 341777. service03.ktcdnteam.link 2023-12-18 15:15:01 suspended 
2023/12/26 09:54:58 billing_model.go:204: 342774. service07.ktcdnteam.link 2023-12-19 02:50:20 suspended 
2023/12/26 09:54:58 billing_model.go:204: 343782. service06.ktcdnteam.link 2023-12-19 10:05:47 active 
2023/12/26 09:54:58 billing_model.go:204: 346828. cloud.kt.com 2023-12-20 16:46:50 active 
2023/12/26 09:54:58 billing_model.go:204: 361343. service01.ktcdnteam.link 2023-12-26 14:05:05 active 
2023/12/26 09:54:58 billing_model.go:204: 361345. server02.ktcdnteam.link 2023-12-26 14:11:40 active 
2023/12/26 09:55:39 api.go:38: [GET] Request >> https://api.gcore.com/cdn/resources  
2023/12/26 09:55:40 billing_model.go:204: 341411. abc011.ktcdnteam.link 2023-12-18 14:10:15 active 
2023/12/26 09:55:40 billing_model.go:204: 341777. service03.ktcdnteam.link 2023-12-18 15:15:01 suspended 
2023/12/26 09:55:40 billing_model.go:204: 342774. service07.ktcdnteam.link 2023-12-19 02:50:20 suspended 
2023/12/26 09:55:40 billing_model.go:204: 343782. service06.ktcdnteam.link 2023-12-19 10:05:47 active 
2023/12/26 09:55:40 billing_model.go:204: 346828. cloud.kt.com 2023-12-20 16:46:50 active 
2023/12/26 09:55:40 billing_model.go:204: 361343. service01.ktcdnteam.link 2023-12-26 14:05:05 active 
2023/12/26 09:55:40 billing_model.go:204: 361345. server02.ktcdnteam.link 2023-12-26 14:11:40 active 
2023/12/26 09:55:55 api.go:38: [POST] Request >> https://api.gcore.com/cdn/resources//purge {"urls":null,"id":""} 
2023/12/26 09:55:56 api.go:68: POST https://api.gcore.com/cdn/resources//purge >>> [ERROR : 404]%!s(<nil>) - 
<!doctype html>
<html lang="en">
<head>
  <title>Not Found</title>
</head>
<body>
  <h1>Not Found</h1><p>The requested resource was not found on this server.</p>
</body>
</html>
 
2023/12/26 09:55:56 billing_model.go:365: invalid character '<' looking for beginning of value
2023/12/26 09:55:56 route.go:91: invalid character '<' looking for beginning of value
2023/12/26 09:57:39 api.go:38: [GET] Request >> https://api.gcore.com/cdn/resources  
2023/12/26 09:57:40 billing_model.go:204: 341411. abc011.ktcdnteam.link 2023-12-18 14:10:15 active 
2023/12/26 09:57:40 billing_model.go:204: 341777. service03.ktcdnteam.link 2023-12-18 15:15:01 suspended 
2023/12/26 09:57:40 billing_model.go:204: 342774. service07.ktcdnteam.link 2023-12-19 02:50:20 suspended 
2023/12/26 09:57:40 billing_model.go:204: 343782. service06.ktcdnteam.link 2023-12-19 10:05:47 active 
2023/12/26 09:57:40 billing_model.go:204: 346828. cloud.kt.com 2023-12-20 16:46:50 active 
2023/12/26 09:57:40 billing_model.go:204: 361343. service01.ktcdnteam.link 2023-12-26 14:05:05 active 
2023/12/26 09:57:40 billing_model.go:204: 361345. server02.ktcdnteam.link 2023-12-26 14:11:40 active 
2023/12/26 09:58:07 main.go:29: Start api-server..
2023/12/26 09:58:07 server.go:9: Start api-server..
2023/12/26 09:58:10 api.go:38: [GET] Request >> https://api.gcore.com/cdn/resources  
2023/12/26 09:58:11 billing_model.go:204: 341411. abc011.ktcdnteam.link 2023-12-18 14:10:15 active 
2023/12/26 09:58:11 billing_model.go:204: 341777. service03.ktcdnteam.link 2023-12-18 15:15:01 suspended 
2023/12/26 09:58:11 billing_model.go:204: 342774. service07.ktcdnteam.link 2023-12-19 02:50:20 suspended 
2023/12/26 09:58:11 billing_model.go:204: 343782. service06.ktcdnteam.link 2023-12-19 10:05:47 active 
2023/12/26 09:58:11 billing_model.go:204: 346828. cloud.kt.com 2023-12-20 16:46:50 active 
2023/12/26 09:58:11 billing_model.go:204: 361343. service01.ktcdnteam.link 2023-12-26 14:05:05 active 
2023/12/26 09:58:11 billing_model.go:204: 361345. server02.ktcdnteam.link 2023-12-26 14:11:40 active 
2023/12/26 09:59:08 route.go:89: &{[] }
2023/12/26 09:59:08 api.go:38: [POST] Request >> https://api.gcore.com/cdn/resources//purge {"urls":null,"id":""} 
2023/12/26 09:59:09 api.go:68: POST https://api.gcore.com/cdn/resources//purge >>> [ERROR : 404]%!s(<nil>) - 
<!doctype html>
<html lang="en">
<head>
  <title>Not Found</title>
</head>
<body>
  <h1>Not Found</h1><p>The requested resource was not found on this server.</p>
</body>
</html>
 
2023/12/26 09:59:09 billing_model.go:365: invalid character '<' looking for beginning of value
2023/12/26 09:59:09 route.go:92: invalid character '<' looking for beginning of value
2023/12/26 09:59:45 api.go:38: [GET] Request >> https://api.gcore.com/cdn/resources  
2023/12/26 09:59:46 billing_model.go:204: 341411. abc011.ktcdnteam.link 2023-12-18 14:10:15 active 
2023/12/26 09:59:46 billing_model.go:204: 341777. service03.ktcdnteam.link 2023-12-18 15:15:01 suspended 
2023/12/26 09:59:46 billing_model.go:204: 342774. service07.ktcdnteam.link 2023-12-19 02:50:20 suspended 
2023/12/26 09:59:46 billing_model.go:204: 343782. service06.ktcdnteam.link 2023-12-19 10:05:47 active 
2023/12/26 09:59:46 billing_model.go:204: 346828. cloud.kt.com 2023-12-20 16:46:50 active 
2023/12/26 09:59:46 billing_model.go:204: 361343. service01.ktcdnteam.link 2023-12-26 14:05:05 active 
2023/12/26 09:59:46 billing_model.go:204: 361345. server02.ktcdnteam.link 2023-12-26 14:11:40 active 
2023/12/26 10:01:09 api.go:38: [GET] Request >> https://api.gcore.com/cdn/resources  
2023/12/26 10:01:10 billing_model.go:204: 341411. abc011.ktcdnteam.link 2023-12-18 14:10:15 active 
2023/12/26 10:01:10 billing_model.go:204: 341777. service03.ktcdnteam.link 2023-12-18 15:15:01 suspended 
2023/12/26 10:01:10 billing_model.go:204: 342774. service07.ktcdnteam.link 2023-12-19 02:50:20 suspended 
2023/12/26 10:01:10 billing_model.go:204: 343782. service06.ktcdnteam.link 2023-12-19 10:05:47 active 
2023/12/26 10:01:10 billing_model.go:204: 346828. cloud.kt.com 2023-12-20 16:46:50 active 
2023/12/26 10:01:10 billing_model.go:204: 361343. service01.ktcdnteam.link 2023-12-26 14:05:05 active 
2023/12/26 10:01:10 billing_model.go:204: 361345. server02.ktcdnteam.link 2023-12-26 14:11:40 active 
2023/12/26 10:01:26 route.go:89: &{[] 361345}
2023/12/26 10:01:26 api.go:38: [POST] Request >> https://api.gcore.com/cdn/resources/361345/purge {"urls":null,"id":"361345"} 
2023/12/26 10:01:27 api.go:68: POST https://api.gcore.com/cdn/resources/361345/purge >>> [ERROR : 400]%!s(<nil>) - {"errors":{"urls":["This field may not be null."]}} 
2023/12/26 10:01:27 api.go:81: [ERROR : urls] [This field may not be null.] 
2023/12/26 10:01:27 billing_model.go:365: This field may not be null.
2023/12/26 10:01:27 route.go:92: This field may not be null.
2023/12/26 10:03:24 main.go:29: Start api-server..
2023/12/26 10:03:24 server.go:9: Start api-server..
2023/12/26 10:03:27 api.go:38: [GET] Request >> https://api.gcore.com/cdn/resources  
2023/12/26 10:03:28 billing_model.go:204: 341411. abc011.ktcdnteam.link 2023-12-18 14:10:15 active 
2023/12/26 10:03:28 billing_model.go:204: 341777. service03.ktcdnteam.link 2023-12-18 15:15:01 suspended 
2023/12/26 10:03:28 billing_model.go:204: 342774. service07.ktcdnteam.link 2023-12-19 02:50:20 suspended 
2023/12/26 10:03:28 billing_model.go:204: 343782. service06.ktcdnteam.link 2023-12-19 10:05:47 active 
2023/12/26 10:03:28 billing_model.go:204: 346828. cloud.kt.com 2023-12-20 16:46:50 active 
2023/12/26 10:03:28 billing_model.go:204: 361343. service01.ktcdnteam.link 2023-12-26 14:05:05 active 
2023/12/26 10:03:28 billing_model.go:204: 361345. server02.ktcdnteam.link 2023-12-26 14:11:40 active 
2023/12/26 10:03:39 route.go:89: &{[/cdn/list /cdn/origins] 361345}
2023/12/26 10:03:39 api.go:38: [POST] Request >> https://api.gcore.com/cdn/resources/361345/purge {"urls":["/cdn/list","/cdn/origins"],"id":"361345"} 
2023/12/26 10:03:45 api.go:38: [GET] Request >> https://api.gcore.com/cdn/resources  
2023/12/26 10:03:47 billing_model.go:204: 341411. abc011.ktcdnteam.link 2023-12-18 14:10:15 active 
2023/12/26 10:03:47 billing_model.go:204: 341777. service03.ktcdnteam.link 2023-12-18 15:15:01 suspended 
2023/12/26 10:03:47 billing_model.go:204: 342774. service07.ktcdnteam.link 2023-12-19 02:50:20 suspended 
2023/12/26 10:03:47 billing_model.go:204: 343782. service06.ktcdnteam.link 2023-12-19 10:05:47 active 
2023/12/26 10:03:47 billing_model.go:204: 346828. cloud.kt.com 2023-12-20 16:46:50 active 
2023/12/26 10:03:47 billing_model.go:204: 361343. service01.ktcdnteam.link 2023-12-26 14:05:05 active 
2023/12/26 10:03:47 billing_model.go:204: 361345. server02.ktcdnteam.link 2023-12-26 14:11:40 active 
2023/12/26 10:31:36 api.go:38: [GET] Request >> https://api.gcore.com/cdn/resources  
2023/12/26 10:31:37 billing_model.go:204: 341411. abc011.ktcdnteam.link 2023-12-18 14:10:15 active 
2023/12/26 10:31:37 billing_model.go:204: 341777. service03.ktcdnteam.link 2023-12-18 15:15:01 suspended 
2023/12/26 10:31:37 billing_model.go:204: 342774. service07.ktcdnteam.link 2023-12-19 02:50:20 suspended 
2023/12/26 10:31:37 billing_model.go:204: 343782. service06.ktcdnteam.link 2023-12-19 10:05:47 active 
2023/12/26 10:31:37 billing_model.go:204: 346828. cloud.kt.com 2023-12-20 16:46:50 active 
2023/12/26 10:31:37 billing_model.go:204: 361343. service01.ktcdnteam.link 2023-12-26 14:05:05 active 
2023/12/26 10:31:37 billing_model.go:204: 361345. server02.ktcdnteam.link 2023-12-26 14:11:40 active 
2023/12/26 10:34:28 route.go:60: all
2023/12/26 10:34:28 api.go:38: [GET] Request >> https://api.gcore.com/cdn/origin_groups  
2023/12/26 10:34:30 api.go:38: [GET] Request >> https://api.gcore.com/cdn/resources?fields=status,description&originGroup=412358  
2023/12/26 10:34:30 api.go:38: [GET] Request >> https://api.gcore.com/cdn/resources  
2023/12/26 10:34:31 api.go:38: [GET] Request >> https://api.gcore.com/cdn/resources?fields=status,description&originGroup=452768  
2023/12/26 10:34:31 billing_model.go:204: 341411. abc011.ktcdnteam.link 2023-12-18 14:10:15 active 
2023/12/26 10:34:31 billing_model.go:204: 341777. service03.ktcdnteam.link 2023-12-18 15:15:01 suspended 
2023/12/26 10:34:31 billing_model.go:204: 342774. service07.ktcdnteam.link 2023-12-19 02:50:20 suspended 
2023/12/26 10:34:31 billing_model.go:204: 343782. service06.ktcdnteam.link 2023-12-19 10:05:47 active 
2023/12/26 10:34:31 billing_model.go:204: 346828. cloud.kt.com 2023-12-20 16:46:50 active 
2023/12/26 10:34:31 billing_model.go:204: 361343. service01.ktcdnteam.link 2023-12-26 14:05:05 active 
2023/12/26 10:34:31 billing_model.go:204: 361345. server02.ktcdnteam.link 2023-12-26 14:11:40 active 
2023/12/26 10:34:32 api.go:38: [GET] Request >> https://api.gcore.com/cdn/resources?fields=status,description&originGroup=447133  
2023/12/26 10:34:33 api.go:38: [GET] Request >> https://api.gcore.com/cdn/resources?fields=status,description&originGroup=467684  
2023/12/26 10:34:34 api.go:38: [GET] Request >> https://api.gcore.com/cdn/resources?fields=status,description&originGroup=467686  
2023/12/26 10:34:35 api.go:38: [GET] Request >> https://api.gcore.com/cdn/resources?fields=status,description&originGroup=447363  
2023/12/26 10:34:36 api.go:38: [GET] Request >> https://api.gcore.com/cdn/resources?fields=status,description&originGroup=449662  
2023/12/26 10:41:01 route.go:60: name
2023/12/26 10:41:01 api.go:38: [GET] Request >> https://api.gcore.com/cdn/origin_groups  
2023/12/26 10:42:03 api.go:38: [GET] Request >> https://api.gcore.com/cdn/resources  
2023/12/26 10:42:04 billing_model.go:204: 341411. abc011.ktcdnteam.link 2023-12-18 14:10:15 active 
2023/12/26 10:42:04 billing_model.go:204: 341777. service03.ktcdnteam.link 2023-12-18 15:15:01 suspended 
2023/12/26 10:42:04 billing_model.go:204: 342774. service07.ktcdnteam.link 2023-12-19 02:50:20 suspended 
2023/12/26 10:42:04 billing_model.go:204: 343782. service06.ktcdnteam.link 2023-12-19 10:05:47 active 
2023/12/26 10:42:04 billing_model.go:204: 346828. cloud.kt.com 2023-12-20 16:46:50 active 
2023/12/26 10:42:04 billing_model.go:204: 361343. service01.ktcdnteam.link 2023-12-26 14:05:05 active 
2023/12/26 10:42:04 billing_model.go:204: 361345. server02.ktcdnteam.link 2023-12-26 14:11:40 active 
2023/12/26 10:45:15 main.go:29: Start api-server..
2023/12/26 10:45:15 server.go:9: Start api-server..
2023/12/26 10:45:19 api.go:38: [GET] Request >> https://api.gcore.com/cdn/resources  
2023/12/26 10:45:20 billing_model.go:204: 341411. abc011.ktcdnteam.link 2023-12-18 14:10:15 active 
2023/12/26 10:45:20 billing_model.go:204: 341777. service03.ktcdnteam.link 2023-12-18 15:15:01 suspended 
2023/12/26 10:45:20 billing_model.go:204: 342774. service07.ktcdnteam.link 2023-12-19 02:50:20 suspended 
2023/12/26 10:45:20 billing_model.go:204: 343782. service06.ktcdnteam.link 2023-12-19 10:05:47 active 
2023/12/26 10:45:20 billing_model.go:204: 346828. cloud.kt.com 2023-12-20 16:46:50 active 
2023/12/26 10:45:20 billing_model.go:204: 361343. service01.ktcdnteam.link 2023-12-26 14:05:05 active 
2023/12/26 10:45:20 billing_model.go:204: 361345. server02.ktcdnteam.link 2023-12-26 14:11:40 active 
2023/12/26 11:06:13 route.go:60: all
2023/12/26 11:06:13 api.go:38: [GET] Request >> https://api.gcore.com/cdn/origin_groups  
2023/12/26 11:06:15 api.go:38: [GET] Request >> https://api.gcore.com/cdn/resources?fields=status,description&originGroup=412358  
2023/12/26 11:06:16 api.go:38: [GET] Request >> https://api.gcore.com/cdn/resources?fields=status,description&originGroup=452768  
2023/12/26 11:06:16 api.go:38: [GET] Request >> https://api.gcore.com/cdn/resources?fields=status,description&originGroup=447133  
2023/12/26 11:06:17 api.go:38: [GET] Request >> https://api.gcore.com/cdn/resources?fields=status,description&originGroup=467684  
2023/12/26 11:06:18 api.go:38: [GET] Request >> https://api.gcore.com/cdn/resources?fields=status,description&originGroup=467686  
2023/12/26 11:06:19 api.go:38: [GET] Request >> https://api.gcore.com/cdn/resources?fields=status,description&originGroup=447363  
2023/12/26 11:06:20 api.go:38: [GET] Request >> https://api.gcore.com/cdn/resources?fields=status,description&originGroup=449662  
2023/12/26 11:08:11 api.go:38: [POST] Request >> https://api.gcore.com/cdn/resources {"sslEnabled":false,"sslData":null,"active":true,"originGroup":0,"originProtocol":"HTTP","cname":"","description":"haha","origin":"","secondaryHostnames":[],"options":{"edge_cache_settings":{"enabled":true,"default":"4d"},"cache_expire":null,"stale":{"enabled":true,"value":["error","updating"]},"allowedHttpMethods":null,"cache_http_headers":null,"hostHeader":{"enabled":true,"value":""},"forward_host_header":null,"limit_bandwidth":null,"bot_protection":null}} 
2023/12/26 11:08:12 api.go:68: POST https://api.gcore.com/cdn/resources >>> [ERROR : 400]%!s(<nil>) - {"errors":{"options":{"hostHeader":{"value":["This field may not be blank."]}},"originGroup":["Invalid pk \"0\" - object does not exist."]}} 
2023/12/26 11:08:12 billing_model.go:331: json: cannot unmarshal object into Go struct field ErrorResponse.errors of type []string
2023/12/26 11:08:12 route.go:77: json: cannot unmarshal object into Go struct field ErrorResponse.errors of type []string
2023/12/26 11:29:30 main.go:29: Start api-server..
2023/12/26 11:29:30 server.go:9: Start api-server..
2023/12/26 11:36:08 main.go:29: Start api-server..
2023/12/26 11:36:08 server.go:9: Start api-server..
2023/12/26 11:42:28 main.go:29: Start api-server..
2023/12/26 11:42:28 server.go:9: Start api-server..
2023/12/26 11:53:53 route.go:60: all
2023/12/26 11:53:53 api.go:38: [GET] Request >> https://api.gcore.com/cdn/origin_groups  
2023/12/26 11:53:56 api.go:38: [GET] Request >> https://api.gcore.com/cdn/resources?fields=status,description&originGroup=412358  
2023/12/26 11:53:57 api.go:38: [GET] Request >> https://api.gcore.com/cdn/resources?fields=status,description&originGroup=452768  
2023/12/26 11:53:58 api.go:38: [GET] Request >> https://api.gcore.com/cdn/resources?fields=status,description&originGroup=447133  
2023/12/26 11:53:59 api.go:38: [GET] Request >> https://api.gcore.com/cdn/resources?fields=status,description&originGroup=467684  
2023/12/26 11:54:00 api.go:38: [GET] Request >> https://api.gcore.com/cdn/resources?fields=status,description&originGroup=467686  
2023/12/26 11:54:01 api.go:38: [GET] Request >> https://api.gcore.com/cdn/resources?fields=status,description&originGroup=447363  
2023/12/26 11:54:01 api.go:38: [GET] Request >> https://api.gcore.com/cdn/resources?fields=status,description&originGroup=449662  
2023/12/26 11:54:38 route.go:60: all
2023/12/26 11:54:38 api.go:38: [GET] Request >> https://api.gcore.com/cdn/origin_groups  
2023/12/26 11:54:39 api.go:38: [GET] Request >> https://api.gcore.com/cdn/resources?fields=status,description&originGroup=412358  
2023/12/26 11:54:40 api.go:38: [GET] Request >> https://api.gcore.com/cdn/resources?fields=status,description&originGroup=452768  
2023/12/26 11:54:41 api.go:38: [GET] Request >> https://api.gcore.com/cdn/resources?fields=status,description&originGroup=447133  
2023/12/26 11:54:42 api.go:38: [GET] Request >> https://api.gcore.com/cdn/resources?fields=status,description&originGroup=467684  
2023/12/26 11:54:43 api.go:38: [GET] Request >> https://api.gcore.com/cdn/resources?fields=status,description&originGroup=467686  
2023/12/26 11:54:44 api.go:38: [GET] Request >> https://api.gcore.com/cdn/resources?fields=status,description&originGroup=447363  
2023/12/26 11:54:45 api.go:38: [GET] Request >> https://api.gcore.com/cdn/resources?fields=status,description&originGroup=449662  
2023/12/26 11:55:10 route.go:60: all
2023/12/26 11:55:10 api.go:38: [GET] Request >> https://api.gcore.com/cdn/origin_groups  
2023/12/26 11:55:12 api.go:38: [GET] Request >> https://api.gcore.com/cdn/resources?fields=status,description&originGroup=412358  
2023/12/26 11:55:13 api.go:38: [GET] Request >> https://api.gcore.com/cdn/resources?fields=status,description&originGroup=452768  
2023/12/26 11:55:14 api.go:38: [GET] Request >> https://api.gcore.com/cdn/resources?fields=status,description&originGroup=447133  
2023/12/26 11:55:15 api.go:38: [GET] Request >> https://api.gcore.com/cdn/resources?fields=status,description&originGroup=467684  
2023/12/26 11:55:16 api.go:38: [GET] Request >> https://api.gcore.com/cdn/resources?fields=status,description&originGroup=467686  
2023/12/26 11:55:17 api.go:38: [GET] Request >> https://api.gcore.com/cdn/resources?fields=status,description&originGroup=447363  
2023/12/26 11:55:18 api.go:38: [GET] Request >> https://api.gcore.com/cdn/resources?fields=status,description&originGroup=449662  
2023/12/26 11:55:58 route.go:60: all
2023/12/26 11:55:58 api.go:38: [GET] Request >> https://api.gcore.com/cdn/origin_groups  
2023/12/26 11:56:00 api.go:38: [GET] Request >> https://api.gcore.com/cdn/resources?fields=status,description&originGroup=412358  
2023/12/26 11:56:01 api.go:38: [GET] Request >> https://api.gcore.com/cdn/resources?fields=status,description&originGroup=452768  
2023/12/26 11:56:02 api.go:38: [GET] Request >> https://api.gcore.com/cdn/resources?fields=status,description&originGroup=447133  
2023/12/26 11:56:03 route.go:60: all
2023/12/26 11:56:03 api.go:38: [GET] Request >> https://api.gcore.com/cdn/origin_groups  
2023/12/26 11:56:03 api.go:38: [GET] Request >> https://api.gcore.com/cdn/resources?fields=status,description&originGroup=467684  
2023/12/26 11:56:04 api.go:38: [GET] Request >> https://api.gcore.com/cdn/resources?fields=status,description&originGroup=467686  
2023/12/26 11:56:04 api.go:38: [GET] Request >> https://api.gcore.com/cdn/resources?fields=status,description&originGroup=412358  
2023/12/26 11:56:05 api.go:38: [GET] Request >> https://api.gcore.com/cdn/resources?fields=status,description&originGroup=452768  
2023/12/26 11:56:05 api.go:38: [GET] Request >> https://api.gcore.com/cdn/resources?fields=status,description&originGroup=447363  
2023/12/26 11:56:06 api.go:38: [GET] Request >> https://api.gcore.com/cdn/resources?fields=status,description&originGroup=447133  
2023/12/26 11:56:07 api.go:38: [GET] Request >> https://api.gcore.com/cdn/resources?fields=status,description&originGroup=467684  
2023/12/26 11:56:07 api.go:38: [GET] Request >> https://api.gcore.com/cdn/resources?fields=status,description&originGroup=449662  
2023/12/26 11:56:08 api.go:38: [GET] Request >> https://api.gcore.com/cdn/resources?fields=status,description&originGroup=467686  
2023/12/26 11:56:09 api.go:38: [GET] Request >> https://api.gcore.com/cdn/resources?fields=status,description&originGroup=447363  
2023/12/26 11:56:10 api.go:38: [GET] Request >> https://api.gcore.com/cdn/resources?fields=status,description&originGroup=449662  
2023/12/26 11:56:29 main.go:29: Start api-server..
2023/12/26 11:56:29 server.go:9: Start api-server..
2023/12/26 11:56:35 route.go:60: all
2023/12/26 11:56:35 api.go:38: [GET] Request >> https://api.gcore.com/cdn/origin_groups  
2023/12/26 11:56:36 api.go:38: [GET] Request >> https://api.gcore.com/cdn/resources?fields=status,description&originGroup=412358  
2023/12/26 11:56:37 api.go:38: [GET] Request >> https://api.gcore.com/cdn/resources?fields=status,description&originGroup=452768  
2023/12/26 11:56:38 api.go:38: [GET] Request >> https://api.gcore.com/cdn/resources?fields=status,description&originGroup=447133  
2023/12/26 11:56:39 api.go:38: [GET] Request >> https://api.gcore.com/cdn/resources?fields=status,description&originGroup=467684  
2023/12/26 11:56:40 api.go:38: [GET] Request >> https://api.gcore.com/cdn/resources?fields=status,description&originGroup=467686  
2023/12/26 11:56:41 api.go:38: [GET] Request >> https://api.gcore.com/cdn/resources?fields=status,description&originGroup=447363  
2023/12/26 11:56:42 api.go:38: [GET] Request >> https://api.gcore.com/cdn/resources?fields=status,description&originGroup=449662  
2023/12/26 11:57:20 main.go:29: Start api-server..
2023/12/26 11:57:20 server.go:9: Start api-server..
2023/12/26 11:57:26 route.go:60: all
2023/12/26 11:57:26 api.go:38: [GET] Request >> https://api.gcore.com/cdn/origin_groups  
2023/12/26 11:57:27 api.go:38: [GET] Request >> https://api.gcore.com/cdn/resources?fields=status,description&originGroup=412358  
2023/12/26 11:57:28 api.go:38: [GET] Request >> https://api.gcore.com/cdn/resources?fields=status,description&originGroup=452768  
2023/12/26 11:57:30 api.go:38: [GET] Request >> https://api.gcore.com/cdn/resources?fields=status,description&originGroup=447133  
2023/12/26 11:57:31 api.go:38: [GET] Request >> https://api.gcore.com/cdn/resources?fields=status,description&originGroup=467684  
2023/12/26 11:57:32 api.go:38: [GET] Request >> https://api.gcore.com/cdn/resources?fields=status,description&originGroup=467686  
2023/12/26 11:57:33 api.go:38: [GET] Request >> https://api.gcore.com/cdn/resources?fields=status,description&originGroup=447363  
2023/12/26 11:57:34 api.go:38: [GET] Request >> https://api.gcore.com/cdn/resources?fields=status,description&originGroup=449662  
2023/12/26 11:58:49 main.go:29: Start api-server..
2023/12/26 11:58:49 server.go:9: Start api-server..
2023/12/26 11:58:54 route.go:60: all
2023/12/26 11:58:54 api.go:38: [GET] Request >> https://api.gcore.com/cdn/origin_groups  
2023/12/26 11:58:55 api.go:38: [GET] Request >> https://api.gcore.com/cdn/resources?fields=status,description&originGroup=412358  
2023/12/26 11:58:56 api.go:38: [GET] Request >> https://api.gcore.com/cdn/resources?fields=status,description&originGroup=452768  
2023/12/26 11:58:57 api.go:38: [GET] Request >> https://api.gcore.com/cdn/resources?fields=status,description&originGroup=447133  
2023/12/26 11:58:58 api.go:38: [GET] Request >> https://api.gcore.com/cdn/resources?fields=status,description&originGroup=467684  
2023/12/26 11:58:59 api.go:38: [GET] Request >> https://api.gcore.com/cdn/resources?fields=status,description&originGroup=467686  
2023/12/26 11:59:00 api.go:38: [GET] Request >> https://api.gcore.com/cdn/resources?fields=status,description&originGroup=447363  
2023/12/26 11:59:01 api.go:38: [GET] Request >> https://api.gcore.com/cdn/resources?fields=status,description&originGroup=449662  
2023/12/26 11:59:23 route.go:60: all
2023/12/26 11:59:23 api.go:38: [GET] Request >> https://api.gcore.com/cdn/origin_groups  
2023/12/26 11:59:25 api.go:38: [GET] Request >> https://api.gcore.com/cdn/resources?fields=status,description&originGroup=412358  
2023/12/26 11:59:26 api.go:38: [GET] Request >> https://api.gcore.com/cdn/resources?fields=status,description&originGroup=452768  
2023/12/26 11:59:27 api.go:38: [GET] Request >> https://api.gcore.com/cdn/resources?fields=status,description&originGroup=447133  
2023/12/26 11:59:27 api.go:38: [GET] Request >> https://api.gcore.com/cdn/resources?fields=status,description&originGroup=467684  
2023/12/26 11:59:28 api.go:38: [GET] Request >> https://api.gcore.com/cdn/resources?fields=status,description&originGroup=467686  
2023/12/26 11:59:29 api.go:38: [GET] Request >> https://api.gcore.com/cdn/resources?fields=status,description&originGroup=447363  
2023/12/26 11:59:30 api.go:38: [GET] Request >> https://api.gcore.com/cdn/resources?fields=status,description&originGroup=449662  
2023/12/26 12:00:24 route.go:60: all
2023/12/26 12:00:24 api.go:38: [GET] Request >> https://api.gcore.com/cdn/origin_groups  
2023/12/26 12:00:25 api.go:38: [GET] Request >> https://api.gcore.com/cdn/resources?fields=status,description&originGroup=412358  
2023/12/26 12:00:26 api.go:38: [GET] Request >> https://api.gcore.com/cdn/resources?fields=status,description&originGroup=452768  
2023/12/26 12:00:27 api.go:38: [GET] Request >> https://api.gcore.com/cdn/resources?fields=status,description&originGroup=447133  
2023/12/26 12:00:28 api.go:38: [GET] Request >> https://api.gcore.com/cdn/resources?fields=status,description&originGroup=467684  
2023/12/26 12:00:29 api.go:38: [GET] Request >> https://api.gcore.com/cdn/resources?fields=status,description&originGroup=467686  
2023/12/26 12:00:30 api.go:38: [GET] Request >> https://api.gcore.com/cdn/resources?fields=status,description&originGroup=447363  
2023/12/26 12:00:31 api.go:38: [GET] Request >> https://api.gcore.com/cdn/resources?fields=status,description&originGroup=449662  
2023/12/26 12:00:38 route.go:60: all
2023/12/26 12:00:38 api.go:38: [GET] Request >> https://api.gcore.com/cdn/origin_groups  
2023/12/26 12:00:40 api.go:38: [GET] Request >> https://api.gcore.com/cdn/resources?fields=status,description&originGroup=412358  
2023/12/26 12:00:41 api.go:38: [GET] Request >> https://api.gcore.com/cdn/resources?fields=status,description&originGroup=452768  
2023/12/26 12:00:42 api.go:38: [GET] Request >> https://api.gcore.com/cdn/resources?fields=status,description&originGroup=447133  
2023/12/26 12:00:43 api.go:38: [GET] Request >> https://api.gcore.com/cdn/resources?fields=status,description&originGroup=467684  
2023/12/26 12:00:43 api.go:38: [GET] Request >> https://api.gcore.com/cdn/resources?fields=status,description&originGroup=467686  
2023/12/26 12:00:44 api.go:38: [GET] Request >> https://api.gcore.com/cdn/resources?fields=status,description&originGroup=447363  
2023/12/26 12:00:45 api.go:38: [GET] Request >> https://api.gcore.com/cdn/resources?fields=status,description&originGroup=449662  
2023/12/26 12:01:12 route.go:60: all
2023/12/26 12:01:12 api.go:38: [GET] Request >> https://api.gcore.com/cdn/origin_groups  
2023/12/26 12:01:13 api.go:38: [GET] Request >> https://api.gcore.com/cdn/resources?fields=status,description&originGroup=412358  
2023/12/26 12:01:14 api.go:38: [GET] Request >> https://api.gcore.com/cdn/resources?fields=status,description&originGroup=452768  
2023/12/26 12:01:15 api.go:38: [GET] Request >> https://api.gcore.com/cdn/resources?fields=status,description&originGroup=447133  
2023/12/26 12:01:16 api.go:38: [GET] Request >> https://api.gcore.com/cdn/resources?fields=status,description&originGroup=467684  
2023/12/26 12:01:17 api.go:38: [GET] Request >> https://api.gcore.com/cdn/resources?fields=status,description&originGroup=467686  
2023/12/26 12:01:18 api.go:38: [GET] Request >> https://api.gcore.com/cdn/resources?fields=status,description&originGroup=447363  
2023/12/26 12:01:19 api.go:38: [GET] Request >> https://api.gcore.com/cdn/resources?fields=status,description&originGroup=449662  
2023/12/26 12:01:31 route.go:60: all
2023/12/26 12:01:31 api.go:38: [GET] Request >> https://api.gcore.com/cdn/origin_groups  
2023/12/26 12:01:33 api.go:38: [GET] Request >> https://api.gcore.com/cdn/resources?fields=status,description&originGroup=412358  
2023/12/26 12:01:34 api.go:38: [GET] Request >> https://api.gcore.com/cdn/resources?fields=status,description&originGroup=452768  
2023/12/26 12:01:35 api.go:38: [GET] Request >> https://api.gcore.com/cdn/resources?fields=status,description&originGroup=447133  
2023/12/26 12:01:36 api.go:38: [GET] Request >> https://api.gcore.com/cdn/resources?fields=status,description&originGroup=467684  
2023/12/26 12:01:37 api.go:38: [GET] Request >> https://api.gcore.com/cdn/resources?fields=status,description&originGroup=467686  
2023/12/26 12:01:38 api.go:38: [GET] Request >> https://api.gcore.com/cdn/resources?fields=status,description&originGroup=447363  
2023/12/26 12:01:39 api.go:38: [GET] Request >> https://api.gcore.com/cdn/resources?fields=status,description&originGroup=449662  
2023/12/26 12:02:06 route.go:60: all
2023/12/26 12:02:06 api.go:38: [GET] Request >> https://api.gcore.com/cdn/origin_groups  
2023/12/26 12:02:08 api.go:38: [GET] Request >> https://api.gcore.com/cdn/resources?fields=status,description&originGroup=412358  
2023/12/26 12:02:09 api.go:38: [GET] Request >> https://api.gcore.com/cdn/resources?fields=status,description&originGroup=452768  
2023/12/26 12:02:10 api.go:38: [GET] Request >> https://api.gcore.com/cdn/resources?fields=status,description&originGroup=447133  
2023/12/26 12:02:11 api.go:38: [GET] Request >> https://api.gcore.com/cdn/resources?fields=status,description&originGroup=467684  
2023/12/26 12:02:12 api.go:38: [GET] Request >> https://api.gcore.com/cdn/resources?fields=status,description&originGroup=467686  
2023/12/26 12:02:13 api.go:38: [GET] Request >> https://api.gcore.com/cdn/resources?fields=status,description&originGroup=447363  
2023/12/26 12:02:14 api.go:38: [GET] Request >> https://api.gcore.com/cdn/resources?fields=status,description&originGroup=449662  
2023/12/26 12:02:57 route.go:60: all
2023/12/26 12:02:57 api.go:38: [GET] Request >> https://api.gcore.com/cdn/origin_groups  
2023/12/26 12:02:58 api.go:38: [GET] Request >> https://api.gcore.com/cdn/resources?fields=status,description&originGroup=412358  
2023/12/26 12:03:00 api.go:38: [GET] Request >> https://api.gcore.com/cdn/resources?fields=status,description&originGroup=452768  
2023/12/26 12:03:01 api.go:38: [GET] Request >> https://api.gcore.com/cdn/resources?fields=status,description&originGroup=447133  
2023/12/26 12:03:02 api.go:38: [GET] Request >> https://api.gcore.com/cdn/resources?fields=status,description&originGroup=467684  
2023/12/26 12:03:03 api.go:38: [GET] Request >> https://api.gcore.com/cdn/resources?fields=status,description&originGroup=467686  
2023/12/26 12:03:04 api.go:38: [GET] Request >> https://api.gcore.com/cdn/resources?fields=status,description&originGroup=447363  
2023/12/26 12:03:05 api.go:38: [GET] Request >> https://api.gcore.com/cdn/resources?fields=status,description&originGroup=449662  
2023/12/27 03:06:17 api.go:38: [GET] Request >> https://api.gcore.com/cdn/resources  
2023/12/27 03:06:18 api.go:57: [Token ERROR] >> GET Token Start
2023/12/27 03:06:19 loadconf.go:68: [POST] NEW TOKEN >> {"username":"dlek55@naver.com","password":"number1Cloud!2#","one_time_password":""} 
2023/12/27 03:06:20 api.go:38: [GET] Request >> https://api.gcore.com/cdn/resources  
2023/12/27 03:06:21 billing_model.go:204: 341411. abc011.ktcdnteam.link 2023-12-18 14:10:15 active 
2023/12/27 03:06:21 billing_model.go:204: 341777. service03.ktcdnteam.link 2023-12-18 15:15:01 suspended 
2023/12/27 03:06:21 billing_model.go:204: 342774. service07.ktcdnteam.link 2023-12-19 02:50:20 suspended 
2023/12/27 03:06:21 billing_model.go:204: 343782. service06.ktcdnteam.link 2023-12-19 10:05:47 active 
2023/12/27 03:06:21 billing_model.go:204: 346828. cloud.kt.com 2023-12-20 16:46:50 active 
2023/12/27 03:06:21 billing_model.go:204: 361343. service01.ktcdnteam.link 2023-12-26 14:05:05 active 
2023/12/27 03:06:21 billing_model.go:204: 361345. server02.ktcdnteam.link 2023-12-26 14:11:40 active 
2023/12/27 03:06:30 api.go:38: [GET] Request >> https://api.gcore.com/cdn/resources  
2023/12/27 03:06:32 billing_model.go:204: 341411. abc011.ktcdnteam.link 2023-12-18 14:10:15 active 
2023/12/27 03:06:32 billing_model.go:204: 341777. service03.ktcdnteam.link 2023-12-18 15:15:01 suspended 
2023/12/27 03:06:32 billing_model.go:204: 342774. service07.ktcdnteam.link 2023-12-19 02:50:20 suspended 
2023/12/27 03:06:32 billing_model.go:204: 343782. service06.ktcdnteam.link 2023-12-19 10:05:47 active 
2023/12/27 03:06:32 billing_model.go:204: 346828. cloud.kt.com 2023-12-20 16:46:50 active 
2023/12/27 03:06:32 billing_model.go:204: 361343. service01.ktcdnteam.link 2023-12-26 14:05:05 active 
2023/12/27 03:06:32 billing_model.go:204: 361345. server02.ktcdnteam.link 2023-12-26 14:11:40 active 
2023/12/27 03:10:43 route.go:60: all
2023/12/27 03:10:43 api.go:38: [GET] Request >> https://api.gcore.com/cdn/origin_groups  
2023/12/27 03:10:45 api.go:38: [GET] Request >> https://api.gcore.com/cdn/resources?fields=status,description&originGroup=412358  
2023/12/27 03:10:46 api.go:38: [GET] Request >> https://api.gcore.com/cdn/resources?fields=status,description&originGroup=452768  
2023/12/27 03:10:47 api.go:38: [GET] Request >> https://api.gcore.com/cdn/resources?fields=status,description&originGroup=447133  
2023/12/27 03:10:48 api.go:38: [GET] Request >> https://api.gcore.com/cdn/resources?fields=status,description&originGroup=467684  
2023/12/27 03:10:49 api.go:38: [GET] Request >> https://api.gcore.com/cdn/resources?fields=status,description&originGroup=467686  
2023/12/27 03:10:50 api.go:38: [GET] Request >> https://api.gcore.com/cdn/resources?fields=status,description&originGroup=447363  
2023/12/27 03:10:51 api.go:38: [GET] Request >> https://api.gcore.com/cdn/resources?fields=status,description&originGroup=449662  
2023/12/27 03:44:51 route.go:60: all
2023/12/27 03:44:51 api.go:38: [GET] Request >> https://api.gcore.com/cdn/origin_groups  
2023/12/27 03:44:53 api.go:38: [GET] Request >> https://api.gcore.com/cdn/resources?fields=status,description&originGroup=412358  
2023/12/27 03:44:54 api.go:38: [GET] Request >> https://api.gcore.com/cdn/resources?fields=status,description&originGroup=452768  
2023/12/27 03:44:55 api.go:38: [GET] Request >> https://api.gcore.com/cdn/resources?fields=status,description&originGroup=447133  
2023/12/27 03:44:56 api.go:38: [GET] Request >> https://api.gcore.com/cdn/resources?fields=status,description&originGroup=467684  
2023/12/27 03:44:57 api.go:38: [GET] Request >> https://api.gcore.com/cdn/resources?fields=status,description&originGroup=467686  
2023/12/27 03:44:58 api.go:38: [GET] Request >> https://api.gcore.com/cdn/resources?fields=status,description&originGroup=447363  
2023/12/27 03:44:59 api.go:38: [GET] Request >> https://api.gcore.com/cdn/resources?fields=status,description&originGroup=449662  
2023/12/27 03:49:29 route.go:60: all
2023/12/27 03:49:29 api.go:38: [GET] Request >> https://api.gcore.com/cdn/origin_groups  
2023/12/27 03:49:31 api.go:38: [GET] Request >> https://api.gcore.com/cdn/resources?fields=status,description&originGroup=412358  
2023/12/27 03:49:32 api.go:38: [GET] Request >> https://api.gcore.com/cdn/resources?fields=status,description&originGroup=452768  
2023/12/27 03:49:33 api.go:38: [GET] Request >> https://api.gcore.com/cdn/resources?fields=status,description&originGroup=447133  
2023/12/27 03:49:34 api.go:38: [GET] Request >> https://api.gcore.com/cdn/resources?fields=status,description&originGroup=467684  
2023/12/27 03:49:35 api.go:38: [GET] Request >> https://api.gcore.com/cdn/resources?fields=status,description&originGroup=467686  
2023/12/27 03:49:36 api.go:38: [GET] Request >> https://api.gcore.com/cdn/resources?fields=status,description&originGroup=447363  
2023/12/27 03:49:37 api.go:38: [GET] Request >> https://api.gcore.com/cdn/resources?fields=status,description&originGroup=449662  
2023/12/27 03:50:04 api.go:38: [GET] Request >> https://api.gcore.com/cdn/resources  
2023/12/27 03:50:05 billing_model.go:204: 341411. abc011.ktcdnteam.link 2023-12-18 14:10:15 active 
2023/12/27 03:50:05 billing_model.go:204: 341777. service03.ktcdnteam.link 2023-12-18 15:15:01 suspended 
2023/12/27 03:50:05 billing_model.go:204: 342774. service07.ktcdnteam.link 2023-12-19 02:50:20 suspended 
2023/12/27 03:50:05 billing_model.go:204: 343782. service06.ktcdnteam.link 2023-12-19 10:05:47 active 
2023/12/27 03:50:05 billing_model.go:204: 346828. cloud.kt.com 2023-12-20 16:46:50 active 
2023/12/27 03:50:05 billing_model.go:204: 361343. service01.ktcdnteam.link 2023-12-26 14:05:05 active 
2023/12/27 03:50:05 billing_model.go:204: 361345. server02.ktcdnteam.link 2023-12-26 14:11:40 active 
2023/12/27 03:50:07 route.go:60: name
2023/12/27 03:50:07 api.go:38: [GET] Request >> https://api.gcore.com/cdn/origin_groups  
2023/12/27 03:51:05 api.go:38: [GET] Request >> https://api.gcore.com/cdn/resources  
2023/12/27 03:51:06 route.go:60: name
2023/12/27 03:51:06 api.go:38: [GET] Request >> https://api.gcore.com/cdn/origin_groups  
2023/12/27 03:51:06 billing_model.go:204: 341411. abc011.ktcdnteam.link 2023-12-18 14:10:15 active 
2023/12/27 03:51:06 billing_model.go:204: 341777. service03.ktcdnteam.link 2023-12-18 15:15:01 suspended 
2023/12/27 03:51:06 billing_model.go:204: 342774. service07.ktcdnteam.link 2023-12-19 02:50:20 suspended 
2023/12/27 03:51:06 billing_model.go:204: 343782. service06.ktcdnteam.link 2023-12-19 10:05:47 active 
2023/12/27 03:51:06 billing_model.go:204: 346828. cloud.kt.com 2023-12-20 16:46:50 active 
2023/12/27 03:51:06 billing_model.go:204: 361343. service01.ktcdnteam.link 2023-12-26 14:05:05 active 
2023/12/27 03:51:06 billing_model.go:204: 361345. server02.ktcdnteam.link 2023-12-26 14:11:40 active 
2023/12/27 03:51:28 route.go:60: name
2023/12/27 03:51:28 api.go:38: [GET] Request >> https://api.gcore.com/cdn/origin_groups  
2023/12/27 03:51:35 route.go:60: name
2023/12/27 03:51:35 api.go:38: [GET] Request >> https://api.gcore.com/cdn/origin_groups  
2023/12/27 03:52:11 api.go:38: [GET] Request >> https://api.gcore.com/cdn/resources  
2023/12/27 03:52:12 billing_model.go:204: 341411. abc011.ktcdnteam.link 2023-12-18 14:10:15 active 
2023/12/27 03:52:12 billing_model.go:204: 341777. service03.ktcdnteam.link 2023-12-18 15:15:01 suspended 
2023/12/27 03:52:12 billing_model.go:204: 342774. service07.ktcdnteam.link 2023-12-19 02:50:20 suspended 
2023/12/27 03:52:12 billing_model.go:204: 343782. service06.ktcdnteam.link 2023-12-19 10:05:47 active 
2023/12/27 03:52:12 billing_model.go:204: 346828. cloud.kt.com 2023-12-20 16:46:50 active 
2023/12/27 03:52:12 billing_model.go:204: 361343. service01.ktcdnteam.link 2023-12-26 14:05:05 active 
2023/12/27 03:52:12 billing_model.go:204: 361345. server02.ktcdnteam.link 2023-12-26 14:11:40 active 
2023/12/27 03:52:13 route.go:60: name
2023/12/27 03:52:13 api.go:38: [GET] Request >> https://api.gcore.com/cdn/origin_groups  
2023/12/27 03:53:15 api.go:38: [GET] Request >> https://api.gcore.com/cdn/resources  
2023/12/27 03:53:16 billing_model.go:204: 341411. abc011.ktcdnteam.link 2023-12-18 14:10:15 active 
2023/12/27 03:53:16 billing_model.go:204: 341777. service03.ktcdnteam.link 2023-12-18 15:15:01 suspended 
2023/12/27 03:53:16 billing_model.go:204: 342774. service07.ktcdnteam.link 2023-12-19 02:50:20 suspended 
2023/12/27 03:53:16 billing_model.go:204: 343782. service06.ktcdnteam.link 2023-12-19 10:05:47 active 
2023/12/27 03:53:16 billing_model.go:204: 346828. cloud.kt.com 2023-12-20 16:46:50 active 
2023/12/27 03:53:16 billing_model.go:204: 361343. service01.ktcdnteam.link 2023-12-26 14:05:05 active 
2023/12/27 03:53:16 billing_model.go:204: 361345. server02.ktcdnteam.link 2023-12-26 14:11:40 active 
2023/12/27 03:53:17 route.go:60: name
2023/12/27 03:53:17 api.go:38: [GET] Request >> https://api.gcore.com/cdn/origin_groups  
2023/12/27 03:55:40 route.go:60: name
2023/12/27 03:55:40 api.go:38: [GET] Request >> https://api.gcore.com/cdn/origin_groups  
2023/12/27 03:55:45 route.go:60: name
2023/12/27 03:55:45 api.go:38: [GET] Request >> https://api.gcore.com/cdn/origin_groups  
2023/12/27 03:57:27 api.go:38: [GET] Request >> https://api.gcore.com/cdn/resources  
2023/12/27 03:57:28 billing_model.go:204: 341411. abc011.ktcdnteam.link 2023-12-18 14:10:15 active 
2023/12/27 03:57:28 billing_model.go:204: 341777. service03.ktcdnteam.link 2023-12-18 15:15:01 suspended 
2023/12/27 03:57:28 billing_model.go:204: 342774. service07.ktcdnteam.link 2023-12-19 02:50:20 suspended 
2023/12/27 03:57:28 billing_model.go:204: 343782. service06.ktcdnteam.link 2023-12-19 10:05:47 active 
2023/12/27 03:57:28 billing_model.go:204: 346828. cloud.kt.com 2023-12-20 16:46:50 active 
2023/12/27 03:57:28 billing_model.go:204: 361343. service01.ktcdnteam.link 2023-12-26 14:05:05 active 
2023/12/27 03:57:28 billing_model.go:204: 361345. server02.ktcdnteam.link 2023-12-26 14:11:40 active 
