2023/12/20 10:20:16 main.go:29: Start api-server..
2023/12/20 10:20:16 server.go:9: Start api-server..
2023/12/20 10:20:19 api.go:38: [GET] Request >> https://api.gcore.com/cdn/resources  
2023/12/20 10:20:20 billing_model.go:204: 341411. abc011.ktcdnteam.link 2023-12-18 14:10:15 active 
2023/12/20 10:20:20 billing_model.go:204: 341776. service02.ktcdnteam.link 2023-12-18 15:13:32 active 
2023/12/20 10:20:20 billing_model.go:204: 341777. service03.ktcdnteam.link 2023-12-18 15:15:01 suspended 
2023/12/20 10:20:20 billing_model.go:204: 342774. service07.ktcdnteam.link 2023-12-19 02:50:20 suspended 
2023/12/20 10:20:20 billing_model.go:204: 343782. service06.ktcdnteam.link 2023-12-19 10:05:47 active 
2023/12/20 10:43:15 main.go:29: Start api-server..
2023/12/20 10:43:15 server.go:9: Start api-server..
2023/12/20 10:43:20 api.go:38: [GET] Request >> https://api.gcore.com/cdn/resources  
2023/12/20 10:43:21 billing_model.go:204: 341411. abc011.ktcdnteam.link 2023-12-18 14:10:15 active 
2023/12/20 10:43:21 billing_model.go:204: 341776. service02.ktcdnteam.link 2023-12-18 15:13:32 active 
2023/12/20 10:43:21 billing_model.go:204: 341777. service03.ktcdnteam.link 2023-12-18 15:15:01 suspended 
2023/12/20 10:43:21 billing_model.go:204: 342774. service07.ktcdnteam.link 2023-12-19 02:50:20 suspended 
2023/12/20 10:43:21 billing_model.go:204: 343782. service06.ktcdnteam.link 2023-12-19 10:05:47 active 
2023/12/20 10:46:11 api.go:38: [GET] Request >> https://api.gcore.com/cdn/resources  
2023/12/20 10:46:13 billing_model.go:204: 341411. abc011.ktcdnteam.link 2023-12-18 14:10:15 active 
2023/12/20 10:46:13 billing_model.go:204: 341776. service02.ktcdnteam.link 2023-12-18 15:13:32 active 
2023/12/20 10:46:13 billing_model.go:204: 341777. service03.ktcdnteam.link 2023-12-18 15:15:01 suspended 
2023/12/20 10:46:13 billing_model.go:204: 342774. service07.ktcdnteam.link 2023-12-19 02:50:20 suspended 
2023/12/20 10:46:13 billing_model.go:204: 343782. service06.ktcdnteam.link 2023-12-19 10:05:47 active 
2023/12/20 10:46:32 route.go:56: name
2023/12/20 10:46:32 api.go:38: [GET] Request >> https://api.gcore.com/cdn/origin_groups  
2023/12/20 10:46:48 billing_model.go:258: 1.1.1.1
2023/12/20 10:46:48 api.go:38: [POST] Request >> https://api.gcore.com/cdn/origin_groups {"id":0,"auth_type":"none","useNext":false,"sources":[{"source":"1.1.1.1","backup":false,"enabled":true}],"name":"1.1.1.1"} 
2023/12/20 10:46:49 route.go:70: &{cdn01 cloud.kt.com 452768 1.1.1.1}
2023/12/20 10:46:49 api.go:38: [POST] Request >> https://api.gcore.com/cdn/resources {"sslEnabled":false,"sslData":null,"active":true,"originGroup":452768,"originProtocol":"HTTP","cname":"cloud.kt.com","description":"cdn01","origin":"","secondaryHostnames":[],"options":{"edge_cache_settings":{"enabled":true,"default":"4d"},"cache_expire":null,"stale":{"enabled":true,"value":["error","updating"]},"allowedHttpMethods":null,"cache_http_headers":null,"hostHeader":{"enabled":true,"value":"1.1.1.1"},"forward_host_header":null,"limit_bandwidth":null,"bot_protection":null}} 
2023/12/20 10:46:50 billing_model.go:334: {"id":346828,"options":{"custom_server_name":null,"slice":null,"gzipOn":null,"brotli_compression":null,"ignoreQueryString":null,"hostHeader":{"enabled":true,"value":"1.1.1.1"},"staticHeaders":null,"static_response_headers":null,"staticRequestHeaders":null,"allowedHttpMethods":null,"stale":{"enabled":true,"value":["error","updating"]},"cors":null,"proxy_cache_methods_set":null,"rewrite":null,"force_return":null,"secure_key":null,"cache_expire":null,"disable_cache":null,"ignore_cookie":null,"cache_http_headers":null,"response_headers_hiding_policy":null,"override_browser_ttl":null,"fetch_compressed":null,"disable_proxy_force_ranges":null,"redirect_http_to_https":null,"redirect_https_to_http":null,"sni":{"enabled":true,"sni_type":"dynamic","custom_hostname":""},"limit_bandwidth":null,"request_limiter":null,"bot_protection":null,"waf":null,"country_acl":null,"referrer_acl":null,"user_agent_acl":null,"ip_address_acl":null,"query_params_blacklist":null,"query_params_whitelist":null,"browser_cache_settings":null,"edge_cache_settings":{"enabled":true,"default":"4d"},"forward_host_header":null,"websockets":null,"use_default_le_chain":null,"use_rsa_le_cert":null,"use_dns01_le_challenge":null,"tls_versions":{"enabled":false,"value":["SSLv3","TLSv1","TLSv1.1","TLSv1.2","TLSv1.3"]},"follow_origin_redirect":null,"http3_enabled":null,"image_stack":null},"deleted":false,"secondaryHostnames":[],"rules":[],"client":250053,"status":"processed","active":true,"enabled":true,"preset_applied":false,"vp_enabled":false,"originGroup_name":"1.1.1.1","shielded":false,"shield_dc":null,"shield_enabled":false,"full_custom_enabled":false,"can_purge_by_urls":false,"name":null,"created":"2023-12-20T07:46:50.577237Z","updated":"2023-12-20T07:46:50.577252Z","originProtocol":"HTTP","cname":"cloud.kt.com","sslEnabled":false,"ssl_automated":false,"proxy_ssl_enabled":false,"suspend_date":null,"suspended":false,"is_primary":null,"description":"cdn01","originGroup":452768,"sslData":null,"proxy_ssl_ca":null,"proxy_ssl_data":null,"shield_routing_map":null,"primary_resource":null}
2023/12/20 10:46:56 route.go:56: all
2023/12/20 10:46:56 api.go:38: [GET] Request >> https://api.gcore.com/cdn/origin_groups  
2023/12/20 10:46:58 api.go:38: [GET] Request >> https://api.gcore.com/cdn/resources?fields=status,description&originGroup=412358  
2023/12/20 10:46:59 api.go:38: [GET] Request >> https://api.gcore.com/cdn/resources?fields=status,description&originGroup=452768  
2023/12/20 10:47:00 api.go:38: [GET] Request >> https://api.gcore.com/cdn/resources?fields=status,description&originGroup=447133  
2023/12/20 10:47:00 api.go:38: [GET] Request >> https://api.gcore.com/cdn/resources?fields=status,description&originGroup=447363  
2023/12/20 10:47:01 api.go:38: [GET] Request >> https://api.gcore.com/cdn/resources?fields=status,description&originGroup=449662  
2023/12/20 11:28:49 api.go:38: [GET] Request >> https://api.gcore.com/cdn/resources  
2023/12/20 11:28:50 billing_model.go:204: 341411. abc011.ktcdnteam.link 2023-12-18 14:10:15 active 
2023/12/20 11:28:50 billing_model.go:204: 341776. service02.ktcdnteam.link 2023-12-18 15:13:32 active 
2023/12/20 11:28:50 billing_model.go:204: 341777. service03.ktcdnteam.link 2023-12-18 15:15:01 suspended 
2023/12/20 11:28:50 billing_model.go:204: 342774. service07.ktcdnteam.link 2023-12-19 02:50:20 suspended 
2023/12/20 11:28:50 billing_model.go:204: 343782. service06.ktcdnteam.link 2023-12-19 10:05:47 active 
2023/12/20 11:28:50 billing_model.go:204: 346828. cloud.kt.com 2023-12-20 16:46:50 active 
2023/12/20 12:10:48 api.go:38: [GET] Request >> https://api.gcore.com/cdn/resources  
2023/12/20 12:10:49 api.go:57: [Token ERROR] >> GET Token Start
2023/12/20 12:10:49 loadconf.go:68: [POST] NEW TOKEN >> {"username":"dlek55@naver.com","password":"number1Cloud!2#","one_time_password":""} 
2023/12/20 12:10:51 api.go:38: [GET] Request >> https://api.gcore.com/cdn/resources  
2023/12/20 12:10:52 billing_model.go:204: 341411. abc011.ktcdnteam.link 2023-12-18 14:10:15 active 
2023/12/20 12:10:52 billing_model.go:204: 341776. service02.ktcdnteam.link 2023-12-18 15:13:32 active 
2023/12/20 12:10:52 billing_model.go:204: 341777. service03.ktcdnteam.link 2023-12-18 15:15:01 suspended 
2023/12/20 12:10:52 billing_model.go:204: 342774. service07.ktcdnteam.link 2023-12-19 02:50:20 suspended 
2023/12/20 12:10:52 billing_model.go:204: 343782. service06.ktcdnteam.link 2023-12-19 10:05:47 active 
2023/12/20 12:10:52 billing_model.go:204: 346828. cloud.kt.com 2023-12-20 16:46:50 active 
2023/12/25 06:09:01 route.go:56: all
2023/12/25 06:09:01 api.go:38: [GET] Request >> https://api.gcore.com/cdn/origin_groups  
2023/12/25 06:09:02 api.go:57: [Token ERROR] >> GET Token Start
2023/12/25 06:09:03 loadconf.go:68: [POST] NEW TOKEN >> {"username":"dlek55@naver.com","password":"number1Cloud!2#","one_time_password":""} 
2023/12/25 06:09:04 api.go:38: [GET] Request >> https://api.gcore.com/cdn/origin_groups  
2023/12/25 06:09:06 api.go:38: [GET] Request >> https://api.gcore.com/cdn/resources?fields=status,description&originGroup=412358  
2023/12/25 06:09:07 api.go:38: [GET] Request >> https://api.gcore.com/cdn/resources?fields=status,description&originGroup=452768  
2023/12/25 06:09:08 api.go:38: [GET] Request >> https://api.gcore.com/cdn/resources?fields=status,description&originGroup=447133  
2023/12/25 06:09:09 api.go:38: [GET] Request >> https://api.gcore.com/cdn/resources?fields=status,description&originGroup=447363  
2023/12/25 06:09:10 api.go:38: [GET] Request >> https://api.gcore.com/cdn/resources?fields=status,description&originGroup=449662  
