2024/01/09 03:14:21 main.go:28: Start api-server..
2024/01/09 03:14:21 server.go:9: Start api-server..
2024/01/09 03:14:27 main.go:28: Start api-server..
2024/01/09 03:14:27 server.go:9: Start api-server..
2024/01/09 03:14:29 billing_model.go:397: [123 34 117 114 108 115 34 58 91 34 47 105 109 97 103 101 115 34 93 44 34 112 97 116 104 115 34 58 110 117 108 108 44 34 105 100 34 58 34 51 54 49 51 52 53 34 125]
2024/01/09 03:14:29 api.go:41: [POST] Request >> https://api.gcore.com/cdn/resources/361345/purge {"urls":["/images"],"paths":null,"id":"361345"} 
2024/01/09 03:14:30 api.go:71: POST https://api.gcore.com/cdn/resources/361345/purge >>> [ERROR : 400] {"errors":{"paths":["This field may not be null."]}} 
2024/01/09 03:14:30 api.go:82: json: cannot unmarshal array into Go struct field ErrorResponse.errors of type string
2024/01/09 03:14:30 api.go:85: map[paths:]
2024/01/09 03:14:30 api.go:91: [ERROR : paths]  
2024/01/09 03:14:30 billing_model.go:400: Unknown error
2024/01/09 03:14:30 route.go:102: Unknown error
2024/01/09 03:14:35 api.go:41: [GET] Request >> https://api.gcore.com/cdn/resources  
2024/01/09 03:14:36 billing_model.go:204: 361345. server02.ktcdnteam.link 2023-12-26 14:11:40 active 
2024/01/09 03:14:36 billing_model.go:204: 379118. cloud11.kt.com 2024-01-02 10:26:14 active 
2024/01/09 03:14:36 billing_model.go:204: 393269. cloud.kt.com 2024-01-08 13:16:05 suspended 
2024/01/09 03:14:41 main.go:28: Start api-server..
2024/01/09 03:14:41 server.go:9: Start api-server..
2024/01/09 03:14:42 billing_model.go:397: &{[/images] [] 361345}
2024/01/09 03:14:42 api.go:41: [POST] Request >> https://api.gcore.com/cdn/resources/361345/purge {"urls":["/images"],"paths":null,"id":"361345"} 
2024/01/09 03:14:43 api.go:71: POST https://api.gcore.com/cdn/resources/361345/purge >>> [ERROR : 400] {"errors":{"paths":["This field may not be null."]}} 
2024/01/09 03:14:43 api.go:82: json: cannot unmarshal array into Go struct field ErrorResponse.errors of type string
2024/01/09 03:14:43 api.go:85: map[paths:]
2024/01/09 03:14:43 api.go:91: [ERROR : paths]  
2024/01/09 03:14:43 billing_model.go:400: Unknown error
2024/01/09 03:14:43 route.go:102: Unknown error
2024/01/09 03:14:48 api.go:41: [GET] Request >> https://api.gcore.com/cdn/resources  
2024/01/09 03:14:49 billing_model.go:204: 361345. server02.ktcdnteam.link 2023-12-26 14:11:40 active 
2024/01/09 03:14:49 billing_model.go:204: 379118. cloud11.kt.com 2024-01-02 10:26:14 active 
2024/01/09 03:14:49 billing_model.go:204: 393269. cloud.kt.com 2024-01-08 13:16:05 suspended 
2024/01/09 03:21:03 main.go:28: Start api-server..
2024/01/09 03:21:03 server.go:9: Start api-server..
2024/01/09 03:21:05 billing_model.go:394: &{[/images] [] 361345}
2024/01/09 03:21:05 api.go:41: [POST] Request >> https://api.gcore.com/cdn/resources/361345/purge {"urls":["/images"],"id":"361345"} 
2024/01/09 03:21:11 api.go:41: [GET] Request >> https://api.gcore.com/cdn/resources  
2024/01/09 03:21:12 billing_model.go:204: 361345. server02.ktcdnteam.link 2023-12-26 14:11:40 active 
2024/01/09 03:21:12 billing_model.go:204: 379118. cloud11.kt.com 2024-01-02 10:26:14 active 
2024/01/09 03:21:12 billing_model.go:204: 393269. cloud.kt.com 2024-01-08 13:16:05 suspended 
2024/01/09 03:24:46 api.go:41: [GET] Request >> https://api.gcore.com/cdn/resources  
2024/01/09 03:24:47 api.go:41: [GET] Request >> https://api.gcore.com/cdn/origin_groups  
2024/01/09 03:24:47 billing_model.go:204: 361345. server02.ktcdnteam.link 2023-12-26 14:11:40 active 
2024/01/09 03:24:47 billing_model.go:204: 379118. cloud11.kt.com 2024-01-02 10:26:14 active 
2024/01/09 03:24:47 billing_model.go:204: 393269. cloud.kt.com 2024-01-08 13:16:05 suspended 
2024/01/09 03:43:31 api.go:41: [GET] Request >> https://api.gcore.com/cdn/resources  
2024/01/09 03:43:31 api.go:41: [GET] Request >> https://api.gcore.com/cdn/origin_groups  
2024/01/09 03:43:32 billing_model.go:204: 361345. server02.ktcdnteam.link 2023-12-26 14:11:40 active 
2024/01/09 03:43:32 billing_model.go:204: 379118. cloud11.kt.com 2024-01-02 10:26:14 active 
2024/01/09 03:43:32 billing_model.go:204: 393269. cloud.kt.com 2024-01-08 13:16:05 suspended 
2024/01/09 03:44:53 api.go:41: [GET] Request >> https://api.gcore.com/cdn/resources  
2024/01/09 03:44:54 api.go:41: [GET] Request >> https://api.gcore.com/cdn/origin_groups  
2024/01/09 03:44:54 billing_model.go:204: 361345. server02.ktcdnteam.link 2023-12-26 14:11:40 active 
2024/01/09 03:44:54 billing_model.go:204: 379118. cloud11.kt.com 2024-01-02 10:26:14 active 
2024/01/09 03:44:54 billing_model.go:204: 393269. cloud.kt.com 2024-01-08 13:16:05 suspended 
2024/01/09 03:45:04 api.go:41: [POST] Request >> https://api.gcore.com/cdn/origin_groups {"id":0,"auth_type":"none","use_next":false,"sources":[{"source":"1.1.1.1","backup":false,"enabled":true},{"source":"2.2.2.2","backup":false,"enabled":true}],"name":"1.1.1.1"} 
2024/01/09 03:45:05 api.go:41: [POST] Request >> https://api.gcore.com/cdn/resources {"sslEnabled":false,"sslData":null,"active":true,"originGroup":503387,"originProtocol":"HTTP","cname":"gcore05.ktcdnteam.link","description":"server04","origin":"","secondaryHostnames":[],"options":{"edge_cache_settings":{"enabled":true,"default":"4d"},"cache_expire":null,"stale":{"enabled":true,"value":["error","updating"]},"allowedHttpMethods":null,"cache_http_headers":null,"hostHeader":{"enabled":true,"value":"1.1.1.1"},"forward_host_header":null,"limit_bandwidth":null,"bot_protection":null}} 
2024/01/09 03:45:06 billing_model.go:366: {"id":395596,"options":{"custom_server_name":null,"slice":null,"gzipOn":null,"brotli_compression":null,"ignoreQueryString":null,"hostHeader":{"enabled":true,"value":"1.1.1.1"},"staticHeaders":null,"static_response_headers":null,"staticRequestHeaders":null,"allowedHttpMethods":null,"stale":{"enabled":true,"value":["error","updating"]},"cors":null,"proxy_cache_methods_set":null,"rewrite":null,"force_return":null,"secure_key":null,"cache_expire":null,"disable_cache":null,"ignore_cookie":null,"cache_http_headers":null,"response_headers_hiding_policy":null,"override_browser_ttl":null,"fetch_compressed":null,"disable_proxy_force_ranges":null,"redirect_http_to_https":null,"redirect_https_to_http":null,"sni":{"enabled":true,"sni_type":"dynamic","custom_hostname":""},"limit_bandwidth":null,"request_limiter":null,"bot_protection":null,"waf":null,"country_acl":null,"referrer_acl":null,"user_agent_acl":null,"ip_address_acl":null,"query_params_blacklist":null,"query_params_whitelist":null,"browser_cache_settings":null,"edge_cache_settings":{"enabled":true,"default":"4d"},"forward_host_header":null,"websockets":null,"use_default_le_chain":null,"use_rsa_le_cert":null,"use_dns01_le_challenge":null,"tls_versions":{"enabled":false,"value":["SSLv3","TLSv1","TLSv1.1","TLSv1.2","TLSv1.3"]},"follow_origin_redirect":null,"http3_enabled":null,"image_stack":null},"deleted":false,"secondaryHostnames":[],"rules":[],"client":250053,"status":"processed","active":true,"enabled":true,"preset_applied":false,"vp_enabled":false,"originGroup_name":"1.1.1.1","shielded":false,"shield_dc":null,"shield_enabled":false,"full_custom_enabled":false,"can_purge_by_urls":false,"name":null,"created":"2024-01-09T00:45:06.263274Z","updated":"2024-01-09T00:45:06.263288Z","originProtocol":"HTTP","cname":"gcore05.ktcdnteam.link","sslEnabled":false,"ssl_automated":false,"proxy_ssl_enabled":false,"suspend_date":null,"suspended":false,"is_primary":null,"description":"server04","originGroup":503387,"sslData":null,"proxy_ssl_ca":null,"proxy_ssl_data":null,"shield_routing_map":null,"primary_resource":null}
2024/01/09 03:45:11 api.go:41: [GET] Request >> https://api.gcore.com/cdn/resources  
2024/01/09 03:45:11 api.go:41: [GET] Request >> https://api.gcore.com/cdn/resources  
2024/01/09 03:45:12 billing_model.go:204: 361345. server02.ktcdnteam.link 2023-12-26 14:11:40 active 
2024/01/09 03:45:12 billing_model.go:204: 379118. cloud11.kt.com 2024-01-02 10:26:14 active 
2024/01/09 03:45:12 billing_model.go:204: 393269. cloud.kt.com 2024-01-08 13:16:05 suspended 
2024/01/09 03:45:12 billing_model.go:204: 395596. gcore05.ktcdnteam.link 2024-01-09 09:45:06 processed 
2024/01/09 03:45:13 billing_model.go:204: 361345. server02.ktcdnteam.link 2023-12-26 14:11:40 active 
2024/01/09 03:45:13 billing_model.go:204: 379118. cloud11.kt.com 2024-01-02 10:26:14 active 
2024/01/09 03:45:13 billing_model.go:204: 393269. cloud.kt.com 2024-01-08 13:16:05 suspended 
2024/01/09 03:45:13 billing_model.go:204: 395596. gcore05.ktcdnteam.link 2024-01-09 09:45:06 processed 
2024/01/09 04:07:09 api.go:41: [GET] Request >> https://api.gcore.com/cdn/resources  
2024/01/09 04:07:10 api.go:60: [Token ERROR] >> GET Token Start
2024/01/09 04:07:10 loadconf.go:69: [POST] NEW TOKEN >> {"username":"dlek55@naver.com","password":"number1Cloud!2#","one_time_password":""} 
2024/01/09 04:07:10 api.go:41: [GET] Request >> https://api.gcore.com/cdn/origin_groups  
2024/01/09 04:07:11 api.go:60: [Token ERROR] >> GET Token Start
2024/01/09 04:07:11 loadconf.go:69: [POST] NEW TOKEN >> {"username":"dlek55@naver.com","password":"number1Cloud!2#","one_time_password":""} 
2024/01/09 04:07:11 api.go:41: [GET] Request >> https://api.gcore.com/cdn/resources  
2024/01/09 04:07:12 api.go:41: [GET] Request >> https://api.gcore.com/cdn/origin_groups  
2024/01/09 04:07:13 billing_model.go:204: 361345. server02.ktcdnteam.link 2023-12-26 14:11:40 active 
2024/01/09 04:07:13 billing_model.go:204: 379118. cloud11.kt.com 2024-01-02 10:26:14 active 
2024/01/09 04:07:13 billing_model.go:204: 393269. cloud.kt.com 2024-01-08 13:16:05 suspended 
2024/01/09 04:07:13 billing_model.go:204: 395596. gcore05.ktcdnteam.link 2024-01-09 09:45:06 active 
2024/01/09 04:17:47 api.go:41: [GET] Request >> https://api.gcore.com/cdn/resources  
2024/01/09 04:17:48 billing_model.go:204: 361345. server02.ktcdnteam.link 2023-12-26 14:11:40 active 
2024/01/09 04:17:48 billing_model.go:204: 379118. cloud11.kt.com 2024-01-02 10:26:14 active 
2024/01/09 04:17:48 billing_model.go:204: 393269. cloud.kt.com 2024-01-08 13:16:05 suspended 
2024/01/09 04:17:48 billing_model.go:204: 395596. gcore05.ktcdnteam.link 2024-01-09 09:45:06 active 
2024/01/09 04:17:53 api.go:41: [GET] Request >> https://api.gcore.com/cdn/origin_groups  
2024/01/09 04:18:56 api.go:41: [GET] Request >> https://api.gcore.com/cdn/resources  
2024/01/09 04:18:58 billing_model.go:204: 361345. server02.ktcdnteam.link 2023-12-26 14:11:40 active 
2024/01/09 04:18:58 billing_model.go:204: 379118. cloud11.kt.com 2024-01-02 10:26:14 active 
2024/01/09 04:18:58 billing_model.go:204: 393269. cloud.kt.com 2024-01-08 13:16:05 suspended 
2024/01/09 04:18:58 billing_model.go:204: 395596. gcore05.ktcdnteam.link 2024-01-09 09:45:06 active 
2024/01/09 04:19:05 api.go:41: [GET] Request >> https://api.gcore.com/cdn/origin_groups  
2024/01/09 04:29:30 main.go:28: Start api-server..
2024/01/09 04:29:30 server.go:9: Start api-server..
2024/01/09 04:29:35 api.go:41: [GET] Request >> https://api.gcore.com/cdn/resources  
2024/01/09 04:29:35 api.go:41: [GET] Request >> https://api.gcore.com/cdn/origin_groups  
2024/01/09 04:29:36 billing_model.go:204: 361345. server02.ktcdnteam.link 2023-12-26 14:11:40 active 
2024/01/09 04:29:36 billing_model.go:204: 379118. cloud11.kt.com 2024-01-02 10:26:14 active 
2024/01/09 04:29:36 billing_model.go:204: 393269. cloud.kt.com 2024-01-08 13:16:05 suspended 
2024/01/09 04:29:36 billing_model.go:204: 395596. gcore05.ktcdnteam.link 2024-01-09 09:45:06 active 
2024/01/09 04:42:04 main.go:28: Start api-server..
2024/01/09 04:42:04 server.go:9: Start api-server..
2024/01/09 04:42:07 api.go:41: [GET] Request >> https://api.gcore.com/cdn/resources  
2024/01/09 04:42:08 billing_model.go:204: 361345. server02.ktcdnteam.link 2023-12-26 14:11:40 active 
2024/01/09 04:42:08 billing_model.go:204: 379118. cloud11.kt.com 2024-01-02 10:26:14 active 
2024/01/09 04:42:08 billing_model.go:204: 393269. cloud.kt.com 2024-01-08 13:16:05 suspended 
2024/01/09 04:42:08 billing_model.go:204: 395596. gcore05.ktcdnteam.link 2024-01-09 09:45:06 active 
2024/01/09 04:43:37 api.go:41: [GET] Request >> https://api.gcore.com/cdn/resources  
2024/01/09 04:43:38 billing_model.go:204: 361345. server02.ktcdnteam.link 2023-12-26 14:11:40 active 
2024/01/09 04:43:38 billing_model.go:204: 379118. cloud11.kt.com 2024-01-02 10:26:14 active 
2024/01/09 04:43:38 billing_model.go:204: 393269. cloud.kt.com 2024-01-08 13:16:05 suspended 
2024/01/09 04:43:38 billing_model.go:204: 395596. gcore05.ktcdnteam.link 2024-01-09 09:45:06 active 
2024/01/09 04:44:04 api.go:41: [GET] Request >> https://api.gcore.com/cdn/resources  
2024/01/09 04:44:05 billing_model.go:204: 361345. server02.ktcdnteam.link 2023-12-26 14:11:40 active 
2024/01/09 04:44:05 billing_model.go:204: 379118. cloud11.kt.com 2024-01-02 10:26:14 active 
2024/01/09 04:44:05 billing_model.go:204: 393269. cloud.kt.com 2024-01-08 13:16:05 suspended 
2024/01/09 04:44:05 billing_model.go:204: 395596. gcore05.ktcdnteam.link 2024-01-09 09:45:06 active 
2024/01/09 04:44:16 api.go:41: [GET] Request >> https://api.gcore.com/cdn/resources  
2024/01/09 04:44:17 billing_model.go:204: 361345. server02.ktcdnteam.link 2023-12-26 14:11:40 active 
2024/01/09 04:44:17 billing_model.go:204: 379118. cloud11.kt.com 2024-01-02 10:26:14 active 
2024/01/09 04:44:17 billing_model.go:204: 393269. cloud.kt.com 2024-01-08 13:16:05 suspended 
2024/01/09 04:44:17 billing_model.go:204: 395596. gcore05.ktcdnteam.link 2024-01-09 09:45:06 active 
2024/01/09 04:45:09 api.go:41: [GET] Request >> https://api.gcore.com/cdn/resources  
2024/01/09 04:45:10 billing_model.go:204: 361345. server02.ktcdnteam.link 2023-12-26 14:11:40 active 
2024/01/09 04:45:10 billing_model.go:204: 379118. cloud11.kt.com 2024-01-02 10:26:14 active 
2024/01/09 04:45:10 billing_model.go:204: 393269. cloud.kt.com 2024-01-08 13:16:05 suspended 
2024/01/09 04:45:10 billing_model.go:204: 395596. gcore05.ktcdnteam.link 2024-01-09 09:45:06 active 
2024/01/09 04:45:23 api.go:41: [GET] Request >> https://api.gcore.com/cdn/resources  
2024/01/09 04:45:24 billing_model.go:204: 361345. server02.ktcdnteam.link 2023-12-26 14:11:40 active 
2024/01/09 04:45:24 billing_model.go:204: 379118. cloud11.kt.com 2024-01-02 10:26:14 active 
2024/01/09 04:45:24 billing_model.go:204: 393269. cloud.kt.com 2024-01-08 13:16:05 suspended 
2024/01/09 04:45:24 billing_model.go:204: 395596. gcore05.ktcdnteam.link 2024-01-09 09:45:06 active 
2024/01/09 04:45:58 main.go:28: Start api-server..
2024/01/09 04:45:58 server.go:9: Start api-server..
2024/01/09 04:46:05 api.go:41: [GET] Request >> https://api.gcore.com/cdn/resources  
2024/01/09 04:46:06 billing_model.go:204: 361345. server02.ktcdnteam.link 2023-12-26 14:11:40 active 
2024/01/09 04:46:06 billing_model.go:204: 379118. cloud11.kt.com 2024-01-02 10:26:14 active 
2024/01/09 04:46:06 billing_model.go:204: 393269. cloud.kt.com 2024-01-08 13:16:05 suspended 
2024/01/09 04:46:06 billing_model.go:204: 395596. gcore05.ktcdnteam.link 2024-01-09 09:45:06 active 
2024/01/09 04:59:34 api.go:41: [GET] Request >> https://api.gcore.com/cdn/resources  
2024/01/09 04:59:35 billing_model.go:204: 361345. server02.ktcdnteam.link 2023-12-26 14:11:40 active 
2024/01/09 04:59:35 billing_model.go:204: 379118. cloud11.kt.com 2024-01-02 10:26:14 active 
2024/01/09 04:59:35 billing_model.go:204: 393269. cloud.kt.com 2024-01-08 13:16:05 suspended 
2024/01/09 04:59:35 billing_model.go:204: 395596. gcore05.ktcdnteam.link 2024-01-09 09:45:06 active 
2024/01/09 04:59:38 api.go:41: [GET] Request >> https://api.gcore.com/cdn/origin_groups  
2024/01/09 05:03:01 api.go:41: [GET] Request >> https://api.gcore.com/cdn/resources  
2024/01/09 05:03:02 billing_model.go:204: 361345. server02.ktcdnteam.link 2023-12-26 14:11:40 active 
2024/01/09 05:03:02 billing_model.go:204: 379118. cloud11.kt.com 2024-01-02 10:26:14 active 
2024/01/09 05:03:02 billing_model.go:204: 393269. cloud.kt.com 2024-01-08 13:16:05 suspended 
2024/01/09 05:03:02 billing_model.go:204: 395596. gcore05.ktcdnteam.link 2024-01-09 09:45:06 active 
2024/01/09 05:03:32 api.go:41: [GET] Request >> https://api.gcore.com/cdn/resources  
2024/01/09 05:03:33 api.go:41: [GET] Request >> https://api.gcore.com/cdn/origin_groups  
2024/01/09 05:03:33 billing_model.go:204: 361345. server02.ktcdnteam.link 2023-12-26 14:11:40 active 
2024/01/09 05:03:33 billing_model.go:204: 379118. cloud11.kt.com 2024-01-02 10:26:14 active 
2024/01/09 05:03:33 billing_model.go:204: 393269. cloud.kt.com 2024-01-08 13:16:05 suspended 
2024/01/09 05:03:33 billing_model.go:204: 395596. gcore05.ktcdnteam.link 2024-01-09 09:45:06 active 
2024/01/09 05:05:36 main.go:28: Start api-server..
2024/01/09 05:05:36 server.go:9: Start api-server..
2024/01/09 05:05:44 api.go:41: [GET] Request >> https://api.gcore.com/cdn/resources  
2024/01/09 05:05:45 billing_model.go:204: 361345. server02.ktcdnteam.link 2023-12-26 14:11:40 active 
2024/01/09 05:05:45 billing_model.go:204: 379118. cloud11.kt.com 2024-01-02 10:26:14 active 
2024/01/09 05:05:45 billing_model.go:204: 393269. cloud.kt.com 2024-01-08 13:16:05 suspended 
2024/01/09 05:05:45 billing_model.go:204: 395596. gcore05.ktcdnteam.link 2024-01-09 09:45:06 active 
2024/01/09 05:05:45 api.go:41: [GET] Request >> https://api.gcore.com/cdn/origin_groups  
2024/01/09 05:07:22 main.go:28: Start api-server..
2024/01/09 05:07:22 server.go:9: Start api-server..
2024/01/09 05:07:24 api.go:41: [GET] Request >> https://api.gcore.com/cdn/resources  
2024/01/09 05:07:25 api.go:41: [GET] Request >> https://api.gcore.com/cdn/origin_groups  
2024/01/09 05:07:25 billing_model.go:204: 361345. server02.ktcdnteam.link 2023-12-26 14:11:40 active 
2024/01/09 05:07:25 billing_model.go:204: 379118. cloud11.kt.com 2024-01-02 10:26:14 active 
2024/01/09 05:07:25 billing_model.go:204: 393269. cloud.kt.com 2024-01-08 13:16:05 suspended 
2024/01/09 05:07:25 billing_model.go:204: 395596. gcore05.ktcdnteam.link 2024-01-09 09:45:06 active 
2024/01/09 05:08:35 main.go:28: Start api-server..
2024/01/09 05:08:35 server.go:9: Start api-server..
2024/01/09 05:08:37 api.go:41: [GET] Request >> https://api.gcore.com/cdn/resources  
2024/01/09 05:08:38 api.go:41: [GET] Request >> https://api.gcore.com/cdn/origin_groups  
2024/01/09 05:08:38 billing_model.go:204: 361345. server02.ktcdnteam.link 2023-12-26 14:11:40 active 
2024/01/09 05:08:38 billing_model.go:204: 379118. cloud11.kt.com 2024-01-02 10:26:14 active 
2024/01/09 05:08:38 billing_model.go:204: 393269. cloud.kt.com 2024-01-08 13:16:05 suspended 
2024/01/09 05:08:38 billing_model.go:204: 395596. gcore05.ktcdnteam.link 2024-01-09 09:45:06 active 
2024/01/09 05:09:58 api.go:41: [GET] Request >> https://api.gcore.com/cdn/resources  
2024/01/09 05:09:59 billing_model.go:204: 361345. server02.ktcdnteam.link 2023-12-26 14:11:40 active 
2024/01/09 05:09:59 billing_model.go:204: 379118. cloud11.kt.com 2024-01-02 10:26:14 active 
2024/01/09 05:09:59 billing_model.go:204: 393269. cloud.kt.com 2024-01-08 13:16:05 suspended 
2024/01/09 05:09:59 billing_model.go:204: 395596. gcore05.ktcdnteam.link 2024-01-09 09:45:06 active 
2024/01/09 05:10:01 main.go:28: Start api-server..
2024/01/09 05:10:01 server.go:9: Start api-server..
2024/01/09 05:10:08 api.go:41: [GET] Request >> https://api.gcore.com/cdn/resources  
2024/01/09 05:10:09 api.go:41: [GET] Request >> https://api.gcore.com/cdn/origin_groups  
2024/01/09 05:10:09 billing_model.go:204: 361345. server02.ktcdnteam.link 2023-12-26 14:11:40 active 
2024/01/09 05:10:09 billing_model.go:204: 379118. cloud11.kt.com 2024-01-02 10:26:14 active 
2024/01/09 05:10:09 billing_model.go:204: 393269. cloud.kt.com 2024-01-08 13:16:05 suspended 
2024/01/09 05:10:09 billing_model.go:204: 395596. gcore05.ktcdnteam.link 2024-01-09 09:45:06 active 
2024/01/09 05:11:41 main.go:28: Start api-server..
2024/01/09 05:11:41 server.go:9: Start api-server..
2024/01/09 05:11:54 api.go:41: [GET] Request >> https://api.gcore.com/cdn/resources  
2024/01/09 05:11:55 billing_model.go:204: 361345. server02.ktcdnteam.link 2023-12-26 14:11:40 active 
2024/01/09 05:11:55 billing_model.go:204: 379118. cloud11.kt.com 2024-01-02 10:26:14 active 
2024/01/09 05:11:55 billing_model.go:204: 393269. cloud.kt.com 2024-01-08 13:16:05 suspended 
2024/01/09 05:11:55 billing_model.go:204: 395596. gcore05.ktcdnteam.link 2024-01-09 09:45:06 active 
2024/01/09 05:11:55 api.go:41: [GET] Request >> https://api.gcore.com/cdn/origin_groups  
2024/01/09 05:13:57 main.go:28: Start api-server..
2024/01/09 05:13:57 server.go:9: Start api-server..
2024/01/09 05:14:01 api.go:41: [GET] Request >> https://api.gcore.com/cdn/resources  
2024/01/09 05:14:01 api.go:41: [GET] Request >> https://api.gcore.com/cdn/origin_groups  
2024/01/09 05:14:02 billing_model.go:204: 361345. server02.ktcdnteam.link 2023-12-26 14:11:40 active 
2024/01/09 05:14:02 billing_model.go:204: 379118. cloud11.kt.com 2024-01-02 10:26:14 active 
2024/01/09 05:14:02 billing_model.go:204: 393269. cloud.kt.com 2024-01-08 13:16:05 suspended 
2024/01/09 05:14:02 billing_model.go:204: 395596. gcore05.ktcdnteam.link 2024-01-09 09:45:06 active 
2024/01/09 05:15:16 main.go:28: Start api-server..
2024/01/09 05:15:16 server.go:9: Start api-server..
2024/01/09 05:15:22 api.go:41: [GET] Request >> https://api.gcore.com/cdn/resources  
2024/01/09 05:15:22 api.go:41: [GET] Request >> https://api.gcore.com/cdn/origin_groups  
2024/01/09 05:15:27 api.go:71: GET https://api.gcore.com/cdn/resources >>> [ERROR : 504] <html>
<head><title>504 Gateway Time-out</title></head>
<body>
<center><h1>504 Gateway Time-out</h1></center>
<hr><center>nginx</center>
</body>
</html>
 
2024/01/09 05:15:27 api.go:82: invalid character '<' looking for beginning of value
2024/01/09 05:15:27 billing_model.go:191: Parsing fail
2024/01/09 05:15:27 route.go:57: Parsing fail
2024/01/09 05:15:27 api.go:71: GET https://api.gcore.com/cdn/origin_groups >>> [ERROR : 504] <html>
<head><title>504 Gateway Time-out</title></head>
<body>
<center><h1>504 Gateway Time-out</h1></center>
<hr><center>nginx</center>
</body>
</html>
 
2024/01/09 05:15:27 api.go:82: invalid character '<' looking for beginning of value
2024/01/09 05:15:27 billing_model.go:213: Parsing fail
2024/01/09 05:15:27 route.go:66: Parsing fail
2024/01/09 05:15:33 api.go:41: [GET] Request >> https://api.gcore.com/cdn/resources  
2024/01/09 05:15:34 billing_model.go:204: 361345. server02.ktcdnteam.link 2023-12-26 14:11:40 active 
2024/01/09 05:15:34 billing_model.go:204: 379118. cloud11.kt.com 2024-01-02 10:26:14 active 
2024/01/09 05:15:34 billing_model.go:204: 393269. cloud.kt.com 2024-01-08 13:16:05 suspended 
2024/01/09 05:15:34 billing_model.go:204: 395596. gcore05.ktcdnteam.link 2024-01-09 09:45:06 active 
2024/01/09 05:15:35 api.go:41: [GET] Request >> https://api.gcore.com/cdn/origin_groups  
2024/01/09 07:08:37 api.go:41: [GET] Request >> https://api.gcore.com/cdn/resources  
2024/01/09 07:08:38 api.go:60: [Token ERROR] >> GET Token Start
2024/01/09 07:08:38 loadconf.go:69: [POST] NEW TOKEN >> {"username":"dlek55@naver.com","password":"number1Cloud!2#","one_time_password":""} 
2024/01/09 07:08:40 api.go:41: [GET] Request >> https://api.gcore.com/cdn/resources  
2024/01/09 07:08:41 billing_model.go:204: 361345. server02.ktcdnteam.link 2023-12-26 14:11:40 active 
2024/01/09 07:08:41 billing_model.go:204: 379118. cloud11.kt.com 2024-01-02 10:26:14 active 
2024/01/09 07:08:41 billing_model.go:204: 393269. cloud.kt.com 2024-01-08 13:16:05 suspended 
2024/01/09 07:08:41 billing_model.go:204: 395596. gcore05.ktcdnteam.link 2024-01-09 09:45:06 active 
2024/01/09 07:11:24 api.go:41: [GET] Request >> https://api.gcore.com/cdn/origin_groups  
2024/01/09 07:13:23 api.go:41: [GET] Request >> https://api.gcore.com/cdn/resources  
2024/01/09 07:13:24 billing_model.go:204: 361345. server02.ktcdnteam.link 2023-12-26 14:11:40 active 
2024/01/09 07:13:24 billing_model.go:204: 379118. cloud11.kt.com 2024-01-02 10:26:14 active 
2024/01/09 07:13:24 billing_model.go:204: 393269. cloud.kt.com 2024-01-08 13:16:05 suspended 
2024/01/09 07:13:24 billing_model.go:204: 395596. gcore05.ktcdnteam.link 2024-01-09 09:45:06 active 
2024/01/09 07:15:53 api.go:41: [GET] Request >> https://api.gcore.com/cdn/origin_groups  
2024/01/09 07:17:01 main.go:28: Start api-server..
2024/01/09 07:17:01 server.go:9: Start api-server..
2024/01/09 07:17:02 api.go:41: [GET] Request >> https://api.gcore.com/cdn/resources  
2024/01/09 07:17:03 billing_model.go:204: 361345. server02.ktcdnteam.link 2023-12-26 14:11:40 active 
2024/01/09 07:17:03 billing_model.go:204: 379118. cloud11.kt.com 2024-01-02 10:26:14 active 
2024/01/09 07:17:03 billing_model.go:204: 393269. cloud.kt.com 2024-01-08 13:16:05 suspended 
2024/01/09 07:17:03 billing_model.go:204: 395596. gcore05.ktcdnteam.link 2024-01-09 09:45:06 active 
2024/01/09 07:17:04 api.go:41: [GET] Request >> https://api.gcore.com/cdn/origin_groups  
2024/01/09 07:17:32 main.go:28: Start api-server..
2024/01/09 07:17:32 server.go:9: Start api-server..
2024/01/09 07:17:34 api.go:41: [GET] Request >> https://api.gcore.com/cdn/resources  
2024/01/09 07:17:35 billing_model.go:204: 361345. server02.ktcdnteam.link 2023-12-26 14:11:40 active 
2024/01/09 07:17:35 billing_model.go:204: 379118. cloud11.kt.com 2024-01-02 10:26:14 active 
2024/01/09 07:17:35 billing_model.go:204: 393269. cloud.kt.com 2024-01-08 13:16:05 suspended 
2024/01/09 07:17:35 billing_model.go:204: 395596. gcore05.ktcdnteam.link 2024-01-09 09:45:06 active 
2024/01/09 07:17:39 api.go:41: [GET] Request >> https://api.gcore.com/cdn/resources  
2024/01/09 07:17:40 billing_model.go:204: 361345. server02.ktcdnteam.link 2023-12-26 14:11:40 active 
2024/01/09 07:17:40 billing_model.go:204: 379118. cloud11.kt.com 2024-01-02 10:26:14 active 
2024/01/09 07:17:40 billing_model.go:204: 393269. cloud.kt.com 2024-01-08 13:16:05 suspended 
2024/01/09 07:17:40 billing_model.go:204: 395596. gcore05.ktcdnteam.link 2024-01-09 09:45:06 active 
2024/01/09 07:17:41 api.go:41: [GET] Request >> https://api.gcore.com/cdn/origin_groups  
2024/01/09 07:18:38 api.go:41: [GET] Request >> https://api.gcore.com/cdn/resources  
2024/01/09 07:18:39 billing_model.go:204: 361345. server02.ktcdnteam.link 2023-12-26 14:11:40 active 
2024/01/09 07:18:39 billing_model.go:204: 379118. cloud11.kt.com 2024-01-02 10:26:14 active 
2024/01/09 07:18:39 billing_model.go:204: 393269. cloud.kt.com 2024-01-08 13:16:05 suspended 
2024/01/09 07:18:39 billing_model.go:204: 395596. gcore05.ktcdnteam.link 2024-01-09 09:45:06 active 
2024/01/09 07:18:40 api.go:41: [GET] Request >> https://api.gcore.com/cdn/origin_groups  
2024/01/09 07:21:20 main.go:28: Start api-server..
2024/01/09 07:21:20 server.go:9: Start api-server..
2024/01/09 07:21:45 api.go:41: [GET] Request >> https://api.gcore.com/cdn/resources  
2024/01/09 07:21:46 api.go:41: [GET] Request >> https://api.gcore.com/cdn/origin_groups  
2024/01/09 07:21:46 billing_model.go:204: 361345. server02.ktcdnteam.link 2023-12-26 14:11:40 active 
2024/01/09 07:21:46 billing_model.go:204: 379118. cloud11.kt.com 2024-01-02 10:26:14 active 
2024/01/09 07:21:46 billing_model.go:204: 393269. cloud.kt.com 2024-01-08 13:16:05 suspended 
2024/01/09 07:21:46 billing_model.go:204: 395596. gcore05.ktcdnteam.link 2024-01-09 09:45:06 active 
2024/01/09 07:22:31 main.go:28: Start api-server..
2024/01/09 07:22:31 server.go:9: Start api-server..
2024/01/09 07:22:42 api.go:41: [GET] Request >> https://api.gcore.com/cdn/resources  
2024/01/09 07:22:43 api.go:41: [GET] Request >> https://api.gcore.com/cdn/origin_groups  
2024/01/09 07:22:43 billing_model.go:204: 361345. server02.ktcdnteam.link 2023-12-26 14:11:40 active 
2024/01/09 07:22:43 billing_model.go:204: 379118. cloud11.kt.com 2024-01-02 10:26:14 active 
2024/01/09 07:22:43 billing_model.go:204: 393269. cloud.kt.com 2024-01-08 13:16:05 suspended 
2024/01/09 07:22:43 billing_model.go:204: 395596. gcore05.ktcdnteam.link 2024-01-09 09:45:06 active 
2024/01/09 07:23:51 main.go:28: Start api-server..
2024/01/09 07:23:51 server.go:9: Start api-server..
2024/01/09 07:24:10 api.go:41: [GET] Request >> https://api.gcore.com/cdn/resources  
2024/01/09 07:24:12 main.go:28: Start api-server..
2024/01/09 07:24:12 server.go:9: Start api-server..
2024/01/09 07:24:15 api.go:41: [GET] Request >> https://api.gcore.com/cdn/resources  
2024/01/09 07:24:15 api.go:41: [GET] Request >> https://api.gcore.com/cdn/origin_groups  
2024/01/09 07:24:15 billing_model.go:204: 361345. server02.ktcdnteam.link 2023-12-26 14:11:40 active 
2024/01/09 07:24:15 billing_model.go:204: 379118. cloud11.kt.com 2024-01-02 10:26:14 active 
2024/01/09 07:24:15 billing_model.go:204: 393269. cloud.kt.com 2024-01-08 13:16:05 suspended 
2024/01/09 07:24:15 billing_model.go:204: 395596. gcore05.ktcdnteam.link 2024-01-09 09:45:06 active 
2024/01/09 07:27:12 main.go:28: Start api-server..
2024/01/09 07:27:12 server.go:9: Start api-server..
2024/01/09 07:27:15 api.go:41: [GET] Request >> https://api.gcore.com/cdn/resources  
2024/01/09 07:27:16 billing_model.go:204: 361345. server02.ktcdnteam.link 2023-12-26 14:11:40 active 
2024/01/09 07:27:16 billing_model.go:204: 379118. cloud11.kt.com 2024-01-02 10:26:14 active 
2024/01/09 07:27:16 billing_model.go:204: 393269. cloud.kt.com 2024-01-08 13:16:05 suspended 
2024/01/09 07:27:16 billing_model.go:204: 395596. gcore05.ktcdnteam.link 2024-01-09 09:45:06 active 
2024/01/09 07:27:16 api.go:41: [GET] Request >> https://api.gcore.com/cdn/origin_groups  
2024/01/09 07:30:17 main.go:28: Start api-server..
2024/01/09 07:30:17 server.go:9: Start api-server..
2024/01/09 08:03:09 api.go:41: [GET] Request >> https://api.gcore.com/cdn/origin_groups  
2024/01/09 08:03:10 api.go:60: [Token ERROR] >> GET Token Start
2024/01/09 08:03:10 loadconf.go:69: [POST] NEW TOKEN >> {"username":"dlek55@naver.com","password":"number1Cloud!2#","one_time_password":""} 
2024/01/09 08:03:11 api.go:41: [GET] Request >> https://api.gcore.com/cdn/origin_groups  
2024/01/09 08:03:12 api.go:41: [GET] Request >> https://api.gcore.com/cdn/resources  
2024/01/09 08:03:12 billing_model.go:226: &{503387 1.1.1.1 [{1.1.1.1 false true default} {2.2.2.2 false true default}] true false none  []}
2024/01/09 08:03:12 api.go:41: [GET] Request >> https://api.gcore.com/cdn/resources?fields=status,description&originGroup=503387  
2024/01/09 08:03:13 billing_model.go:226: &{467686 Origins for server02.ktcdnteam.link [{210.104.79.216:80 false true default}] true true none  []}
2024/01/09 08:03:13 api.go:41: [GET] Request >> https://api.gcore.com/cdn/resources?fields=status,description&originGroup=467686  
2024/01/09 08:03:13 billing_model.go:204: 361345. server02.ktcdnteam.link 2023-12-26 14:11:40 active 
2024/01/09 08:03:13 billing_model.go:204: 379118. cloud11.kt.com 2024-01-02 10:26:14 active 
2024/01/09 08:03:13 billing_model.go:204: 393269. cloud.kt.com 2024-01-08 13:16:05 suspended 
2024/01/09 08:03:13 billing_model.go:204: 395596. gcore05.ktcdnteam.link 2024-01-09 09:45:06 active 
2024/01/09 08:03:14 billing_model.go:226: &{486194 origin01 [{cloud.kt.com:443 false true default} {gcore02.ktcdnteam.link true false default}] false true none  []}
2024/01/09 08:03:14 billing_model.go:226: &{491753 www.asdf.com [{www.asdf.com false true default} {www.nexon.com false true default}] false false none  []}
2024/01/09 08:03:14 billing_model.go:226: &{491121 nuxt [{nuxt.ktcdnteam.link:3000 false true default} {gcore02.ktcdnteam.link false true default}] false true none  []}
2024/01/09 08:09:21 api.go:41: [GET] Request >> https://api.gcore.com/cdn/resources  
2024/01/09 08:09:22 billing_model.go:204: 361345. server02.ktcdnteam.link 2023-12-26 14:11:40 active 
2024/01/09 08:09:22 billing_model.go:204: 379118. cloud11.kt.com 2024-01-02 10:26:14 active 
2024/01/09 08:09:22 billing_model.go:204: 393269. cloud.kt.com 2024-01-08 13:16:05 suspended 
2024/01/09 08:09:22 billing_model.go:204: 395596. gcore05.ktcdnteam.link 2024-01-09 09:45:06 active 
2024/01/09 08:09:34 api.go:41: [GET] Request >> https://api.gcore.com/cdn/origin_groups  
2024/01/09 08:13:24 main.go:28: Start api-server..
2024/01/09 08:13:24 server.go:9: Start api-server..
2024/01/09 08:24:37 main.go:28: Start api-server..
2024/01/09 08:24:37 server.go:9: Start api-server..
2024/01/09 08:25:12 api.go:41: [GET] Request >> https://api.gcore.com/cdn/resources  
2024/01/09 08:25:13 billing_model.go:204: 361345. server02.ktcdnteam.link 2023-12-26 14:11:40 active 
2024/01/09 08:25:13 billing_model.go:204: 379118. cloud11.kt.com 2024-01-02 10:26:14 active 
2024/01/09 08:25:13 billing_model.go:204: 393269. cloud.kt.com 2024-01-08 13:16:05 suspended 
2024/01/09 08:25:13 billing_model.go:204: 395596. gcore05.ktcdnteam.link 2024-01-09 09:45:06 active 
2024/01/09 08:25:21 api.go:41: [GET] Request >> https://api.gcore.com/cdn/resources  
2024/01/09 08:25:22 billing_model.go:204: 361345. server02.ktcdnteam.link 2023-12-26 14:11:40 active 
2024/01/09 08:25:22 billing_model.go:204: 379118. cloud11.kt.com 2024-01-02 10:26:14 active 
2024/01/09 08:25:22 billing_model.go:204: 393269. cloud.kt.com 2024-01-08 13:16:05 suspended 
2024/01/09 08:25:22 billing_model.go:204: 395596. gcore05.ktcdnteam.link 2024-01-09 09:45:06 active 
2024/01/09 08:28:56 api.go:41: [GET] Request >> https://api.gcore.com/cdn/resources  
2024/01/09 08:28:57 billing_model.go:204: 361345. server02.ktcdnteam.link 2023-12-26 14:11:40 active 
2024/01/09 08:28:57 billing_model.go:204: 379118. cloud11.kt.com 2024-01-02 10:26:14 active 
2024/01/09 08:28:57 billing_model.go:204: 393269. cloud.kt.com 2024-01-08 13:16:05 suspended 
2024/01/09 08:28:57 billing_model.go:204: 395596. gcore05.ktcdnteam.link 2024-01-09 09:45:06 active 
2024/01/09 08:50:46 api.go:41: [GET] Request >> https://api.gcore.com/cdn/resources  
2024/01/09 08:50:47 billing_model.go:204: 361345. server02.ktcdnteam.link 2023-12-26 14:11:40 active 
2024/01/09 08:50:47 billing_model.go:204: 379118. cloud11.kt.com 2024-01-02 10:26:14 active 
2024/01/09 08:50:47 billing_model.go:204: 393269. cloud.kt.com 2024-01-08 13:16:05 suspended 
2024/01/09 08:50:47 billing_model.go:204: 395596. gcore05.ktcdnteam.link 2024-01-09 09:45:06 active 
2024/01/09 08:50:49 api.go:41: [GET] Request >> https://api.gcore.com/cdn/resources  
2024/01/09 08:50:50 billing_model.go:204: 361345. server02.ktcdnteam.link 2023-12-26 14:11:40 active 
2024/01/09 08:50:50 billing_model.go:204: 379118. cloud11.kt.com 2024-01-02 10:26:14 active 
2024/01/09 08:50:50 billing_model.go:204: 393269. cloud.kt.com 2024-01-08 13:16:05 suspended 
2024/01/09 08:50:50 billing_model.go:204: 395596. gcore05.ktcdnteam.link 2024-01-09 09:45:06 active 
2024/01/09 08:50:51 api.go:41: [GET] Request >> https://api.gcore.com/cdn/origin_groups  
2024/01/09 08:50:52 billing_model.go:226: &{503387 1.1.1.1 [{1.1.1.1 false true default} {2.2.2.2 false true default}] true false none  []}
2024/01/09 08:50:52 api.go:41: [GET] Request >> https://api.gcore.com/cdn/resources?fields=status,description&originGroup=503387  
2024/01/09 08:50:53 billing_model.go:226: &{467686 Origins for server02.ktcdnteam.link [{210.104.79.216:80 false true default}] true true none  []}
2024/01/09 08:50:53 api.go:41: [GET] Request >> https://api.gcore.com/cdn/resources?fields=status,description&originGroup=467686  
2024/01/09 08:50:53 api.go:41: [GET] Request >> https://api.gcore.com/cdn/resources  
2024/01/09 08:50:54 billing_model.go:226: &{486194 origin01 [{cloud.kt.com:443 false true default} {gcore02.ktcdnteam.link true false default}] false true none  []}
2024/01/09 08:50:54 billing_model.go:226: &{491753 www.asdf.com [{www.asdf.com false true default} {www.nexon.com false true default}] false false none  []}
2024/01/09 08:50:54 billing_model.go:226: &{491121 nuxt [{nuxt.ktcdnteam.link:3000 false true default} {gcore02.ktcdnteam.link false true default}] false true none  []}
2024/01/09 08:50:54 billing_model.go:204: 361345. server02.ktcdnteam.link 2023-12-26 14:11:40 active 
2024/01/09 08:50:54 billing_model.go:204: 379118. cloud11.kt.com 2024-01-02 10:26:14 active 
2024/01/09 08:50:54 billing_model.go:204: 393269. cloud.kt.com 2024-01-08 13:16:05 suspended 
2024/01/09 08:50:54 billing_model.go:204: 395596. gcore05.ktcdnteam.link 2024-01-09 09:45:06 active 
2024/01/09 08:50:59 api.go:41: [GET] Request >> https://api.gcore.com/cdn/resources  
2024/01/09 08:51:00 billing_model.go:204: 361345. server02.ktcdnteam.link 2023-12-26 14:11:40 active 
2024/01/09 08:51:00 billing_model.go:204: 379118. cloud11.kt.com 2024-01-02 10:26:14 active 
2024/01/09 08:51:00 billing_model.go:204: 393269. cloud.kt.com 2024-01-08 13:16:05 suspended 
2024/01/09 08:51:00 billing_model.go:204: 395596. gcore05.ktcdnteam.link 2024-01-09 09:45:06 active 
2024/01/09 08:51:21 api.go:41: [GET] Request >> https://api.gcore.com/cdn/origin_groups  
2024/01/09 08:51:22 billing_model.go:226: &{503387 1.1.1.1 [{1.1.1.1 false true default} {2.2.2.2 false true default}] true false none  []}
2024/01/09 08:51:22 api.go:41: [GET] Request >> https://api.gcore.com/cdn/resources?fields=status,description&originGroup=503387  
2024/01/09 08:51:23 billing_model.go:226: &{467686 Origins for server02.ktcdnteam.link [{210.104.79.216:80 false true default}] true true none  []}
2024/01/09 08:51:23 api.go:41: [GET] Request >> https://api.gcore.com/cdn/resources?fields=status,description&originGroup=467686  
2024/01/09 08:51:24 billing_model.go:226: &{486194 origin01 [{cloud.kt.com:443 false true default} {gcore02.ktcdnteam.link true false default}] false true none  []}
2024/01/09 08:51:24 billing_model.go:226: &{491753 www.asdf.com [{www.asdf.com false true default} {www.nexon.com false true default}] false false none  []}
2024/01/09 08:51:24 billing_model.go:226: &{491121 nuxt [{nuxt.ktcdnteam.link:3000 false true default} {gcore02.ktcdnteam.link false true default}] false true none  []}
2024/01/09 08:51:24 api.go:41: [GET] Request >> https://api.gcore.com/cdn/origin_groups  
2024/01/09 08:51:25 billing_model.go:226: &{503387 1.1.1.1 [{1.1.1.1 false true default} {2.2.2.2 false true default}] true false none  []}
2024/01/09 08:51:25 api.go:41: [GET] Request >> https://api.gcore.com/cdn/resources?fields=status,description&originGroup=503387  
2024/01/09 08:51:26 billing_model.go:226: &{467686 Origins for server02.ktcdnteam.link [{210.104.79.216:80 false true default}] true true none  []}
2024/01/09 08:51:26 api.go:41: [GET] Request >> https://api.gcore.com/cdn/resources?fields=status,description&originGroup=467686  
2024/01/09 08:51:27 billing_model.go:226: &{486194 origin01 [{cloud.kt.com:443 false true default} {gcore02.ktcdnteam.link true false default}] false true none  []}
2024/01/09 08:51:27 billing_model.go:226: &{491753 www.asdf.com [{www.asdf.com false true default} {www.nexon.com false true default}] false false none  []}
2024/01/09 08:51:27 billing_model.go:226: &{491121 nuxt [{nuxt.ktcdnteam.link:3000 false true default} {gcore02.ktcdnteam.link false true default}] false true none  []}
2024/01/09 08:51:27 api.go:41: [GET] Request >> https://api.gcore.com/cdn/origin_groups  
2024/01/09 08:51:28 billing_model.go:226: &{503387 1.1.1.1 [{1.1.1.1 false true default} {2.2.2.2 false true default}] true false none  []}
2024/01/09 08:51:28 api.go:41: [GET] Request >> https://api.gcore.com/cdn/resources?fields=status,description&originGroup=503387  
2024/01/09 08:51:29 billing_model.go:226: &{467686 Origins for server02.ktcdnteam.link [{210.104.79.216:80 false true default}] true true none  []}
2024/01/09 08:51:29 api.go:41: [GET] Request >> https://api.gcore.com/cdn/resources?fields=status,description&originGroup=467686  
2024/01/09 08:51:30 api.go:41: [GET] Request >> https://api.gcore.com/cdn/resources  
2024/01/09 08:51:30 billing_model.go:226: &{486194 origin01 [{cloud.kt.com:443 false true default} {gcore02.ktcdnteam.link true false default}] false true none  []}
2024/01/09 08:51:30 billing_model.go:226: &{491753 www.asdf.com [{www.asdf.com false true default} {www.nexon.com false true default}] false false none  []}
2024/01/09 08:51:30 billing_model.go:226: &{491121 nuxt [{nuxt.ktcdnteam.link:3000 false true default} {gcore02.ktcdnteam.link false true default}] false true none  []}
2024/01/09 08:51:31 billing_model.go:204: 361345. server02.ktcdnteam.link 2023-12-26 14:11:40 active 
2024/01/09 08:51:31 billing_model.go:204: 379118. cloud11.kt.com 2024-01-02 10:26:14 active 
2024/01/09 08:51:31 billing_model.go:204: 393269. cloud.kt.com 2024-01-08 13:16:05 suspended 
2024/01/09 08:51:31 billing_model.go:204: 395596. gcore05.ktcdnteam.link 2024-01-09 09:45:06 active 
2024/01/09 10:25:11 api.go:41: [GET] Request >> https://api.gcore.com/cdn/resources  
2024/01/09 10:25:12 api.go:60: [Token ERROR] >> GET Token Start
2024/01/09 10:25:12 loadconf.go:69: [POST] NEW TOKEN >> {"username":"dlek55@naver.com","password":"number1Cloud!2#","one_time_password":""} 
2024/01/09 10:25:14 api.go:41: [GET] Request >> https://api.gcore.com/cdn/resources  
2024/01/09 10:25:15 billing_model.go:204: 361345. server02.ktcdnteam.link 2023-12-26 14:11:40 active 
2024/01/09 10:25:15 billing_model.go:204: 379118. cloud11.kt.com 2024-01-02 10:26:14 active 
2024/01/09 10:25:15 billing_model.go:204: 393269. cloud.kt.com 2024-01-08 13:16:05 suspended 
2024/01/09 10:25:15 billing_model.go:204: 395596. gcore05.ktcdnteam.link 2024-01-09 09:45:06 active 
2024/01/09 10:25:16 api.go:41: [GET] Request >> https://api.gcore.com/cdn/resources  
2024/01/09 10:25:17 billing_model.go:204: 361345. server02.ktcdnteam.link 2023-12-26 14:11:40 active 
2024/01/09 10:25:17 billing_model.go:204: 379118. cloud11.kt.com 2024-01-02 10:26:14 active 
2024/01/09 10:25:17 billing_model.go:204: 393269. cloud.kt.com 2024-01-08 13:16:05 suspended 
2024/01/09 10:25:17 billing_model.go:204: 395596. gcore05.ktcdnteam.link 2024-01-09 09:45:06 active 
2024/01/09 10:25:23 api.go:41: [GET] Request >> https://api.gcore.com/cdn/origin_groups  
2024/01/09 10:25:24 billing_model.go:226: &{503387 1.1.1.1 [{1.1.1.1 false true default} {2.2.2.2 false true default}] true false none  []}
2024/01/09 10:25:24 api.go:41: [GET] Request >> https://api.gcore.com/cdn/resources?fields=status,description&originGroup=503387  
2024/01/09 10:25:24 billing_model.go:226: &{467686 Origins for server02.ktcdnteam.link [{210.104.79.216:80 false true default}] true true none  []}
2024/01/09 10:25:24 api.go:41: [GET] Request >> https://api.gcore.com/cdn/resources?fields=status,description&originGroup=467686  
2024/01/09 10:25:25 billing_model.go:226: &{486194 origin01 [{cloud.kt.com:443 false true default} {gcore02.ktcdnteam.link true false default}] false true none  []}
2024/01/09 10:25:25 billing_model.go:226: &{491753 www.asdf.com [{www.asdf.com false true default} {www.nexon.com false true default}] false false none  []}
2024/01/09 10:25:25 billing_model.go:226: &{491121 nuxt [{nuxt.ktcdnteam.link:3000 false true default} {gcore02.ktcdnteam.link false true default}] false true none  []}
2024/01/09 10:26:00 api.go:41: [GET] Request >> https://api.gcore.com/cdn/resources  
2024/01/09 10:26:01 billing_model.go:204: 361345. server02.ktcdnteam.link 2023-12-26 14:11:40 active 
2024/01/09 10:26:01 billing_model.go:204: 379118. cloud11.kt.com 2024-01-02 10:26:14 active 
2024/01/09 10:26:01 billing_model.go:204: 393269. cloud.kt.com 2024-01-08 13:16:05 suspended 
2024/01/09 10:26:01 billing_model.go:204: 395596. gcore05.ktcdnteam.link 2024-01-09 09:45:06 active 
2024/01/09 10:26:23 api.go:41: [GET] Request >> https://api.gcore.com/cdn/origin_groups  
2024/01/09 10:39:19 main.go:28: Start api-server..
2024/01/09 10:39:19 server.go:9: Start api-server..
2024/01/09 10:39:21 api.go:41: [GET] Request >> https://api.gcore.com/cdn/resources  
2024/01/09 10:39:22 api.go:41: [GET] Request >> https://api.gcore.com/cdn/origin_groups  
2024/01/09 10:39:22 billing_model.go:204: 361345. server02.ktcdnteam.link 2023-12-26 14:11:40 active 
2024/01/09 10:39:22 billing_model.go:204: 379118. cloud11.kt.com 2024-01-02 10:26:14 active 
2024/01/09 10:39:22 billing_model.go:204: 393269. cloud.kt.com 2024-01-08 13:16:05 suspended 
2024/01/09 10:39:22 billing_model.go:204: 395596. gcore05.ktcdnteam.link 2024-01-09 09:45:06 active 
2024/01/09 10:40:10 api.go:41: [POST] Request >> https://api.gcore.com/cdn/resources {"sslEnabled":false,"sslData":null,"active":true,"originGroup":491753,"originProtocol":"HTTP","cname":"gcore06.ktcdnteam.link","description":"server05","origin":"","secondaryHostnames":[],"options":{"edge_cache_settings":{"enabled":true,"default":"4d"},"cache_expire":null,"stale":{"enabled":true,"value":["error","updating"]},"allowedHttpMethods":null,"cache_http_headers":null,"hostHeader":{"enabled":true,"value":"www.asdf.com"},"forward_host_header":null,"limit_bandwidth":null,"bot_protection":null}} 
2024/01/09 10:40:12 billing_model.go:367: {"id":396129,"options":{"custom_server_name":null,"slice":null,"gzipOn":null,"brotli_compression":null,"ignoreQueryString":null,"hostHeader":{"enabled":true,"value":"www.asdf.com"},"staticHeaders":null,"static_response_headers":null,"staticRequestHeaders":null,"allowedHttpMethods":null,"stale":{"enabled":true,"value":["error","updating"]},"cors":null,"proxy_cache_methods_set":null,"rewrite":null,"force_return":null,"secure_key":null,"cache_expire":null,"disable_cache":null,"ignore_cookie":null,"cache_http_headers":null,"response_headers_hiding_policy":null,"override_browser_ttl":null,"fetch_compressed":null,"disable_proxy_force_ranges":null,"redirect_http_to_https":null,"redirect_https_to_http":null,"sni":{"enabled":true,"sni_type":"dynamic","custom_hostname":""},"limit_bandwidth":null,"request_limiter":null,"bot_protection":null,"waf":null,"country_acl":null,"referrer_acl":null,"user_agent_acl":null,"ip_address_acl":null,"query_params_blacklist":null,"query_params_whitelist":null,"browser_cache_settings":null,"edge_cache_settings":{"enabled":true,"default":"4d"},"forward_host_header":null,"websockets":null,"use_default_le_chain":null,"use_rsa_le_cert":null,"use_dns01_le_challenge":null,"tls_versions":{"enabled":false,"value":["SSLv3","TLSv1","TLSv1.1","TLSv1.2","TLSv1.3"]},"follow_origin_redirect":null,"http3_enabled":null,"image_stack":null},"deleted":false,"secondaryHostnames":[],"rules":[],"client":250053,"status":"processed","active":true,"enabled":true,"preset_applied":false,"vp_enabled":false,"originGroup_name":"www.asdf.com","shielded":false,"shield_dc":null,"shield_enabled":false,"full_custom_enabled":false,"can_purge_by_urls":false,"name":null,"created":"2024-01-09T07:40:11.833398Z","updated":"2024-01-09T07:40:11.833415Z","originProtocol":"HTTP","cname":"gcore06.ktcdnteam.link","sslEnabled":false,"ssl_automated":false,"proxy_ssl_enabled":false,"suspend_date":null,"suspended":false,"is_primary":null,"description":"server05","originGroup":491753,"sslData":null,"proxy_ssl_ca":null,"proxy_ssl_data":null,"shield_routing_map":null,"primary_resource":null}
2024/01/09 10:40:17 api.go:41: [GET] Request >> https://api.gcore.com/cdn/resources  
2024/01/09 10:40:17 api.go:41: [GET] Request >> https://api.gcore.com/cdn/resources  
2024/01/09 10:40:18 billing_model.go:204: 361345. server02.ktcdnteam.link 2023-12-26 14:11:40 active 
2024/01/09 10:40:18 billing_model.go:204: 379118. cloud11.kt.com 2024-01-02 10:26:14 active 
2024/01/09 10:40:18 billing_model.go:204: 361345. server02.ktcdnteam.link 2023-12-26 14:11:40 active 
2024/01/09 10:40:18 billing_model.go:204: 379118. cloud11.kt.com 2024-01-02 10:26:14 active 
2024/01/09 10:40:18 billing_model.go:204: 393269. cloud.kt.com 2024-01-08 13:16:05 suspended 
2024/01/09 10:40:18 billing_model.go:204: 393269. cloud.kt.com 2024-01-08 13:16:05 suspended 
2024/01/09 10:40:18 billing_model.go:204: 395596. gcore05.ktcdnteam.link 2024-01-09 09:45:06 active 
2024/01/09 10:40:18 billing_model.go:204: 396129. gcore06.ktcdnteam.link 2024-01-09 16:40:11 processed 
2024/01/09 10:40:18 billing_model.go:204: 395596. gcore05.ktcdnteam.link 2024-01-09 09:45:06 active 
2024/01/09 10:40:18 billing_model.go:204: 396129. gcore06.ktcdnteam.link 2024-01-09 16:40:11 processed 
2024/01/09 10:41:48 api.go:41: [GET] Request >> https://api.gcore.com/cdn/resources  
2024/01/09 10:41:49 billing_model.go:204: 361345. server02.ktcdnteam.link 2023-12-26 14:11:40 active 
2024/01/09 10:41:49 billing_model.go:204: 379118. cloud11.kt.com 2024-01-02 10:26:14 active 
2024/01/09 10:41:49 billing_model.go:204: 393269. cloud.kt.com 2024-01-08 13:16:05 suspended 
2024/01/09 10:41:49 billing_model.go:204: 395596. gcore05.ktcdnteam.link 2024-01-09 09:45:06 active 
2024/01/09 10:41:49 billing_model.go:204: 396129. gcore06.ktcdnteam.link 2024-01-09 16:40:11 processed 
2024/01/09 10:41:56 api.go:41: [GET] Request >> https://api.gcore.com/cdn/origin_groups  
2024/01/09 10:41:57 billing_model.go:226: &{503387 1.1.1.1 [{1.1.1.1 false true default} {2.2.2.2 false true default}] true false none  []}
2024/01/09 10:41:57 api.go:41: [GET] Request >> https://api.gcore.com/cdn/resources?fields=status,description&originGroup=503387  
2024/01/09 10:41:58 billing_model.go:226: &{467686 Origins for server02.ktcdnteam.link [{210.104.79.216:80 false true default}] true true none  []}
2024/01/09 10:41:58 api.go:41: [GET] Request >> https://api.gcore.com/cdn/resources?fields=status,description&originGroup=467686  
2024/01/09 10:41:59 billing_model.go:226: &{486194 origin01 [{cloud.kt.com:443 false true default} {gcore02.ktcdnteam.link true false default}] false true none  []}
2024/01/09 10:41:59 billing_model.go:226: &{491753 www.asdf.com [{www.asdf.com false true default} {www.nexon.com false true default}] true false none  []}
2024/01/09 10:41:59 api.go:41: [GET] Request >> https://api.gcore.com/cdn/resources?fields=status,description&originGroup=491753  
2024/01/09 10:42:00 api.go:41: [GET] Request >> https://api.gcore.com/cdn/resources  
2024/01/09 10:42:00 billing_model.go:226: &{491121 nuxt [{nuxt.ktcdnteam.link:3000 false true default} {gcore02.ktcdnteam.link false true default}] false true none  []}
2024/01/09 10:42:01 billing_model.go:204: 361345. server02.ktcdnteam.link 2023-12-26 14:11:40 active 
2024/01/09 10:42:01 billing_model.go:204: 379118. cloud11.kt.com 2024-01-02 10:26:14 active 
2024/01/09 10:42:01 billing_model.go:204: 393269. cloud.kt.com 2024-01-08 13:16:05 suspended 
2024/01/09 10:42:01 billing_model.go:204: 395596. gcore05.ktcdnteam.link 2024-01-09 09:45:06 active 
2024/01/09 10:42:01 billing_model.go:204: 396129. gcore06.ktcdnteam.link 2024-01-09 16:40:11 processed 
2024/01/09 10:43:14 main.go:28: Start api-server..
2024/01/09 10:43:14 server.go:9: Start api-server..
2024/01/09 10:43:18 api.go:41: [GET] Request >> https://api.gcore.com/cdn/origin_groups  
2024/01/09 10:43:19 billing_model.go:226: &{503387 1.1.1.1 [{1.1.1.1 false true default} {2.2.2.2 false true default}] true false none  []}
2024/01/09 10:43:19 api.go:41: [GET] Request >> https://api.gcore.com/cdn/resources?fields=status,description&originGroup=503387  
2024/01/09 10:43:20 billing_model.go:226: &{467686 Origins for server02.ktcdnteam.link [{210.104.79.216:80 false true default}] true true none  []}
2024/01/09 10:43:20 api.go:41: [GET] Request >> https://api.gcore.com/cdn/resources?fields=status,description&originGroup=467686  
2024/01/09 10:43:20 billing_model.go:226: &{486194 origin01 [{cloud.kt.com:443 false true default} {gcore02.ktcdnteam.link true false default}] false true none  []}
2024/01/09 10:43:20 billing_model.go:226: &{491753 www.asdf.com [{www.asdf.com false true default} {www.nexon.com false true default}] true false none  []}
2024/01/09 10:43:20 api.go:41: [GET] Request >> https://api.gcore.com/cdn/resources?fields=status,description&originGroup=491753  
2024/01/09 10:43:21 billing_model.go:226: &{491121 nuxt [{nuxt.ktcdnteam.link:3000 false true default} {gcore02.ktcdnteam.link false true default}] false true none  []}
2024/01/09 10:43:26 api.go:41: [GET] Request >> https://api.gcore.com/cdn/resources  
2024/01/09 10:43:26 api.go:41: [GET] Request >> https://api.gcore.com/cdn/origin_groups  
2024/01/09 10:43:27 billing_model.go:204: 361345. server02.ktcdnteam.link 2023-12-26 14:11:40 active 
2024/01/09 10:43:27 billing_model.go:204: 379118. cloud11.kt.com 2024-01-02 10:26:14 active 
2024/01/09 10:43:27 billing_model.go:204: 393269. cloud.kt.com 2024-01-08 13:16:05 suspended 
2024/01/09 10:43:27 billing_model.go:204: 395596. gcore05.ktcdnteam.link 2024-01-09 09:45:06 active 
2024/01/09 10:43:27 billing_model.go:204: 396129. gcore06.ktcdnteam.link 2024-01-09 16:40:11 processed 
2024/01/09 10:43:40 api.go:41: [POST] Request >> https://api.gcore.com/cdn/resources {"sslEnabled":false,"sslData":null,"active":true,"originGroup":503387,"originProtocol":"HTTP","cname":"gcore06.ktcdnteam.link","description":"server06","origin":"","secondaryHostnames":[],"options":{"edge_cache_settings":{"enabled":true,"default":"4d"},"cache_expire":null,"stale":{"enabled":true,"value":["error","updating"]},"allowedHttpMethods":null,"cache_http_headers":null,"hostHeader":{"enabled":true,"value":"1.1.1.1"},"forward_host_header":null,"limit_bandwidth":null,"bot_protection":null}} 
2024/01/09 10:43:41 api.go:71: POST https://api.gcore.com/cdn/resources >>> [ERROR : 400] {"errors":{"cname":["CNAME gcore06.ktcdnteam.link is used in Resource ID 396129. Try another CNAME or contact support."]}} 
2024/01/09 10:43:41 api.go:82: json: cannot unmarshal array into Go struct field ErrorResponse.errors of type string
2024/01/09 10:43:41 api.go:85: map[cname:]
2024/01/09 10:43:41 api.go:91: [ERROR : cname]  
2024/01/09 10:43:41 billing_model.go:364: Unknown error
2024/01/09 10:43:41 route.go:88: Unknown error
2024/01/09 10:43:45 api.go:41: [GET] Request >> https://api.gcore.com/cdn/resources  
2024/01/09 10:43:46 billing_model.go:204: 361345. server02.ktcdnteam.link 2023-12-26 14:11:40 active 
2024/01/09 10:43:46 billing_model.go:204: 379118. cloud11.kt.com 2024-01-02 10:26:14 active 
2024/01/09 10:43:46 billing_model.go:204: 393269. cloud.kt.com 2024-01-08 13:16:05 suspended 
2024/01/09 10:43:46 billing_model.go:204: 395596. gcore05.ktcdnteam.link 2024-01-09 09:45:06 active 
2024/01/09 10:43:46 billing_model.go:204: 396129. gcore06.ktcdnteam.link 2024-01-09 16:40:11 processed 
2024/01/09 10:46:28 api.go:41: [GET] Request >> https://api.gcore.com/cdn/origin_groups  
2024/01/09 10:46:31 api.go:41: [POST] Request >> https://api.gcore.com/cdn/resources {"sslEnabled":false,"sslData":null,"active":true,"originGroup":503387,"originProtocol":"HTTP","cname":"gcore06.ktcdnteam.link","description":"server06","origin":"","secondaryHostnames":[],"options":{"edge_cache_settings":{"enabled":true,"default":"4d"},"cache_expire":null,"stale":{"enabled":true,"value":["error","updating"]},"allowedHttpMethods":null,"cache_http_headers":null,"hostHeader":{"enabled":true,"value":"1.1.1.1"},"forward_host_header":null,"limit_bandwidth":null,"bot_protection":null}} 
2024/01/09 10:46:33 api.go:71: POST https://api.gcore.com/cdn/resources >>> [ERROR : 400] {"errors":{"cname":["CNAME gcore06.ktcdnteam.link is used in Resource ID 396129. Try another CNAME or contact support."]}} 
2024/01/09 10:46:33 api.go:82: json: cannot unmarshal array into Go struct field ErrorResponse.errors of type string
2024/01/09 10:46:33 api.go:85: map[cname:]
2024/01/09 10:46:33 api.go:91: [ERROR : cname]  
2024/01/09 10:46:33 billing_model.go:364: Unknown error
2024/01/09 10:46:33 route.go:88: Unknown error
2024/01/09 10:46:36 api.go:41: [GET] Request >> https://api.gcore.com/cdn/resources  
2024/01/09 10:46:37 billing_model.go:204: 361345. server02.ktcdnteam.link 2023-12-26 14:11:40 active 
2024/01/09 10:46:37 billing_model.go:204: 379118. cloud11.kt.com 2024-01-02 10:26:14 active 
2024/01/09 10:46:37 billing_model.go:204: 393269. cloud.kt.com 2024-01-08 13:16:05 suspended 
2024/01/09 10:46:37 billing_model.go:204: 395596. gcore05.ktcdnteam.link 2024-01-09 09:45:06 active 
2024/01/09 10:46:37 billing_model.go:204: 396129. gcore06.ktcdnteam.link 2024-01-09 16:40:11 processed 
2024/01/09 10:50:58 api.go:41: [GET] Request >> https://api.gcore.com/cdn/resources  
2024/01/09 10:50:59 billing_model.go:204: 361345. server02.ktcdnteam.link 2023-12-26 14:11:40 active 
2024/01/09 10:50:59 billing_model.go:204: 379118. cloud11.kt.com 2024-01-02 10:26:14 active 
2024/01/09 10:50:59 billing_model.go:204: 393269. cloud.kt.com 2024-01-08 13:16:05 suspended 
2024/01/09 10:50:59 billing_model.go:204: 395596. gcore05.ktcdnteam.link 2024-01-09 09:45:06 active 
2024/01/09 10:50:59 billing_model.go:204: 396129. gcore06.ktcdnteam.link 2024-01-09 16:40:11 processed 
2024/01/09 10:51:17 api.go:41: [GET] Request >> https://api.gcore.com/cdn/resources  
2024/01/09 10:51:18 billing_model.go:204: 361345. server02.ktcdnteam.link 2023-12-26 14:11:40 active 
2024/01/09 10:51:18 billing_model.go:204: 379118. cloud11.kt.com 2024-01-02 10:26:14 active 
2024/01/09 10:51:18 billing_model.go:204: 393269. cloud.kt.com 2024-01-08 13:16:05 suspended 
2024/01/09 10:51:18 billing_model.go:204: 395596. gcore05.ktcdnteam.link 2024-01-09 09:45:06 active 
2024/01/09 10:51:18 billing_model.go:204: 396129. gcore06.ktcdnteam.link 2024-01-09 16:40:11 processed 
2024/01/09 10:51:45 api.go:41: [GET] Request >> https://api.gcore.com/cdn/origin_groups  
2024/01/09 10:51:47 billing_model.go:226: &{503387 1.1.1.1 [{1.1.1.1 false true default} {2.2.2.2 false true default}] true false none  []}
2024/01/09 10:51:47 api.go:41: [GET] Request >> https://api.gcore.com/cdn/resources?fields=status,description&originGroup=503387  
2024/01/09 10:51:48 billing_model.go:226: &{467686 Origins for server02.ktcdnteam.link [{210.104.79.216:80 false true default}] true true none  []}
2024/01/09 10:51:48 api.go:41: [GET] Request >> https://api.gcore.com/cdn/resources?fields=status,description&originGroup=467686  
2024/01/09 10:51:49 billing_model.go:226: &{486194 origin01 [{cloud.kt.com:443 false true default} {gcore02.ktcdnteam.link true false default}] false true none  []}
2024/01/09 10:51:49 billing_model.go:226: &{491753 www.asdf.com [{www.asdf.com false true default} {www.nexon.com false true default}] true false none  []}
2024/01/09 10:51:49 api.go:41: [GET] Request >> https://api.gcore.com/cdn/resources?fields=status,description&originGroup=491753  
2024/01/09 10:51:50 billing_model.go:226: &{491121 nuxt [{nuxt.ktcdnteam.link:3000 false true default} {gcore02.ktcdnteam.link false true default}] false true none  []}
2024/01/09 10:51:50 api.go:41: [GET] Request >> https://api.gcore.com/cdn/resources  
2024/01/09 10:51:50 api.go:41: [GET] Request >> https://api.gcore.com/cdn/origin_groups  
2024/01/09 10:51:51 billing_model.go:204: 361345. server02.ktcdnteam.link 2023-12-26 14:11:40 active 
2024/01/09 10:51:51 billing_model.go:204: 379118. cloud11.kt.com 2024-01-02 10:26:14 active 
2024/01/09 10:51:51 billing_model.go:204: 393269. cloud.kt.com 2024-01-08 13:16:05 suspended 
2024/01/09 10:51:51 billing_model.go:204: 395596. gcore05.ktcdnteam.link 2024-01-09 09:45:06 active 
2024/01/09 10:51:51 billing_model.go:204: 396129. gcore06.ktcdnteam.link 2024-01-09 16:40:11 processed 
2024/01/09 10:52:05 api.go:41: [POST] Request >> https://api.gcore.com/cdn/resources {"sslEnabled":false,"sslData":null,"active":true,"originGroup":503387,"originProtocol":"HTTP","cname":"gcore06.ktcdnteam.link","description":"sdfg","origin":"","secondaryHostnames":[],"options":{"edge_cache_settings":{"enabled":true,"default":"4d"},"cache_expire":null,"stale":{"enabled":true,"value":["error","updating"]},"allowedHttpMethods":null,"cache_http_headers":null,"hostHeader":{"enabled":true,"value":"1.1.1.1"},"forward_host_header":null,"limit_bandwidth":null,"bot_protection":null}} 
2024/01/09 10:52:06 api.go:71: POST https://api.gcore.com/cdn/resources >>> [ERROR : 400] {"errors":{"cname":["CNAME gcore06.ktcdnteam.link is used in Resource ID 396129. Try another CNAME or contact support."]}} 
2024/01/09 10:52:06 api.go:82: json: cannot unmarshal array into Go struct field ErrorResponse.errors of type string
2024/01/09 10:52:06 api.go:85: map[cname:]
2024/01/09 10:52:06 api.go:91: [ERROR : cname]  
2024/01/09 10:52:06 billing_model.go:364: Unknown error
2024/01/09 10:52:06 route.go:88: Unknown error
2024/01/09 10:52:09 api.go:41: [GET] Request >> https://api.gcore.com/cdn/resources  
2024/01/09 10:52:11 billing_model.go:204: 361345. server02.ktcdnteam.link 2023-12-26 14:11:40 active 
2024/01/09 10:52:11 billing_model.go:204: 379118. cloud11.kt.com 2024-01-02 10:26:14 active 
2024/01/09 10:52:11 billing_model.go:204: 393269. cloud.kt.com 2024-01-08 13:16:05 suspended 
2024/01/09 10:52:11 billing_model.go:204: 395596. gcore05.ktcdnteam.link 2024-01-09 09:45:06 active 
2024/01/09 10:52:11 billing_model.go:204: 396129. gcore06.ktcdnteam.link 2024-01-09 16:40:11 processed 
2024/01/09 11:01:27 main.go:28: Start api-server..
2024/01/09 11:01:27 server.go:9: Start api-server..
2024/01/09 11:01:30 api.go:46: [GET] Request >> https://api.gcore.com/cdn/origin_groups  
2024/01/09 11:01:36 api.go:46: [GET] Request >> https://api.gcore.com/cdn/resources  
2024/01/09 11:01:37 api.go:46: [GET] Request >> https://api.gcore.com/cdn/origin_groups  
2024/01/09 11:01:37 billing_model.go:204: 361345. server02.ktcdnteam.link 2023-12-26 14:11:40 active 
2024/01/09 11:01:37 billing_model.go:204: 379118. cloud11.kt.com 2024-01-02 10:26:14 active 
2024/01/09 11:01:37 billing_model.go:204: 393269. cloud.kt.com 2024-01-08 13:16:05 suspended 
2024/01/09 11:01:37 billing_model.go:204: 395596. gcore05.ktcdnteam.link 2024-01-09 09:45:06 active 
2024/01/09 11:01:37 billing_model.go:204: 396129. gcore06.ktcdnteam.link 2024-01-09 16:40:11 active 
2024/01/09 11:01:44 api.go:46: [GET] Request >> https://api.gcore.com/cdn/origin_groups  
2024/01/09 11:01:53 api.go:46: [POST] Request >> https://api.gcore.com/cdn/resources {"sslEnabled":false,"sslData":null,"active":true,"originGroup":503387,"originProtocol":"HTTP","cname":"gcore06.ktcdnteam.link","description":"asdf","origin":"","secondaryHostnames":[],"options":{"edge_cache_settings":{"enabled":true,"default":"4d"},"cache_expire":null,"stale":{"enabled":true,"value":["error","updating"]},"allowedHttpMethods":null,"cache_http_headers":null,"hostHeader":{"enabled":true,"value":"1.1.1.1"},"forward_host_header":null,"limit_bandwidth":null,"bot_protection":null}} 
2024/01/09 11:01:54 api.go:76: POST https://api.gcore.com/cdn/resources >>> [ERROR : 400] {"errors":{"cname":["CNAME gcore06.ktcdnteam.link is used in Resource ID 396129. Try another CNAME or contact support."]}} 
2024/01/09 11:01:54 api.go:99: json: cannot unmarshal array into Go struct field ErrorResponse.errors of type string
2024/01/09 11:01:54 api.go:102: map[cname:]
2024/01/09 11:01:54 api.go:108: [ERROR : cname]  
2024/01/09 11:01:54 billing_model.go:365: Unknown error
2024/01/09 11:01:54 route.go:88: Unknown error
2024/01/09 11:01:57 api.go:46: [GET] Request >> https://api.gcore.com/cdn/resources  
2024/01/09 11:01:58 billing_model.go:204: 361345. server02.ktcdnteam.link 2023-12-26 14:11:40 active 
2024/01/09 11:01:58 billing_model.go:204: 379118. cloud11.kt.com 2024-01-02 10:26:14 active 
2024/01/09 11:01:58 billing_model.go:204: 393269. cloud.kt.com 2024-01-08 13:16:05 suspended 
2024/01/09 11:01:58 billing_model.go:204: 395596. gcore05.ktcdnteam.link 2024-01-09 09:45:06 active 
2024/01/09 11:01:58 billing_model.go:204: 396129. gcore06.ktcdnteam.link 2024-01-09 16:40:11 active 
2024/01/09 11:02:44 main.go:28: Start api-server..
2024/01/09 11:02:44 server.go:9: Start api-server..
2024/01/09 11:02:49 api.go:46: [GET] Request >> https://api.gcore.com/cdn/origin_groups  
2024/01/09 11:02:50 api.go:46: [POST] Request >> https://api.gcore.com/cdn/resources {"sslEnabled":false,"sslData":null,"active":true,"originGroup":0,"originProtocol":"HTTP","cname":"gcore06.ktcdnteam.link","description":"asdf","origin":"","secondaryHostnames":[],"options":{"edge_cache_settings":{"enabled":true,"default":"4d"},"cache_expire":null,"stale":{"enabled":true,"value":["error","updating"]},"allowedHttpMethods":null,"cache_http_headers":null,"hostHeader":{"enabled":true,"value":""},"forward_host_header":null,"limit_bandwidth":null,"bot_protection":null}} 
2024/01/09 11:02:51 api.go:76: POST https://api.gcore.com/cdn/resources >>> [ERROR : 400] {"errors":{"options":{"hostHeader":{"value":["This field may not be blank."]}},"originGroup":["Invalid pk \"0\" - object does not exist."]}} 
2024/01/09 11:02:51 api.go:83: https://api.gcore.com/cdn/resources POST
2024/01/09 11:02:51 api.go:100: json: cannot unmarshal object into Go struct field ErrorResponse.errors of type string
2024/01/09 11:02:51 api.go:103: map[options: originGroup:]
2024/01/09 11:02:51 api.go:109: [ERROR : options]  
2024/01/09 11:02:51 billing_model.go:365: Unknown error
2024/01/09 11:02:51 route.go:88: Unknown error
2024/01/09 11:02:54 api.go:46: [GET] Request >> https://api.gcore.com/cdn/resources  
2024/01/09 11:02:55 billing_model.go:204: 361345. server02.ktcdnteam.link 2023-12-26 14:11:40 active 
2024/01/09 11:02:55 billing_model.go:204: 379118. cloud11.kt.com 2024-01-02 10:26:14 active 
2024/01/09 11:02:55 billing_model.go:204: 393269. cloud.kt.com 2024-01-08 13:16:05 suspended 
2024/01/09 11:02:55 billing_model.go:204: 395596. gcore05.ktcdnteam.link 2024-01-09 09:45:06 active 
2024/01/09 11:02:55 billing_model.go:204: 396129. gcore06.ktcdnteam.link 2024-01-09 16:40:11 active 
2024/01/09 11:03:27 main.go:28: Start api-server..
2024/01/09 11:03:27 server.go:9: Start api-server..
2024/01/09 11:03:29 api.go:46: [POST] Request >> https://api.gcore.com/cdn/resources {"sslEnabled":false,"sslData":null,"active":true,"originGroup":0,"originProtocol":"HTTP","cname":"gcore06.ktcdnteam.link","description":"asdf","origin":"","secondaryHostnames":[],"options":{"edge_cache_settings":{"enabled":true,"default":"4d"},"cache_expire":null,"stale":{"enabled":true,"value":["error","updating"]},"allowedHttpMethods":null,"cache_http_headers":null,"hostHeader":{"enabled":true,"value":""},"forward_host_header":null,"limit_bandwidth":null,"bot_protection":null}} 
2024/01/09 11:03:30 api.go:76: POST https://api.gcore.com/cdn/resources >>> [ERROR : 400] {"errors":{"options":{"hostHeader":{"value":["This field may not be blank."]}},"originGroup":["Invalid pk \"0\" - object does not exist."]}} 
2024/01/09 11:03:30 billing_model.go:365: Unknown error
2024/01/09 11:03:30 route.go:88: Unknown error
2024/01/09 11:03:33 api.go:46: [GET] Request >> https://api.gcore.com/cdn/resources  
2024/01/09 11:03:33 billing_model.go:204: 361345. server02.ktcdnteam.link 2023-12-26 14:11:40 active 
2024/01/09 11:03:33 billing_model.go:204: 379118. cloud11.kt.com 2024-01-02 10:26:14 active 
2024/01/09 11:03:33 billing_model.go:204: 393269. cloud.kt.com 2024-01-08 13:16:05 suspended 
2024/01/09 11:03:33 billing_model.go:204: 395596. gcore05.ktcdnteam.link 2024-01-09 09:45:06 active 
2024/01/09 11:03:33 billing_model.go:204: 396129. gcore06.ktcdnteam.link 2024-01-09 16:40:11 active 
2024/01/09 11:03:50 api.go:46: [GET] Request >> https://api.gcore.com/cdn/resources  
2024/01/09 11:03:51 billing_model.go:204: 361345. server02.ktcdnteam.link 2023-12-26 14:11:40 active 
2024/01/09 11:03:51 billing_model.go:204: 379118. cloud11.kt.com 2024-01-02 10:26:14 active 
2024/01/09 11:03:51 billing_model.go:204: 393269. cloud.kt.com 2024-01-08 13:16:05 suspended 
2024/01/09 11:03:51 billing_model.go:204: 395596. gcore05.ktcdnteam.link 2024-01-09 09:45:06 active 
2024/01/09 11:03:51 billing_model.go:204: 396129. gcore06.ktcdnteam.link 2024-01-09 16:40:11 active 
2024/01/09 11:03:51 api.go:46: [GET] Request >> https://api.gcore.com/cdn/origin_groups  
2024/01/09 11:03:54 api.go:46: [GET] Request >> https://api.gcore.com/cdn/origin_groups  
2024/01/09 11:04:16 main.go:28: Start api-server..
2024/01/09 11:04:16 server.go:9: Start api-server..
2024/01/09 11:07:22 api.go:46: [POST] Request >> https://api.gcore.com/cdn/resources {"sslEnabled":false,"sslData":null,"active":true,"originGroup":503387,"originProtocol":"HTTP","cname":"gcore06.ktcdnteam.link","description":"asdf","origin":"","secondaryHostnames":[],"options":{"edge_cache_settings":{"enabled":true,"default":"4d"},"cache_expire":null,"stale":{"enabled":true,"value":["error","updating"]},"allowedHttpMethods":null,"cache_http_headers":null,"hostHeader":{"enabled":true,"value":"1.1.1.1"},"forward_host_header":null,"limit_bandwidth":null,"bot_protection":null}} 
2024/01/09 11:07:23 api.go:76: POST https://api.gcore.com/cdn/resources >>> [ERROR : 400] {"errors":{"cname":["CNAME gcore06.ktcdnteam.link is used in Resource ID 396129. Try another CNAME or contact support."]}} 
2024/01/09 11:07:23 billing_model.go:365: CNAME gcore06.ktcdnteam.link is used in Resource ID 396129. Try another CNAME or contact support.
2024/01/09 11:07:23 route.go:88: CNAME gcore06.ktcdnteam.link is used in Resource ID 396129. Try another CNAME or contact support.
2024/01/09 11:07:26 api.go:46: [GET] Request >> https://api.gcore.com/cdn/resources  
2024/01/09 11:07:27 billing_model.go:204: 361345. server02.ktcdnteam.link 2023-12-26 14:11:40 active 
2024/01/09 11:07:27 billing_model.go:204: 379118. cloud11.kt.com 2024-01-02 10:26:14 active 
2024/01/09 11:07:27 billing_model.go:204: 393269. cloud.kt.com 2024-01-08 13:16:05 suspended 
2024/01/09 11:07:27 billing_model.go:204: 395596. gcore05.ktcdnteam.link 2024-01-09 09:45:06 active 
2024/01/09 11:07:27 billing_model.go:204: 396129. gcore06.ktcdnteam.link 2024-01-09 16:40:11 active 
2024/01/09 11:19:25 main.go:28: Start api-server..
2024/01/09 11:19:25 server.go:9: Start api-server..
2024/01/09 11:19:27 api.go:60: [POST] Request >> https://api.gcore.com/cdn/resources {"sslEnabled":false,"sslData":null,"active":true,"originGroup":0,"originProtocol":"HTTP","cname":"gcore06.ktcdnteam.link","description":"asdf","origin":"","secondaryHostnames":[],"options":{"edge_cache_settings":{"enabled":true,"default":"4d"},"cache_expire":null,"stale":{"enabled":true,"value":["error","updating"]},"allowedHttpMethods":null,"cache_http_headers":null,"hostHeader":{"enabled":true,"value":""},"forward_host_header":null,"limit_bandwidth":null,"bot_protection":null}} 
2024/01/09 11:19:28 api.go:90: POST https://api.gcore.com/cdn/resources >>> [ERROR : 400] {"errors":{"options":{"hostHeader":{"value":["This field may not be blank."]}},"originGroup":["Invalid pk \"0\" - object does not exist."]}} 
2024/01/09 11:19:28 billing_model.go:365: Unknown error
2024/01/09 11:19:28 route.go:88: Unknown error
2024/01/09 11:19:31 api.go:60: [GET] Request >> https://api.gcore.com/cdn/resources  
2024/01/09 11:19:32 billing_model.go:204: 361345. server02.ktcdnteam.link 2023-12-26 14:11:40 active 
2024/01/09 11:19:32 billing_model.go:204: 379118. cloud11.kt.com 2024-01-02 10:26:14 active 
2024/01/09 11:19:32 billing_model.go:204: 393269. cloud.kt.com 2024-01-08 13:16:05 suspended 
2024/01/09 11:19:32 billing_model.go:204: 395596. gcore05.ktcdnteam.link 2024-01-09 09:45:06 active 
2024/01/09 11:19:32 billing_model.go:204: 396129. gcore06.ktcdnteam.link 2024-01-09 16:40:11 active 
2024/01/09 11:21:27 main.go:28: Start api-server..
2024/01/09 11:21:27 server.go:9: Start api-server..
2024/01/09 11:21:31 api.go:60: [GET] Request >> https://api.gcore.com/cdn/origin_groups  
2024/01/09 11:21:32 api.go:60: [POST] Request >> https://api.gcore.com/cdn/resources {"sslEnabled":false,"sslData":null,"active":true,"originGroup":0,"originProtocol":"HTTP","cname":"gcore06.ktcdnteam.link","description":"asdf","origin":"","secondaryHostnames":[],"options":{"edge_cache_settings":{"enabled":true,"default":"4d"},"cache_expire":null,"stale":{"enabled":true,"value":["error","updating"]},"allowedHttpMethods":null,"cache_http_headers":null,"hostHeader":{"enabled":true,"value":""},"forward_host_header":null,"limit_bandwidth":null,"bot_protection":null}} 
2024/01/09 11:21:33 api.go:90: POST https://api.gcore.com/cdn/resources >>> [ERROR : 400] {"errors":{"options":{"hostHeader":{"value":["This field may not be blank."]}},"originGroup":["Invalid pk \"0\" - object does not exist."]}} 
2024/01/09 11:21:33 billing_model.go:365: Unknown error
2024/01/09 11:21:33 route.go:88: Unknown error
2024/01/09 11:21:37 api.go:60: [GET] Request >> https://api.gcore.com/cdn/resources  
2024/01/09 11:21:38 billing_model.go:204: 361345. server02.ktcdnteam.link 2023-12-26 14:11:40 active 
2024/01/09 11:21:38 billing_model.go:204: 379118. cloud11.kt.com 2024-01-02 10:26:14 active 
2024/01/09 11:21:38 billing_model.go:204: 393269. cloud.kt.com 2024-01-08 13:16:05 suspended 
2024/01/09 11:21:38 billing_model.go:204: 395596. gcore05.ktcdnteam.link 2024-01-09 09:45:06 active 
2024/01/09 11:21:38 billing_model.go:204: 396129. gcore06.ktcdnteam.link 2024-01-09 16:40:11 active 
2024/01/09 11:24:20 main.go:28: Start api-server..
2024/01/09 11:24:20 server.go:9: Start api-server..
2024/01/09 11:24:22 api.go:60: [GET] Request >> https://api.gcore.com/cdn/resources  
2024/01/09 11:24:23 api.go:60: [GET] Request >> https://api.gcore.com/cdn/origin_groups  
2024/01/09 11:24:23 billing_model.go:204: 361345. server02.ktcdnteam.link 2023-12-26 14:11:40 active 
2024/01/09 11:24:23 billing_model.go:204: 379118. cloud11.kt.com 2024-01-02 10:26:14 active 
2024/01/09 11:24:23 billing_model.go:204: 393269. cloud.kt.com 2024-01-08 13:16:05 suspended 
2024/01/09 11:24:23 billing_model.go:204: 395596. gcore05.ktcdnteam.link 2024-01-09 09:45:06 active 
2024/01/09 11:24:23 billing_model.go:204: 396129. gcore06.ktcdnteam.link 2024-01-09 16:40:11 active 
2024/01/09 11:24:41 api.go:60: [GET] Request >> https://api.gcore.com/cdn/origin_groups  
2024/01/09 11:24:44 api.go:60: [GET] Request >> https://api.gcore.com/cdn/origin_groups  
2024/01/09 11:24:46 api.go:60: [POST] Request >> https://api.gcore.com/cdn/resources {"sslEnabled":false,"sslData":null,"active":true,"originGroup":503387,"originProtocol":"HTTP","cname":"gcore05.ktcdnteam.link","description":"server05","origin":"","secondaryHostnames":[],"options":{"edge_cache_settings":{"enabled":true,"default":"4d"},"cache_expire":null,"stale":{"enabled":true,"value":["error","updating"]},"allowedHttpMethods":null,"cache_http_headers":null,"hostHeader":{"enabled":true,"value":"1.1.1.1"},"forward_host_header":null,"limit_bandwidth":null,"bot_protection":null}} 
2024/01/09 11:24:47 api.go:90: POST https://api.gcore.com/cdn/resources >>> [ERROR : 400] {"errors":{"cname":["CNAME gcore05.ktcdnteam.link is used in Resource ID 395596. Try another CNAME or contact support."]}} 
2024/01/09 11:24:47 billing_model.go:365:    CNAME. 
2024/01/09 11:24:47 route.go:88:    CNAME. 
2024/01/09 11:24:51 api.go:60: [GET] Request >> https://api.gcore.com/cdn/resources  
2024/01/09 11:24:52 billing_model.go:204: 361345. server02.ktcdnteam.link 2023-12-26 14:11:40 active 
2024/01/09 11:24:52 billing_model.go:204: 379118. cloud11.kt.com 2024-01-02 10:26:14 active 
2024/01/09 11:24:52 billing_model.go:204: 393269. cloud.kt.com 2024-01-08 13:16:05 suspended 
2024/01/09 11:24:52 billing_model.go:204: 395596. gcore05.ktcdnteam.link 2024-01-09 09:45:06 active 
2024/01/09 11:24:52 billing_model.go:204: 396129. gcore06.ktcdnteam.link 2024-01-09 16:40:11 active 
2024/01/09 11:25:24 api.go:60: [GET] Request >> https://api.gcore.com/cdn/resources  
2024/01/09 11:25:25 billing_model.go:204: 361345. server02.ktcdnteam.link 2023-12-26 14:11:40 active 
2024/01/09 11:25:25 billing_model.go:204: 379118. cloud11.kt.com 2024-01-02 10:26:14 active 
2024/01/09 11:25:25 billing_model.go:204: 393269. cloud.kt.com 2024-01-08 13:16:05 suspended 
2024/01/09 11:25:25 billing_model.go:204: 395596. gcore05.ktcdnteam.link 2024-01-09 09:45:06 active 
2024/01/09 11:25:25 billing_model.go:204: 396129. gcore06.ktcdnteam.link 2024-01-09 16:40:11 active 
2024/01/09 11:25:27 api.go:60: [GET] Request >> https://api.gcore.com/cdn/origin_groups  
2024/01/09 11:25:37 api.go:60: [POST] Request >> https://api.gcore.com/cdn/resources {"sslEnabled":false,"sslData":null,"active":true,"originGroup":503387,"originProtocol":"HTTP","cname":"gcore06.ktcdnteam.link","description":"server05","origin":"","secondaryHostnames":[],"options":{"edge_cache_settings":{"enabled":true,"default":"4d"},"cache_expire":null,"stale":{"enabled":true,"value":["error","updating"]},"allowedHttpMethods":null,"cache_http_headers":null,"hostHeader":{"enabled":true,"value":"1.1.1.1"},"forward_host_header":null,"limit_bandwidth":null,"bot_protection":null}} 
2024/01/09 11:25:38 api.go:90: POST https://api.gcore.com/cdn/resources >>> [ERROR : 400] {"errors":{"cname":["CNAME gcore06.ktcdnteam.link is used in Resource ID 396129. Try another CNAME or contact support."]}} 
2024/01/09 11:25:38 billing_model.go:365:    CNAME. 
2024/01/09 11:25:38 route.go:88:    CNAME. 
2024/01/09 11:26:03 api.go:60: [GET] Request >> https://api.gcore.com/cdn/origin_groups  
2024/01/09 11:26:12 api.go:60: [GET] Request >> https://api.gcore.com/cdn/resources  
2024/01/09 11:26:12 api.go:60: [GET] Request >> https://api.gcore.com/cdn/origin_groups  
2024/01/09 11:26:13 billing_model.go:204: 361345. server02.ktcdnteam.link 2023-12-26 14:11:40 active 
2024/01/09 11:26:13 billing_model.go:204: 379118. cloud11.kt.com 2024-01-02 10:26:14 active 
2024/01/09 11:26:13 billing_model.go:204: 393269. cloud.kt.com 2024-01-08 13:16:05 suspended 
2024/01/09 11:26:13 billing_model.go:204: 395596. gcore05.ktcdnteam.link 2024-01-09 09:45:06 active 
2024/01/09 11:26:13 billing_model.go:204: 396129. gcore06.ktcdnteam.link 2024-01-09 16:40:11 active 
2024/01/09 11:26:27 api.go:60: [POST] Request >> https://api.gcore.com/cdn/resources {"sslEnabled":false,"sslData":null,"active":true,"originGroup":503387,"originProtocol":"HTTP","cname":"gcore06.ktcdnteam.link","description":"server05","origin":"","secondaryHostnames":[],"options":{"edge_cache_settings":{"enabled":true,"default":"4d"},"cache_expire":null,"stale":{"enabled":true,"value":["error","updating"]},"allowedHttpMethods":null,"cache_http_headers":null,"hostHeader":{"enabled":true,"value":"1.1.1.1"},"forward_host_header":null,"limit_bandwidth":null,"bot_protection":null}} 
2024/01/09 11:26:28 api.go:90: POST https://api.gcore.com/cdn/resources >>> [ERROR : 400] {"errors":{"cname":["CNAME gcore06.ktcdnteam.link is used in Resource ID 396129. Try another CNAME or contact support."]}} 
2024/01/09 11:26:28 billing_model.go:365:    CNAME. 
2024/01/09 11:26:28 route.go:88:    CNAME. 
2024/01/09 11:26:31 api.go:60: [GET] Request >> https://api.gcore.com/cdn/resources  
2024/01/09 11:26:32 billing_model.go:204: 361345. server02.ktcdnteam.link 2023-12-26 14:11:40 active 
2024/01/09 11:26:32 billing_model.go:204: 379118. cloud11.kt.com 2024-01-02 10:26:14 active 
2024/01/09 11:26:32 billing_model.go:204: 393269. cloud.kt.com 2024-01-08 13:16:05 suspended 
2024/01/09 11:26:32 billing_model.go:204: 395596. gcore05.ktcdnteam.link 2024-01-09 09:45:06 active 
2024/01/09 11:26:32 billing_model.go:204: 396129. gcore06.ktcdnteam.link 2024-01-09 16:40:11 active 
2024/01/09 11:26:42 api.go:60: [GET] Request >> https://api.gcore.com/cdn/origin_groups  
2024/01/09 11:26:59 api.go:60: [GET] Request >> https://api.gcore.com/cdn/resources  
2024/01/09 11:27:00 billing_model.go:204: 361345. server02.ktcdnteam.link 2023-12-26 14:11:40 active 
2024/01/09 11:27:00 billing_model.go:204: 379118. cloud11.kt.com 2024-01-02 10:26:14 active 
2024/01/09 11:27:00 billing_model.go:204: 393269. cloud.kt.com 2024-01-08 13:16:05 suspended 
2024/01/09 11:27:00 billing_model.go:204: 395596. gcore05.ktcdnteam.link 2024-01-09 09:45:06 active 
2024/01/09 11:27:00 billing_model.go:204: 396129. gcore06.ktcdnteam.link 2024-01-09 16:40:11 active 
2024/01/09 11:27:06 api.go:60: [GET] Request >> https://api.gcore.com/cdn/resources  
2024/01/09 11:27:07 billing_model.go:204: 361345. server02.ktcdnteam.link 2023-12-26 14:11:40 active 
2024/01/09 11:27:07 billing_model.go:204: 379118. cloud11.kt.com 2024-01-02 10:26:14 active 
2024/01/09 11:27:07 billing_model.go:204: 393269. cloud.kt.com 2024-01-08 13:16:05 suspended 
2024/01/09 11:27:07 billing_model.go:204: 395596. gcore05.ktcdnteam.link 2024-01-09 09:45:06 active 
2024/01/09 11:27:07 billing_model.go:204: 396129. gcore06.ktcdnteam.link 2024-01-09 16:40:11 active 
2024/01/09 11:28:19 billing_model.go:396: &{[] [/cdn/* ] 361345}
2024/01/09 11:28:19 api.go:60: [POST] Request >> https://api.gcore.com/cdn/resources/361345/purge {"paths":["/cdn/*",""],"id":"361345"} 
2024/01/09 11:28:20 api.go:90: POST https://api.gcore.com/cdn/resources/361345/purge >>> [ERROR : 400] {"errors":{"paths":{"1":["This field may not be blank."]}}} 
2024/01/09 11:28:20 api.go:113: json: cannot unmarshal object into Go struct field ErrorResponse.errors of type string
2024/01/09 11:28:20 api.go:116: map[paths:]
2024/01/09 11:28:20 api.go:122: [ERROR : paths]  
2024/01/09 11:28:20 billing_model.go:399: Unknown error
2024/01/09 11:28:20 route.go:107: Unknown error
2024/01/09 11:28:23 api.go:60: [GET] Request >> https://api.gcore.com/cdn/resources  
2024/01/09 11:28:24 billing_model.go:204: 361345. server02.ktcdnteam.link 2023-12-26 14:11:40 active 
2024/01/09 11:28:24 billing_model.go:204: 379118. cloud11.kt.com 2024-01-02 10:26:14 active 
2024/01/09 11:28:24 billing_model.go:204: 393269. cloud.kt.com 2024-01-08 13:16:05 suspended 
2024/01/09 11:28:24 billing_model.go:204: 395596. gcore05.ktcdnteam.link 2024-01-09 09:45:06 active 
2024/01/09 11:28:24 billing_model.go:204: 396129. gcore06.ktcdnteam.link 2024-01-09 16:40:11 active 
2024/01/09 11:33:34 api.go:60: [GET] Request >> https://api.gcore.com/cdn/resources  
2024/01/09 11:33:35 billing_model.go:204: 361345. server02.ktcdnteam.link 2023-12-26 14:11:40 active 
2024/01/09 11:33:35 billing_model.go:204: 379118. cloud11.kt.com 2024-01-02 10:26:14 active 
2024/01/09 11:33:35 billing_model.go:204: 393269. cloud.kt.com 2024-01-08 13:16:05 suspended 
2024/01/09 11:33:35 billing_model.go:204: 395596. gcore05.ktcdnteam.link 2024-01-09 09:45:06 active 
2024/01/09 11:33:35 billing_model.go:204: 396129. gcore06.ktcdnteam.link 2024-01-09 16:40:11 active 
2024/01/09 11:33:36 billing_model.go:396: &{[] [/cdm/* ] 361345}
2024/01/09 11:33:36 api.go:60: [POST] Request >> https://api.gcore.com/cdn/resources/361345/purge {"paths":["/cdm/*",""],"id":"361345"} 
2024/01/09 11:33:37 api.go:90: POST https://api.gcore.com/cdn/resources/361345/purge >>> [ERROR : 400] {"errors":{"paths":{"1":["This field may not be blank."]}}} 
2024/01/09 11:33:37 api.go:113: json: cannot unmarshal object into Go struct field ErrorResponse.errors of type string
2024/01/09 11:33:37 api.go:116: map[paths:]
2024/01/09 11:33:37 api.go:122: [ERROR : paths]  
2024/01/09 11:33:37 billing_model.go:399: Unknown error
2024/01/09 11:33:37 route.go:107: Unknown error
2024/01/09 11:33:40 api.go:60: [GET] Request >> https://api.gcore.com/cdn/resources  
2024/01/09 11:33:41 billing_model.go:204: 361345. server02.ktcdnteam.link 2023-12-26 14:11:40 active 
2024/01/09 11:33:41 billing_model.go:204: 379118. cloud11.kt.com 2024-01-02 10:26:14 active 
2024/01/09 11:33:41 billing_model.go:204: 393269. cloud.kt.com 2024-01-08 13:16:05 suspended 
2024/01/09 11:33:41 billing_model.go:204: 395596. gcore05.ktcdnteam.link 2024-01-09 09:45:06 active 
2024/01/09 11:33:41 billing_model.go:204: 396129. gcore06.ktcdnteam.link 2024-01-09 16:40:11 active 
2024/01/09 11:36:41 main.go:28: Start api-server..
2024/01/09 11:36:42 server.go:9: Start api-server..
2024/01/09 11:36:43 api.go:60: [GET] Request >> https://api.gcore.com/cdn/resources  
2024/01/09 11:36:44 billing_model.go:204: 361345. server02.ktcdnteam.link 2023-12-26 14:11:40 active 
2024/01/09 11:36:44 billing_model.go:204: 379118. cloud11.kt.com 2024-01-02 10:26:14 active 
2024/01/09 11:36:44 billing_model.go:204: 393269. cloud.kt.com 2024-01-08 13:16:05 suspended 
2024/01/09 11:36:44 billing_model.go:204: 395596. gcore05.ktcdnteam.link 2024-01-09 09:45:06 active 
2024/01/09 11:36:44 billing_model.go:204: 396129. gcore06.ktcdnteam.link 2024-01-09 16:40:11 active 
2024/01/09 11:37:04 api.go:60: [GET] Request >> https://api.gcore.com/cdn/resources  
2024/01/09 11:37:05 billing_model.go:204: 361345. server02.ktcdnteam.link 2023-12-26 14:11:40 active 
2024/01/09 11:37:05 billing_model.go:204: 379118. cloud11.kt.com 2024-01-02 10:26:14 active 
2024/01/09 11:37:05 billing_model.go:204: 393269. cloud.kt.com 2024-01-08 13:16:05 suspended 
2024/01/09 11:37:05 billing_model.go:204: 395596. gcore05.ktcdnteam.link 2024-01-09 09:45:06 active 
2024/01/09 11:37:05 billing_model.go:204: 396129. gcore06.ktcdnteam.link 2024-01-09 16:40:11 active 
2024/01/09 11:40:01 api.go:60: [GET] Request >> https://api.gcore.com/cdn/resources  
2024/01/09 11:40:02 billing_model.go:204: 361345. server02.ktcdnteam.link 2023-12-26 14:11:40 active 
2024/01/09 11:40:02 billing_model.go:204: 379118. cloud11.kt.com 2024-01-02 10:26:14 active 
2024/01/09 11:40:02 billing_model.go:204: 393269. cloud.kt.com 2024-01-08 13:16:05 suspended 
2024/01/09 11:40:02 billing_model.go:204: 395596. gcore05.ktcdnteam.link 2024-01-09 09:45:06 active 
2024/01/09 11:40:02 billing_model.go:204: 396129. gcore06.ktcdnteam.link 2024-01-09 16:40:11 active 
2024/01/09 11:41:50 main.go:28: Start api-server..
2024/01/09 11:41:50 server.go:9: Start api-server..
2024/01/09 11:42:31 main.go:28: Start api-server..
2024/01/09 11:42:31 server.go:9: Start api-server..
2024/01/09 11:43:19 api.go:60: [GET] Request >> https://api.gcore.com/cdn/resources  
2024/01/09 11:43:20 billing_model.go:204: 361345. server02.ktcdnteam.link 2023-12-26 14:11:40 active 
2024/01/09 11:43:20 billing_model.go:204: 379118. cloud11.kt.com 2024-01-02 10:26:14 active 
2024/01/09 11:43:20 billing_model.go:204: 393269. cloud.kt.com 2024-01-08 13:16:05 suspended 
2024/01/09 11:43:20 billing_model.go:204: 395596. gcore05.ktcdnteam.link 2024-01-09 09:45:06 active 
2024/01/09 11:43:20 billing_model.go:204: 396129. gcore06.ktcdnteam.link 2024-01-09 16:40:11 active 
2024/01/09 11:47:01 api.go:60: [GET] Request >> https://api.gcore.com/cdn/resources  
2024/01/09 11:47:02 billing_model.go:204: 361345. server02.ktcdnteam.link 2023-12-26 14:11:40 active 
2024/01/09 11:47:02 billing_model.go:204: 379118. cloud11.kt.com 2024-01-02 10:26:14 active 
2024/01/09 11:47:02 billing_model.go:204: 393269. cloud.kt.com 2024-01-08 13:16:05 suspended 
2024/01/09 11:47:02 billing_model.go:204: 395596. gcore05.ktcdnteam.link 2024-01-09 09:45:06 active 
2024/01/09 11:47:02 billing_model.go:204: 396129. gcore06.ktcdnteam.link 2024-01-09 16:40:11 active 
2024/01/09 12:09:24 api.go:60: [GET] Request >> https://api.gcore.com/cdn/resources  
2024/01/09 12:09:25 billing_model.go:204: 361345. server02.ktcdnteam.link 2023-12-26 14:11:40 active 
2024/01/09 12:09:25 billing_model.go:204: 379118. cloud11.kt.com 2024-01-02 10:26:14 active 
2024/01/09 12:09:25 billing_model.go:204: 393269. cloud.kt.com 2024-01-08 13:16:05 suspended 
2024/01/09 12:09:25 billing_model.go:204: 395596. gcore05.ktcdnteam.link 2024-01-09 09:45:06 active 
2024/01/09 12:09:25 billing_model.go:204: 396129. gcore06.ktcdnteam.link 2024-01-09 16:40:11 active 
