2024/01/08 04:22:12 main.go:29: Start api-server..
2024/01/08 04:22:12 server.go:9: Start api-server..
2024/01/08 04:22:36 api.go:41: [GET] Request >> https://api.gcore.com/cdn/resources  
2024/01/08 04:22:37 billing_model.go:204: 361345. server02.ktcdnteam.link 2023-12-26 14:11:40 active 
2024/01/08 04:22:37 billing_model.go:204: 379118. cloud11.kt.com 2024-01-02 10:26:14 active 
2024/01/08 04:23:15 api.go:41: [GET] Request >> https://api.gcore.com/cdn/resources  
2024/01/08 04:23:16 billing_model.go:204: 361345. server02.ktcdnteam.link 2023-12-26 14:11:40 active 
2024/01/08 04:23:16 billing_model.go:204: 379118. cloud11.kt.com 2024-01-02 10:26:14 active 
2024/01/08 04:23:23 api.go:41: [GET] Request >> https://api.gcore.com/cdn/resources  
2024/01/08 04:23:24 billing_model.go:204: 361345. server02.ktcdnteam.link 2023-12-26 14:11:40 active 
2024/01/08 04:23:24 billing_model.go:204: 379118. cloud11.kt.com 2024-01-02 10:26:14 active 
2024/01/08 04:23:52 api.go:41: [GET] Request >> https://api.gcore.com/cdn/resources  
2024/01/08 04:23:53 billing_model.go:204: 361345. server02.ktcdnteam.link 2023-12-26 14:11:40 active 
2024/01/08 04:23:53 billing_model.go:204: 379118. cloud11.kt.com 2024-01-02 10:26:14 active 
2024/01/08 04:24:18 api.go:41: [GET] Request >> https://api.gcore.com/cdn/resources  
2024/01/08 04:24:19 billing_model.go:204: 361345. server02.ktcdnteam.link 2023-12-26 14:11:40 active 
2024/01/08 04:24:19 billing_model.go:204: 379118. cloud11.kt.com 2024-01-02 10:26:14 active 
2024/01/08 04:25:25 main.go:29: Start api-server..
2024/01/08 04:25:25 server.go:9: Start api-server..
2024/01/08 04:28:32 api.go:41: [GET] Request >> https://api.gcore.com/cdn/resources  
2024/01/08 04:28:35 main.go:29: Start api-server..
2024/01/08 04:28:35 server.go:9: Start api-server..
2024/01/08 04:28:50 api.go:41: [GET] Request >> https://api.gcore.com/cdn/origin_groups  
2024/01/08 04:28:51 billing_model.go:226: &{467686 Origins for server02.ktcdnteam.link [{210.104.79.216:80 false true default}] true true none  []}
2024/01/08 04:28:51 api.go:41: [GET] Request >> https://api.gcore.com/cdn/resources?fields=status,description&originGroup=467686  
2024/01/08 04:28:52 billing_model.go:226: &{486194 origin01 [{cloud.kt.com:443 false true default} {gcore02.ktcdnteam.link true false default}] false true none  []}
2024/01/08 04:28:52 billing_model.go:226: &{491753 www.asdf.com [{www.asdf.com false true default} {www.nexon.com false true default}] false false none  []}
2024/01/08 04:28:52 billing_model.go:226: &{491121 nuxt [{nuxt.ktcdnteam.link:3000 false true default} {gcore02.ktcdnteam.link false true default}] false true none  []}
2024/01/08 04:44:53 api.go:41: [GET] Request >> https://api.gcore.com/cdn/resources  
2024/01/08 04:44:54 billing_model.go:204: 361345. server02.ktcdnteam.link 2023-12-26 14:11:40 active 
2024/01/08 04:44:54 billing_model.go:204: 379118. cloud11.kt.com 2024-01-02 10:26:14 active 
2024/01/08 04:45:18 api.go:41: [GET] Request >> https://api.gcore.com/cdn/origin_groups  
2024/01/08 05:00:11 api.go:41: [GET] Request >> https://api.gcore.com/cdn/resources  
2024/01/08 05:00:12 billing_model.go:204: 361345. server02.ktcdnteam.link 2023-12-26 14:11:40 active 
2024/01/08 05:00:12 billing_model.go:204: 379118. cloud11.kt.com 2024-01-02 10:26:14 active 
2024/01/08 05:07:45 main.go:30: Start api-server..
2024/01/08 05:07:45 server.go:9: Start api-server..
2024/01/08 05:08:38 main.go:30: Start api-server..
2024/01/08 05:08:38 server.go:9: Start api-server..
2024/01/08 05:18:56 main.go:30: Start api-server..
2024/01/08 05:18:56 server.go:9: Start api-server..
2024/01/08 05:20:34 main.go:30: Start api-server..
2024/01/08 05:20:34 server.go:9: Start api-server..
2024/01/08 05:25:13 main.go:28: Start api-server..
2024/01/08 05:25:13 server.go:9: Start api-server..
2024/01/08 05:25:56 api.go:41: [GET] Request >> https://api.gcore.com/cdn/origin_groups  
2024/01/08 05:26:52 api.go:41: [GET] Request >> https://api.gcore.com/cdn/resources  
2024/01/08 05:26:53 api.go:41: [GET] Request >> https://api.gcore.com/cdn/origin_groups  
2024/01/08 05:26:54 billing_model.go:204: 361345. server02.ktcdnteam.link 2023-12-26 14:11:40 active 
2024/01/08 05:26:54 billing_model.go:204: 379118. cloud11.kt.com 2024-01-02 10:26:14 active 
2024/01/08 05:29:42 api.go:41: [GET] Request >> https://api.gcore.com/cdn/resources  
2024/01/08 05:29:43 billing_model.go:204: 361345. server02.ktcdnteam.link 2023-12-26 14:11:40 active 
2024/01/08 05:29:43 billing_model.go:204: 379118. cloud11.kt.com 2024-01-02 10:26:14 active 
2024/01/08 05:30:37 api.go:41: [GET] Request >> https://api.gcore.com/cdn/resources  
2024/01/08 05:30:38 billing_model.go:204: 361345. server02.ktcdnteam.link 2023-12-26 14:11:40 active 
2024/01/08 05:30:38 billing_model.go:204: 379118. cloud11.kt.com 2024-01-02 10:26:14 active 
2024/01/08 07:02:15 api.go:41: [GET] Request >> https://api.gcore.com/cdn/resources  
2024/01/08 07:02:16 api.go:60: [Token ERROR] >> GET Token Start
2024/01/08 07:02:16 loadconf.go:69: [POST] NEW TOKEN >> {"username":"dlek55@naver.com","password":"number1Cloud!2#","one_time_password":""} 
2024/01/08 07:02:18 api.go:41: [GET] Request >> https://api.gcore.com/cdn/resources  
2024/01/08 07:02:19 billing_model.go:204: 361345. server02.ktcdnteam.link 2023-12-26 14:11:40 active 
2024/01/08 07:02:19 billing_model.go:204: 379118. cloud11.kt.com 2024-01-02 10:26:14 active 
2024/01/08 07:03:31 api.go:41: [GET] Request >> https://api.gcore.com/cdn/resources  
2024/01/08 07:03:32 billing_model.go:204: 361345. server02.ktcdnteam.link 2023-12-26 14:11:40 active 
2024/01/08 07:03:32 billing_model.go:204: 379118. cloud11.kt.com 2024-01-02 10:26:14 active 
2024/01/08 07:04:24 api.go:41: [GET] Request >> https://api.gcore.com/cdn/resources  
2024/01/08 07:04:25 billing_model.go:204: 361345. server02.ktcdnteam.link 2023-12-26 14:11:40 active 
2024/01/08 07:04:25 billing_model.go:204: 379118. cloud11.kt.com 2024-01-02 10:26:14 active 
2024/01/08 07:04:45 api.go:41: [GET] Request >> https://api.gcore.com/cdn/resources  
2024/01/08 07:04:46 billing_model.go:204: 361345. server02.ktcdnteam.link 2023-12-26 14:11:40 active 
2024/01/08 07:04:46 billing_model.go:204: 379118. cloud11.kt.com 2024-01-02 10:26:14 active 
2024/01/08 07:04:58 api.go:41: [GET] Request >> https://api.gcore.com/cdn/resources  
2024/01/08 07:04:59 billing_model.go:204: 361345. server02.ktcdnteam.link 2023-12-26 14:11:40 active 
2024/01/08 07:04:59 billing_model.go:204: 379118. cloud11.kt.com 2024-01-02 10:26:14 active 
2024/01/08 07:06:32 main.go:28: Start api-server..
2024/01/08 07:06:32 server.go:9: Start api-server..
2024/01/08 07:06:34 api.go:41: [GET] Request >> https://api.gcore.com/cdn/resources  
2024/01/08 07:06:35 billing_model.go:204: 361345. server02.ktcdnteam.link 2023-12-26 14:11:40 active 
2024/01/08 07:06:35 billing_model.go:204: 379118. cloud11.kt.com 2024-01-02 10:26:14 active 
2024/01/08 07:09:38 api.go:41: [GET] Request >> https://api.gcore.com/cdn/resources  
2024/01/08 07:09:39 billing_model.go:204: 361345. server02.ktcdnteam.link 2023-12-26 14:11:40 active 
2024/01/08 07:09:39 billing_model.go:204: 379118. cloud11.kt.com 2024-01-02 10:26:14 active 
2024/01/08 07:09:47 api.go:41: [GET] Request >> https://api.gcore.com/cdn/resources  
2024/01/08 07:09:48 billing_model.go:204: 361345. server02.ktcdnteam.link 2023-12-26 14:11:40 active 
2024/01/08 07:09:48 billing_model.go:204: 379118. cloud11.kt.com 2024-01-02 10:26:14 active 
2024/01/08 07:10:15 api.go:41: [GET] Request >> https://api.gcore.com/cdn/resources  
2024/01/08 07:10:16 billing_model.go:204: 361345. server02.ktcdnteam.link 2023-12-26 14:11:40 active 
2024/01/08 07:10:16 billing_model.go:204: 379118. cloud11.kt.com 2024-01-02 10:26:14 active 
2024/01/08 07:11:49 api.go:41: [GET] Request >> https://api.gcore.com/cdn/resources  
2024/01/08 07:11:50 billing_model.go:204: 361345. server02.ktcdnteam.link 2023-12-26 14:11:40 active 
2024/01/08 07:11:50 billing_model.go:204: 379118. cloud11.kt.com 2024-01-02 10:26:14 active 
2024/01/08 07:12:10 api.go:41: [GET] Request >> https://api.gcore.com/cdn/resources  
2024/01/08 07:12:11 billing_model.go:204: 361345. server02.ktcdnteam.link 2023-12-26 14:11:40 active 
2024/01/08 07:12:11 billing_model.go:204: 379118. cloud11.kt.com 2024-01-02 10:26:14 active 
2024/01/08 07:12:39 api.go:41: [GET] Request >> https://api.gcore.com/cdn/resources  
2024/01/08 07:12:40 billing_model.go:204: 361345. server02.ktcdnteam.link 2023-12-26 14:11:40 active 
2024/01/08 07:12:40 billing_model.go:204: 379118. cloud11.kt.com 2024-01-02 10:26:14 active 
2024/01/08 07:12:51 api.go:41: [GET] Request >> https://api.gcore.com/cdn/resources  
2024/01/08 07:12:52 billing_model.go:204: 361345. server02.ktcdnteam.link 2023-12-26 14:11:40 active 
2024/01/08 07:12:52 billing_model.go:204: 379118. cloud11.kt.com 2024-01-02 10:26:14 active 
2024/01/08 07:12:53 api.go:41: [GET] Request >> https://api.gcore.com/cdn/origin_groups  
2024/01/08 07:14:20 api.go:41: [GET] Request >> https://api.gcore.com/cdn/resources  
2024/01/08 07:14:22 billing_model.go:204: 361345. server02.ktcdnteam.link 2023-12-26 14:11:40 active 
2024/01/08 07:14:22 billing_model.go:204: 379118. cloud11.kt.com 2024-01-02 10:26:14 active 
2024/01/08 07:15:04 api.go:41: [GET] Request >> https://api.gcore.com/cdn/origin_groups  
2024/01/08 07:15:44 api.go:41: [GET] Request >> https://api.gcore.com/cdn/resources  
2024/01/08 07:15:45 billing_model.go:204: 361345. server02.ktcdnteam.link 2023-12-26 14:11:40 active 
2024/01/08 07:15:45 billing_model.go:204: 379118. cloud11.kt.com 2024-01-02 10:26:14 active 
2024/01/08 07:15:45 api.go:41: [GET] Request >> https://api.gcore.com/cdn/origin_groups  
2024/01/08 07:16:04 api.go:41: [POST] Request >> https://api.gcore.com/cdn/resources {"sslEnabled":false,"sslData":null,"active":true,"originGroup":467686,"originProtocol":"HTTP","cname":"cloud.kt.com","description":"server03","origin":"","secondaryHostnames":[],"options":{"edge_cache_settings":{"enabled":true,"default":"4d"},"cache_expire":null,"stale":{"enabled":true,"value":["error","updating"]},"allowedHttpMethods":null,"cache_http_headers":null,"hostHeader":{"enabled":true,"value":"210.104.79.216:80"},"forward_host_header":null,"limit_bandwidth":null,"bot_protection":null}} 
2024/01/08 07:16:05 billing_model.go:366: {"id":393269,"options":{"custom_server_name":null,"slice":null,"gzipOn":null,"brotli_compression":null,"ignoreQueryString":null,"hostHeader":{"enabled":true,"value":"210.104.79.216:80"},"staticHeaders":null,"static_response_headers":null,"staticRequestHeaders":null,"allowedHttpMethods":null,"stale":{"enabled":true,"value":["error","updating"]},"cors":null,"proxy_cache_methods_set":null,"rewrite":null,"force_return":null,"secure_key":null,"cache_expire":null,"disable_cache":null,"ignore_cookie":null,"cache_http_headers":null,"response_headers_hiding_policy":null,"override_browser_ttl":null,"fetch_compressed":null,"disable_proxy_force_ranges":null,"redirect_http_to_https":null,"redirect_https_to_http":null,"sni":{"enabled":true,"sni_type":"dynamic","custom_hostname":""},"limit_bandwidth":null,"request_limiter":null,"bot_protection":null,"waf":null,"country_acl":null,"referrer_acl":null,"user_agent_acl":null,"ip_address_acl":null,"query_params_blacklist":null,"query_params_whitelist":null,"browser_cache_settings":null,"edge_cache_settings":{"enabled":true,"default":"4d"},"forward_host_header":null,"websockets":null,"use_default_le_chain":null,"use_rsa_le_cert":null,"use_dns01_le_challenge":null,"tls_versions":{"enabled":false,"value":["SSLv3","TLSv1","TLSv1.1","TLSv1.2","TLSv1.3"]},"follow_origin_redirect":null,"http3_enabled":null,"image_stack":null},"deleted":false,"secondaryHostnames":[],"rules":[],"client":250053,"status":"processed","active":true,"enabled":true,"preset_applied":false,"vp_enabled":false,"originGroup_name":"Origins for server02.ktcdnteam.link","shielded":false,"shield_dc":null,"shield_enabled":false,"full_custom_enabled":false,"can_purge_by_urls":false,"name":null,"created":"2024-01-08T04:16:05.312860Z","updated":"2024-01-08T04:16:05.312877Z","originProtocol":"HTTP","cname":"cloud.kt.com","sslEnabled":false,"ssl_automated":false,"proxy_ssl_enabled":false,"suspend_date":null,"suspended":false,"is_primary":null,"description":"server03","originGroup":467686,"sslData":null,"proxy_ssl_ca":null,"proxy_ssl_data":null,"shield_routing_map":null,"primary_resource":null}
2024/01/08 07:16:10 api.go:41: [GET] Request >> https://api.gcore.com/cdn/resources  
2024/01/08 07:16:10 api.go:41: [GET] Request >> https://api.gcore.com/cdn/resources  
2024/01/08 07:16:11 billing_model.go:204: 361345. server02.ktcdnteam.link 2023-12-26 14:11:40 active 
2024/01/08 07:16:11 billing_model.go:204: 379118. cloud11.kt.com 2024-01-02 10:26:14 active 
2024/01/08 07:16:11 billing_model.go:204: 393269. cloud.kt.com 2024-01-08 13:16:05 processed 
2024/01/08 07:16:11 billing_model.go:204: 361345. server02.ktcdnteam.link 2023-12-26 14:11:40 active 
2024/01/08 07:16:11 billing_model.go:204: 379118. cloud11.kt.com 2024-01-02 10:26:14 active 
2024/01/08 07:16:11 billing_model.go:204: 393269. cloud.kt.com 2024-01-08 13:16:05 processed 
2024/01/08 07:16:27 api.go:41: [GET] Request >> https://api.gcore.com/cdn/resources  
2024/01/08 07:16:28 billing_model.go:204: 361345. server02.ktcdnteam.link 2023-12-26 14:11:40 active 
2024/01/08 07:16:28 billing_model.go:204: 379118. cloud11.kt.com 2024-01-02 10:26:14 active 
2024/01/08 07:16:28 billing_model.go:204: 393269. cloud.kt.com 2024-01-08 13:16:05 processed 
2024/01/08 07:16:34 api.go:41: [GET] Request >> https://api.gcore.com/cdn/resources  
2024/01/08 07:16:35 billing_model.go:204: 361345. server02.ktcdnteam.link 2023-12-26 14:11:40 active 
2024/01/08 07:16:35 billing_model.go:204: 379118. cloud11.kt.com 2024-01-02 10:26:14 active 
2024/01/08 07:16:35 billing_model.go:204: 393269. cloud.kt.com 2024-01-08 13:16:05 processed 
2024/01/08 07:16:38 api.go:41: [GET] Request >> https://api.gcore.com/cdn/resources  
2024/01/08 07:16:39 billing_model.go:204: 361345. server02.ktcdnteam.link 2023-12-26 14:11:40 active 
2024/01/08 07:16:39 billing_model.go:204: 379118. cloud11.kt.com 2024-01-02 10:26:14 active 
2024/01/08 07:16:39 billing_model.go:204: 393269. cloud.kt.com 2024-01-08 13:16:05 processed 
2024/01/08 07:16:52 api.go:41: [GET] Request >> https://api.gcore.com/cdn/resources  
2024/01/08 07:16:53 billing_model.go:204: 361345. server02.ktcdnteam.link 2023-12-26 14:11:40 active 
2024/01/08 07:16:53 billing_model.go:204: 379118. cloud11.kt.com 2024-01-02 10:26:14 active 
2024/01/08 07:16:53 billing_model.go:204: 393269. cloud.kt.com 2024-01-08 13:16:05 processed 
2024/01/08 07:17:01 api.go:41: [GET] Request >> https://api.gcore.com/cdn/resources  
2024/01/08 07:17:02 billing_model.go:204: 361345. server02.ktcdnteam.link 2023-12-26 14:11:40 active 
2024/01/08 07:17:02 billing_model.go:204: 379118. cloud11.kt.com 2024-01-02 10:26:14 active 
2024/01/08 07:17:02 billing_model.go:204: 393269. cloud.kt.com 2024-01-08 13:16:05 processed 
2024/01/08 07:17:37 main.go:28: Start api-server..
2024/01/08 07:17:37 server.go:9: Start api-server..
2024/01/08 07:17:39 api.go:41: [GET] Request >> https://api.gcore.com/cdn/resources  
2024/01/08 07:17:40 billing_model.go:204: 361345. server02.ktcdnteam.link 2023-12-26 14:11:40 active 
2024/01/08 07:17:40 billing_model.go:204: 379118. cloud11.kt.com 2024-01-02 10:26:14 active 
2024/01/08 07:17:40 billing_model.go:204: 393269. cloud.kt.com 2024-01-08 13:16:05 processed 
2024/01/08 07:19:06 api.go:41: [GET] Request >> https://api.gcore.com/cdn/resources  
2024/01/08 07:19:07 billing_model.go:204: 361345. server02.ktcdnteam.link 2023-12-26 14:11:40 active 
2024/01/08 07:19:07 billing_model.go:204: 379118. cloud11.kt.com 2024-01-02 10:26:14 active 
2024/01/08 07:19:07 billing_model.go:204: 393269. cloud.kt.com 2024-01-08 13:16:05 processed 
2024/01/08 07:19:50 api.go:41: [GET] Request >> https://api.gcore.com/cdn/resources  
2024/01/08 07:19:51 billing_model.go:204: 361345. server02.ktcdnteam.link 2023-12-26 14:11:40 active 
2024/01/08 07:19:51 billing_model.go:204: 379118. cloud11.kt.com 2024-01-02 10:26:14 active 
2024/01/08 07:19:51 billing_model.go:204: 393269. cloud.kt.com 2024-01-08 13:16:05 processed 
2024/01/08 07:21:46 main.go:28: Start api-server..
2024/01/08 07:21:46 server.go:9: Start api-server..
2024/01/08 07:21:55 api.go:41: [GET] Request >> https://api.gcore.com/cdn/resources  
2024/01/08 07:21:55 billing_model.go:204: 361345. server02.ktcdnteam.link 2023-12-26 14:11:40 active 
2024/01/08 07:21:55 billing_model.go:204: 379118. cloud11.kt.com 2024-01-02 10:26:14 active 
2024/01/08 07:21:55 billing_model.go:204: 393269. cloud.kt.com 2024-01-08 13:16:05 processed 
2024/01/08 07:23:09 main.go:28: Start api-server..
2024/01/08 07:23:09 server.go:9: Start api-server..
2024/01/08 07:23:18 api.go:41: [GET] Request >> https://api.gcore.com/cdn/resources  
2024/01/08 07:23:19 billing_model.go:204: 361345. server02.ktcdnteam.link 2023-12-26 14:11:40 active 
2024/01/08 07:23:19 billing_model.go:204: 379118. cloud11.kt.com 2024-01-02 10:26:14 active 
2024/01/08 07:23:19 billing_model.go:204: 393269. cloud.kt.com 2024-01-08 13:16:05 processed 
2024/01/08 07:23:43 main.go:28: Start api-server..
2024/01/08 07:23:43 server.go:9: Start api-server..
2024/01/08 07:23:46 api.go:41: [GET] Request >> https://api.gcore.com/cdn/resources  
2024/01/08 07:23:47 billing_model.go:204: 361345. server02.ktcdnteam.link 2023-12-26 14:11:40 active 
2024/01/08 07:23:47 billing_model.go:204: 379118. cloud11.kt.com 2024-01-02 10:26:14 active 
2024/01/08 07:23:47 billing_model.go:204: 393269. cloud.kt.com 2024-01-08 13:16:05 processed 
2024/01/08 07:24:15 api.go:41: [GET] Request >> https://api.gcore.com/cdn/resources  
2024/01/08 07:24:16 billing_model.go:204: 361345. server02.ktcdnteam.link 2023-12-26 14:11:40 active 
2024/01/08 07:24:16 billing_model.go:204: 379118. cloud11.kt.com 2024-01-02 10:26:14 active 
2024/01/08 07:24:16 billing_model.go:204: 393269. cloud.kt.com 2024-01-08 13:16:05 processed 
2024/01/08 07:25:12 api.go:41: [GET] Request >> https://api.gcore.com/cdn/resources  
2024/01/08 07:25:13 billing_model.go:204: 361345. server02.ktcdnteam.link 2023-12-26 14:11:40 active 
2024/01/08 07:25:13 billing_model.go:204: 379118. cloud11.kt.com 2024-01-02 10:26:14 active 
2024/01/08 07:25:13 billing_model.go:204: 393269. cloud.kt.com 2024-01-08 13:16:05 processed 
2024/01/08 07:25:35 api.go:41: [GET] Request >> https://api.gcore.com/cdn/resources  
2024/01/08 07:25:36 billing_model.go:204: 361345. server02.ktcdnteam.link 2023-12-26 14:11:40 active 
2024/01/08 07:25:36 billing_model.go:204: 379118. cloud11.kt.com 2024-01-02 10:26:14 active 
2024/01/08 07:25:36 billing_model.go:204: 393269. cloud.kt.com 2024-01-08 13:16:05 processed 
2024/01/08 07:26:13 api.go:41: [GET] Request >> https://api.gcore.com/cdn/resources  
2024/01/08 07:26:14 billing_model.go:204: 361345. server02.ktcdnteam.link 2023-12-26 14:11:40 active 
2024/01/08 07:26:14 billing_model.go:204: 379118. cloud11.kt.com 2024-01-02 10:26:14 active 
2024/01/08 07:26:14 billing_model.go:204: 393269. cloud.kt.com 2024-01-08 13:16:05 processed 
2024/01/08 07:26:40 api.go:41: [GET] Request >> https://api.gcore.com/cdn/resources  
2024/01/08 07:26:41 billing_model.go:204: 361345. server02.ktcdnteam.link 2023-12-26 14:11:40 active 
2024/01/08 07:26:41 billing_model.go:204: 379118. cloud11.kt.com 2024-01-02 10:26:14 active 
2024/01/08 07:26:41 billing_model.go:204: 393269. cloud.kt.com 2024-01-08 13:16:05 processed 
2024/01/08 07:28:12 api.go:41: [GET] Request >> https://api.gcore.com/cdn/resources  
2024/01/08 07:28:13 billing_model.go:204: 361345. server02.ktcdnteam.link 2023-12-26 14:11:40 active 
2024/01/08 07:28:13 billing_model.go:204: 379118. cloud11.kt.com 2024-01-02 10:26:14 active 
2024/01/08 07:28:13 billing_model.go:204: 393269. cloud.kt.com 2024-01-08 13:16:05 processed 
2024/01/08 07:33:30 main.go:28: Start api-server..
2024/01/08 07:33:30 server.go:9: Start api-server..
2024/01/08 07:33:35 api.go:41: [GET] Request >> https://api.gcore.com/cdn/resources  
2024/01/08 07:33:36 billing_model.go:204: 361345. server02.ktcdnteam.link 2023-12-26 14:11:40 active 
2024/01/08 07:33:36 billing_model.go:204: 379118. cloud11.kt.com 2024-01-02 10:26:14 active 
2024/01/08 07:33:36 billing_model.go:204: 393269. cloud.kt.com 2024-01-08 13:16:05 active 
2024/01/08 07:34:57 api.go:41: [GET] Request >> https://api.gcore.com/cdn/resources  
2024/01/08 07:34:58 billing_model.go:204: 361345. server02.ktcdnteam.link 2023-12-26 14:11:40 active 
2024/01/08 07:34:58 billing_model.go:204: 379118. cloud11.kt.com 2024-01-02 10:26:14 active 
2024/01/08 07:34:58 billing_model.go:204: 393269. cloud.kt.com 2024-01-08 13:16:05 active 
2024/01/08 07:35:49 api.go:41: [GET] Request >> https://api.gcore.com/cdn/resources  
2024/01/08 07:35:50 billing_model.go:204: 361345. server02.ktcdnteam.link 2023-12-26 14:11:40 active 
2024/01/08 07:35:50 billing_model.go:204: 379118. cloud11.kt.com 2024-01-02 10:26:14 active 
2024/01/08 07:35:50 billing_model.go:204: 393269. cloud.kt.com 2024-01-08 13:16:05 active 
2024/01/08 07:36:04 api.go:41: [GET] Request >> https://api.gcore.com/cdn/resources  
2024/01/08 07:36:05 billing_model.go:204: 361345. server02.ktcdnteam.link 2023-12-26 14:11:40 active 
2024/01/08 07:36:05 billing_model.go:204: 379118. cloud11.kt.com 2024-01-02 10:26:14 active 
2024/01/08 07:36:05 billing_model.go:204: 393269. cloud.kt.com 2024-01-08 13:16:05 active 
2024/01/08 07:36:24 api.go:41: [GET] Request >> https://api.gcore.com/cdn/resources  
2024/01/08 07:36:25 billing_model.go:204: 361345. server02.ktcdnteam.link 2023-12-26 14:11:40 active 
2024/01/08 07:36:25 billing_model.go:204: 379118. cloud11.kt.com 2024-01-02 10:26:14 active 
2024/01/08 07:36:25 billing_model.go:204: 393269. cloud.kt.com 2024-01-08 13:16:05 active 
2024/01/08 07:37:10 main.go:28: Start api-server..
2024/01/08 07:37:10 server.go:9: Start api-server..
2024/01/08 07:37:24 api.go:41: [GET] Request >> https://api.gcore.com/cdn/resources  
2024/01/08 07:37:25 billing_model.go:204: 361345. server02.ktcdnteam.link 2023-12-26 14:11:40 active 
2024/01/08 07:37:25 billing_model.go:204: 379118. cloud11.kt.com 2024-01-02 10:26:14 active 
2024/01/08 07:37:25 billing_model.go:204: 393269. cloud.kt.com 2024-01-08 13:16:05 active 
2024/01/08 07:50:45 api.go:41: [GET] Request >> https://api.gcore.com/cdn/resources  
2024/01/08 07:50:46 billing_model.go:204: 361345. server02.ktcdnteam.link 2023-12-26 14:11:40 active 
2024/01/08 07:50:46 billing_model.go:204: 379118. cloud11.kt.com 2024-01-02 10:26:14 active 
2024/01/08 07:50:46 billing_model.go:204: 393269. cloud.kt.com 2024-01-08 13:16:05 active 
2024/01/08 07:50:46 api.go:41: [GET] Request >> https://api.gcore.com/cdn/origin_groups  
2024/01/08 07:57:00 api.go:41: [GET] Request >> https://api.gcore.com/cdn/resources  
2024/01/08 07:57:01 billing_model.go:204: 361345. server02.ktcdnteam.link 2023-12-26 14:11:40 active 
2024/01/08 07:57:01 billing_model.go:204: 379118. cloud11.kt.com 2024-01-02 10:26:14 active 
2024/01/08 07:57:01 billing_model.go:204: 393269. cloud.kt.com 2024-01-08 13:16:05 active 
2024/01/08 07:57:28 api.go:41: [GET] Request >> https://api.gcore.com/cdn/resources  
2024/01/08 07:57:29 billing_model.go:204: 361345. server02.ktcdnteam.link 2023-12-26 14:11:40 active 
2024/01/08 07:57:29 billing_model.go:204: 379118. cloud11.kt.com 2024-01-02 10:26:14 active 
2024/01/08 07:57:29 billing_model.go:204: 393269. cloud.kt.com 2024-01-08 13:16:05 active 
2024/01/08 07:58:13 api.go:41: [GET] Request >> https://api.gcore.com/cdn/resources  
2024/01/08 07:58:15 billing_model.go:204: 361345. server02.ktcdnteam.link 2023-12-26 14:11:40 active 
2024/01/08 07:58:15 billing_model.go:204: 379118. cloud11.kt.com 2024-01-02 10:26:14 active 
2024/01/08 07:58:15 billing_model.go:204: 393269. cloud.kt.com 2024-01-08 13:16:05 active 
2024/01/08 07:59:03 api.go:41: [GET] Request >> https://api.gcore.com/cdn/origin_groups  
2024/01/08 07:59:04 billing_model.go:226: &{467686 Origins for server02.ktcdnteam.link [{210.104.79.216:80 false true default}] true true none  []}
2024/01/08 07:59:04 api.go:41: [GET] Request >> https://api.gcore.com/cdn/resources?fields=status,description&originGroup=467686  
2024/01/08 07:59:05 billing_model.go:226: &{486194 origin01 [{cloud.kt.com:443 false true default} {gcore02.ktcdnteam.link true false default}] false true none  []}
2024/01/08 07:59:05 billing_model.go:226: &{491753 www.asdf.com [{www.asdf.com false true default} {www.nexon.com false true default}] false false none  []}
2024/01/08 07:59:05 billing_model.go:226: &{491121 nuxt [{nuxt.ktcdnteam.link:3000 false true default} {gcore02.ktcdnteam.link false true default}] false true none  []}
2024/01/08 07:59:06 api.go:41: [GET] Request >> https://api.gcore.com/cdn/resources  
2024/01/08 07:59:07 billing_model.go:204: 361345. server02.ktcdnteam.link 2023-12-26 14:11:40 active 
2024/01/08 07:59:07 billing_model.go:204: 379118. cloud11.kt.com 2024-01-02 10:26:14 active 
2024/01/08 07:59:07 billing_model.go:204: 393269. cloud.kt.com 2024-01-08 13:16:05 active 
2024/01/08 07:59:09 api.go:41: [GET] Request >> https://api.gcore.com/cdn/resources  
2024/01/08 07:59:10 billing_model.go:204: 361345. server02.ktcdnteam.link 2023-12-26 14:11:40 active 
2024/01/08 07:59:10 billing_model.go:204: 379118. cloud11.kt.com 2024-01-02 10:26:14 active 
2024/01/08 07:59:10 billing_model.go:204: 393269. cloud.kt.com 2024-01-08 13:16:05 active 
2024/01/08 07:59:49 route.go:100: &{[]  false false}
2024/01/08 07:59:49 api.go:41: [POST] Request >> https://api.gcore.com/cdn/resources//purge {"urls":[""],"id":"","hard_purge":false,"purge_all":false} 
2024/01/08 07:59:50 api.go:71: POST https://api.gcore.com/cdn/resources//purge >>> [ERROR : 404] 
<!doctype html>
<html lang="en">
<head>
  <title>Not Found</title>
</head>
<body>
  <h1>Not Found</h1><p>The requested resource was not found on this server.</p>
</body>
</html>
 
2024/01/08 07:59:50 billing_model.go:399: 404 Not Found
2024/01/08 07:59:50 route.go:103: 404 Not Found
2024/01/08 07:59:55 api.go:41: [GET] Request >> https://api.gcore.com/cdn/resources  
2024/01/08 07:59:56 billing_model.go:204: 361345. server02.ktcdnteam.link 2023-12-26 14:11:40 active 
2024/01/08 07:59:56 billing_model.go:204: 379118. cloud11.kt.com 2024-01-02 10:26:14 active 
2024/01/08 07:59:56 billing_model.go:204: 393269. cloud.kt.com 2024-01-08 13:16:05 active 
2024/01/08 08:14:53 api.go:41: [GET] Request >> https://api.gcore.com/cdn/resources  
2024/01/08 08:14:54 api.go:60: [Token ERROR] >> GET Token Start
2024/01/08 08:14:54 loadconf.go:69: [POST] NEW TOKEN >> {"username":"dlek55@naver.com","password":"number1Cloud!2#","one_time_password":""} 
2024/01/08 08:14:55 api.go:41: [GET] Request >> https://api.gcore.com/cdn/resources  
2024/01/08 08:14:56 billing_model.go:204: 361345. server02.ktcdnteam.link 2023-12-26 14:11:40 active 
2024/01/08 08:14:56 billing_model.go:204: 379118. cloud11.kt.com 2024-01-02 10:26:14 active 
2024/01/08 08:14:56 billing_model.go:204: 393269. cloud.kt.com 2024-01-08 13:16:05 active 
2024/01/08 08:20:24 api.go:41: [GET] Request >> https://api.gcore.com/cdn/origin_groups  
2024/01/08 08:20:30 api.go:41: [GET] Request >> https://api.gcore.com/cdn/resources  
2024/01/08 08:20:31 billing_model.go:204: 361345. server02.ktcdnteam.link 2023-12-26 14:11:40 active 
2024/01/08 08:20:31 billing_model.go:204: 379118. cloud11.kt.com 2024-01-02 10:26:14 active 
2024/01/08 08:20:31 billing_model.go:204: 393269. cloud.kt.com 2024-01-08 13:16:05 active 
2024/01/08 08:22:48 route.go:100: &{[]  false false}
2024/01/08 08:22:48 api.go:41: [POST] Request >> https://api.gcore.com/cdn/resources//purge {"urls":[""],"id":"","hard_purge":false,"purge_all":false} 
2024/01/08 08:22:49 api.go:71: POST https://api.gcore.com/cdn/resources//purge >>> [ERROR : 404] 
<!doctype html>
<html lang="en">
<head>
  <title>Not Found</title>
</head>
<body>
  <h1>Not Found</h1><p>The requested resource was not found on this server.</p>
</body>
</html>
 
2024/01/08 08:22:49 billing_model.go:399: 404 Not Found
2024/01/08 08:22:49 route.go:103: 404 Not Found
2024/01/08 08:22:54 api.go:41: [GET] Request >> https://api.gcore.com/cdn/resources  
2024/01/08 08:22:55 billing_model.go:204: 361345. server02.ktcdnteam.link 2023-12-26 14:11:40 active 
2024/01/08 08:22:55 billing_model.go:204: 379118. cloud11.kt.com 2024-01-02 10:26:14 active 
2024/01/08 08:22:55 billing_model.go:204: 393269. cloud.kt.com 2024-01-08 13:16:05 active 
2024/01/08 08:23:27 route.go:100: &{[]  false false}
2024/01/08 08:23:27 api.go:41: [POST] Request >> https://api.gcore.com/cdn/resources//purge {"urls":[""],"id":"","hard_purge":false,"purge_all":false} 
2024/01/08 08:23:28 api.go:71: POST https://api.gcore.com/cdn/resources//purge >>> [ERROR : 404] 
<!doctype html>
<html lang="en">
<head>
  <title>Not Found</title>
</head>
<body>
  <h1>Not Found</h1><p>The requested resource was not found on this server.</p>
</body>
</html>
 
2024/01/08 08:23:28 billing_model.go:399: 404 Not Found
2024/01/08 08:23:28 route.go:103: 404 Not Found
2024/01/08 08:23:33 api.go:41: [GET] Request >> https://api.gcore.com/cdn/resources  
2024/01/08 08:23:34 billing_model.go:204: 361345. server02.ktcdnteam.link 2023-12-26 14:11:40 active 
2024/01/08 08:23:34 billing_model.go:204: 379118. cloud11.kt.com 2024-01-02 10:26:14 active 
2024/01/08 08:23:34 billing_model.go:204: 393269. cloud.kt.com 2024-01-08 13:16:05 active 
2024/01/08 08:23:34 route.go:100: &{[asdf]  false false}
2024/01/08 08:23:34 api.go:41: [POST] Request >> https://api.gcore.com/cdn/resources//purge {"urls":["asdf"],"id":"","hard_purge":false,"purge_all":false} 
2024/01/08 08:23:35 api.go:71: POST https://api.gcore.com/cdn/resources//purge >>> [ERROR : 404] 
<!doctype html>
<html lang="en">
<head>
  <title>Not Found</title>
</head>
<body>
  <h1>Not Found</h1><p>The requested resource was not found on this server.</p>
</body>
</html>
 
2024/01/08 08:23:35 billing_model.go:399: 404 Not Found
2024/01/08 08:23:35 route.go:103: 404 Not Found
2024/01/08 08:23:40 api.go:41: [GET] Request >> https://api.gcore.com/cdn/resources  
2024/01/08 08:23:41 billing_model.go:204: 361345. server02.ktcdnteam.link 2023-12-26 14:11:40 active 
2024/01/08 08:23:41 billing_model.go:204: 379118. cloud11.kt.com 2024-01-02 10:26:14 active 
2024/01/08 08:23:41 billing_model.go:204: 393269. cloud.kt.com 2024-01-08 13:16:05 active 
2024/01/08 08:53:11 api.go:41: [GET] Request >> https://api.gcore.com/cdn/resources  
2024/01/08 08:53:12 api.go:60: [Token ERROR] >> GET Token Start
2024/01/08 08:53:12 loadconf.go:69: [POST] NEW TOKEN >> {"username":"dlek55@naver.com","password":"number1Cloud!2#","one_time_password":""} 
2024/01/08 08:53:13 api.go:41: [GET] Request >> https://api.gcore.com/cdn/resources  
2024/01/08 08:53:14 billing_model.go:204: 361345. server02.ktcdnteam.link 2023-12-26 14:11:40 active 
2024/01/08 08:53:14 billing_model.go:204: 379118. cloud11.kt.com 2024-01-02 10:26:14 active 
2024/01/08 08:53:14 billing_model.go:204: 393269. cloud.kt.com 2024-01-08 13:16:05 active 
2024/01/08 08:54:10 api.go:41: [GET] Request >> https://api.gcore.com/cdn/resources  
2024/01/08 08:54:11 billing_model.go:204: 361345. server02.ktcdnteam.link 2023-12-26 14:11:40 active 
2024/01/08 08:54:11 billing_model.go:204: 379118. cloud11.kt.com 2024-01-02 10:26:14 active 
2024/01/08 08:54:11 billing_model.go:204: 393269. cloud.kt.com 2024-01-08 13:16:05 active 
2024/01/08 08:54:15 route.go:100: &{[]  false false}
2024/01/08 08:54:15 api.go:41: [POST] Request >> https://api.gcore.com/cdn/resources//purge {"urls":null,"id":"","hard_purge":false,"purge_all":false} 
2024/01/08 08:54:16 api.go:71: POST https://api.gcore.com/cdn/resources//purge >>> [ERROR : 404] 
<!doctype html>
<html lang="en">
<head>
  <title>Not Found</title>
</head>
<body>
  <h1>Not Found</h1><p>The requested resource was not found on this server.</p>
</body>
</html>
 
2024/01/08 08:54:16 billing_model.go:399: 404 Not Found
2024/01/08 08:54:16 route.go:103: 404 Not Found
2024/01/08 08:54:21 api.go:41: [GET] Request >> https://api.gcore.com/cdn/resources  
2024/01/08 08:54:22 billing_model.go:204: 361345. server02.ktcdnteam.link 2023-12-26 14:11:40 active 
2024/01/08 08:54:22 billing_model.go:204: 379118. cloud11.kt.com 2024-01-02 10:26:14 active 
2024/01/08 08:54:22 billing_model.go:204: 393269. cloud.kt.com 2024-01-08 13:16:05 active 
2024/01/08 08:57:56 api.go:41: [GET] Request >> https://api.gcore.com/cdn/resources  
2024/01/08 08:57:57 billing_model.go:204: 361345. server02.ktcdnteam.link 2023-12-26 14:11:40 active 
2024/01/08 08:57:57 billing_model.go:204: 379118. cloud11.kt.com 2024-01-02 10:26:14 active 
2024/01/08 08:57:57 billing_model.go:204: 393269. cloud.kt.com 2024-01-08 13:16:05 active 
2024/01/08 08:59:29 api.go:41: [GET] Request >> https://api.gcore.com/cdn/resources  
2024/01/08 08:59:30 billing_model.go:204: 361345. server02.ktcdnteam.link 2023-12-26 14:11:40 active 
2024/01/08 08:59:30 billing_model.go:204: 379118. cloud11.kt.com 2024-01-02 10:26:14 active 
2024/01/08 08:59:30 billing_model.go:204: 393269. cloud.kt.com 2024-01-08 13:16:05 active 
2024/01/08 08:59:32 api.go:41: [GET] Request >> https://api.gcore.com/cdn/origin_groups  
2024/01/08 08:59:44 api.go:41: [GET] Request >> https://api.gcore.com/cdn/origin_groups  
2024/01/08 09:01:50 api.go:41: [GET] Request >> https://api.gcore.com/cdn/resources  
2024/01/08 09:01:50 api.go:41: [GET] Request >> https://api.gcore.com/cdn/origin_groups  
2024/01/08 09:01:51 billing_model.go:204: 361345. server02.ktcdnteam.link 2023-12-26 14:11:40 active 
2024/01/08 09:01:51 billing_model.go:204: 379118. cloud11.kt.com 2024-01-02 10:26:14 active 
2024/01/08 09:01:51 billing_model.go:204: 393269. cloud.kt.com 2024-01-08 13:16:05 active 
2024/01/08 09:02:05 api.go:41: [GET] Request >> https://api.gcore.com/cdn/resources  
2024/01/08 09:02:06 billing_model.go:204: 361345. server02.ktcdnteam.link 2023-12-26 14:11:40 active 
2024/01/08 09:02:06 billing_model.go:204: 379118. cloud11.kt.com 2024-01-02 10:26:14 active 
2024/01/08 09:02:06 billing_model.go:204: 393269. cloud.kt.com 2024-01-08 13:16:05 active 
2024/01/08 09:02:22 api.go:41: [GET] Request >> https://api.gcore.com/cdn/resources  
2024/01/08 09:02:23 billing_model.go:204: 361345. server02.ktcdnteam.link 2023-12-26 14:11:40 active 
2024/01/08 09:02:23 billing_model.go:204: 379118. cloud11.kt.com 2024-01-02 10:26:14 active 
2024/01/08 09:02:23 billing_model.go:204: 393269. cloud.kt.com 2024-01-08 13:16:05 active 
2024/01/08 09:06:09 api.go:41: [GET] Request >> https://api.gcore.com/cdn/resources  
2024/01/08 09:06:10 billing_model.go:204: 361345. server02.ktcdnteam.link 2023-12-26 14:11:40 active 
2024/01/08 09:06:10 billing_model.go:204: 379118. cloud11.kt.com 2024-01-02 10:26:14 active 
2024/01/08 09:06:10 billing_model.go:204: 393269. cloud.kt.com 2024-01-08 13:16:05 active 
2024/01/08 09:06:13 route.go:100: &{[]  false false}
2024/01/08 09:06:13 api.go:41: [POST] Request >> https://api.gcore.com/cdn/resources//purge {"urls":null,"id":"","hard_purge":false,"purge_all":false} 
2024/01/08 09:06:14 api.go:71: POST https://api.gcore.com/cdn/resources//purge >>> [ERROR : 404] 
<!doctype html>
<html lang="en">
<head>
  <title>Not Found</title>
</head>
<body>
  <h1>Not Found</h1><p>The requested resource was not found on this server.</p>
</body>
</html>
 
2024/01/08 09:06:14 billing_model.go:399: 404 Not Found
2024/01/08 09:06:14 route.go:103: 404 Not Found
2024/01/08 09:06:19 api.go:41: [GET] Request >> https://api.gcore.com/cdn/resources  
2024/01/08 09:06:20 billing_model.go:204: 361345. server02.ktcdnteam.link 2023-12-26 14:11:40 active 
2024/01/08 09:06:20 billing_model.go:204: 379118. cloud11.kt.com 2024-01-02 10:26:14 active 
2024/01/08 09:06:20 billing_model.go:204: 393269. cloud.kt.com 2024-01-08 13:16:05 active 
2024/01/08 09:06:26 route.go:100: &{[]  false false}
2024/01/08 09:06:26 api.go:41: [POST] Request >> https://api.gcore.com/cdn/resources//purge {"urls":null,"id":"","hard_purge":false,"purge_all":false} 
2024/01/08 09:06:27 api.go:71: POST https://api.gcore.com/cdn/resources//purge >>> [ERROR : 404] 
<!doctype html>
<html lang="en">
<head>
  <title>Not Found</title>
</head>
<body>
  <h1>Not Found</h1><p>The requested resource was not found on this server.</p>
</body>
</html>
 
2024/01/08 09:06:27 billing_model.go:399: 404 Not Found
2024/01/08 09:06:27 route.go:103: 404 Not Found
2024/01/08 09:06:32 api.go:41: [GET] Request >> https://api.gcore.com/cdn/resources  
2024/01/08 09:06:33 billing_model.go:204: 361345. server02.ktcdnteam.link 2023-12-26 14:11:40 active 
2024/01/08 09:06:33 billing_model.go:204: 379118. cloud11.kt.com 2024-01-02 10:26:14 active 
2024/01/08 09:06:33 billing_model.go:204: 393269. cloud.kt.com 2024-01-08 13:16:05 active 
2024/01/08 09:06:54 api.go:41: [GET] Request >> https://api.gcore.com/cdn/resources  
2024/01/08 09:06:55 billing_model.go:204: 361345. server02.ktcdnteam.link 2023-12-26 14:11:40 active 
2024/01/08 09:06:55 billing_model.go:204: 379118. cloud11.kt.com 2024-01-02 10:26:14 active 
2024/01/08 09:06:55 billing_model.go:204: 393269. cloud.kt.com 2024-01-08 13:16:05 active 
2024/01/08 09:06:56 route.go:100: &{[]  false false}
2024/01/08 09:06:56 api.go:41: [POST] Request >> https://api.gcore.com/cdn/resources//purge {"urls":null,"id":"","hard_purge":false,"purge_all":false} 
2024/01/08 09:06:57 api.go:71: POST https://api.gcore.com/cdn/resources//purge >>> [ERROR : 404] 
<!doctype html>
<html lang="en">
<head>
  <title>Not Found</title>
</head>
<body>
  <h1>Not Found</h1><p>The requested resource was not found on this server.</p>
</body>
</html>
 
2024/01/08 09:06:57 billing_model.go:399: 404 Not Found
2024/01/08 09:06:57 route.go:103: 404 Not Found
2024/01/08 09:07:02 api.go:41: [GET] Request >> https://api.gcore.com/cdn/resources  
2024/01/08 09:07:03 billing_model.go:204: 361345. server02.ktcdnteam.link 2023-12-26 14:11:40 active 
2024/01/08 09:07:03 billing_model.go:204: 379118. cloud11.kt.com 2024-01-02 10:26:14 active 
2024/01/08 09:07:03 billing_model.go:204: 393269. cloud.kt.com 2024-01-08 13:16:05 active 
2024/01/08 09:08:03 api.go:41: [GET] Request >> https://api.gcore.com/cdn/resources  
2024/01/08 09:08:04 billing_model.go:204: 361345. server02.ktcdnteam.link 2023-12-26 14:11:40 active 
2024/01/08 09:08:04 billing_model.go:204: 379118. cloud11.kt.com 2024-01-02 10:26:14 active 
2024/01/08 09:08:04 billing_model.go:204: 393269. cloud.kt.com 2024-01-08 13:16:05 active 
2024/01/08 09:08:06 route.go:100: &{[]  false false}
2024/01/08 09:08:06 api.go:41: [POST] Request >> https://api.gcore.com/cdn/resources//purge {"urls":null,"id":"","hard_purge":false,"purge_all":false} 
2024/01/08 09:08:07 api.go:71: POST https://api.gcore.com/cdn/resources//purge >>> [ERROR : 404] 
<!doctype html>
<html lang="en">
<head>
  <title>Not Found</title>
</head>
<body>
  <h1>Not Found</h1><p>The requested resource was not found on this server.</p>
</body>
</html>
 
2024/01/08 09:08:07 billing_model.go:399: 404 Not Found
2024/01/08 09:08:07 route.go:103: 404 Not Found
2024/01/08 09:08:12 api.go:41: [GET] Request >> https://api.gcore.com/cdn/resources  
2024/01/08 09:08:13 billing_model.go:204: 361345. server02.ktcdnteam.link 2023-12-26 14:11:40 active 
2024/01/08 09:08:13 billing_model.go:204: 379118. cloud11.kt.com 2024-01-02 10:26:14 active 
2024/01/08 09:08:13 billing_model.go:204: 393269. cloud.kt.com 2024-01-08 13:16:05 active 
2024/01/08 09:08:42 api.go:41: [GET] Request >> https://api.gcore.com/cdn/resources  
2024/01/08 09:08:43 billing_model.go:204: 361345. server02.ktcdnteam.link 2023-12-26 14:11:40 active 
2024/01/08 09:08:43 billing_model.go:204: 379118. cloud11.kt.com 2024-01-02 10:26:14 active 
2024/01/08 09:08:43 billing_model.go:204: 393269. cloud.kt.com 2024-01-08 13:16:05 active 
2024/01/08 09:08:43 route.go:100: &{[] 361345 false false}
2024/01/08 09:08:43 api.go:41: [POST] Request >> https://api.gcore.com/cdn/resources/361345/purge {"urls":null,"id":"361345","hard_purge":false,"purge_all":false} 
2024/01/08 09:08:44 api.go:71: POST https://api.gcore.com/cdn/resources/361345/purge >>> [ERROR : 400] {"errors":{"urls":["This field may not be null."]}} 
2024/01/08 09:08:44 api.go:82: json: cannot unmarshal array into Go struct field ErrorResponse.errors of type string
2024/01/08 09:08:44 api.go:85: map[urls:]
2024/01/08 09:08:44 api.go:91: [ERROR : urls]  
2024/01/08 09:08:44 billing_model.go:399: Unknown error
2024/01/08 09:08:44 route.go:103: Unknown error
2024/01/08 09:08:49 api.go:41: [GET] Request >> https://api.gcore.com/cdn/resources  
2024/01/08 09:08:50 billing_model.go:204: 361345. server02.ktcdnteam.link 2023-12-26 14:11:40 active 
2024/01/08 09:08:50 billing_model.go:204: 379118. cloud11.kt.com 2024-01-02 10:26:14 active 
2024/01/08 09:08:50 billing_model.go:204: 393269. cloud.kt.com 2024-01-08 13:16:05 active 
2024/01/08 09:09:40 api.go:41: [GET] Request >> https://api.gcore.com/cdn/resources  
2024/01/08 09:09:41 billing_model.go:204: 361345. server02.ktcdnteam.link 2023-12-26 14:11:40 active 
2024/01/08 09:09:41 billing_model.go:204: 379118. cloud11.kt.com 2024-01-02 10:26:14 active 
2024/01/08 09:09:41 billing_model.go:204: 393269. cloud.kt.com 2024-01-08 13:16:05 active 
2024/01/08 09:09:43 route.go:100: &{[] 361345 false false}
2024/01/08 09:09:43 api.go:41: [POST] Request >> https://api.gcore.com/cdn/resources/361345/purge {"urls":[],"id":"361345","hard_purge":false,"purge_all":false} 
2024/01/08 09:09:49 api.go:41: [GET] Request >> https://api.gcore.com/cdn/resources  
2024/01/08 09:09:50 billing_model.go:204: 361345. server02.ktcdnteam.link 2023-12-26 14:11:40 active 
2024/01/08 09:09:50 billing_model.go:204: 379118. cloud11.kt.com 2024-01-02 10:26:14 active 
2024/01/08 09:09:50 billing_model.go:204: 393269. cloud.kt.com 2024-01-08 13:16:05 active 
2024/01/08 09:28:35 api.go:41: [GET] Request >> https://api.gcore.com/cdn/resources  
2024/01/08 09:28:36 api.go:60: [Token ERROR] >> GET Token Start
2024/01/08 09:28:36 loadconf.go:69: [POST] NEW TOKEN >> {"username":"dlek55@naver.com","password":"number1Cloud!2#","one_time_password":""} 
2024/01/08 09:28:38 api.go:41: [GET] Request >> https://api.gcore.com/cdn/resources  
2024/01/08 09:28:39 billing_model.go:204: 361345. server02.ktcdnteam.link 2023-12-26 14:11:40 active 
2024/01/08 09:28:39 billing_model.go:204: 379118. cloud11.kt.com 2024-01-02 10:26:14 active 
2024/01/08 09:28:39 billing_model.go:204: 393269. cloud.kt.com 2024-01-08 13:16:05 active 
2024/01/08 09:28:45 route.go:100: &{[/cdn] 361345 false false}
2024/01/08 09:28:45 api.go:41: [POST] Request >> https://api.gcore.com/cdn/resources/361345/purge {"urls":["/cdn"],"id":"361345","hard_purge":false,"purge_all":false} 
2024/01/08 09:28:51 api.go:41: [GET] Request >> https://api.gcore.com/cdn/resources  
2024/01/08 09:28:52 route.go:100: &{[] 361345 false false}
2024/01/08 09:28:52 api.go:41: [POST] Request >> https://api.gcore.com/cdn/resources/361345/purge {"urls":null,"id":"361345","hard_purge":false,"purge_all":false} 
2024/01/08 09:28:52 billing_model.go:204: 361345. server02.ktcdnteam.link 2023-12-26 14:11:40 active 
2024/01/08 09:28:52 billing_model.go:204: 379118. cloud11.kt.com 2024-01-02 10:26:14 active 
2024/01/08 09:28:52 billing_model.go:204: 393269. cloud.kt.com 2024-01-08 13:16:05 active 
2024/01/08 09:28:53 api.go:71: POST https://api.gcore.com/cdn/resources/361345/purge >>> [ERROR : 400] {"errors":{"urls":["This field may not be null."]}} 
2024/01/08 09:28:53 api.go:82: json: cannot unmarshal array into Go struct field ErrorResponse.errors of type string
2024/01/08 09:28:53 api.go:85: map[urls:]
2024/01/08 09:28:53 api.go:91: [ERROR : urls]  
2024/01/08 09:28:53 billing_model.go:399: Unknown error
2024/01/08 09:28:53 route.go:103: Unknown error
2024/01/08 09:28:58 api.go:41: [GET] Request >> https://api.gcore.com/cdn/resources  
2024/01/08 09:28:59 billing_model.go:204: 361345. server02.ktcdnteam.link 2023-12-26 14:11:40 active 
2024/01/08 09:28:59 billing_model.go:204: 379118. cloud11.kt.com 2024-01-02 10:26:14 active 
2024/01/08 09:28:59 billing_model.go:204: 393269. cloud.kt.com 2024-01-08 13:16:05 active 
2024/01/08 09:29:38 api.go:41: [GET] Request >> https://api.gcore.com/cdn/resources  
2024/01/08 09:29:39 billing_model.go:204: 361345. server02.ktcdnteam.link 2023-12-26 14:11:40 active 
2024/01/08 09:29:39 billing_model.go:204: 379118. cloud11.kt.com 2024-01-02 10:26:14 active 
2024/01/08 09:29:39 billing_model.go:204: 393269. cloud.kt.com 2024-01-08 13:16:05 active 
2024/01/08 09:30:43 main.go:28: Start api-server..
2024/01/08 09:30:43 server.go:9: Start api-server..
2024/01/08 09:31:01 api.go:41: [GET] Request >> https://api.gcore.com/cdn/resources  
2024/01/08 09:31:02 billing_model.go:204: 361345. server02.ktcdnteam.link 2023-12-26 14:11:40 active 
2024/01/08 09:31:02 billing_model.go:204: 379118. cloud11.kt.com 2024-01-02 10:26:14 active 
2024/01/08 09:31:02 billing_model.go:204: 393269. cloud.kt.com 2024-01-08 13:16:05 active 
2024/01/08 09:31:05 api.go:41: [GET] Request >> https://api.gcore.com/cdn/origin_groups  
2024/01/08 09:31:07 billing_model.go:226: &{467686 Origins for server02.ktcdnteam.link [{210.104.79.216:80 false true default}] true true none  []}
2024/01/08 09:31:07 api.go:41: [GET] Request >> https://api.gcore.com/cdn/resources?fields=status,description&originGroup=467686  
2024/01/08 09:31:08 billing_model.go:226: &{486194 origin01 [{cloud.kt.com:443 false true default} {gcore02.ktcdnteam.link true false default}] false true none  []}
2024/01/08 09:31:08 billing_model.go:226: &{491753 www.asdf.com [{www.asdf.com false true default} {www.nexon.com false true default}] false false none  []}
2024/01/08 09:31:08 billing_model.go:226: &{491121 nuxt [{nuxt.ktcdnteam.link:3000 false true default} {gcore02.ktcdnteam.link false true default}] false true none  []}
2024/01/08 09:31:45 api.go:41: [GET] Request >> https://api.gcore.com/cdn/resources  
2024/01/08 09:31:46 billing_model.go:204: 361345. server02.ktcdnteam.link 2023-12-26 14:11:40 active 
2024/01/08 09:31:46 billing_model.go:204: 379118. cloud11.kt.com 2024-01-02 10:26:14 active 
2024/01/08 09:31:46 billing_model.go:204: 393269. cloud.kt.com 2024-01-08 13:16:05 active 
2024/01/08 09:31:49 api.go:41: [GET] Request >> https://api.gcore.com/cdn/resources  
2024/01/08 09:31:50 billing_model.go:204: 361345. server02.ktcdnteam.link 2023-12-26 14:11:40 active 
2024/01/08 09:31:50 billing_model.go:204: 379118. cloud11.kt.com 2024-01-02 10:26:14 active 
2024/01/08 09:31:50 billing_model.go:204: 393269. cloud.kt.com 2024-01-08 13:16:05 active 
2024/01/08 09:32:05 api.go:41: [GET] Request >> https://api.gcore.com/cdn/resources  
2024/01/08 09:32:06 billing_model.go:204: 361345. server02.ktcdnteam.link 2023-12-26 14:11:40 active 
2024/01/08 09:32:06 billing_model.go:204: 379118. cloud11.kt.com 2024-01-02 10:26:14 active 
2024/01/08 09:32:06 billing_model.go:204: 393269. cloud.kt.com 2024-01-08 13:16:05 active 
2024/01/08 09:33:44 main.go:28: Start api-server..
2024/01/08 09:33:44 server.go:9: Start api-server..
2024/01/08 09:41:29 api.go:41: [GET] Request >> https://api.gcore.com/cdn/resources/393269  
2024/01/08 09:41:30 api.go:41: [PUT] Request >> https://api.gcore.com/cdn/resources/393269 {"id":393269,"options":{"custom_server_name":null,"slice":null,"gzipOn":null,"brotli_compression":null,"ignoreQueryString":null,"hostHeader":{"enabled":true,"value":"210.104.79.216:80"},"stale":{"enabled":true,"value":["error","updating"]},"sni":{"enabled":true,"sni_type":"dynamic","custom_hostname":""},"edge_cache_settings":{"enabled":true,"default":"4d"},"tls_versions":{"enabled":false,"value":["SSLv3","TLSv1","TLSv1.1","TLSv1.2","TLSv1.3"]}},"deleted":false,"secondaryHostnames":[],"client":250053,"status":"active","active":false,"enabled":true,"preset_applied":false,"vp_enabled":false,"originGroup_name":"Origins for server02.ktcdnteam.link","shielded":false,"shield_dc":null,"shield_enabled":false,"full_custom_enabled":false,"can_purge_by_urls":false,"created":"2024-01-08T04:16:05.31286Z","created_str":"","updated":"2024-01-08T04:16:05.312877Z","originProtocol":"HTTP","cname":"cloud.kt.com","sslEnabled":false,"ssl_automated":false,"proxy_ssl_enabled":false,"suspended":false,"description":"server03","originGroup":467686} 
2024/01/08 09:41:36 api.go:41: [GET] Request >> https://api.gcore.com/cdn/resources  
2024/01/08 09:41:37 billing_model.go:204: 361345. server02.ktcdnteam.link 2023-12-26 14:11:40 active 
2024/01/08 09:41:37 billing_model.go:204: 379118. cloud11.kt.com 2024-01-02 10:26:14 active 
2024/01/08 09:41:37 billing_model.go:204: 393269. cloud.kt.com 2024-01-08 13:16:05 suspended 
2024/01/08 09:41:40 api.go:41: [GET] Request >> https://api.gcore.com/cdn/origin_groups  
2024/01/08 09:42:10 api.go:41: [GET] Request >> https://api.gcore.com/cdn/resources  
2024/01/08 09:42:11 billing_model.go:204: 361345. server02.ktcdnteam.link 2023-12-26 14:11:40 active 
2024/01/08 09:42:11 billing_model.go:204: 379118. cloud11.kt.com 2024-01-02 10:26:14 active 
2024/01/08 09:42:11 billing_model.go:204: 393269. cloud.kt.com 2024-01-08 13:16:05 suspended 
2024/01/08 09:42:12 api.go:41: [GET] Request >> https://api.gcore.com/cdn/origin_groups  
