2024/01/05 08:01:24 main.go:29: Start api-server..
2024/01/05 08:01:24 server.go:9: Start api-server..
2024/01/05 08:01:27 main.go:29: Start api-server..
2024/01/05 08:01:27 server.go:9: Start api-server..
2024/01/05 08:01:30 api.go:41: [GET] Request >> https://api.gcore.com/cdn/origin_groups  
2024/01/05 08:08:46 main.go:29: Start api-server..
2024/01/05 08:08:46 server.go:9: Start api-server..
2024/01/05 08:10:37 main.go:29: Start api-server..
2024/01/05 08:10:37 server.go:9: Start api-server..
2024/01/05 08:10:44 api.go:41: [GET] Request >> https://api.gcore.com/cdn/resources  
2024/01/05 08:10:45 billing_model.go:204: 361345. server02.ktcdnteam.link 2023-12-26 14:11:40 active 
2024/01/05 08:10:45 billing_model.go:204: 379118. cloud11.kt.com 2024-01-02 10:26:14 active 
2024/01/05 08:10:46 api.go:41: [GET] Request >> https://api.gcore.com/cdn/origin_groups  
2024/01/05 08:12:55 main.go:29: Start api-server..
2024/01/05 08:12:55 server.go:9: Start api-server..
2024/01/05 08:13:15 api.go:41: [GET] Request >> https://api.gcore.com/cdn/resources  
2024/01/05 08:13:16 billing_model.go:204: 361345. server02.ktcdnteam.link 2023-12-26 14:11:40 active 
2024/01/05 08:13:16 billing_model.go:204: 379118. cloud11.kt.com 2024-01-02 10:26:14 active 
2024/01/05 08:13:18 api.go:41: [GET] Request >> https://api.gcore.com/cdn/origin_groups  
2024/01/05 08:18:08 api.go:41: [GET] Request >> https://api.gcore.com/cdn/resources  
2024/01/05 08:18:09 api.go:41: [GET] Request >> https://api.gcore.com/cdn/origin_groups  
2024/01/05 08:18:10 billing_model.go:204: 361345. server02.ktcdnteam.link 2023-12-26 14:11:40 active 
2024/01/05 08:18:10 billing_model.go:204: 379118. cloud11.kt.com 2024-01-02 10:26:14 active 
2024/01/05 08:45:26 api.go:41: [GET] Request >> https://api.gcore.com/cdn/resources  
2024/01/05 08:45:26 api.go:41: [GET] Request >> https://api.gcore.com/cdn/origin_groups  
2024/01/05 08:45:27 billing_model.go:204: 361345. server02.ktcdnteam.link 2023-12-26 14:11:40 active 
2024/01/05 08:45:27 billing_model.go:204: 379118. cloud11.kt.com 2024-01-02 10:26:14 active 
2024/01/05 08:45:36 api.go:41: [POST] Request >> https://api.gcore.com/cdn/origin_groups {"id":0,"auth_type":"none","use_next":false,"sources":[{"source":"1.1.1.1","backup":false,"enabled":true},{"source":"2.2.2.2","backup":false,"enabled":true}],"name":"1.1.1.1"} 
2024/01/05 08:45:38 api.go:41: [POST] Request >> https://api.gcore.com/cdn/resources {"sslEnabled":false,"sslData":null,"active":true,"originGroup":493655,"originProtocol":"HTTP","cname":"asdf.com","description":"asdf","origin":"","secondaryHostnames":[],"options":{"edge_cache_settings":{"enabled":true,"default":"4d"},"cache_expire":null,"stale":{"enabled":true,"value":["error","updating"]},"allowedHttpMethods":null,"cache_http_headers":null,"hostHeader":{"enabled":true,"value":"1.1.1.1"},"forward_host_header":null,"limit_bandwidth":null,"bot_protection":null}} 
2024/01/05 08:45:39 billing_model.go:366: {"id":386283,"options":{"custom_server_name":null,"slice":null,"gzipOn":null,"brotli_compression":null,"ignoreQueryString":null,"hostHeader":{"enabled":true,"value":"1.1.1.1"},"staticHeaders":null,"static_response_headers":null,"staticRequestHeaders":null,"allowedHttpMethods":null,"stale":{"enabled":true,"value":["error","updating"]},"cors":null,"proxy_cache_methods_set":null,"rewrite":null,"force_return":null,"secure_key":null,"cache_expire":null,"disable_cache":null,"ignore_cookie":null,"cache_http_headers":null,"response_headers_hiding_policy":null,"override_browser_ttl":null,"fetch_compressed":null,"disable_proxy_force_ranges":null,"redirect_http_to_https":null,"redirect_https_to_http":null,"sni":{"enabled":true,"sni_type":"dynamic","custom_hostname":""},"limit_bandwidth":null,"request_limiter":null,"bot_protection":null,"waf":null,"country_acl":null,"referrer_acl":null,"user_agent_acl":null,"ip_address_acl":null,"query_params_blacklist":null,"query_params_whitelist":null,"browser_cache_settings":null,"edge_cache_settings":{"enabled":true,"default":"4d"},"forward_host_header":null,"websockets":null,"use_default_le_chain":null,"use_rsa_le_cert":null,"use_dns01_le_challenge":null,"tls_versions":{"enabled":false,"value":["SSLv3","TLSv1","TLSv1.1","TLSv1.2","TLSv1.3"]},"follow_origin_redirect":null,"http3_enabled":null,"image_stack":null},"deleted":false,"secondaryHostnames":[],"rules":[],"client":250053,"status":"processed","active":true,"enabled":true,"preset_applied":false,"vp_enabled":false,"originGroup_name":"1.1.1.1","shielded":false,"shield_dc":null,"shield_enabled":false,"full_custom_enabled":false,"can_purge_by_urls":false,"name":null,"created":"2024-01-05T05:45:38.906996Z","updated":"2024-01-05T05:45:38.907011Z","originProtocol":"HTTP","cname":"asdf.com","sslEnabled":false,"ssl_automated":false,"proxy_ssl_enabled":false,"suspend_date":null,"suspended":false,"is_primary":null,"description":"asdf","originGroup":493655,"sslData":null,"proxy_ssl_ca":null,"proxy_ssl_data":null,"shield_routing_map":null,"primary_resource":null}
2024/01/05 08:45:41 api.go:41: [GET] Request >> https://api.gcore.com/cdn/origin_groups  
2024/01/05 08:45:44 api.go:41: [GET] Request >> https://api.gcore.com/cdn/resources  
2024/01/05 08:45:44 api.go:41: [GET] Request >> https://api.gcore.com/cdn/resources  
2024/01/05 08:45:45 billing_model.go:204: 361345. server02.ktcdnteam.link 2023-12-26 14:11:40 active 
2024/01/05 08:45:45 billing_model.go:204: 379118. cloud11.kt.com 2024-01-02 10:26:14 active 
2024/01/05 08:45:45 billing_model.go:204: 386283. asdf.com 2024-01-05 14:45:38 processed 
2024/01/05 08:45:45 billing_model.go:204: 361345. server02.ktcdnteam.link 2023-12-26 14:11:40 active 
2024/01/05 08:45:45 billing_model.go:204: 379118. cloud11.kt.com 2024-01-02 10:26:14 active 
2024/01/05 08:45:45 billing_model.go:204: 386283. asdf.com 2024-01-05 14:45:38 processed 
2024/01/05 08:46:07 api.go:41: [GET] Request >> https://api.gcore.com/cdn/resources  
2024/01/05 08:46:08 billing_model.go:204: 361345. server02.ktcdnteam.link 2023-12-26 14:11:40 active 
2024/01/05 08:46:08 billing_model.go:204: 379118. cloud11.kt.com 2024-01-02 10:26:14 active 
2024/01/05 08:46:08 billing_model.go:204: 386283. asdf.com 2024-01-05 14:45:38 processed 
2024/01/05 08:47:15 api.go:41: [GET] Request >> https://api.gcore.com/cdn/origin_groups  
2024/01/05 08:48:52 api.go:41: [GET] Request >> https://api.gcore.com/cdn/resources  
2024/01/05 08:48:53 billing_model.go:204: 361345. server02.ktcdnteam.link 2023-12-26 14:11:40 active 
2024/01/05 08:48:53 billing_model.go:204: 379118. cloud11.kt.com 2024-01-02 10:26:14 active 
2024/01/05 08:48:53 billing_model.go:204: 386283. asdf.com 2024-01-05 14:45:38 processed 
2024/01/05 08:49:01 api.go:41: [DELETE] Request >> https://api.gcore.com/cdn/resources/386283  
2024/01/05 08:49:07 api.go:41: [GET] Request >> https://api.gcore.com/cdn/resources  
2024/01/05 08:49:08 api.go:41: [GET] Request >> https://api.gcore.com/cdn/origin_groups  
2024/01/05 08:49:08 billing_model.go:204: 361345. server02.ktcdnteam.link 2023-12-26 14:11:40 active 
2024/01/05 08:49:08 billing_model.go:204: 379118. cloud11.kt.com 2024-01-02 10:26:14 active 
2024/01/05 08:49:18 api.go:41: [GET] Request >> https://api.gcore.com/cdn/origin_groups  
2024/01/05 08:49:19 billing_model.go:226: &{467686 Origins for server02.ktcdnteam.link [{210.104.79.216:80 false true default}] true true none  []}
2024/01/05 08:49:19 api.go:41: [GET] Request >> https://api.gcore.com/cdn/resources?fields=status,description&originGroup=467686  
2024/01/05 08:49:20 billing_model.go:226: &{486194 origin01 [{cloud.kt.com:443 false true default} {gcore02.ktcdnteam.link true false default}] false true none  []}
2024/01/05 08:49:20 billing_model.go:226: &{493655 1.1.1.1 [{1.1.1.1 false true default} {2.2.2.2 false true default}] false false none  []}
2024/01/05 08:49:20 billing_model.go:226: &{491753 www.asdf.com [{www.asdf.com false true default} {www.nexon.com false true default}] false false none  []}
2024/01/05 08:49:20 billing_model.go:226: &{491121 nuxt [{nuxt.ktcdnteam.link:3000 false true default} {gcore02.ktcdnteam.link false true default}] false true none  []}
2024/01/05 08:49:23 api.go:41: [DELETE] Request >> https://api.gcore.com/cdn/origin_groups/493655  
2024/01/05 08:49:24 api.go:41: [GET] Request >> https://api.gcore.com/cdn/origin_groups  
2024/01/05 08:49:25 billing_model.go:226: &{467686 Origins for server02.ktcdnteam.link [{210.104.79.216:80 false true default}] true true none  []}
2024/01/05 08:49:25 api.go:41: [GET] Request >> https://api.gcore.com/cdn/resources?fields=status,description&originGroup=467686  
2024/01/05 08:49:26 billing_model.go:226: &{486194 origin01 [{cloud.kt.com:443 false true default} {gcore02.ktcdnteam.link true false default}] false true none  []}
2024/01/05 08:49:26 billing_model.go:226: &{491753 www.asdf.com [{www.asdf.com false true default} {www.nexon.com false true default}] false false none  []}
2024/01/05 08:49:26 billing_model.go:226: &{491121 nuxt [{nuxt.ktcdnteam.link:3000 false true default} {gcore02.ktcdnteam.link false true default}] false true none  []}
2024/01/05 08:49:27 api.go:41: [GET] Request >> https://api.gcore.com/cdn/resources  
2024/01/05 08:49:27 api.go:41: [GET] Request >> https://api.gcore.com/cdn/origin_groups  
2024/01/05 08:49:28 billing_model.go:204: 361345. server02.ktcdnteam.link 2023-12-26 14:11:40 active 
2024/01/05 08:49:28 billing_model.go:204: 379118. cloud11.kt.com 2024-01-02 10:26:14 active 
2024/01/05 08:50:53 api.go:41: [GET] Request >> https://api.gcore.com/cdn/resources  
2024/01/05 08:50:54 billing_model.go:204: 361345. server02.ktcdnteam.link 2023-12-26 14:11:40 active 
2024/01/05 08:50:54 billing_model.go:204: 379118. cloud11.kt.com 2024-01-02 10:26:14 active 
2024/01/05 08:50:56 api.go:41: [GET] Request >> https://api.gcore.com/cdn/origin_groups  
2024/01/05 08:50:57 billing_model.go:226: &{467686 Origins for server02.ktcdnteam.link [{210.104.79.216:80 false true default}] true true none  []}
2024/01/05 08:50:57 api.go:41: [GET] Request >> https://api.gcore.com/cdn/resources?fields=status,description&originGroup=467686  
2024/01/05 08:50:58 billing_model.go:226: &{486194 origin01 [{cloud.kt.com:443 false true default} {gcore02.ktcdnteam.link true false default}] false true none  []}
2024/01/05 08:50:58 billing_model.go:226: &{491753 www.asdf.com [{www.asdf.com false true default} {www.nexon.com false true default}] false false none  []}
2024/01/05 08:50:58 billing_model.go:226: &{491121 nuxt [{nuxt.ktcdnteam.link:3000 false true default} {gcore02.ktcdnteam.link false true default}] false true none  []}
2024/01/05 08:51:05 api.go:41: [GET] Request >> https://api.gcore.com/cdn/origin_groups  
2024/01/05 08:51:11 main.go:29: Start api-server..
2024/01/05 08:51:11 server.go:9: Start api-server..
2024/01/05 08:51:14 api.go:41: [GET] Request >> https://api.gcore.com/cdn/origin_groups  
2024/01/05 08:51:15 api.go:41: [GET] Request >> https://api.gcore.com/cdn/resources  
2024/01/05 08:51:15 billing_model.go:226: &{467686 Origins for server02.ktcdnteam.link [{210.104.79.216:80 false true default}] true true none  []}
2024/01/05 08:51:15 api.go:41: [GET] Request >> https://api.gcore.com/cdn/resources?fields=status,description&originGroup=467686  
2024/01/05 08:51:16 billing_model.go:204: 361345. server02.ktcdnteam.link 2023-12-26 14:11:40 active 
2024/01/05 08:51:16 billing_model.go:204: 379118. cloud11.kt.com 2024-01-02 10:26:14 active 
2024/01/05 08:51:17 billing_model.go:226: &{486194 origin01 [{cloud.kt.com:443 false true default} {gcore02.ktcdnteam.link true false default}] false true none  []}
2024/01/05 08:51:17 billing_model.go:226: &{491753 www.asdf.com [{www.asdf.com false true default} {www.nexon.com false true default}] false false none  []}
2024/01/05 08:51:17 billing_model.go:226: &{491121 nuxt [{nuxt.ktcdnteam.link:3000 false true default} {gcore02.ktcdnteam.link false true default}] false true none  []}
2024/01/05 08:51:20 api.go:41: [GET] Request >> https://api.gcore.com/cdn/origin_groups  
2024/01/05 08:54:14 main.go:29: Start api-server..
2024/01/05 08:54:14 server.go:9: Start api-server..
2024/01/05 08:54:16 api.go:41: [GET] Request >> https://api.gcore.com/cdn/resources  
2024/01/05 08:54:17 billing_model.go:204: 361345. server02.ktcdnteam.link 2023-12-26 14:11:40 active 
2024/01/05 08:54:17 billing_model.go:204: 379118. cloud11.kt.com 2024-01-02 10:26:14 active 
2024/01/05 08:54:21 api.go:41: [GET] Request >> https://api.gcore.com/cdn/origin_groups  
2024/01/05 08:55:07 api.go:41: [GET] Request >> https://api.gcore.com/cdn/resources  
2024/01/05 08:55:08 billing_model.go:204: 361345. server02.ktcdnteam.link 2023-12-26 14:11:40 active 
2024/01/05 08:55:08 billing_model.go:204: 379118. cloud11.kt.com 2024-01-02 10:26:14 active 
2024/01/05 08:55:15 api.go:41: [GET] Request >> https://api.gcore.com/cdn/resources  
2024/01/05 08:55:16 billing_model.go:204: 361345. server02.ktcdnteam.link 2023-12-26 14:11:40 active 
2024/01/05 08:55:16 billing_model.go:204: 379118. cloud11.kt.com 2024-01-02 10:26:14 active 
2024/01/05 08:55:52 api.go:41: [GET] Request >> https://api.gcore.com/cdn/resources  
2024/01/05 08:55:53 billing_model.go:204: 361345. server02.ktcdnteam.link 2023-12-26 14:11:40 active 
2024/01/05 08:55:53 billing_model.go:204: 379118. cloud11.kt.com 2024-01-02 10:26:14 active 
2024/01/05 08:57:04 api.go:41: [GET] Request >> https://api.gcore.com/cdn/resources  
2024/01/05 08:57:05 billing_model.go:204: 361345. server02.ktcdnteam.link 2023-12-26 14:11:40 active 
2024/01/05 08:57:05 billing_model.go:204: 379118. cloud11.kt.com 2024-01-02 10:26:14 active 
2024/01/05 08:57:21 api.go:41: [GET] Request >> https://api.gcore.com/cdn/origin_groups  
2024/01/05 08:58:31 api.go:41: [GET] Request >> https://api.gcore.com/cdn/resources  
2024/01/05 08:58:33 api.go:41: [GET] Request >> https://api.gcore.com/cdn/resources  
2024/01/05 08:58:34 api.go:41: [GET] Request >> https://api.gcore.com/cdn/origin_groups  
2024/01/05 08:58:38 api.go:71: GET https://api.gcore.com/cdn/resources >>> [ERROR : 504] <html>
<head><title>504 Gateway Time-out</title></head>
<body>
<center><h1>504 Gateway Time-out</h1></center>
<hr><center>nginx</center>
</body>
</html>
 
2024/01/05 08:58:38 api.go:82: invalid character '<' looking for beginning of value
2024/01/05 08:58:38 billing_model.go:191: Parsing fail
2024/01/05 08:58:38 route.go:53: Parsing fail
2024/01/05 08:58:39 api.go:71: GET https://api.gcore.com/cdn/origin_groups >>> [ERROR : 504] <html>
<head><title>504 Gateway Time-out</title></head>
<body>
<center><h1>504 Gateway Time-out</h1></center>
<hr><center>nginx</center>
</body>
</html>
 
2024/01/05 08:58:39 api.go:82: invalid character '<' looking for beginning of value
2024/01/05 08:58:39 billing_model.go:213: Parsing fail
2024/01/05 08:58:39 route.go:62: Parsing fail
2024/01/05 08:58:41 api.go:71: GET https://api.gcore.com/cdn/resources >>> [ERROR : 504] <html>
<head><title>504 Gateway Time-out</title></head>
<body>
<center><h1>504 Gateway Time-out</h1></center>
<hr><center>nginx</center>
</body>
</html>
 
2024/01/05 08:58:41 api.go:82: invalid character '<' looking for beginning of value
2024/01/05 08:58:41 billing_model.go:191: Parsing fail
2024/01/05 08:58:41 route.go:53: Parsing fail
2024/01/05 09:16:52 api.go:41: [GET] Request >> https://api.gcore.com/cdn/resources  
2024/01/05 09:16:53 api.go:41: [GET] Request >> https://api.gcore.com/cdn/origin_groups  
2024/01/05 09:16:53 billing_model.go:204: 361345. server02.ktcdnteam.link 2023-12-26 14:11:40 active 
2024/01/05 09:16:53 billing_model.go:204: 379118. cloud11.kt.com 2024-01-02 10:26:14 active 
2024/01/05 09:17:41 api.go:41: [GET] Request >> https://api.gcore.com/cdn/resources  
2024/01/05 09:17:42 api.go:41: [GET] Request >> https://api.gcore.com/cdn/origin_groups  
2024/01/05 09:17:42 billing_model.go:204: 361345. server02.ktcdnteam.link 2023-12-26 14:11:40 active 
2024/01/05 09:17:42 billing_model.go:204: 379118. cloud11.kt.com 2024-01-02 10:26:14 active 
2024/01/05 09:41:19 api.go:41: [GET] Request >> https://api.gcore.com/cdn/resources  
2024/01/05 09:41:19 api.go:41: [GET] Request >> https://api.gcore.com/cdn/origin_groups  
2024/01/05 09:41:20 billing_model.go:204: 361345. server02.ktcdnteam.link 2023-12-26 14:11:40 active 
2024/01/05 09:41:20 billing_model.go:204: 379118. cloud11.kt.com 2024-01-02 10:26:14 active 
2024/01/05 09:43:09 api.go:41: [GET] Request >> https://api.gcore.com/cdn/resources  
2024/01/05 09:43:10 api.go:41: [GET] Request >> https://api.gcore.com/cdn/origin_groups  
2024/01/05 09:43:10 billing_model.go:204: 361345. server02.ktcdnteam.link 2023-12-26 14:11:40 active 
2024/01/05 09:43:10 billing_model.go:204: 379118. cloud11.kt.com 2024-01-02 10:26:14 active 
2024/01/05 09:43:43 api.go:41: [GET] Request >> https://api.gcore.com/cdn/resources  
2024/01/05 09:43:43 api.go:41: [GET] Request >> https://api.gcore.com/cdn/origin_groups  
2024/01/05 09:43:44 billing_model.go:204: 361345. server02.ktcdnteam.link 2023-12-26 14:11:40 active 
2024/01/05 09:43:44 billing_model.go:204: 379118. cloud11.kt.com 2024-01-02 10:26:14 active 
2024/01/05 09:46:45 api.go:41: [GET] Request >> https://api.gcore.com/cdn/resources  
2024/01/05 09:46:46 api.go:41: [GET] Request >> https://api.gcore.com/cdn/origin_groups  
2024/01/05 09:46:46 billing_model.go:204: 361345. server02.ktcdnteam.link 2023-12-26 14:11:40 active 
2024/01/05 09:46:46 billing_model.go:204: 379118. cloud11.kt.com 2024-01-02 10:26:14 active 
2024/01/05 09:47:02 api.go:41: [GET] Request >> https://api.gcore.com/cdn/resources  
2024/01/05 09:47:02 api.go:41: [GET] Request >> https://api.gcore.com/cdn/origin_groups  
2024/01/05 09:47:03 billing_model.go:204: 361345. server02.ktcdnteam.link 2023-12-26 14:11:40 active 
2024/01/05 09:47:03 billing_model.go:204: 379118. cloud11.kt.com 2024-01-02 10:26:14 active 
2024/01/05 09:51:09 api.go:41: [GET] Request >> https://api.gcore.com/cdn/resources  
2024/01/05 09:51:11 api.go:41: [GET] Request >> https://api.gcore.com/cdn/origin_groups  
2024/01/05 09:51:14 api.go:71: GET https://api.gcore.com/cdn/resources >>> [ERROR : 504] <html>
<head><title>504 Gateway Time-out</title></head>
<body>
<center><h1>504 Gateway Time-out</h1></center>
<hr><center>nginx</center>
</body>
</html>
 
2024/01/05 09:51:14 api.go:82: invalid character '<' looking for beginning of value
2024/01/05 09:51:14 billing_model.go:191: Parsing fail
2024/01/05 09:51:14 route.go:53: Parsing fail
2024/01/05 09:51:16 api.go:71: GET https://api.gcore.com/cdn/origin_groups >>> [ERROR : 504] <html>
<head><title>504 Gateway Time-out</title></head>
<body>
<center><h1>504 Gateway Time-out</h1></center>
<hr><center>nginx</center>
</body>
</html>
 
2024/01/05 09:51:16 api.go:82: invalid character '<' looking for beginning of value
2024/01/05 09:51:16 billing_model.go:213: Parsing fail
2024/01/05 09:51:16 route.go:62: Parsing fail
2024/01/05 09:51:39 api.go:41: [GET] Request >> https://api.gcore.com/cdn/resources  
2024/01/05 09:51:39 api.go:41: [GET] Request >> https://api.gcore.com/cdn/origin_groups  
2024/01/05 09:51:44 api.go:71: GET https://api.gcore.com/cdn/resources >>> [ERROR : 504] <html>
<head><title>504 Gateway Time-out</title></head>
<body>
<center><h1>504 Gateway Time-out</h1></center>
<hr><center>nginx</center>
</body>
</html>
 
2024/01/05 09:51:44 api.go:82: invalid character '<' looking for beginning of value
2024/01/05 09:51:44 billing_model.go:191: Parsing fail
2024/01/05 09:51:44 route.go:53: Parsing fail
2024/01/05 09:51:44 api.go:71: GET https://api.gcore.com/cdn/origin_groups >>> [ERROR : 504] <html>
<head><title>504 Gateway Time-out</title></head>
<body>
<center><h1>504 Gateway Time-out</h1></center>
<hr><center>nginx</center>
</body>
</html>
 
2024/01/05 09:51:44 api.go:82: invalid character '<' looking for beginning of value
2024/01/05 09:51:44 billing_model.go:213: Parsing fail
2024/01/05 09:51:44 route.go:62: Parsing fail
2024/01/05 09:52:00 api.go:41: [GET] Request >> https://api.gcore.com/cdn/resources  
2024/01/05 09:52:01 api.go:41: [GET] Request >> https://api.gcore.com/cdn/origin_groups  
2024/01/05 09:52:05 api.go:71: GET https://api.gcore.com/cdn/resources >>> [ERROR : 504] <html>
<head><title>504 Gateway Time-out</title></head>
<body>
<center><h1>504 Gateway Time-out</h1></center>
<hr><center>nginx</center>
</body>
</html>
 
2024/01/05 09:52:05 api.go:82: invalid character '<' looking for beginning of value
2024/01/05 09:52:05 billing_model.go:191: Parsing fail
2024/01/05 09:52:05 route.go:53: Parsing fail
2024/01/05 09:52:06 api.go:71: GET https://api.gcore.com/cdn/origin_groups >>> [ERROR : 504] <html>
<head><title>504 Gateway Time-out</title></head>
<body>
<center><h1>504 Gateway Time-out</h1></center>
<hr><center>nginx</center>
</body>
</html>
 
2024/01/05 09:52:06 api.go:82: invalid character '<' looking for beginning of value
2024/01/05 09:52:06 billing_model.go:213: Parsing fail
2024/01/05 09:52:06 route.go:62: Parsing fail
2024/01/05 09:52:28 api.go:41: [GET] Request >> https://api.gcore.com/cdn/resources  
2024/01/05 09:52:29 api.go:41: [GET] Request >> https://api.gcore.com/cdn/origin_groups  
2024/01/05 09:52:29 billing_model.go:204: 361345. server02.ktcdnteam.link 2023-12-26 14:11:40 active 
2024/01/05 09:52:29 billing_model.go:204: 379118. cloud11.kt.com 2024-01-02 10:26:14 active 
2024/01/05 09:52:30 api.go:41: [POST] Request >> https://api.gcore.com/cdn/resources {"sslEnabled":false,"sslData":null,"active":true,"originGroup":467686,"originProtocol":"HTTP","cname":"","description":"","origin":"","secondaryHostnames":[],"options":{"edge_cache_settings":{"enabled":true,"default":"4d"},"cache_expire":null,"stale":{"enabled":true,"value":["error","updating"]},"allowedHttpMethods":null,"cache_http_headers":null,"hostHeader":{"enabled":true,"value":"210.104.79.216:80"},"forward_host_header":null,"limit_bandwidth":null,"bot_protection":null}} 
2024/01/05 09:52:31 api.go:71: POST https://api.gcore.com/cdn/resources >>> [ERROR : 400] {"errors":{"cname":["This field cannot be empty. Please specify the domain name that will be used for content delivery"]}} 
2024/01/05 09:52:31 api.go:82: json: cannot unmarshal array into Go struct field ErrorResponse.errors of type string
2024/01/05 09:52:31 api.go:85: map[cname:]
2024/01/05 09:52:31 api.go:91: [ERROR : cname]  
2024/01/05 09:52:31 billing_model.go:363: Unknown error
2024/01/05 09:52:31 route.go:84: Unknown error
2024/01/05 09:52:33 api.go:41: [GET] Request >> https://api.gcore.com/cdn/origin_groups  
2024/01/05 09:52:36 api.go:41: [GET] Request >> https://api.gcore.com/cdn/resources  
2024/01/05 09:52:37 billing_model.go:204: 361345. server02.ktcdnteam.link 2023-12-26 14:11:40 active 
2024/01/05 09:52:37 billing_model.go:204: 379118. cloud11.kt.com 2024-01-02 10:26:14 active 
2024/01/05 09:52:44 api.go:41: [POST] Request >> https://api.gcore.com/cdn/resources {"sslEnabled":false,"sslData":null,"active":true,"originGroup":467686,"originProtocol":"HTTP","cname":"asdf","description":"asdf","origin":"","secondaryHostnames":[],"options":{"edge_cache_settings":{"enabled":true,"default":"4d"},"cache_expire":null,"stale":{"enabled":true,"value":["error","updating"]},"allowedHttpMethods":null,"cache_http_headers":null,"hostHeader":{"enabled":true,"value":"210.104.79.216:80"},"forward_host_header":null,"limit_bandwidth":null,"bot_protection":null}} 
2024/01/05 09:52:45 api.go:71: POST https://api.gcore.com/cdn/resources >>> [ERROR : 400] {"errors":{"cname":["cname asdf is not a domain name"]}} 
2024/01/05 09:52:45 api.go:82: json: cannot unmarshal array into Go struct field ErrorResponse.errors of type string
2024/01/05 09:52:45 api.go:85: map[cname:]
2024/01/05 09:52:45 api.go:91: [ERROR : cname]  
2024/01/05 09:52:45 billing_model.go:363: Unknown error
2024/01/05 09:52:45 route.go:84: Unknown error
2024/01/05 09:52:47 api.go:41: [GET] Request >> https://api.gcore.com/cdn/resources  
2024/01/05 09:52:47 api.go:41: [GET] Request >> https://api.gcore.com/cdn/origin_groups  
2024/01/05 09:52:48 billing_model.go:204: 361345. server02.ktcdnteam.link 2023-12-26 14:11:40 active 
2024/01/05 09:52:48 billing_model.go:204: 379118. cloud11.kt.com 2024-01-02 10:26:14 active 
2024/01/05 09:53:26 api.go:41: [GET] Request >> https://api.gcore.com/cdn/resources  
2024/01/05 09:53:26 api.go:41: [GET] Request >> https://api.gcore.com/cdn/origin_groups  
2024/01/05 09:53:27 billing_model.go:204: 361345. server02.ktcdnteam.link 2023-12-26 14:11:40 active 
2024/01/05 09:53:27 billing_model.go:204: 379118. cloud11.kt.com 2024-01-02 10:26:14 active 
2024/01/05 09:53:49 api.go:41: [GET] Request >> https://api.gcore.com/cdn/resources  
2024/01/05 09:53:49 api.go:41: [GET] Request >> https://api.gcore.com/cdn/origin_groups  
2024/01/05 09:53:50 billing_model.go:204: 361345. server02.ktcdnteam.link 2023-12-26 14:11:40 active 
2024/01/05 09:53:50 billing_model.go:204: 379118. cloud11.kt.com 2024-01-02 10:26:14 active 
2024/01/05 09:53:54 api.go:41: [GET] Request >> https://api.gcore.com/cdn/resources  
2024/01/05 09:53:55 billing_model.go:204: 361345. server02.ktcdnteam.link 2023-12-26 14:11:40 active 
2024/01/05 09:53:55 billing_model.go:204: 379118. cloud11.kt.com 2024-01-02 10:26:14 active 
2024/01/05 09:53:57 api.go:41: [GET] Request >> https://api.gcore.com/cdn/origin_groups  
2024/01/05 09:54:08 api.go:41: [GET] Request >> https://api.gcore.com/cdn/resources  
2024/01/05 09:54:08 api.go:41: [GET] Request >> https://api.gcore.com/cdn/origin_groups  
2024/01/05 09:54:09 billing_model.go:204: 361345. server02.ktcdnteam.link 2023-12-26 14:11:40 active 
2024/01/05 09:54:09 billing_model.go:204: 379118. cloud11.kt.com 2024-01-02 10:26:14 active 
2024/01/05 10:04:33 main.go:29: Start api-server..
2024/01/05 10:04:33 server.go:9: Start api-server..
2024/01/05 10:32:50 api.go:41: [GET] Request >> https://api.gcore.com/cdn/origin_groups  
2024/01/05 10:32:51 billing_model.go:226: &{467686 Origins for server02.ktcdnteam.link [{210.104.79.216:80 false true default}] true true none  []}
2024/01/05 10:32:51 api.go:41: [GET] Request >> https://api.gcore.com/cdn/resources?fields=status,description&originGroup=467686  
2024/01/05 10:32:53 billing_model.go:226: &{486194 origin01 [{cloud.kt.com:443 false true default} {gcore02.ktcdnteam.link true false default}] false true none  []}
2024/01/05 10:32:53 billing_model.go:226: &{491753 www.asdf.com [{www.asdf.com false true default} {www.nexon.com false true default}] false false none  []}
2024/01/05 10:32:53 billing_model.go:226: &{491121 nuxt [{nuxt.ktcdnteam.link:3000 false true default} {gcore02.ktcdnteam.link false true default}] false true none  []}
2024/01/05 10:32:54 api.go:41: [GET] Request >> https://api.gcore.com/cdn/resources  
2024/01/05 10:32:54 api.go:41: [GET] Request >> https://api.gcore.com/cdn/origin_groups  
2024/01/05 10:32:55 billing_model.go:204: 361345. server02.ktcdnteam.link 2023-12-26 14:11:40 active 
2024/01/05 10:32:55 billing_model.go:204: 379118. cloud11.kt.com 2024-01-02 10:26:14 active 
2024/01/05 10:33:08 api.go:41: [GET] Request >> https://api.gcore.com/cdn/resources  
2024/01/05 10:33:09 billing_model.go:204: 361345. server02.ktcdnteam.link 2023-12-26 14:11:40 active 
2024/01/05 10:33:09 billing_model.go:204: 379118. cloud11.kt.com 2024-01-02 10:26:14 active 
2024/01/05 10:37:02 main.go:29: Start api-server..
2024/01/05 10:37:02 server.go:9: Start api-server..
2024/01/05 10:37:04 api.go:41: [GET] Request >> https://api.gcore.com/cdn/resources  
2024/01/05 10:37:05 api.go:41: [GET] Request >> https://api.gcore.com/cdn/origin_groups  
2024/01/05 10:37:05 billing_model.go:204: 361345. server02.ktcdnteam.link 2023-12-26 14:11:40 active 
2024/01/05 10:37:05 billing_model.go:204: 379118. cloud11.kt.com 2024-01-02 10:26:14 active 
2024/01/05 10:41:17 api.go:41: [GET] Request >> https://api.gcore.com/cdn/resources  
2024/01/05 10:41:18 billing_model.go:204: 361345. server02.ktcdnteam.link 2023-12-26 14:11:40 active 
2024/01/05 10:41:18 billing_model.go:204: 379118. cloud11.kt.com 2024-01-02 10:26:14 active 
2024/01/05 10:42:00 api.go:41: [GET] Request >> https://api.gcore.com/cdn/origin_groups  
2024/01/05 10:42:18 main.go:29: Start api-server..
2024/01/05 10:42:18 server.go:9: Start api-server..
2024/01/05 10:43:23 api.go:41: [GET] Request >> https://api.gcore.com/cdn/resources  
2024/01/05 10:43:24 api.go:41: [GET] Request >> https://api.gcore.com/cdn/origin_groups  
2024/01/05 10:43:24 billing_model.go:204: 361345. server02.ktcdnteam.link 2023-12-26 14:11:40 active 
2024/01/05 10:43:24 billing_model.go:204: 379118. cloud11.kt.com 2024-01-02 10:26:14 active 
2024/01/05 11:24:28 main.go:29: Start api-server..
2024/01/05 11:24:28 server.go:9: Start api-server..
2024/01/05 11:24:38 api.go:41: [GET] Request >> https://api.gcore.com/cdn/resources  
2024/01/05 11:24:39 billing_model.go:204: 361345. server02.ktcdnteam.link 2023-12-26 14:11:40 active 
2024/01/05 11:24:39 billing_model.go:204: 379118. cloud11.kt.com 2024-01-02 10:26:14 active 
2024/01/05 11:27:01 api.go:41: [GET] Request >> https://api.gcore.com/cdn/origin_groups  
2024/01/05 11:27:02 billing_model.go:226: &{467686 Origins for server02.ktcdnteam.link [{210.104.79.216:80 false true default}] true true none  []}
2024/01/05 11:27:02 api.go:41: [GET] Request >> https://api.gcore.com/cdn/resources?fields=status,description&originGroup=467686  
2024/01/05 11:27:03 billing_model.go:226: &{486194 origin01 [{cloud.kt.com:443 false true default} {gcore02.ktcdnteam.link true false default}] false true none  []}
2024/01/05 11:27:03 billing_model.go:226: &{491753 www.asdf.com [{www.asdf.com false true default} {www.nexon.com false true default}] false false none  []}
2024/01/05 11:27:03 billing_model.go:226: &{491121 nuxt [{nuxt.ktcdnteam.link:3000 false true default} {gcore02.ktcdnteam.link false true default}] false true none  []}
2024/01/05 11:43:03 api.go:41: [GET] Request >> https://api.gcore.com/cdn/resources  
2024/01/05 11:43:04 billing_model.go:204: 361345. server02.ktcdnteam.link 2023-12-26 14:11:40 active 
2024/01/05 11:43:04 billing_model.go:204: 379118. cloud11.kt.com 2024-01-02 10:26:14 active 
2024/01/05 11:43:12 api.go:41: [GET] Request >> https://api.gcore.com/cdn/resources  
2024/01/05 11:43:13 billing_model.go:204: 361345. server02.ktcdnteam.link 2023-12-26 14:11:40 active 
2024/01/05 11:43:13 billing_model.go:204: 379118. cloud11.kt.com 2024-01-02 10:26:14 active 
2024/01/05 12:01:22 main.go:29: Start api-server..
2024/01/05 12:01:22 server.go:9: Start api-server..
2024/01/05 12:02:00 api.go:41: [GET] Request >> https://api.gcore.com/cdn/resources  
2024/01/05 12:02:01 billing_model.go:204: 361345. server02.ktcdnteam.link 2023-12-26 14:11:40 active 
2024/01/05 12:02:01 billing_model.go:204: 379118. cloud11.kt.com 2024-01-02 10:26:14 active 
2024/01/05 12:02:07 api.go:41: [GET] Request >> https://api.gcore.com/cdn/origin_groups  
2024/01/05 12:06:22 api.go:41: [GET] Request >> https://api.gcore.com/cdn/resources  
2024/01/05 12:06:23 billing_model.go:204: 361345. server02.ktcdnteam.link 2023-12-26 14:11:40 active 
2024/01/05 12:06:23 billing_model.go:204: 379118. cloud11.kt.com 2024-01-02 10:26:14 active 
2024/01/05 12:06:49 main.go:29: Start api-server..
2024/01/05 12:06:49 server.go:9: Start api-server..
2024/01/05 12:09:58 main.go:29: Start api-server..
2024/01/05 12:09:58 server.go:9: Start api-server..
2024/01/05 12:10:07 main.go:29: Start api-server..
2024/01/05 12:10:07 server.go:9: Start api-server..
2024/01/05 12:11:21 main.go:29: Start api-server..
2024/01/05 12:11:21 server.go:9: Start api-server..
2024/01/05 12:14:23 main.go:29: Start api-server..
2024/01/05 12:14:23 server.go:9: Start api-server..
2024/01/05 12:15:47 main.go:29: Start api-server..
2024/01/05 12:15:47 server.go:9: Start api-server..
2024/01/05 12:19:35 main.go:29: Start api-server..
2024/01/05 12:19:35 server.go:9: Start api-server..
2024/01/05 12:19:53 main.go:29: Start api-server..
2024/01/05 12:19:53 server.go:9: Start api-server..
2024/01/05 12:29:02 main.go:29: Start api-server..
2024/01/05 12:29:02 server.go:9: Start api-server..
2024/01/05 12:29:06 api.go:41: [GET] Request >> https://api.gcore.com/cdn/resources  
2024/01/05 12:29:07 billing_model.go:204: 361345. server02.ktcdnteam.link 2023-12-26 14:11:40 active 
2024/01/05 12:29:07 billing_model.go:204: 379118. cloud11.kt.com 2024-01-02 10:26:14 active 
2024/01/05 12:30:47 api.go:41: [GET] Request >> https://api.gcore.com/cdn/resources  
2024/01/05 12:30:48 billing_model.go:204: 361345. server02.ktcdnteam.link 2023-12-26 14:11:40 active 
2024/01/05 12:30:48 billing_model.go:204: 379118. cloud11.kt.com 2024-01-02 10:26:14 active 
2024/01/05 12:30:52 main.go:29: Start api-server..
2024/01/05 12:30:52 server.go:9: Start api-server..
2024/01/05 12:30:58 api.go:41: [GET] Request >> https://api.gcore.com/cdn/resources  
2024/01/05 12:30:59 billing_model.go:204: 361345. server02.ktcdnteam.link 2023-12-26 14:11:40 active 
2024/01/05 12:30:59 billing_model.go:204: 379118. cloud11.kt.com 2024-01-02 10:26:14 active 
2024/01/05 12:32:28 main.go:29: Start api-server..
2024/01/05 12:32:28 server.go:9: Start api-server..
2024/01/05 12:32:31 api.go:41: [GET] Request >> https://api.gcore.com/cdn/resources  
2024/01/05 12:32:32 billing_model.go:204: 361345. server02.ktcdnteam.link 2023-12-26 14:11:40 active 
2024/01/05 12:32:32 billing_model.go:204: 379118. cloud11.kt.com 2024-01-02 10:26:14 active 
2024/01/08 03:18:27 api.go:41: [GET] Request >> https://api.gcore.com/cdn/resources  
2024/01/08 03:18:28 api.go:60: [Token ERROR] >> GET Token Start
2024/01/08 03:18:28 loadconf.go:68: [POST] NEW TOKEN >> {"username":"dlek55@naver.com","password":"number1Cloud!2#","one_time_password":""} 
2024/01/08 03:18:30 api.go:41: [GET] Request >> https://api.gcore.com/cdn/origin_groups  
2024/01/08 03:18:30 api.go:41: [GET] Request >> https://api.gcore.com/cdn/resources  
2024/01/08 03:18:31 api.go:60: [Token ERROR] >> GET Token Start
2024/01/08 03:18:31 loadconf.go:68: [POST] NEW TOKEN >> {"username":"dlek55@naver.com","password":"number1Cloud!2#","one_time_password":""} 
2024/01/08 03:18:31 billing_model.go:204: 361345. server02.ktcdnteam.link 2023-12-26 14:11:40 active 
2024/01/08 03:18:31 billing_model.go:204: 379118. cloud11.kt.com 2024-01-02 10:26:14 active 
2024/01/08 03:18:32 api.go:41: [GET] Request >> https://api.gcore.com/cdn/origin_groups  
2024/01/08 03:45:10 api.go:41: [GET] Request >> https://api.gcore.com/cdn/origin_groups  
2024/01/08 03:45:12 billing_model.go:226: &{467686 Origins for server02.ktcdnteam.link [{210.104.79.216:80 false true default}] true true none  []}
2024/01/08 03:45:12 api.go:41: [GET] Request >> https://api.gcore.com/cdn/resources?fields=status,description&originGroup=467686  
2024/01/08 03:45:13 billing_model.go:226: &{486194 origin01 [{cloud.kt.com:443 false true default} {gcore02.ktcdnteam.link true false default}] false true none  []}
2024/01/08 03:45:13 billing_model.go:226: &{491753 www.asdf.com [{www.asdf.com false true default} {www.nexon.com false true default}] false false none  []}
2024/01/08 03:45:13 billing_model.go:226: &{491121 nuxt [{nuxt.ktcdnteam.link:3000 false true default} {gcore02.ktcdnteam.link false true default}] false true none  []}
2024/01/08 03:47:29 api.go:41: [GET] Request >> https://api.gcore.com/cdn/origin_groups  
2024/01/08 03:47:39 api.go:41: [GET] Request >> https://api.gcore.com/cdn/origin_groups  
2024/01/08 03:48:20 api.go:41: [GET] Request >> https://api.gcore.com/cdn/origin_groups  
2024/01/08 03:48:31 api.go:41: [GET] Request >> https://api.gcore.com/cdn/origin_groups  
2024/01/08 03:48:32 billing_model.go:226: &{467686 Origins for server02.ktcdnteam.link [{210.104.79.216:80 false true default}] true true none  []}
2024/01/08 03:48:32 api.go:41: [GET] Request >> https://api.gcore.com/cdn/resources?fields=status,description&originGroup=467686  
2024/01/08 03:48:33 billing_model.go:226: &{486194 origin01 [{cloud.kt.com:443 false true default} {gcore02.ktcdnteam.link true false default}] false true none  []}
2024/01/08 03:48:33 billing_model.go:226: &{491753 www.asdf.com [{www.asdf.com false true default} {www.nexon.com false true default}] false false none  []}
2024/01/08 03:48:33 billing_model.go:226: &{491121 nuxt [{nuxt.ktcdnteam.link:3000 false true default} {gcore02.ktcdnteam.link false true default}] false true none  []}
2024/01/08 03:48:33 api.go:41: [GET] Request >> https://api.gcore.com/cdn/resources  
2024/01/08 03:48:34 billing_model.go:204: 361345. server02.ktcdnteam.link 2023-12-26 14:11:40 active 
2024/01/08 03:48:34 billing_model.go:204: 379118. cloud11.kt.com 2024-01-02 10:26:14 active 
2024/01/08 04:18:49 api.go:41: [GET] Request >> https://api.gcore.com/cdn/resources  
2024/01/08 04:18:50 api.go:60: [Token ERROR] >> GET Token Start
2024/01/08 04:18:50 loadconf.go:68: [POST] NEW TOKEN >> {"username":"dlek55@naver.com","password":"number1Cloud!2#","one_time_password":""} 
2024/01/08 04:18:51 api.go:41: [GET] Request >> https://api.gcore.com/cdn/resources  
2024/01/08 04:18:53 billing_model.go:204: 361345. server02.ktcdnteam.link 2023-12-26 14:11:40 active 
2024/01/08 04:18:53 billing_model.go:204: 379118. cloud11.kt.com 2024-01-02 10:26:14 active 
2024/01/08 04:22:00 api.go:41: [GET] Request >> https://api.gcore.com/cdn/resources  
2024/01/08 04:22:01 billing_model.go:204: 361345. server02.ktcdnteam.link 2023-12-26 14:11:40 active 
2024/01/08 04:22:01 billing_model.go:204: 379118. cloud11.kt.com 2024-01-02 10:26:14 active 
