2024/01/04 05:16:17 main.go:29: Start api-server..
2024/01/04 05:16:17 server.go:9: Start api-server..
2024/01/04 05:16:22 api.go:41: [GET] Request >> https://api.gcore.com/cdn/origin_groups  
2024/01/04 05:16:23 billing_model.go:226: &{467686 Origins for server02.ktcdnteam.link [{210.104.79.216:80 false true default}] true true none  []}
2024/01/04 05:16:23 api.go:41: [GET] Request >> https://api.gcore.com/cdn/resources?fields=status,description&originGroup=467686  
2024/01/04 05:16:24 billing_model.go:226: &{486194 origin01 [{cloud.kt.com:443 false true default} {gcore02.ktcdnteam.link true false default}] false true none  []}
2024/01/04 05:16:24 billing_model.go:226: &{486615 baba01 [{asdf.com:880 false true default} {nexon.com false true default}] false true none  []}
2024/01/04 05:16:24 billing_model.go:226: &{491121 nuxt [{nuxt.ktcdnteam.link:3000 false true default}] false true none  []}
2024/01/04 05:22:05 main.go:29: Start api-server..
2024/01/04 05:22:05 server.go:9: Start api-server..
2024/01/04 05:22:06 api.go:41: [GET] Request >> https://api.gcore.com/cdn/origin_groups  
2024/01/04 05:22:08 billing_model.go:226: &{467686 Origins for server02.ktcdnteam.link [{210.104.79.216:80 false true default}] true true none  []}
2024/01/04 05:22:08 api.go:41: [GET] Request >> https://api.gcore.com/cdn/resources?fields=status,description&originGroup=467686  
2024/01/04 05:22:09 billing_model.go:226: &{486194 origin01 [{cloud.kt.com:443 false true default} {gcore02.ktcdnteam.link true false default}] false true none  []}
2024/01/04 05:22:09 billing_model.go:226: &{486615 baba01 [{asdf.com:880 false true default} {nexon.com false true default}] false true none  []}
2024/01/04 05:22:09 billing_model.go:226: &{491121 nuxt [{nuxt.ktcdnteam.link:3000 false true default}] false true none  []}
2024/01/04 05:23:44 main.go:29: Start api-server..
2024/01/04 05:23:44 server.go:9: Start api-server..
2024/01/04 05:23:46 api.go:41: [GET] Request >> https://api.gcore.com/cdn/origin_groups  
2024/01/04 05:23:47 billing_model.go:226: &{467686 Origins for server02.ktcdnteam.link [{210.104.79.216:80 false true default}] true true none  []}
2024/01/04 05:23:47 api.go:41: [GET] Request >> https://api.gcore.com/cdn/resources?fields=status,description&originGroup=467686  
2024/01/04 05:23:48 billing_model.go:226: &{486194 origin01 [{cloud.kt.com:443 false true default} {gcore02.ktcdnteam.link true false default}] false true none  []}
2024/01/04 05:23:48 billing_model.go:226: &{486615 baba01 [{asdf.com:880 false true default} {nexon.com false true default}] false true none  []}
2024/01/04 05:23:48 billing_model.go:226: &{491121 nuxt [{nuxt.ktcdnteam.link:3000 false true default}] false true none  []}
2024/01/04 05:27:19 main.go:29: Start api-server..
2024/01/04 05:27:19 server.go:9: Start api-server..
2024/01/04 05:27:51 main.go:29: Start api-server..
2024/01/04 05:27:51 server.go:9: Start api-server..
2024/01/04 05:27:53 api.go:41: [GET] Request >> https://api.gcore.com/cdn/origin_groups  
2024/01/04 05:27:54 billing_model.go:226: &{467686 Origins for server02.ktcdnteam.link [{210.104.79.216:80 false true default}] true true none  []}
2024/01/04 05:27:54 api.go:41: [GET] Request >> https://api.gcore.com/cdn/resources?fields=status,description&originGroup=467686  
2024/01/04 05:27:56 billing_model.go:226: &{486194 origin01 [{cloud.kt.com:443 false true default} {gcore02.ktcdnteam.link true false default}] false true none  []}
2024/01/04 05:27:56 billing_model.go:226: &{486615 baba01 [{asdf.com:880 false true default} {nexon.com false true default}] false true none  []}
2024/01/04 05:27:56 billing_model.go:226: &{491121 nuxt [{nuxt.ktcdnteam.link:3000 false true default}] false true none  []}
2024/01/04 05:31:13 api.go:41: [GET] Request >> https://api.gcore.com/cdn/origin_groups  
2024/01/04 05:31:15 billing_model.go:226: &{467686 Origins for server02.ktcdnteam.link [{210.104.79.216:80 false true default}] true true none  []}
2024/01/04 05:31:15 api.go:41: [GET] Request >> https://api.gcore.com/cdn/resources?fields=status,description&originGroup=467686  
2024/01/04 05:31:16 billing_model.go:226: &{486194 origin01 [{cloud.kt.com:443 false true default} {gcore02.ktcdnteam.link true false default}] false true none  []}
2024/01/04 05:31:16 billing_model.go:226: &{486615 baba01 [{asdf.com:880 false true default} {nexon.com false true default}] false true none  []}
2024/01/04 05:31:16 billing_model.go:226: &{491121 nuxt [{nuxt.ktcdnteam.link:3000 false true default}] false true none  []}
2024/01/04 05:31:55 api.go:41: [GET] Request >> https://api.gcore.com/cdn/origin_groups  
2024/01/04 05:31:56 billing_model.go:226: &{467686 Origins for server02.ktcdnteam.link [{210.104.79.216:80 false true default}] true true none  []}
2024/01/04 05:31:56 api.go:41: [GET] Request >> https://api.gcore.com/cdn/resources?fields=status,description&originGroup=467686  
2024/01/04 05:31:57 billing_model.go:226: &{486194 origin01 [{cloud.kt.com:443 false true default} {gcore02.ktcdnteam.link true false default}] false true none  []}
2024/01/04 05:31:57 billing_model.go:226: &{486615 baba01 [{asdf.com:880 false true default} {nexon.com false true default}] false true none  []}
2024/01/04 05:31:57 billing_model.go:226: &{491121 nuxt [{nuxt.ktcdnteam.link:3000 false true default}] false true none  []}
2024/01/04 05:35:50 main.go:29: Start api-server..
2024/01/04 05:35:50 server.go:9: Start api-server..
2024/01/04 05:36:02 api.go:41: [GET] Request >> https://api.gcore.com/cdn/origin_groups  
2024/01/04 05:36:04 billing_model.go:226: &{467686 Origins for server02.ktcdnteam.link [{210.104.79.216:80 false true default}] true true none  []}
2024/01/04 05:36:04 api.go:41: [GET] Request >> https://api.gcore.com/cdn/resources?fields=status,description&originGroup=467686  
2024/01/04 05:36:05 billing_model.go:226: &{486194 origin01 [{cloud.kt.com:443 false true default} {gcore02.ktcdnteam.link true false default}] false true none  []}
2024/01/04 05:36:05 billing_model.go:226: &{486615 baba01 [{asdf.com:880 false true default} {nexon.com false true default}] false true none  []}
2024/01/04 05:36:05 billing_model.go:226: &{491121 nuxt [{nuxt.ktcdnteam.link:3000 false true default}] false true none  []}
2024/01/04 05:39:22 main.go:29: Start api-server..
2024/01/04 05:39:22 server.go:9: Start api-server..
2024/01/04 05:39:28 api.go:41: [GET] Request >> https://api.gcore.com/cdn/origin_groups  
2024/01/04 05:39:29 billing_model.go:226: &{467686 Origins for server02.ktcdnteam.link [{210.104.79.216:80 false true default}] true true none  []}
2024/01/04 05:39:29 api.go:41: [GET] Request >> https://api.gcore.com/cdn/resources?fields=status,description&originGroup=467686  
2024/01/04 05:39:30 billing_model.go:226: &{486194 origin01 [{cloud.kt.com:443 false true default} {gcore02.ktcdnteam.link true false default}] false true none  []}
2024/01/04 05:39:30 billing_model.go:226: &{486615 baba01 [{asdf.com:880 false true default} {nexon.com false true default}] false true none  []}
2024/01/04 05:39:30 billing_model.go:226: &{491121 nuxt [{nuxt.ktcdnteam.link:3000 false true default}] false true none  []}
2024/01/04 05:40:51 main.go:29: Start api-server..
2024/01/04 05:40:51 server.go:9: Start api-server..
2024/01/04 05:40:54 api.go:41: [GET] Request >> https://api.gcore.com/cdn/origin_groups  
2024/01/04 05:40:55 billing_model.go:226: &{467686 Origins for server02.ktcdnteam.link [{210.104.79.216:80 false true default}] true true none  []}
2024/01/04 05:40:55 api.go:41: [GET] Request >> https://api.gcore.com/cdn/resources?fields=status,description&originGroup=467686  
2024/01/04 05:40:56 billing_model.go:226: &{486194 origin01 [{cloud.kt.com:443 false true default} {gcore02.ktcdnteam.link true false default}] false true none  []}
2024/01/04 05:40:56 billing_model.go:226: &{486615 baba01 [{asdf.com:880 false true default} {nexon.com false true default}] false true none  []}
2024/01/04 05:40:56 billing_model.go:226: &{491121 nuxt [{nuxt.ktcdnteam.link:3000 false true default}] false true none  []}
2024/01/04 05:41:02 api.go:41: [GET] Request >> https://api.gcore.com/cdn/origin_groups  
2024/01/04 05:41:03 billing_model.go:226: &{467686 Origins for server02.ktcdnteam.link [{210.104.79.216:80 false true default}] true true none  []}
2024/01/04 05:41:03 api.go:41: [GET] Request >> https://api.gcore.com/cdn/resources?fields=status,description&originGroup=467686  
2024/01/04 05:41:05 billing_model.go:226: &{486194 origin01 [{cloud.kt.com:443 false true default} {gcore02.ktcdnteam.link true false default}] false true none  []}
2024/01/04 05:41:05 billing_model.go:226: &{486615 baba01 [{asdf.com:880 false true default} {nexon.com false true default}] false true none  []}
2024/01/04 05:41:05 billing_model.go:226: &{491121 nuxt [{nuxt.ktcdnteam.link:3000 false true default}] false true none  []}
2024/01/04 05:41:17 api.go:41: [GET] Request >> https://api.gcore.com/cdn/origin_groups  
2024/01/04 05:41:18 billing_model.go:226: &{467686 Origins for server02.ktcdnteam.link [{210.104.79.216:80 false true default}] true true none  []}
2024/01/04 05:41:18 api.go:41: [GET] Request >> https://api.gcore.com/cdn/resources?fields=status,description&originGroup=467686  
2024/01/04 05:41:19 billing_model.go:226: &{486194 origin01 [{cloud.kt.com:443 false true default} {gcore02.ktcdnteam.link true false default}] false true none  []}
2024/01/04 05:41:19 billing_model.go:226: &{486615 baba01 [{asdf.com:880 false true default} {nexon.com false true default}] false true none  []}
2024/01/04 05:41:19 billing_model.go:226: &{491121 nuxt [{nuxt.ktcdnteam.link:3000 false true default}] false true none  []}
2024/01/04 05:41:41 api.go:41: [GET] Request >> https://api.gcore.com/cdn/origin_groups  
2024/01/04 05:41:42 billing_model.go:226: &{467686 Origins for server02.ktcdnteam.link [{210.104.79.216:80 false true default}] true true none  []}
2024/01/04 05:41:42 api.go:41: [GET] Request >> https://api.gcore.com/cdn/resources?fields=status,description&originGroup=467686  
2024/01/04 05:41:43 billing_model.go:226: &{486194 origin01 [{cloud.kt.com:443 false true default} {gcore02.ktcdnteam.link true false default}] false true none  []}
2024/01/04 05:41:43 billing_model.go:226: &{486615 baba01 [{asdf.com:880 false true default} {nexon.com false true default}] false true none  []}
2024/01/04 05:41:43 billing_model.go:226: &{491121 nuxt [{nuxt.ktcdnteam.link:3000 false true default}] false true none  []}
2024/01/04 05:42:02 main.go:29: Start api-server..
2024/01/04 05:42:02 server.go:9: Start api-server..
2024/01/04 05:42:05 api.go:41: [GET] Request >> https://api.gcore.com/cdn/origin_groups  
2024/01/04 05:42:06 billing_model.go:226: &{467686 Origins for server02.ktcdnteam.link [{210.104.79.216:80 false true default}] true true none  []}
2024/01/04 05:42:06 api.go:41: [GET] Request >> https://api.gcore.com/cdn/resources?fields=status,description&originGroup=467686  
2024/01/04 05:42:07 billing_model.go:226: &{486194 origin01 [{cloud.kt.com:443 false true default} {gcore02.ktcdnteam.link true false default}] false true none  []}
2024/01/04 05:42:07 billing_model.go:226: &{486615 baba01 [{asdf.com:880 false true default} {nexon.com false true default}] false true none  []}
2024/01/04 05:42:07 billing_model.go:226: &{491121 nuxt [{nuxt.ktcdnteam.link:3000 false true default}] false true none  []}
2024/01/04 07:02:36 api.go:41: [GET] Request >> https://api.gcore.com/cdn/origin_groups  
2024/01/04 07:02:37 api.go:60: [Token ERROR] >> GET Token Start
2024/01/04 07:02:37 loadconf.go:68: [POST] NEW TOKEN >> {"username":"dlek55@naver.com","password":"number1Cloud!2#","one_time_password":""} 
2024/01/04 07:02:39 api.go:41: [GET] Request >> https://api.gcore.com/cdn/origin_groups  
2024/01/04 07:02:40 billing_model.go:226: &{467686 Origins for server02.ktcdnteam.link [{210.104.79.216:80 false true default}] true true none  []}
2024/01/04 07:02:40 api.go:41: [GET] Request >> https://api.gcore.com/cdn/resources?fields=status,description&originGroup=467686  
2024/01/04 07:02:41 billing_model.go:226: &{486194 origin01 [{cloud.kt.com:443 false true default} {gcore02.ktcdnteam.link true false default}] false true none  []}
2024/01/04 07:02:41 billing_model.go:226: &{486615 baba01 [{asdf.com:880 false true default} {nexon.com false true default}] false true none  []}
2024/01/04 07:02:41 billing_model.go:226: &{491121 nuxt [{nuxt.ktcdnteam.link:3000 false true default}] false true none  []}
2024/01/04 07:02:56 api.go:41: [GET] Request >> https://api.gcore.com/cdn/origin_groups  
2024/01/04 07:02:57 billing_model.go:226: &{467686 Origins for server02.ktcdnteam.link [{210.104.79.216:80 false true default}] true true none  []}
2024/01/04 07:02:57 api.go:41: [GET] Request >> https://api.gcore.com/cdn/resources?fields=status,description&originGroup=467686  
2024/01/04 07:02:58 billing_model.go:226: &{486194 origin01 [{cloud.kt.com:443 false true default} {gcore02.ktcdnteam.link true false default}] false true none  []}
2024/01/04 07:02:58 billing_model.go:226: &{486615 baba01 [{asdf.com:880 false true default} {nexon.com false true default}] false true none  []}
2024/01/04 07:02:58 billing_model.go:226: &{491121 nuxt [{nuxt.ktcdnteam.link:3000 false true default}] false true none  []}
2024/01/04 07:03:20 api.go:41: [GET] Request >> https://api.gcore.com/cdn/origin_groups  
2024/01/04 07:03:21 billing_model.go:226: &{467686 Origins for server02.ktcdnteam.link [{210.104.79.216:80 false true default}] true true none  []}
2024/01/04 07:03:21 api.go:41: [GET] Request >> https://api.gcore.com/cdn/resources?fields=status,description&originGroup=467686  
2024/01/04 07:03:22 billing_model.go:226: &{486194 origin01 [{cloud.kt.com:443 false true default} {gcore02.ktcdnteam.link true false default}] false true none  []}
2024/01/04 07:03:22 billing_model.go:226: &{486615 baba01 [{asdf.com:880 false true default} {nexon.com false true default}] false true none  []}
2024/01/04 07:03:22 billing_model.go:226: &{491121 nuxt [{nuxt.ktcdnteam.link:3000 false true default}] false true none  []}
2024/01/04 07:07:15 api.go:41: [GET] Request >> https://api.gcore.com/cdn/origin_groups  
2024/01/04 07:07:16 billing_model.go:226: &{467686 Origins for server02.ktcdnteam.link [{210.104.79.216:80 false true default}] true true none  []}
2024/01/04 07:07:16 api.go:41: [GET] Request >> https://api.gcore.com/cdn/resources?fields=status,description&originGroup=467686  
2024/01/04 07:07:17 billing_model.go:226: &{486194 origin01 [{cloud.kt.com:443 false true default} {gcore02.ktcdnteam.link true false default}] false true none  []}
2024/01/04 07:07:17 billing_model.go:226: &{486615 baba01 [{asdf.com:880 false true default} {nexon.com false true default}] false true none  []}
2024/01/04 07:07:17 billing_model.go:226: &{491121 nuxt [{nuxt.ktcdnteam.link:3000 false true default}] false true none  []}
2024/01/04 07:15:17 api.go:41: [GET] Request >> https://api.gcore.com/cdn/origin_groups  
2024/01/04 07:15:19 billing_model.go:226: &{467686 Origins for server02.ktcdnteam.link [{210.104.79.216:80 false true default}] true true none  []}
2024/01/04 07:15:19 api.go:41: [GET] Request >> https://api.gcore.com/cdn/resources?fields=status,description&originGroup=467686  
2024/01/04 07:15:20 billing_model.go:226: &{486194 origin01 [{cloud.kt.com:443 false true default} {gcore02.ktcdnteam.link true false default}] false true none  []}
2024/01/04 07:15:20 billing_model.go:226: &{486615 baba01 [{asdf.com:880 false true default} {nexon.com false true default}] false true none  []}
2024/01/04 07:15:20 billing_model.go:226: &{491121 nuxt [{nuxt.ktcdnteam.link:3000 false true default}] false true none  []}
2024/01/04 07:16:44 api.go:41: [GET] Request >> https://api.gcore.com/cdn/origin_groups  
2024/01/04 07:16:49 billing_model.go:226: &{467686 Origins for server02.ktcdnteam.link [{210.104.79.216:80 false true default}] true true none  []}
2024/01/04 07:16:49 api.go:41: [GET] Request >> https://api.gcore.com/cdn/resources?fields=status,description&originGroup=467686  
2024/01/04 07:16:50 billing_model.go:226: &{486194 origin01 [{cloud.kt.com:443 false true default} {gcore02.ktcdnteam.link true false default}] false true none  []}
2024/01/04 07:16:50 billing_model.go:226: &{486615 baba01 [{asdf.com:880 false true default} {nexon.com false true default}] false true none  []}
2024/01/04 07:16:50 billing_model.go:226: &{491121 nuxt [{nuxt.ktcdnteam.link:3000 false true default}] false true none  []}
2024/01/04 07:18:11 main.go:29: Start api-server..
2024/01/04 07:18:11 server.go:9: Start api-server..
2024/01/04 07:18:21 api.go:41: [GET] Request >> https://api.gcore.com/cdn/origin_groups  
2024/01/04 07:18:22 billing_model.go:226: &{467686 Origins for server02.ktcdnteam.link [{210.104.79.216:80 false true default}] true true none  []}
2024/01/04 07:18:22 api.go:41: [GET] Request >> https://api.gcore.com/cdn/resources?fields=status,description&originGroup=467686  
2024/01/04 07:18:23 billing_model.go:226: &{486194 origin01 [{cloud.kt.com:443 false true default} {gcore02.ktcdnteam.link true false default}] false true none  []}
2024/01/04 07:18:23 billing_model.go:226: &{486615 baba01 [{asdf.com:880 false true default} {nexon.com false true default}] false true none  []}
2024/01/04 07:18:23 billing_model.go:226: &{491121 nuxt [{nuxt.ktcdnteam.link:3000 false true default}] false true none  []}
2024/01/04 07:19:55 api.go:41: [GET] Request >> https://api.gcore.com/cdn/origin_groups  
2024/01/04 07:19:57 billing_model.go:226: &{467686 Origins for server02.ktcdnteam.link [{210.104.79.216:80 false true default}] true true none  []}
2024/01/04 07:19:57 api.go:41: [GET] Request >> https://api.gcore.com/cdn/resources?fields=status,description&originGroup=467686  
2024/01/04 07:19:58 billing_model.go:226: &{486194 origin01 [{cloud.kt.com:443 false true default} {gcore02.ktcdnteam.link true false default}] false true none  []}
2024/01/04 07:19:58 billing_model.go:226: &{486615 baba01 [{asdf.com:880 false true default} {nexon.com false true default}] false true none  []}
2024/01/04 07:19:58 billing_model.go:226: &{491121 nuxt [{nuxt.ktcdnteam.link:3000 false true default}] false true none  []}
2024/01/04 07:20:21 api.go:41: [GET] Request >> https://api.gcore.com/cdn/origin_groups  
2024/01/04 07:20:23 billing_model.go:226: &{467686 Origins for server02.ktcdnteam.link [{210.104.79.216:80 false true default}] true true none  []}
2024/01/04 07:20:23 api.go:41: [GET] Request >> https://api.gcore.com/cdn/resources?fields=status,description&originGroup=467686  
2024/01/04 07:20:24 billing_model.go:226: &{486194 origin01 [{cloud.kt.com:443 false true default} {gcore02.ktcdnteam.link true false default}] false true none  []}
2024/01/04 07:20:24 billing_model.go:226: &{486615 baba01 [{asdf.com:880 false true default} {nexon.com false true default}] false true none  []}
2024/01/04 07:20:24 billing_model.go:226: &{491121 nuxt [{nuxt.ktcdnteam.link:3000 false true default}] false true none  []}
2024/01/04 07:20:35 main.go:29: Start api-server..
2024/01/04 07:20:35 server.go:9: Start api-server..
2024/01/04 07:20:45 api.go:41: [GET] Request >> https://api.gcore.com/cdn/origin_groups  
2024/01/04 07:20:46 billing_model.go:226: &{467686 Origins for server02.ktcdnteam.link [{210.104.79.216:80 false true default}] true true none  []}
2024/01/04 07:20:46 api.go:41: [GET] Request >> https://api.gcore.com/cdn/resources?fields=status,description&originGroup=467686  
2024/01/04 07:20:47 billing_model.go:226: &{486194 origin01 [{cloud.kt.com:443 false true default} {gcore02.ktcdnteam.link true false default}] false true none  []}
2024/01/04 07:20:47 billing_model.go:226: &{486615 baba01 [{asdf.com:880 false true default} {nexon.com false true default}] false true none  []}
2024/01/04 07:20:47 billing_model.go:226: &{491121 nuxt [{nuxt.ktcdnteam.link:3000 false true default}] false true none  []}
2024/01/04 07:21:43 api.go:41: [GET] Request >> https://api.gcore.com/cdn/origin_groups  
2024/01/04 07:21:46 billing_model.go:226: &{467686 Origins for server02.ktcdnteam.link [{210.104.79.216:80 false true default}] true true none  []}
2024/01/04 07:21:46 api.go:41: [GET] Request >> https://api.gcore.com/cdn/resources?fields=status,description&originGroup=467686  
2024/01/04 07:21:47 billing_model.go:226: &{486194 origin01 [{cloud.kt.com:443 false true default} {gcore02.ktcdnteam.link true false default}] false true none  []}
2024/01/04 07:21:47 billing_model.go:226: &{486615 baba01 [{asdf.com:880 false true default} {nexon.com false true default}] false true none  []}
2024/01/04 07:21:47 billing_model.go:226: &{491121 nuxt [{nuxt.ktcdnteam.link:3000 false true default}] false true none  []}
2024/01/04 07:22:09 api.go:41: [GET] Request >> https://api.gcore.com/cdn/origin_groups  
2024/01/04 07:22:11 billing_model.go:226: &{467686 Origins for server02.ktcdnteam.link [{210.104.79.216:80 false true default}] true true none  []}
2024/01/04 07:22:11 api.go:41: [GET] Request >> https://api.gcore.com/cdn/resources?fields=status,description&originGroup=467686  
2024/01/04 07:22:12 billing_model.go:226: &{486194 origin01 [{cloud.kt.com:443 false true default} {gcore02.ktcdnteam.link true false default}] false true none  []}
2024/01/04 07:22:12 billing_model.go:226: &{486615 baba01 [{asdf.com:880 false true default} {nexon.com false true default}] false true none  []}
2024/01/04 07:22:12 billing_model.go:226: &{491121 nuxt [{nuxt.ktcdnteam.link:3000 false true default}] false true none  []}
2024/01/04 07:24:24 api.go:41: [GET] Request >> https://api.gcore.com/cdn/origin_groups  
2024/01/04 07:24:25 billing_model.go:226: &{467686 Origins for server02.ktcdnteam.link [{210.104.79.216:80 false true default}] true true none  []}
2024/01/04 07:24:25 api.go:41: [GET] Request >> https://api.gcore.com/cdn/resources?fields=status,description&originGroup=467686  
2024/01/04 07:24:26 billing_model.go:226: &{486194 origin01 [{cloud.kt.com:443 false true default} {gcore02.ktcdnteam.link true false default}] false true none  []}
2024/01/04 07:24:26 billing_model.go:226: &{486615 baba01 [{asdf.com:880 false true default} {nexon.com false true default}] false true none  []}
2024/01/04 07:24:26 billing_model.go:226: &{491121 nuxt [{nuxt.ktcdnteam.link:3000 false true default}] false true none  []}
2024/01/04 07:24:46 main.go:29: Start api-server..
2024/01/04 07:24:46 server.go:9: Start api-server..
2024/01/04 07:24:49 api.go:41: [GET] Request >> https://api.gcore.com/cdn/origin_groups  
2024/01/04 07:24:50 billing_model.go:226: &{467686 Origins for server02.ktcdnteam.link [{210.104.79.216:80 false true default}] true true none  []}
2024/01/04 07:24:50 api.go:41: [GET] Request >> https://api.gcore.com/cdn/resources?fields=status,description&originGroup=467686  
2024/01/04 07:24:51 billing_model.go:226: &{486194 origin01 [{cloud.kt.com:443 false true default} {gcore02.ktcdnteam.link true false default}] false true none  []}
2024/01/04 07:24:51 billing_model.go:226: &{486615 baba01 [{asdf.com:880 false true default} {nexon.com false true default}] false true none  []}
2024/01/04 07:24:51 billing_model.go:226: &{491121 nuxt [{nuxt.ktcdnteam.link:3000 false true default}] false true none  []}
2024/01/04 07:25:59 api.go:41: [GET] Request >> https://api.gcore.com/cdn/origin_groups  
2024/01/04 07:26:01 billing_model.go:226: &{467686 Origins for server02.ktcdnteam.link [{210.104.79.216:80 false true default}] true true none  []}
2024/01/04 07:26:01 api.go:41: [GET] Request >> https://api.gcore.com/cdn/resources?fields=status,description&originGroup=467686  
2024/01/04 07:26:02 billing_model.go:226: &{486194 origin01 [{cloud.kt.com:443 false true default} {gcore02.ktcdnteam.link true false default}] false true none  []}
2024/01/04 07:26:02 billing_model.go:226: &{486615 baba01 [{asdf.com:880 false true default} {nexon.com false true default}] false true none  []}
2024/01/04 07:26:02 billing_model.go:226: &{491121 nuxt [{nuxt.ktcdnteam.link:3000 false true default}] false true none  []}
2024/01/04 07:26:12 main.go:29: Start api-server..
2024/01/04 07:26:12 server.go:9: Start api-server..
2024/01/04 07:26:14 api.go:41: [GET] Request >> https://api.gcore.com/cdn/origin_groups  
2024/01/04 07:26:16 billing_model.go:226: &{467686 Origins for server02.ktcdnteam.link [{210.104.79.216:80 false true default}] true true none  []}
2024/01/04 07:26:16 api.go:41: [GET] Request >> https://api.gcore.com/cdn/resources?fields=status,description&originGroup=467686  
2024/01/04 07:26:17 billing_model.go:226: &{486194 origin01 [{cloud.kt.com:443 false true default} {gcore02.ktcdnteam.link true false default}] false true none  []}
2024/01/04 07:26:17 billing_model.go:226: &{486615 baba01 [{asdf.com:880 false true default} {nexon.com false true default}] false true none  []}
2024/01/04 07:26:17 billing_model.go:226: &{491121 nuxt [{nuxt.ktcdnteam.link:3000 false true default}] false true none  []}
2024/01/04 07:28:33 api.go:41: [GET] Request >> https://api.gcore.com/cdn/origin_groups  
2024/01/04 07:28:35 billing_model.go:226: &{467686 Origins for server02.ktcdnteam.link [{210.104.79.216:80 false true default}] true true none  []}
2024/01/04 07:28:35 api.go:41: [GET] Request >> https://api.gcore.com/cdn/resources?fields=status,description&originGroup=467686  
2024/01/04 07:28:36 billing_model.go:226: &{486194 origin01 [{cloud.kt.com:443 false true default} {gcore02.ktcdnteam.link true false default}] false true none  []}
2024/01/04 07:28:36 billing_model.go:226: &{486615 baba01 [{asdf.com:880 false true default} {nexon.com false true default}] false true none  []}
2024/01/04 07:28:36 billing_model.go:226: &{491121 nuxt [{nuxt.ktcdnteam.link:3000 false true default}] false true none  []}
2024/01/04 07:31:46 api.go:41: [GET] Request >> https://api.gcore.com/cdn/origin_groups  
2024/01/04 07:31:47 billing_model.go:226: &{467686 Origins for server02.ktcdnteam.link [{210.104.79.216:80 false true default}] true true none  []}
2024/01/04 07:31:47 api.go:41: [GET] Request >> https://api.gcore.com/cdn/resources?fields=status,description&originGroup=467686  
2024/01/04 07:31:49 billing_model.go:226: &{486194 origin01 [{cloud.kt.com:443 false true default} {gcore02.ktcdnteam.link true false default}] false true none  []}
2024/01/04 07:31:49 billing_model.go:226: &{486615 baba01 [{asdf.com:880 false true default} {nexon.com false true default}] false true none  []}
2024/01/04 07:31:49 billing_model.go:226: &{491121 nuxt [{nuxt.ktcdnteam.link:3000 false true default}] false true none  []}
2024/01/04 07:33:55 api.go:41: [GET] Request >> https://api.gcore.com/cdn/origin_groups  
2024/01/04 07:33:56 billing_model.go:226: &{467686 Origins for server02.ktcdnteam.link [{210.104.79.216:80 false true default}] true true none  []}
2024/01/04 07:33:56 api.go:41: [GET] Request >> https://api.gcore.com/cdn/resources?fields=status,description&originGroup=467686  
2024/01/04 07:33:57 billing_model.go:226: &{486194 origin01 [{cloud.kt.com:443 false true default} {gcore02.ktcdnteam.link true false default}] false true none  []}
2024/01/04 07:33:57 billing_model.go:226: &{486615 baba01 [{asdf.com:880 false true default} {nexon.com false true default}] false true none  []}
2024/01/04 07:33:57 billing_model.go:226: &{491121 nuxt [{nuxt.ktcdnteam.link:3000 false true default}] false true none  []}
2024/01/04 07:36:36 main.go:29: Start api-server..
2024/01/04 07:36:36 server.go:9: Start api-server..
2024/01/04 07:36:44 api.go:41: [GET] Request >> https://api.gcore.com/cdn/origin_groups  
2024/01/04 07:36:46 billing_model.go:226: &{467686 Origins for server02.ktcdnteam.link [{210.104.79.216:80 false true default}] true true none  []}
2024/01/04 07:36:46 api.go:41: [GET] Request >> https://api.gcore.com/cdn/resources?fields=status,description&originGroup=467686  
2024/01/04 07:36:47 billing_model.go:226: &{486194 origin01 [{cloud.kt.com:443 false true default} {gcore02.ktcdnteam.link true false default}] false true none  []}
2024/01/04 07:36:47 billing_model.go:226: &{486615 baba01 [{asdf.com:880 false true default} {nexon.com false true default}] false true none  []}
2024/01/04 07:36:47 billing_model.go:226: &{491121 nuxt [{nuxt.ktcdnteam.link:3000 false true default}] false true none  []}
2024/01/04 07:40:04 api.go:41: [GET] Request >> https://api.gcore.com/cdn/origin_groups  
2024/01/04 07:40:05 billing_model.go:226: &{467686 Origins for server02.ktcdnteam.link [{210.104.79.216:80 false true default}] true true none  []}
2024/01/04 07:40:05 api.go:41: [GET] Request >> https://api.gcore.com/cdn/resources?fields=status,description&originGroup=467686  
2024/01/04 07:40:06 billing_model.go:226: &{486194 origin01 [{cloud.kt.com:443 false true default} {gcore02.ktcdnteam.link true false default}] false true none  []}
2024/01/04 07:40:06 billing_model.go:226: &{486615 baba01 [{asdf.com:880 false true default} {nexon.com false true default}] false true none  []}
2024/01/04 07:40:06 billing_model.go:226: &{491121 nuxt [{nuxt.ktcdnteam.link:3000 false true default}] false true none  []}
2024/01/04 07:42:40 api.go:41: [GET] Request >> https://api.gcore.com/cdn/origin_groups  
2024/01/04 07:42:41 billing_model.go:226: &{467686 Origins for server02.ktcdnteam.link [{210.104.79.216:80 false true default}] true true none  []}
2024/01/04 07:42:41 api.go:41: [GET] Request >> https://api.gcore.com/cdn/resources?fields=status,description&originGroup=467686  
2024/01/04 07:42:42 billing_model.go:226: &{486194 origin01 [{cloud.kt.com:443 false true default} {gcore02.ktcdnteam.link true false default}] false true none  []}
2024/01/04 07:42:42 billing_model.go:226: &{486615 baba01 [{asdf.com:880 false true default} {nexon.com false true default}] false true none  []}
2024/01/04 07:42:42 billing_model.go:226: &{491121 nuxt [{nuxt.ktcdnteam.link:3000 false true default}] false true none  []}
2024/01/04 07:44:17 main.go:29: Start api-server..
2024/01/04 07:44:17 server.go:9: Start api-server..
2024/01/04 07:44:21 api.go:41: [GET] Request >> https://api.gcore.com/cdn/origin_groups  
2024/01/04 07:44:22 billing_model.go:226: &{467686 Origins for server02.ktcdnteam.link [{210.104.79.216:80 false true default}] true true none  []}
2024/01/04 07:44:22 api.go:41: [GET] Request >> https://api.gcore.com/cdn/resources?fields=status,description&originGroup=467686  
2024/01/04 07:44:23 billing_model.go:226: &{486194 origin01 [{cloud.kt.com:443 false true default} {gcore02.ktcdnteam.link true false default}] false true none  []}
2024/01/04 07:44:23 billing_model.go:226: &{486615 baba01 [{asdf.com:880 false true default} {nexon.com false true default}] false true none  []}
2024/01/04 07:44:23 billing_model.go:226: &{491121 nuxt [{nuxt.ktcdnteam.link:3000 false true default}] false true none  []}
2024/01/04 07:45:45 main.go:29: Start api-server..
2024/01/04 07:45:45 server.go:9: Start api-server..
2024/01/04 07:45:51 api.go:41: [GET] Request >> https://api.gcore.com/cdn/origin_groups  
2024/01/04 07:45:52 billing_model.go:226: &{467686 Origins for server02.ktcdnteam.link [{210.104.79.216:80 false true default}] true true none  []}
2024/01/04 07:45:52 api.go:41: [GET] Request >> https://api.gcore.com/cdn/resources?fields=status,description&originGroup=467686  
2024/01/04 07:45:53 billing_model.go:226: &{486194 origin01 [{cloud.kt.com:443 false true default} {gcore02.ktcdnteam.link true false default}] false true none  []}
2024/01/04 07:45:53 billing_model.go:226: &{486615 baba01 [{asdf.com:880 false true default} {nexon.com false true default}] false true none  []}
2024/01/04 07:45:53 billing_model.go:226: &{491121 nuxt [{nuxt.ktcdnteam.link:3000 false true default}] false true none  []}
2024/01/04 07:47:53 main.go:29: Start api-server..
2024/01/04 07:47:53 server.go:9: Start api-server..
2024/01/04 07:48:30 main.go:29: Start api-server..
2024/01/04 07:48:30 server.go:9: Start api-server..
2024/01/04 07:48:37 api.go:41: [GET] Request >> https://api.gcore.com/cdn/origin_groups  
2024/01/04 07:48:38 billing_model.go:226: &{467686 Origins for server02.ktcdnteam.link [{210.104.79.216:80 false true default}] true true none  []}
2024/01/04 07:48:38 api.go:41: [GET] Request >> https://api.gcore.com/cdn/resources?fields=status,description&originGroup=467686  
2024/01/04 07:48:39 billing_model.go:226: &{486194 origin01 [{cloud.kt.com:443 false true default} {gcore02.ktcdnteam.link true false default}] false true none  []}
2024/01/04 07:48:39 billing_model.go:226: &{486615 baba01 [{asdf.com:880 false true default} {nexon.com false true default}] false true none  []}
2024/01/04 07:48:39 billing_model.go:226: &{491121 nuxt [{nuxt.ktcdnteam.link:3000 false true default}] false true none  []}
2024/01/04 07:49:18 main.go:29: Start api-server..
2024/01/04 07:49:18 server.go:9: Start api-server..
2024/01/04 07:50:24 main.go:29: Start api-server..
2024/01/04 07:50:24 server.go:9: Start api-server..
2024/01/04 07:51:57 api.go:41: [GET] Request >> https://api.gcore.com/cdn/origin_groups  
2024/01/04 07:51:58 billing_model.go:226: &{467686 Origins for server02.ktcdnteam.link [{210.104.79.216:80 false true default}] true true none  []}
2024/01/04 07:51:58 api.go:41: [GET] Request >> https://api.gcore.com/cdn/resources?fields=status,description&originGroup=467686  
2024/01/04 07:51:59 billing_model.go:226: &{486194 origin01 [{cloud.kt.com:443 false true default} {gcore02.ktcdnteam.link true false default}] false true none  []}
2024/01/04 07:51:59 billing_model.go:226: &{486615 baba01 [{asdf.com:880 false true default} {nexon.com false true default}] false true none  []}
2024/01/04 07:51:59 billing_model.go:226: &{491121 nuxt [{nuxt.ktcdnteam.link:3000 false true default}] false true none  []}
2024/01/04 08:03:14 api.go:41: [GET] Request >> https://api.gcore.com/cdn/origin_groups  
2024/01/04 08:03:16 billing_model.go:226: &{467686 Origins for server02.ktcdnteam.link [{210.104.79.216:80 false true default}] true true none  []}
2024/01/04 08:03:16 api.go:41: [GET] Request >> https://api.gcore.com/cdn/resources?fields=status,description&originGroup=467686  
2024/01/04 08:03:17 billing_model.go:226: &{486194 origin01 [{cloud.kt.com:443 false true default} {gcore02.ktcdnteam.link true false default}] false true none  []}
2024/01/04 08:03:17 billing_model.go:226: &{486615 baba01 [{asdf.com:880 false true default} {nexon.com false true default}] false true none  []}
2024/01/04 08:03:17 billing_model.go:226: &{491121 nuxt [{nuxt.ktcdnteam.link:3000 false true default}] false true none  []}
2024/01/04 08:04:45 api.go:41: [GET] Request >> https://api.gcore.com/cdn/origin_groups  
2024/01/04 08:04:47 billing_model.go:226: &{467686 Origins for server02.ktcdnteam.link [{210.104.79.216:80 false true default}] true true none  []}
2024/01/04 08:04:47 api.go:41: [GET] Request >> https://api.gcore.com/cdn/resources?fields=status,description&originGroup=467686  
2024/01/04 08:04:48 billing_model.go:226: &{486194 origin01 [{cloud.kt.com:443 false true default} {gcore02.ktcdnteam.link true false default}] false true none  []}
2024/01/04 08:04:48 billing_model.go:226: &{486615 baba01 [{asdf.com:880 false true default} {nexon.com false true default}] false true none  []}
2024/01/04 08:04:48 billing_model.go:226: &{491121 nuxt [{nuxt.ktcdnteam.link:3000 false true default}] false true none  []}
2024/01/04 08:05:01 main.go:29: Start api-server..
2024/01/04 08:05:01 server.go:9: Start api-server..
2024/01/04 08:05:03 api.go:41: [GET] Request >> https://api.gcore.com/cdn/origin_groups  
2024/01/04 08:05:05 billing_model.go:226: &{467686 Origins for server02.ktcdnteam.link [{210.104.79.216:80 false true default}] true true none  []}
2024/01/04 08:05:05 api.go:41: [GET] Request >> https://api.gcore.com/cdn/resources?fields=status,description&originGroup=467686  
2024/01/04 08:05:06 billing_model.go:226: &{486194 origin01 [{cloud.kt.com:443 false true default} {gcore02.ktcdnteam.link true false default}] false true none  []}
2024/01/04 08:05:06 billing_model.go:226: &{486615 baba01 [{asdf.com:880 false true default} {nexon.com false true default}] false true none  []}
2024/01/04 08:05:06 billing_model.go:226: &{491121 nuxt [{nuxt.ktcdnteam.link:3000 false true default}] false true none  []}
2024/01/04 08:25:38 api.go:41: [GET] Request >> https://api.gcore.com/cdn/resources  
2024/01/04 08:25:39 billing_model.go:204: 361345. server02.ktcdnteam.link 2023-12-26 14:11:40 active 
2024/01/04 08:25:39 billing_model.go:204: 379118. cloud11.kt.com 2024-01-02 10:26:14 active 
2024/01/04 08:25:42 api.go:41: [GET] Request >> https://api.gcore.com/cdn/origin_groups  
2024/01/04 08:25:43 billing_model.go:226: &{467686 Origins for server02.ktcdnteam.link [{210.104.79.216:80 false true default}] true true none  []}
2024/01/04 08:25:43 api.go:41: [GET] Request >> https://api.gcore.com/cdn/resources?fields=status,description&originGroup=467686  
2024/01/04 08:25:44 billing_model.go:226: &{486194 origin01 [{cloud.kt.com:443 false true default} {gcore02.ktcdnteam.link true false default}] false true none  []}
2024/01/04 08:25:44 billing_model.go:226: &{486615 baba01 [{asdf.com:880 false true default} {nexon.com false true default}] false true none  []}
2024/01/04 08:25:44 billing_model.go:226: &{491121 nuxt [{nuxt.ktcdnteam.link:3000 false true default}] false true none  []}
2024/01/04 08:36:43 api.go:41: [GET] Request >> https://api.gcore.com/cdn/origin_groups  
2024/01/04 08:36:45 billing_model.go:226: &{467686 Origins for server02.ktcdnteam.link [{210.104.79.216:80 false true default}] true true none  []}
2024/01/04 08:36:45 api.go:41: [GET] Request >> https://api.gcore.com/cdn/resources?fields=status,description&originGroup=467686  
2024/01/04 08:36:46 billing_model.go:226: &{486194 origin01 [{cloud.kt.com:443 false true default} {gcore02.ktcdnteam.link true false default}] false true none  []}
2024/01/04 08:36:46 billing_model.go:226: &{486615 baba01 [{asdf.com:880 false true default} {nexon.com false true default}] false true none  []}
2024/01/04 08:36:46 billing_model.go:226: &{491121 nuxt [{nuxt.ktcdnteam.link:3000 false true default}] false true none  []}
2024/01/04 08:41:34 api.go:41: [GET] Request >> https://api.gcore.com/cdn/origin_groups  
2024/01/04 08:41:35 billing_model.go:226: &{467686 Origins for server02.ktcdnteam.link [{210.104.79.216:80 false true default}] true true none  []}
2024/01/04 08:41:35 api.go:41: [GET] Request >> https://api.gcore.com/cdn/resources?fields=status,description&originGroup=467686  
2024/01/04 08:41:36 billing_model.go:226: &{486194 origin01 [{cloud.kt.com:443 false true default} {gcore02.ktcdnteam.link true false default}] false true none  []}
2024/01/04 08:41:36 billing_model.go:226: &{486615 baba01 [{asdf.com:880 false true default} {nexon.com false true default}] false true none  []}
2024/01/04 08:41:36 billing_model.go:226: &{491121 nuxt [{nuxt.ktcdnteam.link:3000 false true default}] false true none  []}
2024/01/04 08:42:25 api.go:41: [GET] Request >> https://api.gcore.com/cdn/origin_groups  
2024/01/04 08:42:27 billing_model.go:226: &{467686 Origins for server02.ktcdnteam.link [{210.104.79.216:80 false true default}] true true none  []}
2024/01/04 08:42:27 api.go:41: [GET] Request >> https://api.gcore.com/cdn/resources?fields=status,description&originGroup=467686  
2024/01/04 08:42:28 billing_model.go:226: &{486194 origin01 [{cloud.kt.com:443 false true default} {gcore02.ktcdnteam.link true false default}] false true none  []}
2024/01/04 08:42:28 billing_model.go:226: &{486615 baba01 [{asdf.com:880 false true default} {nexon.com false true default}] false true none  []}
2024/01/04 08:42:28 billing_model.go:226: &{491121 nuxt [{nuxt.ktcdnteam.link:3000 false true default}] false true none  []}
2024/01/04 08:42:55 api.go:41: [GET] Request >> https://api.gcore.com/cdn/origin_groups  
2024/01/04 08:42:57 billing_model.go:226: &{467686 Origins for server02.ktcdnteam.link [{210.104.79.216:80 false true default}] true true none  []}
2024/01/04 08:42:57 api.go:41: [GET] Request >> https://api.gcore.com/cdn/resources?fields=status,description&originGroup=467686  
2024/01/04 08:42:58 billing_model.go:226: &{486194 origin01 [{cloud.kt.com:443 false true default} {gcore02.ktcdnteam.link true false default}] false true none  []}
2024/01/04 08:42:58 billing_model.go:226: &{486615 baba01 [{asdf.com:880 false true default} {nexon.com false true default}] false true none  []}
2024/01/04 08:42:58 billing_model.go:226: &{491121 nuxt [{nuxt.ktcdnteam.link:3000 false true default}] false true none  []}
2024/01/04 08:43:42 api.go:41: [GET] Request >> https://api.gcore.com/cdn/origin_groups  
2024/01/04 08:43:43 billing_model.go:226: &{467686 Origins for server02.ktcdnteam.link [{210.104.79.216:80 false true default}] true true none  []}
2024/01/04 08:43:43 api.go:41: [GET] Request >> https://api.gcore.com/cdn/resources?fields=status,description&originGroup=467686  
2024/01/04 08:43:44 billing_model.go:226: &{486194 origin01 [{cloud.kt.com:443 false true default} {gcore02.ktcdnteam.link true false default}] false true none  []}
2024/01/04 08:43:44 billing_model.go:226: &{486615 baba01 [{asdf.com:880 false true default} {nexon.com false true default}] false true none  []}
2024/01/04 08:43:44 billing_model.go:226: &{491121 nuxt [{nuxt.ktcdnteam.link:3000 false true default}] false true none  []}
2024/01/04 08:44:16 api.go:41: [GET] Request >> https://api.gcore.com/cdn/origin_groups  
2024/01/04 08:44:17 billing_model.go:226: &{467686 Origins for server02.ktcdnteam.link [{210.104.79.216:80 false true default}] true true none  []}
2024/01/04 08:44:17 api.go:41: [GET] Request >> https://api.gcore.com/cdn/resources?fields=status,description&originGroup=467686  
2024/01/04 08:44:18 billing_model.go:226: &{486194 origin01 [{cloud.kt.com:443 false true default} {gcore02.ktcdnteam.link true false default}] false true none  []}
2024/01/04 08:44:18 billing_model.go:226: &{486615 baba01 [{asdf.com:880 false true default} {nexon.com false true default}] false true none  []}
2024/01/04 08:44:18 billing_model.go:226: &{491121 nuxt [{nuxt.ktcdnteam.link:3000 false true default}] false true none  []}
2024/01/04 08:44:37 api.go:41: [GET] Request >> https://api.gcore.com/cdn/origin_groups  
2024/01/04 08:44:38 billing_model.go:226: &{467686 Origins for server02.ktcdnteam.link [{210.104.79.216:80 false true default}] true true none  []}
2024/01/04 08:44:38 api.go:41: [GET] Request >> https://api.gcore.com/cdn/resources?fields=status,description&originGroup=467686  
2024/01/04 08:44:39 billing_model.go:226: &{486194 origin01 [{cloud.kt.com:443 false true default} {gcore02.ktcdnteam.link true false default}] false true none  []}
2024/01/04 08:44:39 billing_model.go:226: &{486615 baba01 [{asdf.com:880 false true default} {nexon.com false true default}] false true none  []}
2024/01/04 08:44:39 billing_model.go:226: &{491121 nuxt [{nuxt.ktcdnteam.link:3000 false true default}] false true none  []}
2024/01/04 08:46:00 api.go:41: [GET] Request >> https://api.gcore.com/cdn/origin_groups  
2024/01/04 08:46:02 billing_model.go:226: &{467686 Origins for server02.ktcdnteam.link [{210.104.79.216:80 false true default}] true true none  []}
2024/01/04 08:46:02 api.go:41: [GET] Request >> https://api.gcore.com/cdn/resources?fields=status,description&originGroup=467686  
2024/01/04 08:46:03 billing_model.go:226: &{486194 origin01 [{cloud.kt.com:443 false true default} {gcore02.ktcdnteam.link true false default}] false true none  []}
2024/01/04 08:46:03 billing_model.go:226: &{486615 baba01 [{asdf.com:880 false true default} {nexon.com false true default}] false true none  []}
2024/01/04 08:46:03 billing_model.go:226: &{491121 nuxt [{nuxt.ktcdnteam.link:3000 false true default}] false true none  []}
2024/01/04 08:46:08 api.go:41: [GET] Request >> https://api.gcore.com/cdn/origin_groups  
2024/01/04 08:46:09 billing_model.go:226: &{467686 Origins for server02.ktcdnteam.link [{210.104.79.216:80 false true default}] true true none  []}
2024/01/04 08:46:09 api.go:41: [GET] Request >> https://api.gcore.com/cdn/resources?fields=status,description&originGroup=467686  
2024/01/04 08:46:10 billing_model.go:226: &{486194 origin01 [{cloud.kt.com:443 false true default} {gcore02.ktcdnteam.link true false default}] false true none  []}
2024/01/04 08:46:10 billing_model.go:226: &{486615 baba01 [{asdf.com:880 false true default} {nexon.com false true default}] false true none  []}
2024/01/04 08:46:10 billing_model.go:226: &{491121 nuxt [{nuxt.ktcdnteam.link:3000 false true default}] false true none  []}
2024/01/04 08:47:02 api.go:41: [GET] Request >> https://api.gcore.com/cdn/origin_groups  
2024/01/04 08:47:04 billing_model.go:226: &{467686 Origins for server02.ktcdnteam.link [{210.104.79.216:80 false true default}] true true none  []}
2024/01/04 08:47:04 api.go:41: [GET] Request >> https://api.gcore.com/cdn/resources?fields=status,description&originGroup=467686  
2024/01/04 08:47:05 billing_model.go:226: &{486194 origin01 [{cloud.kt.com:443 false true default} {gcore02.ktcdnteam.link true false default}] false true none  []}
2024/01/04 08:47:05 billing_model.go:226: &{486615 baba01 [{asdf.com:880 false true default} {nexon.com false true default}] false true none  []}
2024/01/04 08:47:05 billing_model.go:226: &{491121 nuxt [{nuxt.ktcdnteam.link:3000 false true default}] false true none  []}
2024/01/04 08:49:38 api.go:41: [GET] Request >> https://api.gcore.com/cdn/origin_groups  
2024/01/04 08:49:39 billing_model.go:226: &{467686 Origins for server02.ktcdnteam.link [{210.104.79.216:80 false true default}] true true none  []}
2024/01/04 08:49:39 api.go:41: [GET] Request >> https://api.gcore.com/cdn/resources?fields=status,description&originGroup=467686  
2024/01/04 08:49:40 billing_model.go:226: &{486194 origin01 [{cloud.kt.com:443 false true default} {gcore02.ktcdnteam.link true false default}] false true none  []}
2024/01/04 08:49:40 billing_model.go:226: &{486615 baba01 [{asdf.com:880 false true default} {nexon.com false true default}] false true none  []}
2024/01/04 08:49:40 billing_model.go:226: &{491121 nuxt [{nuxt.ktcdnteam.link:3000 false true default}] false true none  []}
2024/01/04 08:54:41 api.go:41: [GET] Request >> https://api.gcore.com/cdn/origin_groups  
2024/01/04 08:54:43 billing_model.go:226: &{467686 Origins for server02.ktcdnteam.link [{210.104.79.216:80 false true default}] true true none  []}
2024/01/04 08:54:43 api.go:41: [GET] Request >> https://api.gcore.com/cdn/resources?fields=status,description&originGroup=467686  
2024/01/04 08:54:44 billing_model.go:226: &{486194 origin01 [{cloud.kt.com:443 false true default} {gcore02.ktcdnteam.link true false default}] false true none  []}
2024/01/04 08:54:44 billing_model.go:226: &{486615 baba01 [{asdf.com:880 false true default} {nexon.com false true default}] false true none  []}
2024/01/04 08:54:44 billing_model.go:226: &{491121 nuxt [{nuxt.ktcdnteam.link:3000 false true default}] false true none  []}
2024/01/04 09:42:33 api.go:41: [GET] Request >> https://api.gcore.com/cdn/origin_groups  
2024/01/04 09:42:34 api.go:60: [Token ERROR] >> GET Token Start
2024/01/04 09:42:34 loadconf.go:68: [POST] NEW TOKEN >> {"username":"dlek55@naver.com","password":"number1Cloud!2#","one_time_password":""} 
2024/01/04 09:42:35 api.go:41: [GET] Request >> https://api.gcore.com/cdn/origin_groups  
2024/01/04 09:42:37 billing_model.go:226: &{467686 Origins for server02.ktcdnteam.link [{210.104.79.216:80 false true default}] true true none  []}
2024/01/04 09:42:37 api.go:41: [GET] Request >> https://api.gcore.com/cdn/resources?fields=status,description&originGroup=467686  
2024/01/04 09:42:38 billing_model.go:226: &{486194 origin01 [{cloud.kt.com:443 false true default} {gcore02.ktcdnteam.link true false default}] false true none  []}
2024/01/04 09:42:38 billing_model.go:226: &{486615 baba01 [{asdf.com:880 false true default} {nexon.com false true default}] false true none  []}
2024/01/04 09:42:38 billing_model.go:226: &{491121 nuxt [{nuxt.ktcdnteam.link:3000 false true default}] false true none  []}
2024/01/04 10:11:22 api.go:41: [GET] Request >> https://api.gcore.com/cdn/origin_groups  
2024/01/04 10:11:23 billing_model.go:226: &{467686 Origins for server02.ktcdnteam.link [{210.104.79.216:80 false true default}] true true none  []}
2024/01/04 10:11:23 api.go:41: [GET] Request >> https://api.gcore.com/cdn/resources?fields=status,description&originGroup=467686  
2024/01/04 10:11:24 billing_model.go:226: &{486194 origin01 [{cloud.kt.com:443 false true default} {gcore02.ktcdnteam.link true false default}] false true none  []}
2024/01/04 10:11:24 billing_model.go:226: &{486615 baba01 [{asdf.com:880 false true default} {nexon.com false true default}] false true none  []}
2024/01/04 10:11:24 billing_model.go:226: &{491121 nuxt [{nuxt.ktcdnteam.link:3000 false true default}] false true none  []}
2024/01/04 10:46:10 main.go:29: Start api-server..
2024/01/04 10:46:10 server.go:9: Start api-server..
2024/01/04 10:46:14 api.go:41: [GET] Request >> https://api.gcore.com/cdn/origin_groups  
2024/01/04 10:46:15 billing_model.go:226: &{467686 Origins for server02.ktcdnteam.link [{210.104.79.216:80 false true default}] true true none  []}
2024/01/04 10:46:15 api.go:41: [GET] Request >> https://api.gcore.com/cdn/resources?fields=status,description&originGroup=467686  
2024/01/04 10:46:16 billing_model.go:226: &{486194 origin01 [{cloud.kt.com:443 false true default} {gcore02.ktcdnteam.link true false default}] false true none  []}
2024/01/04 10:46:16 billing_model.go:226: &{486615 baba01 [{asdf.com:880 false true default} {nexon.com false true default}] false true none  []}
2024/01/04 10:46:16 billing_model.go:226: &{491121 nuxt [{nuxt.ktcdnteam.link:3000 false true default}] false true none  []}
2024/01/04 10:46:31 main.go:29: Start api-server..
2024/01/04 10:46:31 server.go:9: Start api-server..
2024/01/04 10:46:34 api.go:41: [GET] Request >> https://api.gcore.com/cdn/origin_groups  
2024/01/04 10:46:35 billing_model.go:226: &{467686 Origins for server02.ktcdnteam.link [{210.104.79.216:80 false true default}] true true none  []}
2024/01/04 10:46:35 api.go:41: [GET] Request >> https://api.gcore.com/cdn/resources?fields=status,description&originGroup=467686  
2024/01/04 10:46:36 billing_model.go:226: &{486194 origin01 [{cloud.kt.com:443 false true default} {gcore02.ktcdnteam.link true false default}] false true none  []}
2024/01/04 10:46:36 billing_model.go:226: &{486615 baba01 [{asdf.com:880 false true default} {nexon.com false true default}] false true none  []}
2024/01/04 10:46:36 billing_model.go:226: &{491121 nuxt [{nuxt.ktcdnteam.link:3000 false true default}] false true none  []}
2024/01/04 10:47:03 api.go:41: [GET] Request >> https://api.gcore.com/cdn/origin_groups  
2024/01/04 10:47:04 billing_model.go:226: &{467686 Origins for server02.ktcdnteam.link [{210.104.79.216:80 false true default}] true true none  []}
2024/01/04 10:47:04 api.go:41: [GET] Request >> https://api.gcore.com/cdn/resources?fields=status,description&originGroup=467686  
2024/01/04 10:47:05 billing_model.go:226: &{486194 origin01 [{cloud.kt.com:443 false true default} {gcore02.ktcdnteam.link true false default}] false true none  []}
2024/01/04 10:47:05 billing_model.go:226: &{486615 baba01 [{asdf.com:880 false true default} {nexon.com false true default}] false true none  []}
2024/01/04 10:47:05 billing_model.go:226: &{491121 nuxt [{nuxt.ktcdnteam.link:3000 false true default}] false true none  []}
2024/01/04 10:48:13 api.go:41: [GET] Request >> https://api.gcore.com/cdn/origin_groups  
2024/01/04 10:48:14 billing_model.go:226: &{467686 Origins for server02.ktcdnteam.link [{210.104.79.216:80 false true default}] true true none  []}
2024/01/04 10:48:14 api.go:41: [GET] Request >> https://api.gcore.com/cdn/resources?fields=status,description&originGroup=467686  
2024/01/04 10:48:15 billing_model.go:226: &{486194 origin01 [{cloud.kt.com:443 false true default} {gcore02.ktcdnteam.link true false default}] false true none  []}
2024/01/04 10:48:15 billing_model.go:226: &{486615 baba01 [{asdf.com:880 false true default} {nexon.com false true default}] false true none  []}
2024/01/04 10:48:15 billing_model.go:226: &{491121 nuxt [{nuxt.ktcdnteam.link:3000 false true default}] false true none  []}
2024/01/04 11:30:45 api.go:41: [GET] Request >> https://api.gcore.com/cdn/resources  
2024/01/04 11:30:45 api.go:41: [GET] Request >> https://api.gcore.com/cdn/origin_groups  
2024/01/04 11:30:46 billing_model.go:204: 361345. server02.ktcdnteam.link 2023-12-26 14:11:40 active 
2024/01/04 11:30:46 billing_model.go:204: 379118. cloud11.kt.com 2024-01-02 10:26:14 active 
2024/01/04 11:50:05 main.go:29: Start api-server..
2024/01/04 11:50:05 server.go:9: Start api-server..
2024/01/04 11:51:06 api.go:41: [POST] Request >> https://api.gcore.com/cdn/origin_groups {"id":0,"auth_type":"none","use_next":false,"sources":[{"source":"www.asdf.com","backup":false,"enabled":true},{"source":"www.nexon.com","backup":false,"enabled":true}],"name":"www.asdf.com"} 
2024/01/04 11:51:08 api.go:41: [POST] Request >> https://api.gcore.com/cdn/resources {"sslEnabled":false,"sslData":null,"active":true,"originGroup":491753,"originProtocol":"HTTP","cname":"www.naver.com","description":"asdfasdf","origin":"","secondaryHostnames":[],"options":{"edge_cache_settings":{"enabled":true,"default":"4d"},"cache_expire":null,"stale":{"enabled":true,"value":["error","updating"]},"allowedHttpMethods":null,"cache_http_headers":null,"hostHeader":{"enabled":true,"value":"www.asdf.com"},"forward_host_header":null,"limit_bandwidth":null,"bot_protection":null}} 
2024/01/04 11:51:09 api.go:71: POST https://api.gcore.com/cdn/resources >>> [ERROR : 400] {"errors":{"cname":["CNAME www.naver.com already exists. Try another CNAME or contact support."]}} 
2024/01/04 11:51:09 api.go:82: json: cannot unmarshal array into Go struct field ErrorResponse.errors of type string
2024/01/04 11:51:09 api.go:85: map[cname:]
2024/01/04 11:51:09 api.go:91: [ERROR : cname]  
2024/01/04 11:51:09 billing_model.go:363: Unknown error
2024/01/04 11:51:09 route.go:84: Unknown error
2024/01/04 11:51:14 api.go:41: [GET] Request >> https://api.gcore.com/cdn/resources  
2024/01/04 11:51:15 billing_model.go:204: 361345. server02.ktcdnteam.link 2023-12-26 14:11:40 active 
2024/01/04 11:51:15 billing_model.go:204: 379118. cloud11.kt.com 2024-01-02 10:26:14 active 
2024/01/04 11:51:49 route.go:96: &{[] 361345 false false}
2024/01/04 11:51:49 api.go:41: [POST] Request >> https://api.gcore.com/cdn/resources/361345/purge {"urls":[""],"id":"361345","hard_purge":false,"purge_all":false} 
2024/01/04 11:51:50 api.go:71: POST https://api.gcore.com/cdn/resources/361345/purge >>> [ERROR : 400] {"errors":{"urls":{"0":["This field may not be blank."]}}} 
2024/01/04 11:51:50 api.go:82: json: cannot unmarshal object into Go struct field ErrorResponse.errors of type string
2024/01/04 11:51:50 api.go:85: map[urls:]
2024/01/04 11:51:50 api.go:91: [ERROR : urls]  
2024/01/04 11:51:50 billing_model.go:399: Unknown error
2024/01/04 11:51:50 route.go:99: Unknown error
2024/01/04 11:51:55 api.go:41: [GET] Request >> https://api.gcore.com/cdn/resources  
2024/01/04 11:51:57 billing_model.go:204: 361345. server02.ktcdnteam.link 2023-12-26 14:11:40 active 
2024/01/04 11:51:57 billing_model.go:204: 379118. cloud11.kt.com 2024-01-02 10:26:14 active 
2024/01/04 11:52:40 route.go:96: &{[/cdn/list]  false false}
2024/01/04 11:52:40 api.go:41: [POST] Request >> https://api.gcore.com/cdn/resources//purge {"urls":["/cdn/list"],"id":"","hard_purge":false,"purge_all":false} 
2024/01/04 11:52:41 api.go:71: POST https://api.gcore.com/cdn/resources//purge >>> [ERROR : 404] 
<!doctype html>
<html lang="en">
<head>
  <title>Not Found</title>
</head>
<body>
  <h1>Not Found</h1><p>The requested resource was not found on this server.</p>
</body>
</html>
 
2024/01/04 11:52:41 billing_model.go:399: 404 Not Found
2024/01/04 11:52:41 route.go:99: 404 Not Found
2024/01/04 11:52:46 api.go:41: [GET] Request >> https://api.gcore.com/cdn/resources  
2024/01/04 11:52:47 billing_model.go:204: 361345. server02.ktcdnteam.link 2023-12-26 14:11:40 active 
2024/01/04 11:52:47 billing_model.go:204: 379118. cloud11.kt.com 2024-01-02 10:26:14 active 
2024/01/04 11:52:49 route.go:96: &{[/images] 361345 false false}
2024/01/04 11:52:49 api.go:41: [POST] Request >> https://api.gcore.com/cdn/resources/361345/purge {"urls":["/images"],"id":"361345","hard_purge":false,"purge_all":false} 
2024/01/04 11:52:55 api.go:41: [GET] Request >> https://api.gcore.com/cdn/resources  
2024/01/04 11:52:57 billing_model.go:204: 361345. server02.ktcdnteam.link 2023-12-26 14:11:40 active 
2024/01/04 11:52:57 billing_model.go:204: 379118. cloud11.kt.com 2024-01-02 10:26:14 active 
2024/01/04 11:53:04 api.go:41: [GET] Request >> https://api.gcore.com/cdn/origin_groups  
2024/01/04 11:53:05 billing_model.go:226: &{467686 Origins for server02.ktcdnteam.link [{210.104.79.216:80 false true default}] true true none  []}
2024/01/04 11:53:05 api.go:41: [GET] Request >> https://api.gcore.com/cdn/resources?fields=status,description&originGroup=467686  
2024/01/04 11:53:06 billing_model.go:226: &{486194 origin01 [{cloud.kt.com:443 false true default} {gcore02.ktcdnteam.link true false default}] false true none  []}
2024/01/04 11:53:06 billing_model.go:226: &{491753 www.asdf.com [{www.asdf.com false true default} {www.nexon.com false true default}] false false none  []}
2024/01/04 11:53:06 billing_model.go:226: &{491121 nuxt [{nuxt.ktcdnteam.link:3000 false true default} {gcore02.ktcdnteam.link false true default}] false true none  []}
2024/01/05 03:39:27 api.go:41: [GET] Request >> https://api.gcore.com/cdn/resources  
2024/01/05 03:39:28 api.go:60: [Token ERROR] >> GET Token Start
2024/01/05 03:39:28 loadconf.go:68: [POST] NEW TOKEN >> {"username":"dlek55@naver.com","password":"number1Cloud!2#","one_time_password":""} 
2024/01/05 03:39:30 api.go:41: [GET] Request >> https://api.gcore.com/cdn/resources  
2024/01/05 03:39:31 billing_model.go:204: 361345. server02.ktcdnteam.link 2023-12-26 14:11:40 active 
2024/01/05 03:39:31 billing_model.go:204: 379118. cloud11.kt.com 2024-01-02 10:26:14 active 
2024/01/05 04:45:21 api.go:41: [GET] Request >> https://api.gcore.com/cdn/origin_groups  
2024/01/05 04:45:22 api.go:60: [Token ERROR] >> GET Token Start
2024/01/05 04:45:22 loadconf.go:68: [POST] NEW TOKEN >> {"username":"dlek55@naver.com","password":"number1Cloud!2#","one_time_password":""} 
2024/01/05 04:45:24 api.go:41: [GET] Request >> https://api.gcore.com/cdn/origin_groups  
2024/01/05 07:14:24 api.go:41: [GET] Request >> https://api.gcore.com/cdn/resources  
2024/01/05 07:14:25 api.go:60: [Token ERROR] >> GET Token Start
2024/01/05 07:14:25 loadconf.go:68: [POST] NEW TOKEN >> {"username":"dlek55@naver.com","password":"number1Cloud!2#","one_time_password":""} 
2024/01/05 07:14:27 api.go:41: [GET] Request >> https://api.gcore.com/cdn/resources  
2024/01/05 07:14:28 billing_model.go:204: 361345. server02.ktcdnteam.link 2023-12-26 14:11:40 active 
2024/01/05 07:14:28 billing_model.go:204: 379118. cloud11.kt.com 2024-01-02 10:26:14 active 
2024/01/05 07:16:11 route.go:96: &{[asdf] 361345 false false}
2024/01/05 07:16:11 api.go:41: [POST] Request >> https://api.gcore.com/cdn/resources/361345/purge {"urls":["asdf"],"id":"361345","hard_purge":false,"purge_all":false} 
2024/01/05 07:16:12 api.go:71: POST https://api.gcore.com/cdn/resources/361345/purge >>> [ERROR : 400] {"errors":{"urls":["The request is not correct. A url path should start with / and not consists *."]}} 
2024/01/05 07:16:12 api.go:82: json: cannot unmarshal array into Go struct field ErrorResponse.errors of type string
2024/01/05 07:16:12 api.go:85: map[urls:]
2024/01/05 07:16:12 api.go:91: [ERROR : urls]  
2024/01/05 07:16:12 billing_model.go:399: Unknown error
2024/01/05 07:16:12 route.go:99: Unknown error
2024/01/05 07:16:17 api.go:41: [GET] Request >> https://api.gcore.com/cdn/resources  
2024/01/05 07:16:19 billing_model.go:204: 361345. server02.ktcdnteam.link 2023-12-26 14:11:40 active 
2024/01/05 07:16:19 billing_model.go:204: 379118. cloud11.kt.com 2024-01-02 10:26:14 active 
2024/01/05 07:16:56 api.go:41: [GET] Request >> https://api.gcore.com/cdn/origin_groups  
2024/01/05 07:47:54 api.go:41: [GET] Request >> https://api.gcore.com/cdn/resources  
2024/01/05 07:47:55 billing_model.go:204: 361345. server02.ktcdnteam.link 2023-12-26 14:11:40 active 
2024/01/05 07:47:55 billing_model.go:204: 379118. cloud11.kt.com 2024-01-02 10:26:14 active 
2024/01/05 07:52:19 api.go:41: [GET] Request >> https://api.gcore.com/cdn/resources  
2024/01/05 07:52:20 billing_model.go:204: 361345. server02.ktcdnteam.link 2023-12-26 14:11:40 active 
2024/01/05 07:52:20 billing_model.go:204: 379118. cloud11.kt.com 2024-01-02 10:26:14 active 
2024/01/05 07:55:35 api.go:41: [GET] Request >> https://api.gcore.com/cdn/origin_groups  
2024/01/05 07:55:36 billing_model.go:226: &{467686 Origins for server02.ktcdnteam.link [{210.104.79.216:80 false true default}] true true none  []}
2024/01/05 07:55:36 api.go:41: [GET] Request >> https://api.gcore.com/cdn/resources?fields=status,description&originGroup=467686  
2024/01/05 07:55:37 billing_model.go:226: &{486194 origin01 [{cloud.kt.com:443 false true default} {gcore02.ktcdnteam.link true false default}] false true none  []}
2024/01/05 07:55:37 billing_model.go:226: &{491753 www.asdf.com [{www.asdf.com false true default} {www.nexon.com false true default}] false false none  []}
2024/01/05 07:55:37 billing_model.go:226: &{491121 nuxt [{nuxt.ktcdnteam.link:3000 false true default} {gcore02.ktcdnteam.link false true default}] false true none  []}
2024/01/05 07:58:33 api.go:41: [GET] Request >> https://api.gcore.com/cdn/origin_groups  
2024/01/05 07:58:34 billing_model.go:226: &{467686 Origins for server02.ktcdnteam.link [{210.104.79.216:80 false true default}] true true none  []}
2024/01/05 07:58:34 api.go:41: [GET] Request >> https://api.gcore.com/cdn/resources?fields=status,description&originGroup=467686  
2024/01/05 07:58:35 api.go:41: [GET] Request >> https://api.gcore.com/cdn/resources  
2024/01/05 07:58:35 billing_model.go:226: &{486194 origin01 [{cloud.kt.com:443 false true default} {gcore02.ktcdnteam.link true false default}] false true none  []}
2024/01/05 07:58:35 billing_model.go:226: &{491753 www.asdf.com [{www.asdf.com false true default} {www.nexon.com false true default}] false false none  []}
2024/01/05 07:58:35 billing_model.go:226: &{491121 nuxt [{nuxt.ktcdnteam.link:3000 false true default} {gcore02.ktcdnteam.link false true default}] false true none  []}
2024/01/05 07:58:36 billing_model.go:204: 361345. server02.ktcdnteam.link 2023-12-26 14:11:40 active 
2024/01/05 07:58:36 billing_model.go:204: 379118. cloud11.kt.com 2024-01-02 10:26:14 active 
2024/01/05 08:00:25 api.go:41: [GET] Request >> https://api.gcore.com/cdn/origin_groups  
2024/01/05 08:00:26 billing_model.go:226: &{467686 Origins for server02.ktcdnteam.link [{210.104.79.216:80 false true default}] true true none  []}
2024/01/05 08:00:26 api.go:41: [GET] Request >> https://api.gcore.com/cdn/resources?fields=status,description&originGroup=467686  
2024/01/05 08:00:27 billing_model.go:226: &{486194 origin01 [{cloud.kt.com:443 false true default} {gcore02.ktcdnteam.link true false default}] false true none  []}
2024/01/05 08:00:27 billing_model.go:226: &{491753 www.asdf.com [{www.asdf.com false true default} {www.nexon.com false true default}] false false none  []}
2024/01/05 08:00:27 billing_model.go:226: &{491121 nuxt [{nuxt.ktcdnteam.link:3000 false true default} {gcore02.ktcdnteam.link false true default}] false true none  []}
2024/01/05 08:00:37 api.go:41: [GET] Request >> https://api.gcore.com/cdn/resources  
2024/01/05 08:00:38 billing_model.go:204: 361345. server02.ktcdnteam.link 2023-12-26 14:11:40 active 
2024/01/05 08:00:38 billing_model.go:204: 379118. cloud11.kt.com 2024-01-02 10:26:14 active 
2024/01/05 08:00:38 api.go:41: [GET] Request >> https://api.gcore.com/cdn/origin_groups  
2024/01/05 08:00:43 api.go:41: [POST] Request >> https://api.gcore.com/cdn/resources {"sslEnabled":false,"sslData":null,"active":true,"originGroup":467686,"originProtocol":"HTTP","cname":"asdf","description":"asdf","origin":"","secondaryHostnames":[],"options":{"edge_cache_settings":{"enabled":true,"default":"4d"},"cache_expire":null,"stale":{"enabled":true,"value":["error","updating"]},"allowedHttpMethods":null,"cache_http_headers":null,"hostHeader":{"enabled":true,"value":"210.104.79.216:80"},"forward_host_header":null,"limit_bandwidth":null,"bot_protection":null}} 
2024/01/05 08:00:44 api.go:71: POST https://api.gcore.com/cdn/resources >>> [ERROR : 400] {"errors":{"cname":["cname asdf is not a domain name"]}} 
2024/01/05 08:00:44 api.go:82: json: cannot unmarshal array into Go struct field ErrorResponse.errors of type string
2024/01/05 08:00:44 api.go:85: map[cname:]
2024/01/05 08:00:44 api.go:91: [ERROR : cname]  
2024/01/05 08:00:44 billing_model.go:363: Unknown error
2024/01/05 08:00:44 route.go:84: Unknown error
2024/01/05 08:00:49 api.go:41: [GET] Request >> https://api.gcore.com/cdn/resources  
2024/01/05 08:00:51 billing_model.go:204: 361345. server02.ktcdnteam.link 2023-12-26 14:11:40 active 
2024/01/05 08:00:51 billing_model.go:204: 379118. cloud11.kt.com 2024-01-02 10:26:14 active 
